[0.136s] DEBUG:colcon:Command line arguments: ['/usr/bin/colcon', 'build', '--symlink-install']
[0.136s] DEBUG:colcon:Parsed command line arguments: Namespace(log_base=None, log_level=None, verb_name='build', build_base='build', install_base='install', merge_install=False, symlink_install=True, test_result_base=None, continue_on_error=False, executor='parallel', parallel_workers=16, event_handlers=None, ignore_user_meta=False, metas=['./colcon.meta'], base_paths=['.'], packages_ignore=None, packages_ignore_regex=None, paths=None, packages_up_to=None, packages_up_to_regex=None, packages_above=None, packages_above_and_dependencies=None, packages_above_depth=None, packages_select_by_dep=None, packages_skip_by_dep=None, packages_skip_up_to=None, packages_select_build_failed=False, packages_skip_build_finished=False, packages_select_test_failures=False, packages_skip_test_passed=False, packages_select=None, packages_skip=None, packages_select_regex=None, packages_skip_regex=None, packages_start=None, packages_end=None, allow_overriding=[], cmake_args=None, cmake_target=None, cmake_target_skip_unavailable=False, cmake_clean_cache=False, cmake_clean_first=False, cmake_force_configure=False, ament_cmake_args=None, catkin_cmake_args=None, catkin_skip_building_tests=False, mixin_files=None, mixin=None, verb_parser=<colcon_mixin.mixin.mixin_argument.MixinArgumentDecorator object at 0x75dc9608c3b0>, verb_extension=<colcon_core.verb.build.BuildVerb object at 0x75dc961b4050>, main=<bound method BuildVerb.main of <colcon_core.verb.build.BuildVerb object at 0x75dc961b4050>>, mixin_verb=('build',))
[0.183s] Level 1:colcon.colcon_core.package_discovery:discover_packages(colcon_meta) check parameters
[0.183s] Level 1:colcon.colcon_core.package_discovery:discover_packages(recursive) check parameters
[0.183s] Level 1:colcon.colcon_core.package_discovery:discover_packages(ignore) check parameters
[0.183s] Level 1:colcon.colcon_core.package_discovery:discover_packages(path) check parameters
[0.183s] Level 1:colcon.colcon_core.package_discovery:discover_packages(colcon_meta) discover
[0.183s] Level 1:colcon.colcon_core.package_discovery:discover_packages(recursive) discover
[0.183s] INFO:colcon.colcon_core.package_discovery:Crawling recursively for packages in '/media/tracy/DATA/ros2_ws/src'
[0.183s] Level 1:colcon.colcon_core.package_identification:_identify(.) by extensions ['ignore', 'ignore_ament_install']
[0.183s] Level 1:colcon.colcon_core.package_identification:_identify(.) by extension 'ignore'
[0.183s] Level 1:colcon.colcon_core.package_identification:_identify(.) by extension 'ignore_ament_install'
[0.184s] Level 1:colcon.colcon_core.package_identification:_identify(.) by extensions ['colcon_pkg']
[0.184s] Level 1:colcon.colcon_core.package_identification:_identify(.) by extension 'colcon_pkg'
[0.184s] Level 1:colcon.colcon_core.package_identification:_identify(.) by extensions ['colcon_meta']
[0.184s] Level 1:colcon.colcon_core.package_identification:_identify(.) by extension 'colcon_meta'
[0.184s] Level 1:colcon.colcon_core.package_identification:_identify(.) by extensions ['ros']
[0.184s] Level 1:colcon.colcon_core.package_identification:_identify(.) by extension 'ros'
[0.207s] Level 1:colcon.colcon_core.package_identification:_identify(.) by extensions ['cmake', 'python']
[0.207s] Level 1:colcon.colcon_core.package_identification:_identify(.) by extension 'cmake'
[0.207s] Level 1:colcon.colcon_core.package_identification:_identify(.) by extension 'python'
[0.207s] Level 1:colcon.colcon_core.package_identification:_identify(.) by extensions ['python_setup_py']
[0.207s] Level 1:colcon.colcon_core.package_identification:_identify(.) by extension 'python_setup_py'
[0.207s] Level 1:colcon.colcon_core.package_identification:_identify(build) by extensions ['ignore', 'ignore_ament_install']
[0.208s] Level 1:colcon.colcon_core.package_identification:_identify(build) by extension 'ignore'
[0.208s] Level 1:colcon.colcon_core.package_identification:_identify(build) ignored
[0.208s] Level 1:colcon.colcon_core.package_identification:_identify(install) by extensions ['ignore', 'ignore_ament_install']
[0.208s] Level 1:colcon.colcon_core.package_identification:_identify(install) by extension 'ignore'
[0.208s] Level 1:colcon.colcon_core.package_identification:_identify(install) ignored
[0.208s] Level 1:colcon.colcon_core.package_identification:_identify(log) by extensions ['ignore', 'ignore_ament_install']
[0.208s] Level 1:colcon.colcon_core.package_identification:_identify(log) by extension 'ignore'
[0.208s] Level 1:colcon.colcon_core.package_identification:_identify(log) ignored
[0.208s] Level 1:colcon.colcon_core.package_identification:_identify(mec_mobile) by extensions ['ignore', 'ignore_ament_install']
[0.208s] Level 1:colcon.colcon_core.package_identification:_identify(mec_mobile) by extension 'ignore'
[0.208s] Level 1:colcon.colcon_core.package_identification:_identify(mec_mobile) by extension 'ignore_ament_install'
[0.208s] Level 1:colcon.colcon_core.package_identification:_identify(mec_mobile) by extensions ['colcon_pkg']
[0.208s] Level 1:colcon.colcon_core.package_identification:_identify(mec_mobile) by extension 'colcon_pkg'
[0.208s] Level 1:colcon.colcon_core.package_identification:_identify(mec_mobile) by extensions ['colcon_meta']
[0.208s] Level 1:colcon.colcon_core.package_identification:_identify(mec_mobile) by extension 'colcon_meta'
[0.208s] Level 1:colcon.colcon_core.package_identification:_identify(mec_mobile) by extensions ['ros']
[0.208s] Level 1:colcon.colcon_core.package_identification:_identify(mec_mobile) by extension 'ros'
[0.208s] Level 1:colcon.colcon_core.package_identification:_identify(mec_mobile) by extensions ['cmake', 'python']
[0.208s] Level 1:colcon.colcon_core.package_identification:_identify(mec_mobile) by extension 'cmake'
[0.209s] Level 1:colcon.colcon_core.package_identification:_identify(mec_mobile) by extension 'python'
[0.209s] Level 1:colcon.colcon_core.package_identification:_identify(mec_mobile) by extensions ['python_setup_py']
[0.209s] Level 1:colcon.colcon_core.package_identification:_identify(mec_mobile) by extension 'python_setup_py'
[0.209s] Level 1:colcon.colcon_core.package_identification:_identify(mec_mobile/build) by extensions ['ignore', 'ignore_ament_install']
[0.209s] Level 1:colcon.colcon_core.package_identification:_identify(mec_mobile/build) by extension 'ignore'
[0.209s] Level 1:colcon.colcon_core.package_identification:_identify(mec_mobile/build) ignored
[0.209s] Level 1:colcon.colcon_core.package_identification:_identify(mec_mobile/install) by extensions ['ignore', 'ignore_ament_install']
[0.209s] Level 1:colcon.colcon_core.package_identification:_identify(mec_mobile/install) by extension 'ignore'
[0.209s] Level 1:colcon.colcon_core.package_identification:_identify(mec_mobile/install) ignored
[0.209s] Level 1:colcon.colcon_core.package_identification:_identify(mec_mobile/log) by extensions ['ignore', 'ignore_ament_install']
[0.209s] Level 1:colcon.colcon_core.package_identification:_identify(mec_mobile/log) by extension 'ignore'
[0.209s] Level 1:colcon.colcon_core.package_identification:_identify(mec_mobile/log) ignored
[0.209s] Level 1:colcon.colcon_core.package_identification:_identify(mec_mobile/mec_mobile) by extensions ['ignore', 'ignore_ament_install']
[0.209s] Level 1:colcon.colcon_core.package_identification:_identify(mec_mobile/mec_mobile) by extension 'ignore'
[0.209s] Level 1:colcon.colcon_core.package_identification:_identify(mec_mobile/mec_mobile) by extension 'ignore_ament_install'
[0.209s] Level 1:colcon.colcon_core.package_identification:_identify(mec_mobile/mec_mobile) by extensions ['colcon_pkg']
[0.209s] Level 1:colcon.colcon_core.package_identification:_identify(mec_mobile/mec_mobile) by extension 'colcon_pkg'
[0.209s] Level 1:colcon.colcon_core.package_identification:_identify(mec_mobile/mec_mobile) by extensions ['colcon_meta']
[0.209s] Level 1:colcon.colcon_core.package_identification:_identify(mec_mobile/mec_mobile) by extension 'colcon_meta'
[0.209s] Level 1:colcon.colcon_core.package_identification:_identify(mec_mobile/mec_mobile) by extensions ['ros']
[0.210s] Level 1:colcon.colcon_core.package_identification:_identify(mec_mobile/mec_mobile) by extension 'ros'
[0.212s] DEBUG:colcon.colcon_core.package_identification:Package 'mec_mobile/mec_mobile' with type 'ros.ament_cmake' and name 'mec_mobile'
[0.212s] Level 1:colcon.colcon_core.package_identification:_identify(mec_mobile/mec_mobile_description) by extensions ['ignore', 'ignore_ament_install']
[0.212s] Level 1:colcon.colcon_core.package_identification:_identify(mec_mobile/mec_mobile_description) by extension 'ignore'
[0.212s] Level 1:colcon.colcon_core.package_identification:_identify(mec_mobile/mec_mobile_description) by extension 'ignore_ament_install'
[0.212s] Level 1:colcon.colcon_core.package_identification:_identify(mec_mobile/mec_mobile_description) by extensions ['colcon_pkg']
[0.212s] Level 1:colcon.colcon_core.package_identification:_identify(mec_mobile/mec_mobile_description) by extension 'colcon_pkg'
[0.212s] Level 1:colcon.colcon_core.package_identification:_identify(mec_mobile/mec_mobile_description) by extensions ['colcon_meta']
[0.212s] Level 1:colcon.colcon_core.package_identification:_identify(mec_mobile/mec_mobile_description) by extension 'colcon_meta'
[0.212s] Level 1:colcon.colcon_core.package_identification:_identify(mec_mobile/mec_mobile_description) by extensions ['ros']
[0.212s] Level 1:colcon.colcon_core.package_identification:_identify(mec_mobile/mec_mobile_description) by extension 'ros'
[0.213s] DEBUG:colcon.colcon_core.package_identification:Package 'mec_mobile/mec_mobile_description' with type 'ros.ament_cmake' and name 'mec_mobile_description'
[0.213s] Level 1:colcon.colcon_core.package_identification:_identify(mec_mobile/mec_mobile_gazebo) by extensions ['ignore', 'ignore_ament_install']
[0.213s] Level 1:colcon.colcon_core.package_identification:_identify(mec_mobile/mec_mobile_gazebo) by extension 'ignore'
[0.213s] Level 1:colcon.colcon_core.package_identification:_identify(mec_mobile/mec_mobile_gazebo) by extension 'ignore_ament_install'
[0.213s] Level 1:colcon.colcon_core.package_identification:_identify(mec_mobile/mec_mobile_gazebo) by extensions ['colcon_pkg']
[0.213s] Level 1:colcon.colcon_core.package_identification:_identify(mec_mobile/mec_mobile_gazebo) by extension 'colcon_pkg'
[0.213s] Level 1:colcon.colcon_core.package_identification:_identify(mec_mobile/mec_mobile_gazebo) by extensions ['colcon_meta']
[0.213s] Level 1:colcon.colcon_core.package_identification:_identify(mec_mobile/mec_mobile_gazebo) by extension 'colcon_meta'
[0.213s] Level 1:colcon.colcon_core.package_identification:_identify(mec_mobile/mec_mobile_gazebo) by extensions ['ros']
[0.213s] Level 1:colcon.colcon_core.package_identification:_identify(mec_mobile/mec_mobile_gazebo) by extension 'ros'
[0.214s] DEBUG:colcon.colcon_core.package_identification:Package 'mec_mobile/mec_mobile_gazebo' with type 'ros.ament_cmake' and name 'mec_mobile_gazebo'
[0.214s] Level 1:colcon.colcon_core.package_identification:_identify(mec_mobile_nav2) by extensions ['ignore', 'ignore_ament_install']
[0.214s] Level 1:colcon.colcon_core.package_identification:_identify(mec_mobile_nav2) by extension 'ignore'
[0.214s] Level 1:colcon.colcon_core.package_identification:_identify(mec_mobile_nav2) by extension 'ignore_ament_install'
[0.214s] Level 1:colcon.colcon_core.package_identification:_identify(mec_mobile_nav2) by extensions ['colcon_pkg']
[0.214s] Level 1:colcon.colcon_core.package_identification:_identify(mec_mobile_nav2) by extension 'colcon_pkg'
[0.214s] Level 1:colcon.colcon_core.package_identification:_identify(mec_mobile_nav2) by extensions ['colcon_meta']
[0.214s] Level 1:colcon.colcon_core.package_identification:_identify(mec_mobile_nav2) by extension 'colcon_meta'
[0.214s] Level 1:colcon.colcon_core.package_identification:_identify(mec_mobile_nav2) by extensions ['ros']
[0.215s] Level 1:colcon.colcon_core.package_identification:_identify(mec_mobile_nav2) by extension 'ros'
[0.215s] DEBUG:colcon.colcon_core.package_identification:Package 'mec_mobile_nav2' with type 'ros.ament_cmake' and name 'mec_mobile_nav2'
[0.215s] Level 1:colcon.colcon_core.package_identification:_identify(mecanum_controller_cpp) by extensions ['ignore', 'ignore_ament_install']
[0.215s] Level 1:colcon.colcon_core.package_identification:_identify(mecanum_controller_cpp) by extension 'ignore'
[0.215s] Level 1:colcon.colcon_core.package_identification:_identify(mecanum_controller_cpp) by extension 'ignore_ament_install'
[0.216s] Level 1:colcon.colcon_core.package_identification:_identify(mecanum_controller_cpp) by extensions ['colcon_pkg']
[0.216s] Level 1:colcon.colcon_core.package_identification:_identify(mecanum_controller_cpp) by extension 'colcon_pkg'
[0.216s] Level 1:colcon.colcon_core.package_identification:_identify(mecanum_controller_cpp) by extensions ['colcon_meta']
[0.216s] Level 1:colcon.colcon_core.package_identification:_identify(mecanum_controller_cpp) by extension 'colcon_meta'
[0.216s] Level 1:colcon.colcon_core.package_identification:_identify(mecanum_controller_cpp) by extensions ['ros']
[0.216s] Level 1:colcon.colcon_core.package_identification:_identify(mecanum_controller_cpp) by extension 'ros'
[0.216s] DEBUG:colcon.colcon_core.package_identification:Package 'mecanum_controller_cpp' with type 'ros.ament_cmake' and name 'mecanum_controller_cpp'
[0.216s] Level 1:colcon.colcon_core.package_discovery:discover_packages(recursive) using defaults
[0.216s] Level 1:colcon.colcon_core.package_discovery:discover_packages(ignore) discover
[0.216s] Level 1:colcon.colcon_core.package_discovery:discover_packages(ignore) using defaults
[0.216s] Level 1:colcon.colcon_core.package_discovery:discover_packages(path) discover
[0.216s] Level 1:colcon.colcon_core.package_discovery:discover_packages(path) using defaults
[0.238s] Level 1:colcon.colcon_core.package_discovery:discover_packages(prefix_path) check parameters
[0.238s] Level 1:colcon.colcon_core.package_discovery:discover_packages(prefix_path) discover
[0.242s] DEBUG:colcon.colcon_installed_package_information.package_discovery:Found 5 installed packages in /media/tracy/DATA/ros2_ws/src/install
[0.242s] DEBUG:colcon.colcon_installed_package_information.package_discovery:Found 4 installed packages in /media/tracy/DATA/ros2_ws/install
[0.245s] DEBUG:colcon.colcon_installed_package_information.package_discovery:Found 389 installed packages in /opt/ros/jazzy
[0.246s] Level 1:colcon.colcon_core.package_discovery:discover_packages(prefix_path) using defaults
[0.320s] Level 5:colcon.colcon_core.verb:set package 'mec_mobile_description' build argument 'cmake_args' from command line to 'None'
[0.320s] Level 5:colcon.colcon_core.verb:set package 'mec_mobile_description' build argument 'cmake_target' from command line to 'None'
[0.320s] Level 5:colcon.colcon_core.verb:set package 'mec_mobile_description' build argument 'cmake_target_skip_unavailable' from command line to 'False'
[0.320s] Level 5:colcon.colcon_core.verb:set package 'mec_mobile_description' build argument 'cmake_clean_cache' from command line to 'False'
[0.320s] Level 5:colcon.colcon_core.verb:set package 'mec_mobile_description' build argument 'cmake_clean_first' from command line to 'False'
[0.320s] Level 5:colcon.colcon_core.verb:set package 'mec_mobile_description' build argument 'cmake_force_configure' from command line to 'False'
[0.320s] Level 5:colcon.colcon_core.verb:set package 'mec_mobile_description' build argument 'ament_cmake_args' from command line to 'None'
[0.320s] Level 5:colcon.colcon_core.verb:set package 'mec_mobile_description' build argument 'catkin_cmake_args' from command line to 'None'
[0.320s] Level 5:colcon.colcon_core.verb:set package 'mec_mobile_description' build argument 'catkin_skip_building_tests' from command line to 'False'
[0.320s] DEBUG:colcon.colcon_core.verb:Building package 'mec_mobile_description' with the following arguments: {'ament_cmake_args': None, 'build_base': '/media/tracy/DATA/ros2_ws/src/build/mec_mobile_description', 'catkin_cmake_args': None, 'catkin_skip_building_tests': False, 'cmake_args': None, 'cmake_clean_cache': False, 'cmake_clean_first': False, 'cmake_force_configure': False, 'cmake_target': None, 'cmake_target_skip_unavailable': False, 'install_base': '/media/tracy/DATA/ros2_ws/src/install/mec_mobile_description', 'merge_install': False, 'path': '/media/tracy/DATA/ros2_ws/src/mec_mobile/mec_mobile_description', 'symlink_install': True, 'test_result_base': None}
[0.321s] Level 5:colcon.colcon_core.verb:set package 'mec_mobile_gazebo' build argument 'cmake_args' from command line to 'None'
[0.321s] Level 5:colcon.colcon_core.verb:set package 'mec_mobile_gazebo' build argument 'cmake_target' from command line to 'None'
[0.321s] Level 5:colcon.colcon_core.verb:set package 'mec_mobile_gazebo' build argument 'cmake_target_skip_unavailable' from command line to 'False'
[0.321s] Level 5:colcon.colcon_core.verb:set package 'mec_mobile_gazebo' build argument 'cmake_clean_cache' from command line to 'False'
[0.321s] Level 5:colcon.colcon_core.verb:set package 'mec_mobile_gazebo' build argument 'cmake_clean_first' from command line to 'False'
[0.321s] Level 5:colcon.colcon_core.verb:set package 'mec_mobile_gazebo' build argument 'cmake_force_configure' from command line to 'False'
[0.321s] Level 5:colcon.colcon_core.verb:set package 'mec_mobile_gazebo' build argument 'ament_cmake_args' from command line to 'None'
[0.321s] Level 5:colcon.colcon_core.verb:set package 'mec_mobile_gazebo' build argument 'catkin_cmake_args' from command line to 'None'
[0.321s] Level 5:colcon.colcon_core.verb:set package 'mec_mobile_gazebo' build argument 'catkin_skip_building_tests' from command line to 'False'
[0.321s] DEBUG:colcon.colcon_core.verb:Building package 'mec_mobile_gazebo' with the following arguments: {'ament_cmake_args': None, 'build_base': '/media/tracy/DATA/ros2_ws/src/build/mec_mobile_gazebo', 'catkin_cmake_args': None, 'catkin_skip_building_tests': False, 'cmake_args': None, 'cmake_clean_cache': False, 'cmake_clean_first': False, 'cmake_force_configure': False, 'cmake_target': None, 'cmake_target_skip_unavailable': False, 'install_base': '/media/tracy/DATA/ros2_ws/src/install/mec_mobile_gazebo', 'merge_install': False, 'path': '/media/tracy/DATA/ros2_ws/src/mec_mobile/mec_mobile_gazebo', 'symlink_install': True, 'test_result_base': None}
[0.321s] Level 5:colcon.colcon_core.verb:set package 'mec_mobile_nav2' build argument 'cmake_args' from command line to 'None'
[0.321s] Level 5:colcon.colcon_core.verb:set package 'mec_mobile_nav2' build argument 'cmake_target' from command line to 'None'
[0.321s] Level 5:colcon.colcon_core.verb:set package 'mec_mobile_nav2' build argument 'cmake_target_skip_unavailable' from command line to 'False'
[0.321s] Level 5:colcon.colcon_core.verb:set package 'mec_mobile_nav2' build argument 'cmake_clean_cache' from command line to 'False'
[0.321s] Level 5:colcon.colcon_core.verb:set package 'mec_mobile_nav2' build argument 'cmake_clean_first' from command line to 'False'
[0.321s] Level 5:colcon.colcon_core.verb:set package 'mec_mobile_nav2' build argument 'cmake_force_configure' from command line to 'False'
[0.321s] Level 5:colcon.colcon_core.verb:set package 'mec_mobile_nav2' build argument 'ament_cmake_args' from command line to 'None'
[0.321s] Level 5:colcon.colcon_core.verb:set package 'mec_mobile_nav2' build argument 'catkin_cmake_args' from command line to 'None'
[0.321s] Level 5:colcon.colcon_core.verb:set package 'mec_mobile_nav2' build argument 'catkin_skip_building_tests' from command line to 'False'
[0.321s] DEBUG:colcon.colcon_core.verb:Building package 'mec_mobile_nav2' with the following arguments: {'ament_cmake_args': None, 'build_base': '/media/tracy/DATA/ros2_ws/src/build/mec_mobile_nav2', 'catkin_cmake_args': None, 'catkin_skip_building_tests': False, 'cmake_args': None, 'cmake_clean_cache': False, 'cmake_clean_first': False, 'cmake_force_configure': False, 'cmake_target': None, 'cmake_target_skip_unavailable': False, 'install_base': '/media/tracy/DATA/ros2_ws/src/install/mec_mobile_nav2', 'merge_install': False, 'path': '/media/tracy/DATA/ros2_ws/src/mec_mobile_nav2', 'symlink_install': True, 'test_result_base': None}
[0.321s] Level 5:colcon.colcon_core.verb:set package 'mecanum_controller_cpp' build argument 'cmake_args' from command line to 'None'
[0.322s] Level 5:colcon.colcon_core.verb:set package 'mecanum_controller_cpp' build argument 'cmake_target' from command line to 'None'
[0.322s] Level 5:colcon.colcon_core.verb:set package 'mecanum_controller_cpp' build argument 'cmake_target_skip_unavailable' from command line to 'False'
[0.322s] Level 5:colcon.colcon_core.verb:set package 'mecanum_controller_cpp' build argument 'cmake_clean_cache' from command line to 'False'
[0.322s] Level 5:colcon.colcon_core.verb:set package 'mecanum_controller_cpp' build argument 'cmake_clean_first' from command line to 'False'
[0.322s] Level 5:colcon.colcon_core.verb:set package 'mecanum_controller_cpp' build argument 'cmake_force_configure' from command line to 'False'
[0.322s] Level 5:colcon.colcon_core.verb:set package 'mecanum_controller_cpp' build argument 'ament_cmake_args' from command line to 'None'
[0.322s] Level 5:colcon.colcon_core.verb:set package 'mecanum_controller_cpp' build argument 'catkin_cmake_args' from command line to 'None'
[0.322s] Level 5:colcon.colcon_core.verb:set package 'mecanum_controller_cpp' build argument 'catkin_skip_building_tests' from command line to 'False'
[0.322s] DEBUG:colcon.colcon_core.verb:Building package 'mecanum_controller_cpp' with the following arguments: {'ament_cmake_args': None, 'build_base': '/media/tracy/DATA/ros2_ws/src/build/mecanum_controller_cpp', 'catkin_cmake_args': None, 'catkin_skip_building_tests': False, 'cmake_args': None, 'cmake_clean_cache': False, 'cmake_clean_first': False, 'cmake_force_configure': False, 'cmake_target': None, 'cmake_target_skip_unavailable': False, 'install_base': '/media/tracy/DATA/ros2_ws/src/install/mecanum_controller_cpp', 'merge_install': False, 'path': '/media/tracy/DATA/ros2_ws/src/mecanum_controller_cpp', 'symlink_install': True, 'test_result_base': None}
[0.322s] Level 5:colcon.colcon_core.verb:set package 'mec_mobile' build argument 'cmake_args' from command line to 'None'
[0.322s] Level 5:colcon.colcon_core.verb:set package 'mec_mobile' build argument 'cmake_target' from command line to 'None'
[0.322s] Level 5:colcon.colcon_core.verb:set package 'mec_mobile' build argument 'cmake_target_skip_unavailable' from command line to 'False'
[0.322s] Level 5:colcon.colcon_core.verb:set package 'mec_mobile' build argument 'cmake_clean_cache' from command line to 'False'
[0.322s] Level 5:colcon.colcon_core.verb:set package 'mec_mobile' build argument 'cmake_clean_first' from command line to 'False'
[0.322s] Level 5:colcon.colcon_core.verb:set package 'mec_mobile' build argument 'cmake_force_configure' from command line to 'False'
[0.322s] Level 5:colcon.colcon_core.verb:set package 'mec_mobile' build argument 'ament_cmake_args' from command line to 'None'
[0.322s] Level 5:colcon.colcon_core.verb:set package 'mec_mobile' build argument 'catkin_cmake_args' from command line to 'None'
[0.322s] Level 5:colcon.colcon_core.verb:set package 'mec_mobile' build argument 'catkin_skip_building_tests' from command line to 'False'
[0.322s] DEBUG:colcon.colcon_core.verb:Building package 'mec_mobile' with the following arguments: {'ament_cmake_args': None, 'build_base': '/media/tracy/DATA/ros2_ws/src/build/mec_mobile', 'catkin_cmake_args': None, 'catkin_skip_building_tests': False, 'cmake_args': None, 'cmake_clean_cache': False, 'cmake_clean_first': False, 'cmake_force_configure': False, 'cmake_target': None, 'cmake_target_skip_unavailable': False, 'install_base': '/media/tracy/DATA/ros2_ws/src/install/mec_mobile', 'merge_install': False, 'path': '/media/tracy/DATA/ros2_ws/src/mec_mobile/mec_mobile', 'symlink_install': True, 'test_result_base': None}
[0.322s] INFO:colcon.colcon_core.executor:Executing jobs using 'parallel' executor
[0.323s] DEBUG:colcon.colcon_parallel_executor.executor.parallel:run_until_complete
[0.323s] INFO:colcon.colcon_ros.task.ament_cmake.build:Building ROS package in '/media/tracy/DATA/ros2_ws/src/mec_mobile/mec_mobile_description' with build type 'ament_cmake'
[0.323s] INFO:colcon.colcon_cmake.task.cmake.build:Building CMake package in '/media/tracy/DATA/ros2_ws/src/mec_mobile/mec_mobile_description'
[0.327s] INFO:colcon.colcon_core.plugin_system:Skipping extension 'colcon_core.shell.bat': Not used on non-Windows systems
[0.328s] INFO:colcon.colcon_core.shell:Skip shell extension 'powershell' for command environment: Not usable outside of PowerShell
[0.328s] DEBUG:colcon.colcon_core.shell:Skip shell extension 'dsv' for command environment
[0.332s] INFO:colcon.colcon_ros.task.ament_cmake.build:Building ROS package in '/media/tracy/DATA/ros2_ws/src/mec_mobile/mec_mobile_gazebo' with build type 'ament_cmake'
[0.333s] INFO:colcon.colcon_cmake.task.cmake.build:Building CMake package in '/media/tracy/DATA/ros2_ws/src/mec_mobile/mec_mobile_gazebo'
[0.333s] INFO:colcon.colcon_core.shell:Skip shell extension 'powershell' for command environment: Not usable outside of PowerShell
[0.333s] DEBUG:colcon.colcon_core.shell:Skip shell extension 'dsv' for command environment
[0.336s] INFO:colcon.colcon_ros.task.ament_cmake.build:Building ROS package in '/media/tracy/DATA/ros2_ws/src/mec_mobile_nav2' with build type 'ament_cmake'
[0.336s] INFO:colcon.colcon_cmake.task.cmake.build:Building CMake package in '/media/tracy/DATA/ros2_ws/src/mec_mobile_nav2'
[0.336s] INFO:colcon.colcon_core.shell:Skip shell extension 'powershell' for command environment: Not usable outside of PowerShell
[0.336s] DEBUG:colcon.colcon_core.shell:Skip shell extension 'dsv' for command environment
[0.341s] INFO:colcon.colcon_ros.task.ament_cmake.build:Building ROS package in '/media/tracy/DATA/ros2_ws/src/mecanum_controller_cpp' with build type 'ament_cmake'
[0.341s] INFO:colcon.colcon_cmake.task.cmake.build:Building CMake package in '/media/tracy/DATA/ros2_ws/src/mecanum_controller_cpp'
[0.341s] INFO:colcon.colcon_core.shell:Skip shell extension 'powershell' for command environment: Not usable outside of PowerShell
[0.341s] DEBUG:colcon.colcon_core.shell:Skip shell extension 'dsv' for command environment
[0.349s] DEBUG:colcon.colcon_core.event_handler.log_command:Invoking command in '/media/tracy/DATA/ros2_ws/src/build/mec_mobile_description': CMAKE_PREFIX_PATH=${CMAKE_PREFIX_PATH}:/opt/ros/jazzy DEBUGINFOD_URLS=https://debuginfod.ubuntu.com /usr/bin/cmake /media/tracy/DATA/ros2_ws/src/mec_mobile/mec_mobile_description -DAMENT_CMAKE_SYMLINK_INSTALL=1 -DCMAKE_INSTALL_PREFIX=/media/tracy/DATA/ros2_ws/src/install/mec_mobile_description
[0.351s] DEBUG:colcon.colcon_core.event_handler.log_command:Invoking command in '/media/tracy/DATA/ros2_ws/src/build/mec_mobile_gazebo': CMAKE_PREFIX_PATH=${CMAKE_PREFIX_PATH}:/opt/ros/jazzy DEBUGINFOD_URLS=https://debuginfod.ubuntu.com /usr/bin/cmake /media/tracy/DATA/ros2_ws/src/mec_mobile/mec_mobile_gazebo -DAMENT_CMAKE_SYMLINK_INSTALL=1 -DCMAKE_INSTALL_PREFIX=/media/tracy/DATA/ros2_ws/src/install/mec_mobile_gazebo
[0.354s] DEBUG:colcon.colcon_core.event_handler.log_command:Invoking command in '/media/tracy/DATA/ros2_ws/src/build/mec_mobile_nav2': CMAKE_PREFIX_PATH=${CMAKE_PREFIX_PATH}:/opt/ros/jazzy DEBUGINFOD_URLS=https://debuginfod.ubuntu.com /usr/bin/cmake /media/tracy/DATA/ros2_ws/src/mec_mobile_nav2 -DAMENT_CMAKE_SYMLINK_INSTALL=1 -DCMAKE_INSTALL_PREFIX=/media/tracy/DATA/ros2_ws/src/install/mec_mobile_nav2
[0.357s] DEBUG:colcon.colcon_core.event_handler.log_command:Invoking command in '/media/tracy/DATA/ros2_ws/src/build/mecanum_controller_cpp': CMAKE_PREFIX_PATH=${CMAKE_PREFIX_PATH}:/opt/ros/jazzy DEBUGINFOD_URLS=https://debuginfod.ubuntu.com /usr/bin/cmake /media/tracy/DATA/ros2_ws/src/mecanum_controller_cpp -DAMENT_CMAKE_SYMLINK_INSTALL=1 -DCMAKE_INSTALL_PREFIX=/media/tracy/DATA/ros2_ws/src/install/mecanum_controller_cpp
[0.724s] DEBUG:colcon.colcon_core.event_handler.log_command:Invoked command in '/media/tracy/DATA/ros2_ws/src/build/mec_mobile_description' returned '0': CMAKE_PREFIX_PATH=${CMAKE_PREFIX_PATH}:/opt/ros/jazzy DEBUGINFOD_URLS=https://debuginfod.ubuntu.com /usr/bin/cmake /media/tracy/DATA/ros2_ws/src/mec_mobile/mec_mobile_description -DAMENT_CMAKE_SYMLINK_INSTALL=1 -DCMAKE_INSTALL_PREFIX=/media/tracy/DATA/ros2_ws/src/install/mec_mobile_description
[0.726s] DEBUG:colcon.colcon_core.event_handler.log_command:Invoking command in '/media/tracy/DATA/ros2_ws/src/build/mec_mobile_description': CMAKE_PREFIX_PATH=${CMAKE_PREFIX_PATH}:/opt/ros/jazzy DEBUGINFOD_URLS=https://debuginfod.ubuntu.com /usr/bin/cmake --build /media/tracy/DATA/ros2_ws/src/build/mec_mobile_description -- -j16 -l16
[0.769s] DEBUG:colcon.colcon_core.event_handler.log_command:Invoked command in '/media/tracy/DATA/ros2_ws/src/build/mec_mobile_description' returned '0': CMAKE_PREFIX_PATH=${CMAKE_PREFIX_PATH}:/opt/ros/jazzy DEBUGINFOD_URLS=https://debuginfod.ubuntu.com /usr/bin/cmake --build /media/tracy/DATA/ros2_ws/src/build/mec_mobile_description -- -j16 -l16
[0.779s] DEBUG:colcon.colcon_core.event_handler.log_command:Invoking command in '/media/tracy/DATA/ros2_ws/src/build/mec_mobile_description': CMAKE_PREFIX_PATH=${CMAKE_PREFIX_PATH}:/opt/ros/jazzy DEBUGINFOD_URLS=https://debuginfod.ubuntu.com /usr/bin/cmake --install /media/tracy/DATA/ros2_ws/src/build/mec_mobile_description
[1.062s] DEBUG:colcon.colcon_core.event_handler.log_command:Invoked command in '/media/tracy/DATA/ros2_ws/src/build/mecanum_controller_cpp' returned '0': CMAKE_PREFIX_PATH=${CMAKE_PREFIX_PATH}:/opt/ros/jazzy DEBUGINFOD_URLS=https://debuginfod.ubuntu.com /usr/bin/cmake /media/tracy/DATA/ros2_ws/src/mecanum_controller_cpp -DAMENT_CMAKE_SYMLINK_INSTALL=1 -DCMAKE_INSTALL_PREFIX=/media/tracy/DATA/ros2_ws/src/install/mecanum_controller_cpp
[1.063s] DEBUG:colcon.colcon_core.event_handler.log_command:Invoking command in '/media/tracy/DATA/ros2_ws/src/build/mecanum_controller_cpp': CMAKE_PREFIX_PATH=${CMAKE_PREFIX_PATH}:/opt/ros/jazzy DEBUGINFOD_URLS=https://debuginfod.ubuntu.com /usr/bin/cmake --build /media/tracy/DATA/ros2_ws/src/build/mecanum_controller_cpp -- -j16 -l16
[1.104s] DEBUG:colcon.colcon_core.event_handler.log_command:Invoked command in '/media/tracy/DATA/ros2_ws/src/build/mecanum_controller_cpp' returned '0': CMAKE_PREFIX_PATH=${CMAKE_PREFIX_PATH}:/opt/ros/jazzy DEBUGINFOD_URLS=https://debuginfod.ubuntu.com /usr/bin/cmake --build /media/tracy/DATA/ros2_ws/src/build/mecanum_controller_cpp -- -j16 -l16
[1.105s] DEBUG:colcon.colcon_core.event_handler.log_command:Invoking command in '/media/tracy/DATA/ros2_ws/src/build/mecanum_controller_cpp': CMAKE_PREFIX_PATH=${CMAKE_PREFIX_PATH}:/opt/ros/jazzy DEBUGINFOD_URLS=https://debuginfod.ubuntu.com /usr/bin/cmake --install /media/tracy/DATA/ros2_ws/src/build/mecanum_controller_cpp
[1.130s] Level 1:colcon.colcon_core.environment:create_environment_scripts_only(mec_mobile_description)
[1.131s] DEBUG:colcon.colcon_core.event_handler.log_command:Invoked command in '/media/tracy/DATA/ros2_ws/src/build/mec_mobile_description' returned '0': CMAKE_PREFIX_PATH=${CMAKE_PREFIX_PATH}:/opt/ros/jazzy DEBUGINFOD_URLS=https://debuginfod.ubuntu.com /usr/bin/cmake --install /media/tracy/DATA/ros2_ws/src/build/mec_mobile_description
[1.135s] Level 1:colcon.colcon_core.environment:checking '/media/tracy/DATA/ros2_ws/src/install/mec_mobile_description' for CMake module files
[1.136s] Level 1:colcon.colcon_core.environment:checking '/media/tracy/DATA/ros2_ws/src/install/mec_mobile_description' for CMake config files
[1.136s] Level 1:colcon.colcon_core.shell:create_environment_hook('mec_mobile_description', 'cmake_prefix_path')
[1.136s] INFO:colcon.colcon_core.shell:Creating environment hook '/media/tracy/DATA/ros2_ws/src/install/mec_mobile_description/share/mec_mobile_description/hook/cmake_prefix_path.ps1'
[1.137s] INFO:colcon.colcon_core.shell:Creating environment descriptor '/media/tracy/DATA/ros2_ws/src/install/mec_mobile_description/share/mec_mobile_description/hook/cmake_prefix_path.dsv'
[1.137s] INFO:colcon.colcon_core.shell:Creating environment hook '/media/tracy/DATA/ros2_ws/src/install/mec_mobile_description/share/mec_mobile_description/hook/cmake_prefix_path.sh'
[1.138s] Level 1:colcon.colcon_core.environment:checking '/media/tracy/DATA/ros2_ws/src/install/mec_mobile_description/bin'
[1.138s] Level 1:colcon.colcon_core.environment:checking '/media/tracy/DATA/ros2_ws/src/install/mec_mobile_description/lib/pkgconfig/mec_mobile_description.pc'
[1.138s] Level 1:colcon.colcon_core.environment:checking '/media/tracy/DATA/ros2_ws/src/install/mec_mobile_description/lib/python3.12/site-packages'
[1.138s] Level 1:colcon.colcon_core.environment:checking '/media/tracy/DATA/ros2_ws/src/install/mec_mobile_description/bin'
[1.138s] INFO:colcon.colcon_core.shell:Creating package script '/media/tracy/DATA/ros2_ws/src/install/mec_mobile_description/share/mec_mobile_description/package.ps1'
[1.139s] INFO:colcon.colcon_core.shell:Creating package descriptor '/media/tracy/DATA/ros2_ws/src/install/mec_mobile_description/share/mec_mobile_description/package.dsv'
[1.140s] INFO:colcon.colcon_core.shell:Creating package script '/media/tracy/DATA/ros2_ws/src/install/mec_mobile_description/share/mec_mobile_description/package.sh'
[1.140s] INFO:colcon.colcon_core.shell:Creating package script '/media/tracy/DATA/ros2_ws/src/install/mec_mobile_description/share/mec_mobile_description/package.bash'
[1.141s] INFO:colcon.colcon_core.shell:Creating package script '/media/tracy/DATA/ros2_ws/src/install/mec_mobile_description/share/mec_mobile_description/package.zsh'
[1.142s] Level 1:colcon.colcon_core.environment:create_file_with_runtime_dependencies(/media/tracy/DATA/ros2_ws/src/install/mec_mobile_description/share/colcon-core/packages/mec_mobile_description)
[1.142s] Level 1:colcon.colcon_core.environment:create_environment_scripts_only(mec_mobile_description)
[1.142s] Level 1:colcon.colcon_core.environment:checking '/media/tracy/DATA/ros2_ws/src/install/mec_mobile_description' for CMake module files
[1.143s] Level 1:colcon.colcon_core.environment:checking '/media/tracy/DATA/ros2_ws/src/install/mec_mobile_description' for CMake config files
[1.143s] Level 1:colcon.colcon_core.shell:create_environment_hook('mec_mobile_description', 'cmake_prefix_path')
[1.143s] INFO:colcon.colcon_core.shell:Creating environment hook '/media/tracy/DATA/ros2_ws/src/install/mec_mobile_description/share/mec_mobile_description/hook/cmake_prefix_path.ps1'
[1.143s] INFO:colcon.colcon_core.shell:Creating environment descriptor '/media/tracy/DATA/ros2_ws/src/install/mec_mobile_description/share/mec_mobile_description/hook/cmake_prefix_path.dsv'
[1.144s] INFO:colcon.colcon_core.shell:Creating environment hook '/media/tracy/DATA/ros2_ws/src/install/mec_mobile_description/share/mec_mobile_description/hook/cmake_prefix_path.sh'
[1.144s] Level 1:colcon.colcon_core.environment:checking '/media/tracy/DATA/ros2_ws/src/install/mec_mobile_description/bin'
[1.144s] Level 1:colcon.colcon_core.environment:checking '/media/tracy/DATA/ros2_ws/src/install/mec_mobile_description/lib/pkgconfig/mec_mobile_description.pc'
[1.144s] Level 1:colcon.colcon_core.environment:checking '/media/tracy/DATA/ros2_ws/src/install/mec_mobile_description/lib/python3.12/site-packages'
[1.144s] Level 1:colcon.colcon_core.environment:checking '/media/tracy/DATA/ros2_ws/src/install/mec_mobile_description/bin'
[1.145s] INFO:colcon.colcon_core.shell:Creating package script '/media/tracy/DATA/ros2_ws/src/install/mec_mobile_description/share/mec_mobile_description/package.ps1'
[1.145s] INFO:colcon.colcon_core.shell:Creating package descriptor '/media/tracy/DATA/ros2_ws/src/install/mec_mobile_description/share/mec_mobile_description/package.dsv'
[1.145s] INFO:colcon.colcon_core.shell:Creating package script '/media/tracy/DATA/ros2_ws/src/install/mec_mobile_description/share/mec_mobile_description/package.sh'
[1.146s] INFO:colcon.colcon_core.shell:Creating package script '/media/tracy/DATA/ros2_ws/src/install/mec_mobile_description/share/mec_mobile_description/package.bash'
[1.146s] INFO:colcon.colcon_core.shell:Creating package script '/media/tracy/DATA/ros2_ws/src/install/mec_mobile_description/share/mec_mobile_description/package.zsh'
[1.146s] Level 1:colcon.colcon_core.environment:create_file_with_runtime_dependencies(/media/tracy/DATA/ros2_ws/src/install/mec_mobile_description/share/colcon-core/packages/mec_mobile_description)
[1.146s] INFO:colcon.colcon_ros.task.ament_cmake.build:Building ROS package in '/media/tracy/DATA/ros2_ws/src/mec_mobile/mec_mobile' with build type 'ament_cmake'
[1.147s] INFO:colcon.colcon_cmake.task.cmake.build:Building CMake package in '/media/tracy/DATA/ros2_ws/src/mec_mobile/mec_mobile'
[1.147s] INFO:colcon.colcon_core.shell:Skip shell extension 'powershell' for command environment: Not usable outside of PowerShell
[1.147s] DEBUG:colcon.colcon_core.shell:Skip shell extension 'dsv' for command environment
[1.158s] DEBUG:colcon.colcon_core.event_handler.log_command:Invoking command in '/media/tracy/DATA/ros2_ws/src/build/mec_mobile': CMAKE_PREFIX_PATH=/media/tracy/DATA/ros2_ws/src/install/mec_mobile_description:/media/tracy/DATA/ros2_ws/src/install/mecanum_controller_cpp:/media/tracy/DATA/ros2_ws/src/install/mec_mobile_nav2:/media/tracy/DATA/ros2_ws/src/install/mec_mobile_gazebo:/media/tracy/DATA/ros2_ws/src/install/mec_mobile:/media/tracy/DATA/ros2_ws/install/mecanum_controller_cpp:/media/tracy/DATA/ros2_ws/install/mec_mobile_gazebo:/media/tracy/DATA/ros2_ws/install/mec_mobile:/media/tracy/DATA/ros2_ws/install/mec_mobile_description:/opt/ros/jazzy/opt/gz_sim_vendor:/opt/ros/jazzy/opt/gz_sensors_vendor:/opt/ros/jazzy/opt/gz_physics_vendor:/opt/ros/jazzy/opt/sdformat_vendor:/opt/ros/jazzy/opt/gz_gui_vendor:/opt/ros/jazzy/opt/gz_transport_vendor:/opt/ros/jazzy/opt/gz_rendering_vendor:/opt/ros/jazzy/opt/gz_plugin_vendor:/opt/ros/jazzy/opt/gz_fuel_tools_vendor:/opt/ros/jazzy/opt/gz_msgs_vendor:/opt/ros/jazzy/opt/gz_common_vendor:/opt/ros/jazzy/opt/gz_math_vendor:/opt/ros/jazzy/opt/gz_utils_vendor:/opt/ros/jazzy/opt/gz_tools_vendor:/opt/ros/jazzy/opt/gz_ogre_next_vendor:/opt/ros/jazzy/opt/gz_dartsim_vendor:/opt/ros/jazzy/opt/gz_cmake_vendor:/opt/ros/jazzy DEBUGINFOD_URLS=https://debuginfod.ubuntu.com /usr/bin/cmake /media/tracy/DATA/ros2_ws/src/mec_mobile/mec_mobile -DAMENT_CMAKE_SYMLINK_INSTALL=1 -DCMAKE_INSTALL_PREFIX=/media/tracy/DATA/ros2_ws/src/install/mec_mobile
[1.198s] DEBUG:colcon.colcon_core.event_handler.log_command:Invoked command in '/media/tracy/DATA/ros2_ws/src/build/mec_mobile_gazebo' returned '0': CMAKE_PREFIX_PATH=${CMAKE_PREFIX_PATH}:/opt/ros/jazzy DEBUGINFOD_URLS=https://debuginfod.ubuntu.com /usr/bin/cmake /media/tracy/DATA/ros2_ws/src/mec_mobile/mec_mobile_gazebo -DAMENT_CMAKE_SYMLINK_INSTALL=1 -DCMAKE_INSTALL_PREFIX=/media/tracy/DATA/ros2_ws/src/install/mec_mobile_gazebo
[1.199s] DEBUG:colcon.colcon_core.event_handler.log_command:Invoking command in '/media/tracy/DATA/ros2_ws/src/build/mec_mobile_gazebo': CMAKE_PREFIX_PATH=${CMAKE_PREFIX_PATH}:/opt/ros/jazzy DEBUGINFOD_URLS=https://debuginfod.ubuntu.com /usr/bin/cmake --build /media/tracy/DATA/ros2_ws/src/build/mec_mobile_gazebo -- -j16 -l16
[1.248s] DEBUG:colcon.colcon_core.event_handler.log_command:Invoked command in '/media/tracy/DATA/ros2_ws/src/build/mec_mobile_gazebo' returned '0': CMAKE_PREFIX_PATH=${CMAKE_PREFIX_PATH}:/opt/ros/jazzy DEBUGINFOD_URLS=https://debuginfod.ubuntu.com /usr/bin/cmake --build /media/tracy/DATA/ros2_ws/src/build/mec_mobile_gazebo -- -j16 -l16
[1.249s] DEBUG:colcon.colcon_core.event_handler.log_command:Invoking command in '/media/tracy/DATA/ros2_ws/src/build/mec_mobile_gazebo': CMAKE_PREFIX_PATH=${CMAKE_PREFIX_PATH}:/opt/ros/jazzy DEBUGINFOD_URLS=https://debuginfod.ubuntu.com /usr/bin/cmake --install /media/tracy/DATA/ros2_ws/src/build/mec_mobile_gazebo
[1.283s] Level 1:colcon.colcon_core.environment:create_environment_scripts_only(mecanum_controller_cpp)
[1.284s] Level 1:colcon.colcon_core.environment:checking '/media/tracy/DATA/ros2_ws/src/install/mecanum_controller_cpp' for CMake module files
[1.284s] DEBUG:colcon.colcon_core.event_handler.log_command:Invoked command in '/media/tracy/DATA/ros2_ws/src/build/mecanum_controller_cpp' returned '0': CMAKE_PREFIX_PATH=${CMAKE_PREFIX_PATH}:/opt/ros/jazzy DEBUGINFOD_URLS=https://debuginfod.ubuntu.com /usr/bin/cmake --install /media/tracy/DATA/ros2_ws/src/build/mecanum_controller_cpp
[1.285s] Level 1:colcon.colcon_core.environment:checking '/media/tracy/DATA/ros2_ws/src/install/mecanum_controller_cpp' for CMake config files
[1.285s] Level 1:colcon.colcon_core.shell:create_environment_hook('mecanum_controller_cpp', 'cmake_prefix_path')
[1.285s] INFO:colcon.colcon_core.shell:Creating environment hook '/media/tracy/DATA/ros2_ws/src/install/mecanum_controller_cpp/share/mecanum_controller_cpp/hook/cmake_prefix_path.ps1'
[1.285s] INFO:colcon.colcon_core.shell:Creating environment descriptor '/media/tracy/DATA/ros2_ws/src/install/mecanum_controller_cpp/share/mecanum_controller_cpp/hook/cmake_prefix_path.dsv'
[1.286s] INFO:colcon.colcon_core.shell:Creating environment hook '/media/tracy/DATA/ros2_ws/src/install/mecanum_controller_cpp/share/mecanum_controller_cpp/hook/cmake_prefix_path.sh'
[1.286s] Level 1:colcon.colcon_core.environment:checking '/media/tracy/DATA/ros2_ws/src/install/mecanum_controller_cpp/bin'
[1.286s] Level 1:colcon.colcon_core.environment:checking '/media/tracy/DATA/ros2_ws/src/install/mecanum_controller_cpp/lib/pkgconfig/mecanum_controller_cpp.pc'
[1.286s] Level 1:colcon.colcon_core.environment:checking '/media/tracy/DATA/ros2_ws/src/install/mecanum_controller_cpp/lib/python3.12/site-packages'
[1.286s] Level 1:colcon.colcon_core.environment:checking '/media/tracy/DATA/ros2_ws/src/install/mecanum_controller_cpp/bin'
[1.287s] INFO:colcon.colcon_core.shell:Creating package script '/media/tracy/DATA/ros2_ws/src/install/mecanum_controller_cpp/share/mecanum_controller_cpp/package.ps1'
[1.287s] INFO:colcon.colcon_core.shell:Creating package descriptor '/media/tracy/DATA/ros2_ws/src/install/mecanum_controller_cpp/share/mecanum_controller_cpp/package.dsv'
[1.288s] INFO:colcon.colcon_core.shell:Creating package script '/media/tracy/DATA/ros2_ws/src/install/mecanum_controller_cpp/share/mecanum_controller_cpp/package.sh'
[1.288s] INFO:colcon.colcon_core.shell:Creating package script '/media/tracy/DATA/ros2_ws/src/install/mecanum_controller_cpp/share/mecanum_controller_cpp/package.bash'
[1.288s] INFO:colcon.colcon_core.shell:Creating package script '/media/tracy/DATA/ros2_ws/src/install/mecanum_controller_cpp/share/mecanum_controller_cpp/package.zsh'
[1.289s] Level 1:colcon.colcon_core.environment:create_file_with_runtime_dependencies(/media/tracy/DATA/ros2_ws/src/install/mecanum_controller_cpp/share/colcon-core/packages/mecanum_controller_cpp)
[1.289s] Level 1:colcon.colcon_core.environment:create_environment_scripts_only(mecanum_controller_cpp)
[1.289s] Level 1:colcon.colcon_core.environment:checking '/media/tracy/DATA/ros2_ws/src/install/mecanum_controller_cpp' for CMake module files
[1.289s] Level 1:colcon.colcon_core.environment:checking '/media/tracy/DATA/ros2_ws/src/install/mecanum_controller_cpp' for CMake config files
[1.290s] Level 1:colcon.colcon_core.shell:create_environment_hook('mecanum_controller_cpp', 'cmake_prefix_path')
[1.290s] INFO:colcon.colcon_core.shell:Creating environment hook '/media/tracy/DATA/ros2_ws/src/install/mecanum_controller_cpp/share/mecanum_controller_cpp/hook/cmake_prefix_path.ps1'
[1.290s] INFO:colcon.colcon_core.shell:Creating environment descriptor '/media/tracy/DATA/ros2_ws/src/install/mecanum_controller_cpp/share/mecanum_controller_cpp/hook/cmake_prefix_path.dsv'
[1.290s] INFO:colcon.colcon_core.shell:Creating environment hook '/media/tracy/DATA/ros2_ws/src/install/mecanum_controller_cpp/share/mecanum_controller_cpp/hook/cmake_prefix_path.sh'
[1.291s] Level 1:colcon.colcon_core.environment:checking '/media/tracy/DATA/ros2_ws/src/install/mecanum_controller_cpp/bin'
[1.291s] Level 1:colcon.colcon_core.environment:checking '/media/tracy/DATA/ros2_ws/src/install/mecanum_controller_cpp/lib/pkgconfig/mecanum_controller_cpp.pc'
[1.291s] Level 1:colcon.colcon_core.environment:checking '/media/tracy/DATA/ros2_ws/src/install/mecanum_controller_cpp/lib/python3.12/site-packages'
[1.291s] Level 1:colcon.colcon_core.environment:checking '/media/tracy/DATA/ros2_ws/src/install/mecanum_controller_cpp/bin'
[1.291s] INFO:colcon.colcon_core.shell:Creating package script '/media/tracy/DATA/ros2_ws/src/install/mecanum_controller_cpp/share/mecanum_controller_cpp/package.ps1'
[1.292s] INFO:colcon.colcon_core.shell:Creating package descriptor '/media/tracy/DATA/ros2_ws/src/install/mecanum_controller_cpp/share/mecanum_controller_cpp/package.dsv'
[1.292s] INFO:colcon.colcon_core.shell:Creating package script '/media/tracy/DATA/ros2_ws/src/install/mecanum_controller_cpp/share/mecanum_controller_cpp/package.sh'
[1.292s] INFO:colcon.colcon_core.shell:Creating package script '/media/tracy/DATA/ros2_ws/src/install/mecanum_controller_cpp/share/mecanum_controller_cpp/package.bash'
[1.292s] INFO:colcon.colcon_core.shell:Creating package script '/media/tracy/DATA/ros2_ws/src/install/mecanum_controller_cpp/share/mecanum_controller_cpp/package.zsh'
[1.293s] Level 1:colcon.colcon_core.environment:create_file_with_runtime_dependencies(/media/tracy/DATA/ros2_ws/src/install/mecanum_controller_cpp/share/colcon-core/packages/mecanum_controller_cpp)
[1.451s] Level 1:colcon.colcon_core.environment:create_environment_scripts_only(mec_mobile_gazebo)
[1.451s] Level 1:colcon.colcon_core.environment:checking '/media/tracy/DATA/ros2_ws/src/install/mec_mobile_gazebo' for CMake module files
[1.451s] DEBUG:colcon.colcon_core.event_handler.log_command:Invoked command in '/media/tracy/DATA/ros2_ws/src/build/mec_mobile_gazebo' returned '0': CMAKE_PREFIX_PATH=${CMAKE_PREFIX_PATH}:/opt/ros/jazzy DEBUGINFOD_URLS=https://debuginfod.ubuntu.com /usr/bin/cmake --install /media/tracy/DATA/ros2_ws/src/build/mec_mobile_gazebo
[1.452s] Level 1:colcon.colcon_core.environment:checking '/media/tracy/DATA/ros2_ws/src/install/mec_mobile_gazebo' for CMake config files
[1.452s] Level 1:colcon.colcon_core.shell:create_environment_hook('mec_mobile_gazebo', 'cmake_prefix_path')
[1.452s] INFO:colcon.colcon_core.shell:Creating environment hook '/media/tracy/DATA/ros2_ws/src/install/mec_mobile_gazebo/share/mec_mobile_gazebo/hook/cmake_prefix_path.ps1'
[1.452s] INFO:colcon.colcon_core.shell:Creating environment descriptor '/media/tracy/DATA/ros2_ws/src/install/mec_mobile_gazebo/share/mec_mobile_gazebo/hook/cmake_prefix_path.dsv'
[1.453s] INFO:colcon.colcon_core.shell:Creating environment hook '/media/tracy/DATA/ros2_ws/src/install/mec_mobile_gazebo/share/mec_mobile_gazebo/hook/cmake_prefix_path.sh'
[1.453s] Level 1:colcon.colcon_core.environment:checking '/media/tracy/DATA/ros2_ws/src/install/mec_mobile_gazebo/bin'
[1.453s] Level 1:colcon.colcon_core.environment:checking '/media/tracy/DATA/ros2_ws/src/install/mec_mobile_gazebo/lib/pkgconfig/mec_mobile_gazebo.pc'
[1.453s] Level 1:colcon.colcon_core.environment:checking '/media/tracy/DATA/ros2_ws/src/install/mec_mobile_gazebo/lib/python3.12/site-packages'
[1.453s] Level 1:colcon.colcon_core.environment:checking '/media/tracy/DATA/ros2_ws/src/install/mec_mobile_gazebo/bin'
[1.454s] INFO:colcon.colcon_core.shell:Creating package script '/media/tracy/DATA/ros2_ws/src/install/mec_mobile_gazebo/share/mec_mobile_gazebo/package.ps1'
[1.454s] INFO:colcon.colcon_core.shell:Creating package descriptor '/media/tracy/DATA/ros2_ws/src/install/mec_mobile_gazebo/share/mec_mobile_gazebo/package.dsv'
[1.454s] INFO:colcon.colcon_core.shell:Creating package script '/media/tracy/DATA/ros2_ws/src/install/mec_mobile_gazebo/share/mec_mobile_gazebo/package.sh'
[1.455s] INFO:colcon.colcon_core.shell:Creating package script '/media/tracy/DATA/ros2_ws/src/install/mec_mobile_gazebo/share/mec_mobile_gazebo/package.bash'
[1.455s] INFO:colcon.colcon_core.shell:Creating package script '/media/tracy/DATA/ros2_ws/src/install/mec_mobile_gazebo/share/mec_mobile_gazebo/package.zsh'
[1.455s] Level 1:colcon.colcon_core.environment:create_file_with_runtime_dependencies(/media/tracy/DATA/ros2_ws/src/install/mec_mobile_gazebo/share/colcon-core/packages/mec_mobile_gazebo)
[1.455s] Level 1:colcon.colcon_core.environment:create_environment_scripts_only(mec_mobile_gazebo)
[1.455s] Level 1:colcon.colcon_core.environment:checking '/media/tracy/DATA/ros2_ws/src/install/mec_mobile_gazebo' for CMake module files
[1.456s] Level 1:colcon.colcon_core.environment:checking '/media/tracy/DATA/ros2_ws/src/install/mec_mobile_gazebo' for CMake config files
[1.456s] Level 1:colcon.colcon_core.shell:create_environment_hook('mec_mobile_gazebo', 'cmake_prefix_path')
[1.456s] INFO:colcon.colcon_core.shell:Creating environment hook '/media/tracy/DATA/ros2_ws/src/install/mec_mobile_gazebo/share/mec_mobile_gazebo/hook/cmake_prefix_path.ps1'
[1.457s] INFO:colcon.colcon_core.shell:Creating environment descriptor '/media/tracy/DATA/ros2_ws/src/install/mec_mobile_gazebo/share/mec_mobile_gazebo/hook/cmake_prefix_path.dsv'
[1.457s] INFO:colcon.colcon_core.shell:Creating environment hook '/media/tracy/DATA/ros2_ws/src/install/mec_mobile_gazebo/share/mec_mobile_gazebo/hook/cmake_prefix_path.sh'
[1.457s] Level 1:colcon.colcon_core.environment:checking '/media/tracy/DATA/ros2_ws/src/install/mec_mobile_gazebo/bin'
[1.457s] Level 1:colcon.colcon_core.environment:checking '/media/tracy/DATA/ros2_ws/src/install/mec_mobile_gazebo/lib/pkgconfig/mec_mobile_gazebo.pc'
[1.457s] Level 1:colcon.colcon_core.environment:checking '/media/tracy/DATA/ros2_ws/src/install/mec_mobile_gazebo/lib/python3.12/site-packages'
[1.457s] Level 1:colcon.colcon_core.environment:checking '/media/tracy/DATA/ros2_ws/src/install/mec_mobile_gazebo/bin'
[1.458s] INFO:colcon.colcon_core.shell:Creating package script '/media/tracy/DATA/ros2_ws/src/install/mec_mobile_gazebo/share/mec_mobile_gazebo/package.ps1'
[1.458s] INFO:colcon.colcon_core.shell:Creating package descriptor '/media/tracy/DATA/ros2_ws/src/install/mec_mobile_gazebo/share/mec_mobile_gazebo/package.dsv'
[1.458s] INFO:colcon.colcon_core.shell:Creating package script '/media/tracy/DATA/ros2_ws/src/install/mec_mobile_gazebo/share/mec_mobile_gazebo/package.sh'
[1.458s] INFO:colcon.colcon_core.shell:Creating package script '/media/tracy/DATA/ros2_ws/src/install/mec_mobile_gazebo/share/mec_mobile_gazebo/package.bash'
[1.459s] INFO:colcon.colcon_core.shell:Creating package script '/media/tracy/DATA/ros2_ws/src/install/mec_mobile_gazebo/share/mec_mobile_gazebo/package.zsh'
[1.459s] Level 1:colcon.colcon_core.environment:create_file_with_runtime_dependencies(/media/tracy/DATA/ros2_ws/src/install/mec_mobile_gazebo/share/colcon-core/packages/mec_mobile_gazebo)
[1.476s] DEBUG:colcon.colcon_core.event_handler.log_command:Invoked command in '/media/tracy/DATA/ros2_ws/src/build/mec_mobile' returned '0': CMAKE_PREFIX_PATH=/media/tracy/DATA/ros2_ws/src/install/mec_mobile_description:/media/tracy/DATA/ros2_ws/src/install/mecanum_controller_cpp:/media/tracy/DATA/ros2_ws/src/install/mec_mobile_nav2:/media/tracy/DATA/ros2_ws/src/install/mec_mobile_gazebo:/media/tracy/DATA/ros2_ws/src/install/mec_mobile:/media/tracy/DATA/ros2_ws/install/mecanum_controller_cpp:/media/tracy/DATA/ros2_ws/install/mec_mobile_gazebo:/media/tracy/DATA/ros2_ws/install/mec_mobile:/media/tracy/DATA/ros2_ws/install/mec_mobile_description:/opt/ros/jazzy/opt/gz_sim_vendor:/opt/ros/jazzy/opt/gz_sensors_vendor:/opt/ros/jazzy/opt/gz_physics_vendor:/opt/ros/jazzy/opt/sdformat_vendor:/opt/ros/jazzy/opt/gz_gui_vendor:/opt/ros/jazzy/opt/gz_transport_vendor:/opt/ros/jazzy/opt/gz_rendering_vendor:/opt/ros/jazzy/opt/gz_plugin_vendor:/opt/ros/jazzy/opt/gz_fuel_tools_vendor:/opt/ros/jazzy/opt/gz_msgs_vendor:/opt/ros/jazzy/opt/gz_common_vendor:/opt/ros/jazzy/opt/gz_math_vendor:/opt/ros/jazzy/opt/gz_utils_vendor:/opt/ros/jazzy/opt/gz_tools_vendor:/opt/ros/jazzy/opt/gz_ogre_next_vendor:/opt/ros/jazzy/opt/gz_dartsim_vendor:/opt/ros/jazzy/opt/gz_cmake_vendor:/opt/ros/jazzy DEBUGINFOD_URLS=https://debuginfod.ubuntu.com /usr/bin/cmake /media/tracy/DATA/ros2_ws/src/mec_mobile/mec_mobile -DAMENT_CMAKE_SYMLINK_INSTALL=1 -DCMAKE_INSTALL_PREFIX=/media/tracy/DATA/ros2_ws/src/install/mec_mobile
[1.477s] DEBUG:colcon.colcon_core.event_handler.log_command:Invoking command in '/media/tracy/DATA/ros2_ws/src/build/mec_mobile': CMAKE_PREFIX_PATH=/media/tracy/DATA/ros2_ws/src/install/mec_mobile_description:/media/tracy/DATA/ros2_ws/src/install/mecanum_controller_cpp:/media/tracy/DATA/ros2_ws/src/install/mec_mobile_nav2:/media/tracy/DATA/ros2_ws/src/install/mec_mobile_gazebo:/media/tracy/DATA/ros2_ws/src/install/mec_mobile:/media/tracy/DATA/ros2_ws/install/mecanum_controller_cpp:/media/tracy/DATA/ros2_ws/install/mec_mobile_gazebo:/media/tracy/DATA/ros2_ws/install/mec_mobile:/media/tracy/DATA/ros2_ws/install/mec_mobile_description:/opt/ros/jazzy/opt/gz_sim_vendor:/opt/ros/jazzy/opt/gz_sensors_vendor:/opt/ros/jazzy/opt/gz_physics_vendor:/opt/ros/jazzy/opt/sdformat_vendor:/opt/ros/jazzy/opt/gz_gui_vendor:/opt/ros/jazzy/opt/gz_transport_vendor:/opt/ros/jazzy/opt/gz_rendering_vendor:/opt/ros/jazzy/opt/gz_plugin_vendor:/opt/ros/jazzy/opt/gz_fuel_tools_vendor:/opt/ros/jazzy/opt/gz_msgs_vendor:/opt/ros/jazzy/opt/gz_common_vendor:/opt/ros/jazzy/opt/gz_math_vendor:/opt/ros/jazzy/opt/gz_utils_vendor:/opt/ros/jazzy/opt/gz_tools_vendor:/opt/ros/jazzy/opt/gz_ogre_next_vendor:/opt/ros/jazzy/opt/gz_dartsim_vendor:/opt/ros/jazzy/opt/gz_cmake_vendor:/opt/ros/jazzy DEBUGINFOD_URLS=https://debuginfod.ubuntu.com /usr/bin/cmake --build /media/tracy/DATA/ros2_ws/src/build/mec_mobile -- -j16 -l16
[1.517s] DEBUG:colcon.colcon_core.event_handler.log_command:Invoked command in '/media/tracy/DATA/ros2_ws/src/build/mec_mobile' returned '0': CMAKE_PREFIX_PATH=/media/tracy/DATA/ros2_ws/src/install/mec_mobile_description:/media/tracy/DATA/ros2_ws/src/install/mecanum_controller_cpp:/media/tracy/DATA/ros2_ws/src/install/mec_mobile_nav2:/media/tracy/DATA/ros2_ws/src/install/mec_mobile_gazebo:/media/tracy/DATA/ros2_ws/src/install/mec_mobile:/media/tracy/DATA/ros2_ws/install/mecanum_controller_cpp:/media/tracy/DATA/ros2_ws/install/mec_mobile_gazebo:/media/tracy/DATA/ros2_ws/install/mec_mobile:/media/tracy/DATA/ros2_ws/install/mec_mobile_description:/opt/ros/jazzy/opt/gz_sim_vendor:/opt/ros/jazzy/opt/gz_sensors_vendor:/opt/ros/jazzy/opt/gz_physics_vendor:/opt/ros/jazzy/opt/sdformat_vendor:/opt/ros/jazzy/opt/gz_gui_vendor:/opt/ros/jazzy/opt/gz_transport_vendor:/opt/ros/jazzy/opt/gz_rendering_vendor:/opt/ros/jazzy/opt/gz_plugin_vendor:/opt/ros/jazzy/opt/gz_fuel_tools_vendor:/opt/ros/jazzy/opt/gz_msgs_vendor:/opt/ros/jazzy/opt/gz_common_vendor:/opt/ros/jazzy/opt/gz_math_vendor:/opt/ros/jazzy/opt/gz_utils_vendor:/opt/ros/jazzy/opt/gz_tools_vendor:/opt/ros/jazzy/opt/gz_ogre_next_vendor:/opt/ros/jazzy/opt/gz_dartsim_vendor:/opt/ros/jazzy/opt/gz_cmake_vendor:/opt/ros/jazzy DEBUGINFOD_URLS=https://debuginfod.ubuntu.com /usr/bin/cmake --build /media/tracy/DATA/ros2_ws/src/build/mec_mobile -- -j16 -l16
[1.518s] DEBUG:colcon.colcon_core.event_handler.log_command:Invoking command in '/media/tracy/DATA/ros2_ws/src/build/mec_mobile': CMAKE_PREFIX_PATH=/media/tracy/DATA/ros2_ws/src/install/mec_mobile_description:/media/tracy/DATA/ros2_ws/src/install/mecanum_controller_cpp:/media/tracy/DATA/ros2_ws/src/install/mec_mobile_nav2:/media/tracy/DATA/ros2_ws/src/install/mec_mobile_gazebo:/media/tracy/DATA/ros2_ws/src/install/mec_mobile:/media/tracy/DATA/ros2_ws/install/mecanum_controller_cpp:/media/tracy/DATA/ros2_ws/install/mec_mobile_gazebo:/media/tracy/DATA/ros2_ws/install/mec_mobile:/media/tracy/DATA/ros2_ws/install/mec_mobile_description:/opt/ros/jazzy/opt/gz_sim_vendor:/opt/ros/jazzy/opt/gz_sensors_vendor:/opt/ros/jazzy/opt/gz_physics_vendor:/opt/ros/jazzy/opt/sdformat_vendor:/opt/ros/jazzy/opt/gz_gui_vendor:/opt/ros/jazzy/opt/gz_transport_vendor:/opt/ros/jazzy/opt/gz_rendering_vendor:/opt/ros/jazzy/opt/gz_plugin_vendor:/opt/ros/jazzy/opt/gz_fuel_tools_vendor:/opt/ros/jazzy/opt/gz_msgs_vendor:/opt/ros/jazzy/opt/gz_common_vendor:/opt/ros/jazzy/opt/gz_math_vendor:/opt/ros/jazzy/opt/gz_utils_vendor:/opt/ros/jazzy/opt/gz_tools_vendor:/opt/ros/jazzy/opt/gz_ogre_next_vendor:/opt/ros/jazzy/opt/gz_dartsim_vendor:/opt/ros/jazzy/opt/gz_cmake_vendor:/opt/ros/jazzy DEBUGINFOD_URLS=https://debuginfod.ubuntu.com /usr/bin/cmake --install /media/tracy/DATA/ros2_ws/src/build/mec_mobile
[1.673s] Level 1:colcon.colcon_core.environment:create_environment_scripts_only(mec_mobile)
[1.673s] Level 1:colcon.colcon_core.environment:checking '/media/tracy/DATA/ros2_ws/src/install/mec_mobile' for CMake module files
[1.674s] DEBUG:colcon.colcon_core.event_handler.log_command:Invoked command in '/media/tracy/DATA/ros2_ws/src/build/mec_mobile' returned '0': CMAKE_PREFIX_PATH=/media/tracy/DATA/ros2_ws/src/install/mec_mobile_description:/media/tracy/DATA/ros2_ws/src/install/mecanum_controller_cpp:/media/tracy/DATA/ros2_ws/src/install/mec_mobile_nav2:/media/tracy/DATA/ros2_ws/src/install/mec_mobile_gazebo:/media/tracy/DATA/ros2_ws/src/install/mec_mobile:/media/tracy/DATA/ros2_ws/install/mecanum_controller_cpp:/media/tracy/DATA/ros2_ws/install/mec_mobile_gazebo:/media/tracy/DATA/ros2_ws/install/mec_mobile:/media/tracy/DATA/ros2_ws/install/mec_mobile_description:/opt/ros/jazzy/opt/gz_sim_vendor:/opt/ros/jazzy/opt/gz_sensors_vendor:/opt/ros/jazzy/opt/gz_physics_vendor:/opt/ros/jazzy/opt/sdformat_vendor:/opt/ros/jazzy/opt/gz_gui_vendor:/opt/ros/jazzy/opt/gz_transport_vendor:/opt/ros/jazzy/opt/gz_rendering_vendor:/opt/ros/jazzy/opt/gz_plugin_vendor:/opt/ros/jazzy/opt/gz_fuel_tools_vendor:/opt/ros/jazzy/opt/gz_msgs_vendor:/opt/ros/jazzy/opt/gz_common_vendor:/opt/ros/jazzy/opt/gz_math_vendor:/opt/ros/jazzy/opt/gz_utils_vendor:/opt/ros/jazzy/opt/gz_tools_vendor:/opt/ros/jazzy/opt/gz_ogre_next_vendor:/opt/ros/jazzy/opt/gz_dartsim_vendor:/opt/ros/jazzy/opt/gz_cmake_vendor:/opt/ros/jazzy DEBUGINFOD_URLS=https://debuginfod.ubuntu.com /usr/bin/cmake --install /media/tracy/DATA/ros2_ws/src/build/mec_mobile
[1.674s] Level 1:colcon.colcon_core.environment:checking '/media/tracy/DATA/ros2_ws/src/install/mec_mobile' for CMake config files
[1.674s] Level 1:colcon.colcon_core.shell:create_environment_hook('mec_mobile', 'cmake_prefix_path')
[1.674s] INFO:colcon.colcon_core.shell:Creating environment hook '/media/tracy/DATA/ros2_ws/src/install/mec_mobile/share/mec_mobile/hook/cmake_prefix_path.ps1'
[1.675s] INFO:colcon.colcon_core.shell:Creating environment descriptor '/media/tracy/DATA/ros2_ws/src/install/mec_mobile/share/mec_mobile/hook/cmake_prefix_path.dsv'
[1.675s] INFO:colcon.colcon_core.shell:Creating environment hook '/media/tracy/DATA/ros2_ws/src/install/mec_mobile/share/mec_mobile/hook/cmake_prefix_path.sh'
[1.675s] Level 1:colcon.colcon_core.environment:checking '/media/tracy/DATA/ros2_ws/src/install/mec_mobile/bin'
[1.675s] Level 1:colcon.colcon_core.environment:checking '/media/tracy/DATA/ros2_ws/src/install/mec_mobile/lib/pkgconfig/mec_mobile.pc'
[1.676s] Level 1:colcon.colcon_core.environment:checking '/media/tracy/DATA/ros2_ws/src/install/mec_mobile/lib/python3.12/site-packages'
[1.676s] Level 1:colcon.colcon_core.environment:checking '/media/tracy/DATA/ros2_ws/src/install/mec_mobile/bin'
[1.676s] INFO:colcon.colcon_core.shell:Creating package script '/media/tracy/DATA/ros2_ws/src/install/mec_mobile/share/mec_mobile/package.ps1'
[1.676s] INFO:colcon.colcon_core.shell:Creating package descriptor '/media/tracy/DATA/ros2_ws/src/install/mec_mobile/share/mec_mobile/package.dsv'
[1.677s] INFO:colcon.colcon_core.shell:Creating package script '/media/tracy/DATA/ros2_ws/src/install/mec_mobile/share/mec_mobile/package.sh'
[1.677s] INFO:colcon.colcon_core.shell:Creating package script '/media/tracy/DATA/ros2_ws/src/install/mec_mobile/share/mec_mobile/package.bash'
[1.677s] INFO:colcon.colcon_core.shell:Creating package script '/media/tracy/DATA/ros2_ws/src/install/mec_mobile/share/mec_mobile/package.zsh'
[1.677s] Level 1:colcon.colcon_core.environment:create_file_with_runtime_dependencies(/media/tracy/DATA/ros2_ws/src/install/mec_mobile/share/colcon-core/packages/mec_mobile)
[1.678s] Level 1:colcon.colcon_core.environment:create_environment_scripts_only(mec_mobile)
[1.678s] Level 1:colcon.colcon_core.environment:checking '/media/tracy/DATA/ros2_ws/src/install/mec_mobile' for CMake module files
[1.678s] Level 1:colcon.colcon_core.environment:checking '/media/tracy/DATA/ros2_ws/src/install/mec_mobile' for CMake config files
[1.679s] Level 1:colcon.colcon_core.shell:create_environment_hook('mec_mobile', 'cmake_prefix_path')
[1.679s] INFO:colcon.colcon_core.shell:Creating environment hook '/media/tracy/DATA/ros2_ws/src/install/mec_mobile/share/mec_mobile/hook/cmake_prefix_path.ps1'
[1.679s] INFO:colcon.colcon_core.shell:Creating environment descriptor '/media/tracy/DATA/ros2_ws/src/install/mec_mobile/share/mec_mobile/hook/cmake_prefix_path.dsv'
[1.679s] INFO:colcon.colcon_core.shell:Creating environment hook '/media/tracy/DATA/ros2_ws/src/install/mec_mobile/share/mec_mobile/hook/cmake_prefix_path.sh'
[1.680s] Level 1:colcon.colcon_core.environment:checking '/media/tracy/DATA/ros2_ws/src/install/mec_mobile/bin'
[1.680s] Level 1:colcon.colcon_core.environment:checking '/media/tracy/DATA/ros2_ws/src/install/mec_mobile/lib/pkgconfig/mec_mobile.pc'
[1.680s] Level 1:colcon.colcon_core.environment:checking '/media/tracy/DATA/ros2_ws/src/install/mec_mobile/lib/python3.12/site-packages'
[1.680s] Level 1:colcon.colcon_core.environment:checking '/media/tracy/DATA/ros2_ws/src/install/mec_mobile/bin'
[1.680s] INFO:colcon.colcon_core.shell:Creating package script '/media/tracy/DATA/ros2_ws/src/install/mec_mobile/share/mec_mobile/package.ps1'
[1.680s] INFO:colcon.colcon_core.shell:Creating package descriptor '/media/tracy/DATA/ros2_ws/src/install/mec_mobile/share/mec_mobile/package.dsv'
[1.681s] INFO:colcon.colcon_core.shell:Creating package script '/media/tracy/DATA/ros2_ws/src/install/mec_mobile/share/mec_mobile/package.sh'
[1.681s] INFO:colcon.colcon_core.shell:Creating package script '/media/tracy/DATA/ros2_ws/src/install/mec_mobile/share/mec_mobile/package.bash'
[1.681s] INFO:colcon.colcon_core.shell:Creating package script '/media/tracy/DATA/ros2_ws/src/install/mec_mobile/share/mec_mobile/package.zsh'
[1.682s] Level 1:colcon.colcon_core.environment:create_file_with_runtime_dependencies(/media/tracy/DATA/ros2_ws/src/install/mec_mobile/share/colcon-core/packages/mec_mobile)
[1.921s] DEBUG:colcon.colcon_core.event_handler.log_command:Invoked command in '/media/tracy/DATA/ros2_ws/src/build/mec_mobile_nav2' returned '1': CMAKE_PREFIX_PATH=${CMAKE_PREFIX_PATH}:/opt/ros/jazzy DEBUGINFOD_URLS=https://debuginfod.ubuntu.com /usr/bin/cmake /media/tracy/DATA/ros2_ws/src/mec_mobile_nav2 -DAMENT_CMAKE_SYMLINK_INSTALL=1 -DCMAKE_INSTALL_PREFIX=/media/tracy/DATA/ros2_ws/src/install/mec_mobile_nav2
[1.922s] Level 1:colcon.colcon_core.environment:create_environment_scripts_only(mec_mobile_nav2)
[1.922s] Level 1:colcon.colcon_core.environment:checking '/media/tracy/DATA/ros2_ws/src/install/mec_mobile_nav2' for CMake module files
[1.922s] Level 1:colcon.colcon_core.environment:checking '/media/tracy/DATA/ros2_ws/src/install/mec_mobile_nav2' for CMake config files
[1.922s] Level 1:colcon.colcon_core.shell:create_environment_hook('mec_mobile_nav2', 'cmake_prefix_path')
[1.923s] INFO:colcon.colcon_core.shell:Creating environment hook '/media/tracy/DATA/ros2_ws/src/install/mec_mobile_nav2/share/mec_mobile_nav2/hook/cmake_prefix_path.ps1'
[1.923s] INFO:colcon.colcon_core.shell:Creating environment descriptor '/media/tracy/DATA/ros2_ws/src/install/mec_mobile_nav2/share/mec_mobile_nav2/hook/cmake_prefix_path.dsv'
[1.923s] INFO:colcon.colcon_core.shell:Creating environment hook '/media/tracy/DATA/ros2_ws/src/install/mec_mobile_nav2/share/mec_mobile_nav2/hook/cmake_prefix_path.sh'
[1.924s] Level 1:colcon.colcon_core.environment:checking '/media/tracy/DATA/ros2_ws/src/install/mec_mobile_nav2/bin'
[1.924s] Level 1:colcon.colcon_core.environment:checking '/media/tracy/DATA/ros2_ws/src/install/mec_mobile_nav2/lib/pkgconfig/mec_mobile_nav2.pc'
[1.924s] Level 1:colcon.colcon_core.environment:checking '/media/tracy/DATA/ros2_ws/src/install/mec_mobile_nav2/lib/python3.12/site-packages'
[1.924s] Level 1:colcon.colcon_core.environment:checking '/media/tracy/DATA/ros2_ws/src/install/mec_mobile_nav2/bin'
[1.924s] INFO:colcon.colcon_core.shell:Creating package script '/media/tracy/DATA/ros2_ws/src/install/mec_mobile_nav2/share/mec_mobile_nav2/package.ps1'
[1.925s] INFO:colcon.colcon_core.shell:Creating package descriptor '/media/tracy/DATA/ros2_ws/src/install/mec_mobile_nav2/share/mec_mobile_nav2/package.dsv'
[1.925s] INFO:colcon.colcon_core.shell:Creating package script '/media/tracy/DATA/ros2_ws/src/install/mec_mobile_nav2/share/mec_mobile_nav2/package.sh'
[1.925s] INFO:colcon.colcon_core.shell:Creating package script '/media/tracy/DATA/ros2_ws/src/install/mec_mobile_nav2/share/mec_mobile_nav2/package.bash'
[1.926s] INFO:colcon.colcon_core.shell:Creating package script '/media/tracy/DATA/ros2_ws/src/install/mec_mobile_nav2/share/mec_mobile_nav2/package.zsh'
[1.926s] Level 1:colcon.colcon_core.environment:create_file_with_runtime_dependencies(/media/tracy/DATA/ros2_ws/src/install/mec_mobile_nav2/share/colcon-core/packages/mec_mobile_nav2)
[1.936s] DEBUG:colcon.colcon_parallel_executor.executor.parallel:closing loop
[1.937s] DEBUG:colcon.colcon_parallel_executor.executor.parallel:loop closed
[1.937s] DEBUG:colcon.colcon_parallel_executor.executor.parallel:run_until_complete finished with '1'
[1.937s] DEBUG:colcon.colcon_core.event_reactor:joining thread
[1.947s] INFO:colcon.colcon_core.plugin_system:Skipping extension 'colcon_notification.desktop_notification.terminal_notifier': Not used on non-Darwin systems
[1.947s] INFO:colcon.colcon_core.plugin_system:Skipping extension 'colcon_notification.desktop_notification.win32': Not used on non-Windows systems
[1.947s] INFO:colcon.colcon_notification.desktop_notification:Sending desktop notification using 'notify2'
[2.022s] DEBUG:colcon.colcon_core.event_reactor:joined thread
[2.022s] INFO:colcon.colcon_core.shell:Creating prefix script '/media/tracy/DATA/ros2_ws/src/install/local_setup.ps1'
[2.023s] INFO:colcon.colcon_core.shell:Creating prefix util module '/media/tracy/DATA/ros2_ws/src/install/_local_setup_util_ps1.py'
[2.024s] INFO:colcon.colcon_core.shell:Creating prefix chain script '/media/tracy/DATA/ros2_ws/src/install/setup.ps1'
[2.025s] INFO:colcon.colcon_core.shell:Creating prefix script '/media/tracy/DATA/ros2_ws/src/install/local_setup.sh'
[2.025s] INFO:colcon.colcon_core.shell:Creating prefix util module '/media/tracy/DATA/ros2_ws/src/install/_local_setup_util_sh.py'
[2.026s] INFO:colcon.colcon_core.shell:Creating prefix chain script '/media/tracy/DATA/ros2_ws/src/install/setup.sh'
[2.027s] INFO:colcon.colcon_core.shell:Creating prefix script '/media/tracy/DATA/ros2_ws/src/install/local_setup.bash'
[2.027s] INFO:colcon.colcon_core.shell:Creating prefix chain script '/media/tracy/DATA/ros2_ws/src/install/setup.bash'
[2.028s] INFO:colcon.colcon_core.shell:Creating prefix script '/media/tracy/DATA/ros2_ws/src/install/local_setup.zsh'
[2.029s] INFO:colcon.colcon_core.shell:Creating prefix chain script '/media/tracy/DATA/ros2_ws/src/install/setup.zsh'
