[0.020s] Invoking command in '/media/tracy/DATA/ros2_ws/src/build/mec_mobile_nav2': CMAKE_PREFIX_PATH=${CMAKE_PREFIX_PATH}:/opt/ros/jazzy DEBUGINFOD_URLS=https://debuginfod.ubuntu.com /usr/bin/cmake /media/tracy/DATA/ros2_ws/src/mec_mobile_nav2 -DAMENT_CMAKE_SYMLINK_INSTALL=1 -DCMAKE_INSTALL_PREFIX=/media/tracy/DATA/ros2_ws/src/install/mec_mobile_nav2
[0.036s] -- Found ament_cmake: 2.5.4 (/opt/ros/jazzy/share/ament_cmake/cmake)
[0.236s] -- Override CMake install command with custom implementation using symlinks instead of copying resources
[0.243s] -- Found nav2_bringup: 1.3.9 (/opt/ros/jazzy/share/nav2_bringup/cmake)
[0.243s] -- Found nav2_common: 1.3.9 (/opt/ros/jazzy/share/nav2_common/cmake)
[0.244s] -- Found nav2_bt_navigator: 1.3.9 (/opt/ros/jazzy/share/nav2_bt_navigator/cmake)
[0.275s] -- Found rosidl_generator_c: 4.6.6 (/opt/ros/jazzy/share/rosidl_generator_c/cmake)
[0.283s] -- Found rosidl_generator_cpp: 4.6.6 (/opt/ros/jazzy/share/rosidl_generator_cpp/cmake)
[0.295s] -- Using all available rosidl_typesupport_c: rosidl_typesupport_fastrtps_c;rosidl_typesupport_introspection_c
[0.309s] -- Using all available rosidl_typesupport_cpp: rosidl_typesupport_fastrtps_cpp;rosidl_typesupport_introspection_cpp
[0.369s] -- Found rmw_implementation_cmake: 7.3.2 (/opt/ros/jazzy/share/rmw_implementation_cmake/cmake)
[0.371s] -- Found rmw_fastrtps_cpp: 8.4.3 (/opt/ros/jazzy/share/rmw_fastrtps_cpp/cmake)
[0.431s] -- Using RMW implementation 'rmw_fastrtps_cpp' as default
[0.831s] -- Found eigen3_cmake_module: 0.3.0 (/opt/ros/jazzy/share/eigen3_cmake_module/cmake)
[0.832s] -- Ensuring Eigen3 include directory is part of orocos-kdl CMake target
[1.037s] -- Found nav2_waypoint_follower: 1.3.9 (/opt/ros/jazzy/share/nav2_waypoint_follower/cmake)
[1.118s] -- Found slam_toolbox: 2.8.3 (/opt/ros/jazzy/share/slam_toolbox/cmake)
[1.187s] -- Setting OGRE_DIR to: '/opt/ros/jazzy/share/rviz_ogre_vendor/cmake/../../../opt/rviz_ogre_vendor/lib/OGRE/cmake'
[1.188s] -- Found OGRE
[1.189s] --   static     : OFF
[1.189s] --   components : MeshLodGenerator;Overlay;Paging;Property;RTShaderSystem;Terrain;Volume
[1.189s] --   plugins    : Plugin_BSPSceneManager;Plugin_OctreeSceneManager;Plugin_PCZSceneManager;Plugin_ParticleFX;RenderSystem_GL;RenderSystem_GL3Plus;Codec_STBI
[1.189s] --   media      : /opt/ros/jazzy/opt/rviz_ogre_vendor/share/OGRE/Media
[1.189s] -- OGRE_LIBRARIES: OgreMeshLodGenerator;OgreOverlay;OgrePaging;OgreProperty;OgreRTShaderSystem;OgreTerrain;OgreVolume;OgreMain
[1.189s] -- OGRE_LIBRARY_DIRS: /opt/ros/jazzy/opt/rviz_ogre_vendor/lib
[1.189s] -- OGRE_PLUGINS: Plugin_BSPSceneManager;Plugin_OctreeSceneManager;Plugin_PCZSceneManager;Plugin_ParticleFX;RenderSystem_GL;RenderSystem_GL3Plus;Codec_STBI
[1.189s] -- OGRE_PLUGIN_DIR: /opt/ros/jazzy/opt/rviz_ogre_vendor/lib/OGRE
[1.189s] -- rviz_ogre_vendor::OgreOverlay for IMPORTED_LOCATION_RELEASE: /opt/ros/jazzy/opt/rviz_ogre_vendor/lib/libOgreOverlay.so
[1.189s] -- rviz_ogre_vendor::OgreOverlay for IMPORTED_LOCATION_DEBUG: /opt/ros/jazzy/opt/rviz_ogre_vendor/lib/libOgreOverlay.so
[1.189s] -- rviz_ogre_vendor::OgreMain for IMPORTED_LOCATION_RELEASE: /opt/ros/jazzy/opt/rviz_ogre_vendor/lib/libOgreMain.so
[1.189s] -- rviz_ogre_vendor::OgreMain for IMPORTED_LOCATION_DEBUG: /opt/ros/jazzy/opt/rviz_ogre_vendor/lib/libOgreMain.so
[1.289s] -- Setting yaml-cpp_DIR to: '/opt/ros/jazzy/share/yaml_cpp_vendor/cmake/../../../opt/yaml_cpp_vendor/share/cmake/yaml-cpp'
[1.345s] -- Found ament_lint_auto: 0.17.3 (/opt/ros/jazzy/share/ament_lint_auto/cmake)
[1.429s] -- Added test 'flake8' to check Python code syntax and style conventions
[1.429s] -- Configured 'flake8' exclude dirs and/or files: 
[1.429s] -- Added test 'lint_cmake' to check CMake code style
[1.429s] -- Added test 'pep257' to check Python code against some of the docstring style conventions in PEP 257
[1.431s] -- Added test 'xmllint' to check XML markup files
[1.432s] -- Configuring done (1.4s)
[1.440s] -- Generating done (0.0s)
[1.442s] -- Build files have been written to: /media/tracy/DATA/ros2_ws/src/build/mec_mobile_nav2
[1.454s] Invoked command in '/media/tracy/DATA/ros2_ws/src/build/mec_mobile_nav2' returned '0': CMAKE_PREFIX_PATH=${CMAKE_PREFIX_PATH}:/opt/ros/jazzy DEBUGINFOD_URLS=https://debuginfod.ubuntu.com /usr/bin/cmake /media/tracy/DATA/ros2_ws/src/mec_mobile_nav2 -DAMENT_CMAKE_SYMLINK_INSTALL=1 -DCMAKE_INSTALL_PREFIX=/media/tracy/DATA/ros2_ws/src/install/mec_mobile_nav2
[1.455s] Invoking command in '/media/tracy/DATA/ros2_ws/src/build/mec_mobile_nav2': CMAKE_PREFIX_PATH=${CMAKE_PREFIX_PATH}:/opt/ros/jazzy DEBUGINFOD_URLS=https://debuginfod.ubuntu.com /usr/bin/cmake --build /media/tracy/DATA/ros2_ws/src/build/mec_mobile_nav2 -- -j16 -l16
[1.502s] Invoked command in '/media/tracy/DATA/ros2_ws/src/build/mec_mobile_nav2' returned '0': CMAKE_PREFIX_PATH=${CMAKE_PREFIX_PATH}:/opt/ros/jazzy DEBUGINFOD_URLS=https://debuginfod.ubuntu.com /usr/bin/cmake --build /media/tracy/DATA/ros2_ws/src/build/mec_mobile_nav2 -- -j16 -l16
[1.503s] Invoking command in '/media/tracy/DATA/ros2_ws/src/build/mec_mobile_nav2': CMAKE_PREFIX_PATH=${CMAKE_PREFIX_PATH}:/opt/ros/jazzy DEBUGINFOD_URLS=https://debuginfod.ubuntu.com /usr/bin/cmake --install /media/tracy/DATA/ros2_ws/src/build/mec_mobile_nav2
[1.511s] -- Install configuration: ""
[1.511s] -- Execute custom install script
[1.511s] -- Symlinking: /media/tracy/DATA/ros2_ws/src/install/mec_mobile_nav2/share/ament_index/resource_index/package_run_dependencies/mec_mobile_nav2
[1.521s] -- Symlinking: /media/tracy/DATA/ros2_ws/src/install/mec_mobile_nav2/share/ament_index/resource_index/parent_prefix_path/mec_mobile_nav2
[1.530s] -- Symlinking: /media/tracy/DATA/ros2_ws/src/install/mec_mobile_nav2/share/mec_mobile_nav2/environment/ament_prefix_path.sh
[1.539s] -- Symlinking: /media/tracy/DATA/ros2_ws/src/install/mec_mobile_nav2/share/mec_mobile_nav2/environment/ament_prefix_path.dsv
[1.548s] -- Symlinking: /media/tracy/DATA/ros2_ws/src/install/mec_mobile_nav2/share/mec_mobile_nav2/environment/path.sh
[1.557s] -- Symlinking: /media/tracy/DATA/ros2_ws/src/install/mec_mobile_nav2/share/mec_mobile_nav2/environment/path.dsv
[1.566s] -- Symlinking: /media/tracy/DATA/ros2_ws/src/install/mec_mobile_nav2/share/mec_mobile_nav2/local_setup.bash
[1.575s] -- Symlinking: /media/tracy/DATA/ros2_ws/src/install/mec_mobile_nav2/share/mec_mobile_nav2/local_setup.sh
[1.584s] -- Symlinking: /media/tracy/DATA/ros2_ws/src/install/mec_mobile_nav2/share/mec_mobile_nav2/local_setup.zsh
[1.595s] -- Symlinking: /media/tracy/DATA/ros2_ws/src/install/mec_mobile_nav2/share/mec_mobile_nav2/local_setup.dsv
[1.604s] -- Symlinking: /media/tracy/DATA/ros2_ws/src/install/mec_mobile_nav2/share/mec_mobile_nav2/package.dsv
[1.613s] -- Symlinking: /media/tracy/DATA/ros2_ws/src/install/mec_mobile_nav2/share/ament_index/resource_index/packages/mec_mobile_nav2
[1.623s] -- Symlinking: /media/tracy/DATA/ros2_ws/src/install/mec_mobile_nav2/share/mec_mobile_nav2/cmake/mec_mobile_nav2Config.cmake
[1.632s] -- Symlinking: /media/tracy/DATA/ros2_ws/src/install/mec_mobile_nav2/share/mec_mobile_nav2/cmake/mec_mobile_nav2Config-version.cmake
[1.641s] -- Symlinking: /media/tracy/DATA/ros2_ws/src/install/mec_mobile_nav2/share/mec_mobile_nav2/package.xml
[1.651s] Invoked command in '/media/tracy/DATA/ros2_ws/src/build/mec_mobile_nav2' returned '0': CMAKE_PREFIX_PATH=${CMAKE_PREFIX_PATH}:/opt/ros/jazzy DEBUGINFOD_URLS=https://debuginfod.ubuntu.com /usr/bin/cmake --install /media/tracy/DATA/ros2_ws/src/build/mec_mobile_nav2
