[0.119s] DEBUG:colcon:Command line arguments: ['/usr/bin/colcon', 'build']
[0.119s] DEBUG:colcon:Parsed command line arguments: Namespace(log_base=None, log_level=None, verb_name='build', build_base='build', install_base='install', merge_install=False, symlink_install=False, test_result_base=None, continue_on_error=False, executor='parallel', parallel_workers=16, event_handlers=None, ignore_user_meta=False, metas=['./colcon.meta'], base_paths=['.'], packages_ignore=None, packages_ignore_regex=None, paths=None, packages_up_to=None, packages_up_to_regex=None, packages_above=None, packages_above_and_dependencies=None, packages_above_depth=None, packages_select_by_dep=None, packages_skip_by_dep=None, packages_skip_up_to=None, packages_select_build_failed=False, packages_skip_build_finished=False, packages_select_test_failures=False, packages_skip_test_passed=False, packages_select=None, packages_skip=None, packages_select_regex=None, packages_skip_regex=None, packages_start=None, packages_end=None, allow_overriding=[], cmake_args=None, cmake_target=None, cmake_target_skip_unavailable=False, cmake_clean_cache=False, cmake_clean_first=False, cmake_force_configure=False, ament_cmake_args=None, catkin_cmake_args=None, catkin_skip_building_tests=False, mixin_files=None, mixin=None, verb_parser=<colcon_mixin.mixin.mixin_argument.MixinArgumentDecorator object at 0x7749df663e30>, verb_extension=<colcon_core.verb.build.BuildVerb object at 0x7749df7a3d40>, main=<bound method BuildVerb.main of <colcon_core.verb.build.BuildVerb object at 0x7749df7a3d40>>, mixin_verb=('build',))
[0.163s] Level 1:colcon.colcon_core.package_discovery:discover_packages(colcon_meta) check parameters
[0.163s] Level 1:colcon.colcon_core.package_discovery:discover_packages(recursive) check parameters
[0.163s] Level 1:colcon.colcon_core.package_discovery:discover_packages(ignore) check parameters
[0.163s] Level 1:colcon.colcon_core.package_discovery:discover_packages(path) check parameters
[0.163s] Level 1:colcon.colcon_core.package_discovery:discover_packages(colcon_meta) discover
[0.164s] Level 1:colcon.colcon_core.package_discovery:discover_packages(recursive) discover
[0.164s] INFO:colcon.colcon_core.package_discovery:Crawling recursively for packages in '/home/tracy/ros2_ws/src/mec_mobile'
[0.164s] Level 1:colcon.colcon_core.package_identification:_identify(.) by extensions ['ignore', 'ignore_ament_install']
[0.164s] Level 1:colcon.colcon_core.package_identification:_identify(.) by extension 'ignore'
[0.164s] Level 1:colcon.colcon_core.package_identification:_identify(.) by extension 'ignore_ament_install'
[0.164s] Level 1:colcon.colcon_core.package_identification:_identify(.) by extensions ['colcon_pkg']
[0.164s] Level 1:colcon.colcon_core.package_identification:_identify(.) by extension 'colcon_pkg'
[0.164s] Level 1:colcon.colcon_core.package_identification:_identify(.) by extensions ['colcon_meta']
[0.164s] Level 1:colcon.colcon_core.package_identification:_identify(.) by extension 'colcon_meta'
[0.164s] Level 1:colcon.colcon_core.package_identification:_identify(.) by extensions ['ros']
[0.164s] Level 1:colcon.colcon_core.package_identification:_identify(.) by extension 'ros'
[0.188s] Level 1:colcon.colcon_core.package_identification:_identify(.) by extensions ['cmake', 'python']
[0.188s] Level 1:colcon.colcon_core.package_identification:_identify(.) by extension 'cmake'
[0.188s] Level 1:colcon.colcon_core.package_identification:_identify(.) by extension 'python'
[0.188s] Level 1:colcon.colcon_core.package_identification:_identify(.) by extensions ['python_setup_py']
[0.188s] Level 1:colcon.colcon_core.package_identification:_identify(.) by extension 'python_setup_py'
[0.188s] Level 1:colcon.colcon_core.package_identification:_identify(build) by extensions ['ignore', 'ignore_ament_install']
[0.188s] Level 1:colcon.colcon_core.package_identification:_identify(build) by extension 'ignore'
[0.188s] Level 1:colcon.colcon_core.package_identification:_identify(build) ignored
[0.189s] Level 1:colcon.colcon_core.package_identification:_identify(install) by extensions ['ignore', 'ignore_ament_install']
[0.189s] Level 1:colcon.colcon_core.package_identification:_identify(install) by extension 'ignore'
[0.189s] Level 1:colcon.colcon_core.package_identification:_identify(install) ignored
[0.189s] Level 1:colcon.colcon_core.package_identification:_identify(log) by extensions ['ignore', 'ignore_ament_install']
[0.189s] Level 1:colcon.colcon_core.package_identification:_identify(log) by extension 'ignore'
[0.189s] Level 1:colcon.colcon_core.package_identification:_identify(log) ignored
[0.189s] Level 1:colcon.colcon_core.package_identification:_identify(mec_mobile) by extensions ['ignore', 'ignore_ament_install']
[0.189s] Level 1:colcon.colcon_core.package_identification:_identify(mec_mobile) by extension 'ignore'
[0.189s] Level 1:colcon.colcon_core.package_identification:_identify(mec_mobile) by extension 'ignore_ament_install'
[0.189s] Level 1:colcon.colcon_core.package_identification:_identify(mec_mobile) by extensions ['colcon_pkg']
[0.189s] Level 1:colcon.colcon_core.package_identification:_identify(mec_mobile) by extension 'colcon_pkg'
[0.189s] Level 1:colcon.colcon_core.package_identification:_identify(mec_mobile) by extensions ['colcon_meta']
[0.189s] Level 1:colcon.colcon_core.package_identification:_identify(mec_mobile) by extension 'colcon_meta'
[0.189s] Level 1:colcon.colcon_core.package_identification:_identify(mec_mobile) by extensions ['ros']
[0.189s] Level 1:colcon.colcon_core.package_identification:_identify(mec_mobile) by extension 'ros'
[0.192s] DEBUG:colcon.colcon_core.package_identification:Package 'mec_mobile' with type 'ros.ament_cmake' and name 'mec_mobile'
[0.192s] Level 1:colcon.colcon_core.package_identification:_identify(mec_mobile_description) by extensions ['ignore', 'ignore_ament_install']
[0.192s] Level 1:colcon.colcon_core.package_identification:_identify(mec_mobile_description) by extension 'ignore'
[0.192s] Level 1:colcon.colcon_core.package_identification:_identify(mec_mobile_description) by extension 'ignore_ament_install'
[0.192s] Level 1:colcon.colcon_core.package_identification:_identify(mec_mobile_description) by extensions ['colcon_pkg']
[0.192s] Level 1:colcon.colcon_core.package_identification:_identify(mec_mobile_description) by extension 'colcon_pkg'
[0.192s] Level 1:colcon.colcon_core.package_identification:_identify(mec_mobile_description) by extensions ['colcon_meta']
[0.192s] Level 1:colcon.colcon_core.package_identification:_identify(mec_mobile_description) by extension 'colcon_meta'
[0.192s] Level 1:colcon.colcon_core.package_identification:_identify(mec_mobile_description) by extensions ['ros']
[0.192s] Level 1:colcon.colcon_core.package_identification:_identify(mec_mobile_description) by extension 'ros'
[0.192s] DEBUG:colcon.colcon_core.package_identification:Package 'mec_mobile_description' with type 'ros.ament_cmake' and name 'mec_mobile_description'
[0.193s] Level 1:colcon.colcon_core.package_identification:_identify(mec_mobile_gazebo) by extensions ['ignore', 'ignore_ament_install']
[0.193s] Level 1:colcon.colcon_core.package_identification:_identify(mec_mobile_gazebo) by extension 'ignore'
[0.193s] Level 1:colcon.colcon_core.package_identification:_identify(mec_mobile_gazebo) by extension 'ignore_ament_install'
[0.193s] Level 1:colcon.colcon_core.package_identification:_identify(mec_mobile_gazebo) by extensions ['colcon_pkg']
[0.193s] Level 1:colcon.colcon_core.package_identification:_identify(mec_mobile_gazebo) by extension 'colcon_pkg'
[0.193s] Level 1:colcon.colcon_core.package_identification:_identify(mec_mobile_gazebo) by extensions ['colcon_meta']
[0.193s] Level 1:colcon.colcon_core.package_identification:_identify(mec_mobile_gazebo) by extension 'colcon_meta'
[0.193s] Level 1:colcon.colcon_core.package_identification:_identify(mec_mobile_gazebo) by extensions ['ros']
[0.193s] Level 1:colcon.colcon_core.package_identification:_identify(mec_mobile_gazebo) by extension 'ros'
[0.193s] DEBUG:colcon.colcon_core.package_identification:Package 'mec_mobile_gazebo' with type 'ros.ament_cmake' and name 'mec_mobile_gazebo'
[0.193s] Level 1:colcon.colcon_core.package_discovery:discover_packages(recursive) using defaults
[0.193s] Level 1:colcon.colcon_core.package_discovery:discover_packages(ignore) discover
[0.193s] Level 1:colcon.colcon_core.package_discovery:discover_packages(ignore) using defaults
[0.193s] Level 1:colcon.colcon_core.package_discovery:discover_packages(path) discover
[0.193s] Level 1:colcon.colcon_core.package_discovery:discover_packages(path) using defaults
[0.212s] Level 1:colcon.colcon_core.package_discovery:discover_packages(prefix_path) check parameters
[0.212s] Level 1:colcon.colcon_core.package_discovery:discover_packages(prefix_path) discover
[0.216s] DEBUG:colcon.colcon_installed_package_information.package_discovery:Found 3 installed packages in /home/tracy/ros2_ws/install
[0.218s] DEBUG:colcon.colcon_installed_package_information.package_discovery:Found 319 installed packages in /opt/ros/jazzy
[0.219s] Level 1:colcon.colcon_core.package_discovery:discover_packages(prefix_path) using defaults
[0.256s] Level 5:colcon.colcon_core.verb:set package 'mec_mobile_description' build argument 'cmake_args' from command line to 'None'
[0.256s] Level 5:colcon.colcon_core.verb:set package 'mec_mobile_description' build argument 'cmake_target' from command line to 'None'
[0.256s] Level 5:colcon.colcon_core.verb:set package 'mec_mobile_description' build argument 'cmake_target_skip_unavailable' from command line to 'False'
[0.256s] Level 5:colcon.colcon_core.verb:set package 'mec_mobile_description' build argument 'cmake_clean_cache' from command line to 'False'
[0.256s] Level 5:colcon.colcon_core.verb:set package 'mec_mobile_description' build argument 'cmake_clean_first' from command line to 'False'
[0.256s] Level 5:colcon.colcon_core.verb:set package 'mec_mobile_description' build argument 'cmake_force_configure' from command line to 'False'
[0.256s] Level 5:colcon.colcon_core.verb:set package 'mec_mobile_description' build argument 'ament_cmake_args' from command line to 'None'
[0.256s] Level 5:colcon.colcon_core.verb:set package 'mec_mobile_description' build argument 'catkin_cmake_args' from command line to 'None'
[0.256s] Level 5:colcon.colcon_core.verb:set package 'mec_mobile_description' build argument 'catkin_skip_building_tests' from command line to 'False'
[0.256s] DEBUG:colcon.colcon_core.verb:Building package 'mec_mobile_description' with the following arguments: {'ament_cmake_args': None, 'build_base': '/home/tracy/ros2_ws/src/mec_mobile/build/mec_mobile_description', 'catkin_cmake_args': None, 'catkin_skip_building_tests': False, 'cmake_args': None, 'cmake_clean_cache': False, 'cmake_clean_first': False, 'cmake_force_configure': False, 'cmake_target': None, 'cmake_target_skip_unavailable': False, 'install_base': '/home/tracy/ros2_ws/src/mec_mobile/install/mec_mobile_description', 'merge_install': False, 'path': '/home/tracy/ros2_ws/src/mec_mobile/mec_mobile_description', 'symlink_install': False, 'test_result_base': None}
[0.256s] Level 5:colcon.colcon_core.verb:set package 'mec_mobile_gazebo' build argument 'cmake_args' from command line to 'None'
[0.256s] Level 5:colcon.colcon_core.verb:set package 'mec_mobile_gazebo' build argument 'cmake_target' from command line to 'None'
[0.256s] Level 5:colcon.colcon_core.verb:set package 'mec_mobile_gazebo' build argument 'cmake_target_skip_unavailable' from command line to 'False'
[0.256s] Level 5:colcon.colcon_core.verb:set package 'mec_mobile_gazebo' build argument 'cmake_clean_cache' from command line to 'False'
[0.256s] Level 5:colcon.colcon_core.verb:set package 'mec_mobile_gazebo' build argument 'cmake_clean_first' from command line to 'False'
[0.256s] Level 5:colcon.colcon_core.verb:set package 'mec_mobile_gazebo' build argument 'cmake_force_configure' from command line to 'False'
[0.256s] Level 5:colcon.colcon_core.verb:set package 'mec_mobile_gazebo' build argument 'ament_cmake_args' from command line to 'None'
[0.256s] Level 5:colcon.colcon_core.verb:set package 'mec_mobile_gazebo' build argument 'catkin_cmake_args' from command line to 'None'
[0.256s] Level 5:colcon.colcon_core.verb:set package 'mec_mobile_gazebo' build argument 'catkin_skip_building_tests' from command line to 'False'
[0.256s] DEBUG:colcon.colcon_core.verb:Building package 'mec_mobile_gazebo' with the following arguments: {'ament_cmake_args': None, 'build_base': '/home/tracy/ros2_ws/src/mec_mobile/build/mec_mobile_gazebo', 'catkin_cmake_args': None, 'catkin_skip_building_tests': False, 'cmake_args': None, 'cmake_clean_cache': False, 'cmake_clean_first': False, 'cmake_force_configure': False, 'cmake_target': None, 'cmake_target_skip_unavailable': False, 'install_base': '/home/tracy/ros2_ws/src/mec_mobile/install/mec_mobile_gazebo', 'merge_install': False, 'path': '/home/tracy/ros2_ws/src/mec_mobile/mec_mobile_gazebo', 'symlink_install': False, 'test_result_base': None}
[0.257s] Level 5:colcon.colcon_core.verb:set package 'mec_mobile' build argument 'cmake_args' from command line to 'None'
[0.257s] Level 5:colcon.colcon_core.verb:set package 'mec_mobile' build argument 'cmake_target' from command line to 'None'
[0.257s] Level 5:colcon.colcon_core.verb:set package 'mec_mobile' build argument 'cmake_target_skip_unavailable' from command line to 'False'
[0.257s] Level 5:colcon.colcon_core.verb:set package 'mec_mobile' build argument 'cmake_clean_cache' from command line to 'False'
[0.257s] Level 5:colcon.colcon_core.verb:set package 'mec_mobile' build argument 'cmake_clean_first' from command line to 'False'
[0.257s] Level 5:colcon.colcon_core.verb:set package 'mec_mobile' build argument 'cmake_force_configure' from command line to 'False'
[0.257s] Level 5:colcon.colcon_core.verb:set package 'mec_mobile' build argument 'ament_cmake_args' from command line to 'None'
[0.257s] Level 5:colcon.colcon_core.verb:set package 'mec_mobile' build argument 'catkin_cmake_args' from command line to 'None'
[0.257s] Level 5:colcon.colcon_core.verb:set package 'mec_mobile' build argument 'catkin_skip_building_tests' from command line to 'False'
[0.257s] DEBUG:colcon.colcon_core.verb:Building package 'mec_mobile' with the following arguments: {'ament_cmake_args': None, 'build_base': '/home/tracy/ros2_ws/src/mec_mobile/build/mec_mobile', 'catkin_cmake_args': None, 'catkin_skip_building_tests': False, 'cmake_args': None, 'cmake_clean_cache': False, 'cmake_clean_first': False, 'cmake_force_configure': False, 'cmake_target': None, 'cmake_target_skip_unavailable': False, 'install_base': '/home/tracy/ros2_ws/src/mec_mobile/install/mec_mobile', 'merge_install': False, 'path': '/home/tracy/ros2_ws/src/mec_mobile/mec_mobile', 'symlink_install': False, 'test_result_base': None}
[0.257s] INFO:colcon.colcon_core.executor:Executing jobs using 'parallel' executor
[0.257s] DEBUG:colcon.colcon_parallel_executor.executor.parallel:run_until_complete
[0.258s] INFO:colcon.colcon_ros.task.ament_cmake.build:Building ROS package in '/home/tracy/ros2_ws/src/mec_mobile/mec_mobile_description' with build type 'ament_cmake'
[0.258s] INFO:colcon.colcon_cmake.task.cmake.build:Building CMake package in '/home/tracy/ros2_ws/src/mec_mobile/mec_mobile_description'
[0.261s] INFO:colcon.colcon_core.plugin_system:Skipping extension 'colcon_core.shell.bat': Not used on non-Windows systems
[0.261s] INFO:colcon.colcon_core.shell:Skip shell extension 'powershell' for command environment: Not usable outside of PowerShell
[0.261s] DEBUG:colcon.colcon_core.shell:Skip shell extension 'dsv' for command environment
[0.264s] INFO:colcon.colcon_ros.task.ament_cmake.build:Building ROS package in '/home/tracy/ros2_ws/src/mec_mobile/mec_mobile_gazebo' with build type 'ament_cmake'
[0.264s] INFO:colcon.colcon_cmake.task.cmake.build:Building CMake package in '/home/tracy/ros2_ws/src/mec_mobile/mec_mobile_gazebo'
[0.264s] INFO:colcon.colcon_core.shell:Skip shell extension 'powershell' for command environment: Not usable outside of PowerShell
[0.264s] DEBUG:colcon.colcon_core.shell:Skip shell extension 'dsv' for command environment
[0.270s] DEBUG:colcon.colcon_core.event_handler.log_command:Invoking command in '/home/tracy/ros2_ws/src/mec_mobile/build/mec_mobile_description': CMAKE_PREFIX_PATH=${CMAKE_PREFIX_PATH}:/opt/ros/jazzy DEBUGINFOD_URLS=https://debuginfod.ubuntu.com /usr/bin/cmake /home/tracy/ros2_ws/src/mec_mobile/mec_mobile_description -DCMAKE_INSTALL_PREFIX=/home/tracy/ros2_ws/src/mec_mobile/install/mec_mobile_description
[0.273s] DEBUG:colcon.colcon_core.event_handler.log_command:Invoking command in '/home/tracy/ros2_ws/src/mec_mobile/build/mec_mobile_gazebo': CMAKE_PREFIX_PATH=${CMAKE_PREFIX_PATH}:/opt/ros/jazzy DEBUGINFOD_URLS=https://debuginfod.ubuntu.com /usr/bin/cmake /home/tracy/ros2_ws/src/mec_mobile/mec_mobile_gazebo -DCMAKE_INSTALL_PREFIX=/home/tracy/ros2_ws/src/mec_mobile/install/mec_mobile_gazebo
[1.110s] DEBUG:colcon.colcon_core.event_handler.log_command:Invoked command in '/home/tracy/ros2_ws/src/mec_mobile/build/mec_mobile_description' returned '0': CMAKE_PREFIX_PATH=${CMAKE_PREFIX_PATH}:/opt/ros/jazzy DEBUGINFOD_URLS=https://debuginfod.ubuntu.com /usr/bin/cmake /home/tracy/ros2_ws/src/mec_mobile/mec_mobile_description -DCMAKE_INSTALL_PREFIX=/home/tracy/ros2_ws/src/mec_mobile/install/mec_mobile_description
[1.112s] DEBUG:colcon.colcon_core.event_handler.log_command:Invoking command in '/home/tracy/ros2_ws/src/mec_mobile/build/mec_mobile_description': CMAKE_PREFIX_PATH=${CMAKE_PREFIX_PATH}:/opt/ros/jazzy DEBUGINFOD_URLS=https://debuginfod.ubuntu.com /usr/bin/cmake --build /home/tracy/ros2_ws/src/mec_mobile/build/mec_mobile_description -- -j16 -l16
[1.162s] DEBUG:colcon.colcon_core.event_handler.log_command:Invoked command in '/home/tracy/ros2_ws/src/mec_mobile/build/mec_mobile_description' returned '0': CMAKE_PREFIX_PATH=${CMAKE_PREFIX_PATH}:/opt/ros/jazzy DEBUGINFOD_URLS=https://debuginfod.ubuntu.com /usr/bin/cmake --build /home/tracy/ros2_ws/src/mec_mobile/build/mec_mobile_description -- -j16 -l16
[1.174s] DEBUG:colcon.colcon_core.event_handler.log_command:Invoking command in '/home/tracy/ros2_ws/src/mec_mobile/build/mec_mobile_description': CMAKE_PREFIX_PATH=${CMAKE_PREFIX_PATH}:/opt/ros/jazzy DEBUGINFOD_URLS=https://debuginfod.ubuntu.com /usr/bin/cmake --install /home/tracy/ros2_ws/src/mec_mobile/build/mec_mobile_description
[1.247s] Level 1:colcon.colcon_core.environment:create_environment_scripts_only(mec_mobile_description)
[1.248s] DEBUG:colcon.colcon_core.event_handler.log_command:Invoked command in '/home/tracy/ros2_ws/src/mec_mobile/build/mec_mobile_description' returned '0': CMAKE_PREFIX_PATH=${CMAKE_PREFIX_PATH}:/opt/ros/jazzy DEBUGINFOD_URLS=https://debuginfod.ubuntu.com /usr/bin/cmake --install /home/tracy/ros2_ws/src/mec_mobile/build/mec_mobile_description
[1.251s] Level 1:colcon.colcon_core.environment:checking '/home/tracy/ros2_ws/src/mec_mobile/install/mec_mobile_description' for CMake module files
[1.252s] Level 1:colcon.colcon_core.environment:checking '/home/tracy/ros2_ws/src/mec_mobile/install/mec_mobile_description' for CMake config files
[1.253s] Level 1:colcon.colcon_core.shell:create_environment_hook('mec_mobile_description', 'cmake_prefix_path')
[1.253s] INFO:colcon.colcon_core.shell:Creating environment hook '/home/tracy/ros2_ws/src/mec_mobile/install/mec_mobile_description/share/mec_mobile_description/hook/cmake_prefix_path.ps1'
[1.253s] INFO:colcon.colcon_core.shell:Creating environment descriptor '/home/tracy/ros2_ws/src/mec_mobile/install/mec_mobile_description/share/mec_mobile_description/hook/cmake_prefix_path.dsv'
[1.254s] INFO:colcon.colcon_core.shell:Creating environment hook '/home/tracy/ros2_ws/src/mec_mobile/install/mec_mobile_description/share/mec_mobile_description/hook/cmake_prefix_path.sh'
[1.255s] Level 1:colcon.colcon_core.environment:checking '/home/tracy/ros2_ws/src/mec_mobile/install/mec_mobile_description/bin'
[1.255s] Level 1:colcon.colcon_core.environment:checking '/home/tracy/ros2_ws/src/mec_mobile/install/mec_mobile_description/lib/pkgconfig/mec_mobile_description.pc'
[1.255s] Level 1:colcon.colcon_core.environment:checking '/home/tracy/ros2_ws/src/mec_mobile/install/mec_mobile_description/lib/python3.12/site-packages'
[1.255s] Level 1:colcon.colcon_core.environment:checking '/home/tracy/ros2_ws/src/mec_mobile/install/mec_mobile_description/bin'
[1.255s] INFO:colcon.colcon_core.shell:Creating package script '/home/tracy/ros2_ws/src/mec_mobile/install/mec_mobile_description/share/mec_mobile_description/package.ps1'
[1.256s] INFO:colcon.colcon_core.shell:Creating package descriptor '/home/tracy/ros2_ws/src/mec_mobile/install/mec_mobile_description/share/mec_mobile_description/package.dsv'
[1.257s] INFO:colcon.colcon_core.shell:Creating package script '/home/tracy/ros2_ws/src/mec_mobile/install/mec_mobile_description/share/mec_mobile_description/package.sh'
[1.257s] INFO:colcon.colcon_core.shell:Creating package script '/home/tracy/ros2_ws/src/mec_mobile/install/mec_mobile_description/share/mec_mobile_description/package.bash'
[1.258s] INFO:colcon.colcon_core.shell:Creating package script '/home/tracy/ros2_ws/src/mec_mobile/install/mec_mobile_description/share/mec_mobile_description/package.zsh'
[1.259s] Level 1:colcon.colcon_core.environment:create_file_with_runtime_dependencies(/home/tracy/ros2_ws/src/mec_mobile/install/mec_mobile_description/share/colcon-core/packages/mec_mobile_description)
[1.260s] Level 1:colcon.colcon_core.environment:create_environment_scripts_only(mec_mobile_description)
[1.260s] Level 1:colcon.colcon_core.environment:checking '/home/tracy/ros2_ws/src/mec_mobile/install/mec_mobile_description' for CMake module files
[1.260s] Level 1:colcon.colcon_core.environment:checking '/home/tracy/ros2_ws/src/mec_mobile/install/mec_mobile_description' for CMake config files
[1.261s] Level 1:colcon.colcon_core.shell:create_environment_hook('mec_mobile_description', 'cmake_prefix_path')
[1.261s] INFO:colcon.colcon_core.shell:Creating environment hook '/home/tracy/ros2_ws/src/mec_mobile/install/mec_mobile_description/share/mec_mobile_description/hook/cmake_prefix_path.ps1'
[1.261s] INFO:colcon.colcon_core.shell:Creating environment descriptor '/home/tracy/ros2_ws/src/mec_mobile/install/mec_mobile_description/share/mec_mobile_description/hook/cmake_prefix_path.dsv'
[1.261s] INFO:colcon.colcon_core.shell:Creating environment hook '/home/tracy/ros2_ws/src/mec_mobile/install/mec_mobile_description/share/mec_mobile_description/hook/cmake_prefix_path.sh'
[1.262s] Level 1:colcon.colcon_core.environment:checking '/home/tracy/ros2_ws/src/mec_mobile/install/mec_mobile_description/bin'
[1.262s] Level 1:colcon.colcon_core.environment:checking '/home/tracy/ros2_ws/src/mec_mobile/install/mec_mobile_description/lib/pkgconfig/mec_mobile_description.pc'
[1.262s] Level 1:colcon.colcon_core.environment:checking '/home/tracy/ros2_ws/src/mec_mobile/install/mec_mobile_description/lib/python3.12/site-packages'
[1.262s] Level 1:colcon.colcon_core.environment:checking '/home/tracy/ros2_ws/src/mec_mobile/install/mec_mobile_description/bin'
[1.263s] INFO:colcon.colcon_core.shell:Creating package script '/home/tracy/ros2_ws/src/mec_mobile/install/mec_mobile_description/share/mec_mobile_description/package.ps1'
[1.263s] INFO:colcon.colcon_core.shell:Creating package descriptor '/home/tracy/ros2_ws/src/mec_mobile/install/mec_mobile_description/share/mec_mobile_description/package.dsv'
[1.263s] INFO:colcon.colcon_core.shell:Creating package script '/home/tracy/ros2_ws/src/mec_mobile/install/mec_mobile_description/share/mec_mobile_description/package.sh'
[1.264s] INFO:colcon.colcon_core.shell:Creating package script '/home/tracy/ros2_ws/src/mec_mobile/install/mec_mobile_description/share/mec_mobile_description/package.bash'
[1.264s] INFO:colcon.colcon_core.shell:Creating package script '/home/tracy/ros2_ws/src/mec_mobile/install/mec_mobile_description/share/mec_mobile_description/package.zsh'
[1.265s] Level 1:colcon.colcon_core.environment:create_file_with_runtime_dependencies(/home/tracy/ros2_ws/src/mec_mobile/install/mec_mobile_description/share/colcon-core/packages/mec_mobile_description)
[1.265s] INFO:colcon.colcon_ros.task.ament_cmake.build:Building ROS package in '/home/tracy/ros2_ws/src/mec_mobile/mec_mobile' with build type 'ament_cmake'
[1.265s] INFO:colcon.colcon_cmake.task.cmake.build:Building CMake package in '/home/tracy/ros2_ws/src/mec_mobile/mec_mobile'
[1.266s] INFO:colcon.colcon_core.shell:Skip shell extension 'powershell' for command environment: Not usable outside of PowerShell
[1.266s] DEBUG:colcon.colcon_core.shell:Skip shell extension 'dsv' for command environment
[1.275s] DEBUG:colcon.colcon_core.event_handler.log_command:Invoking command in '/home/tracy/ros2_ws/src/mec_mobile/build/mec_mobile': AMENT_PREFIX_PATH=/home/tracy/ros2_ws/src/mec_mobile/install/mec_mobile_description:${AMENT_PREFIX_PATH} CMAKE_PREFIX_PATH=/home/tracy/ros2_ws/src/mec_mobile/install/mec_mobile_description:/home/tracy/ros2_ws/install/ros2_learning_ws:/home/tracy/ros2_ws/install/mec_mobile:/home/tracy/ros2_ws/install/mec_mobile_description:/opt/ros/jazzy/opt/gz_sim_vendor:/opt/ros/jazzy/opt/gz_sensors_vendor:/opt/ros/jazzy/opt/gz_physics_vendor:/opt/ros/jazzy/opt/sdformat_vendor:/opt/ros/jazzy/opt/gz_gui_vendor:/opt/ros/jazzy/opt/gz_transport_vendor:/opt/ros/jazzy/opt/gz_rendering_vendor:/opt/ros/jazzy/opt/gz_plugin_vendor:/opt/ros/jazzy/opt/gz_fuel_tools_vendor:/opt/ros/jazzy/opt/gz_msgs_vendor:/opt/ros/jazzy/opt/gz_common_vendor:/opt/ros/jazzy/opt/gz_math_vendor:/opt/ros/jazzy/opt/gz_utils_vendor:/opt/ros/jazzy/opt/gz_tools_vendor:/opt/ros/jazzy/opt/gz_ogre_next_vendor:/opt/ros/jazzy/opt/gz_dartsim_vendor:/opt/ros/jazzy/opt/gz_cmake_vendor:/opt/ros/jazzy DEBUGINFOD_URLS=https://debuginfod.ubuntu.com /usr/bin/cmake /home/tracy/ros2_ws/src/mec_mobile/mec_mobile -DCMAKE_INSTALL_PREFIX=/home/tracy/ros2_ws/src/mec_mobile/install/mec_mobile
[1.927s] DEBUG:colcon.colcon_core.event_handler.log_command:Invoked command in '/home/tracy/ros2_ws/src/mec_mobile/build/mec_mobile_gazebo' returned '0': CMAKE_PREFIX_PATH=${CMAKE_PREFIX_PATH}:/opt/ros/jazzy DEBUGINFOD_URLS=https://debuginfod.ubuntu.com /usr/bin/cmake /home/tracy/ros2_ws/src/mec_mobile/mec_mobile_gazebo -DCMAKE_INSTALL_PREFIX=/home/tracy/ros2_ws/src/mec_mobile/install/mec_mobile_gazebo
[1.929s] DEBUG:colcon.colcon_core.event_handler.log_command:Invoking command in '/home/tracy/ros2_ws/src/mec_mobile/build/mec_mobile_gazebo': CMAKE_PREFIX_PATH=${CMAKE_PREFIX_PATH}:/opt/ros/jazzy DEBUGINFOD_URLS=https://debuginfod.ubuntu.com /usr/bin/cmake --build /home/tracy/ros2_ws/src/mec_mobile/build/mec_mobile_gazebo -- -j16 -l16
[1.975s] DEBUG:colcon.colcon_core.event_handler.log_command:Invoked command in '/home/tracy/ros2_ws/src/mec_mobile/build/mec_mobile_gazebo' returned '0': CMAKE_PREFIX_PATH=${CMAKE_PREFIX_PATH}:/opt/ros/jazzy DEBUGINFOD_URLS=https://debuginfod.ubuntu.com /usr/bin/cmake --build /home/tracy/ros2_ws/src/mec_mobile/build/mec_mobile_gazebo -- -j16 -l16
[1.976s] DEBUG:colcon.colcon_core.event_handler.log_command:Invoking command in '/home/tracy/ros2_ws/src/mec_mobile/build/mec_mobile_gazebo': CMAKE_PREFIX_PATH=${CMAKE_PREFIX_PATH}:/opt/ros/jazzy DEBUGINFOD_URLS=https://debuginfod.ubuntu.com /usr/bin/cmake --install /home/tracy/ros2_ws/src/mec_mobile/build/mec_mobile_gazebo
[1.990s] Level 1:colcon.colcon_core.environment:create_environment_scripts_only(mec_mobile_gazebo)
[1.990s] DEBUG:colcon.colcon_core.event_handler.log_command:Invoked command in '/home/tracy/ros2_ws/src/mec_mobile/build/mec_mobile_gazebo' returned '0': CMAKE_PREFIX_PATH=${CMAKE_PREFIX_PATH}:/opt/ros/jazzy DEBUGINFOD_URLS=https://debuginfod.ubuntu.com /usr/bin/cmake --install /home/tracy/ros2_ws/src/mec_mobile/build/mec_mobile_gazebo
[1.991s] Level 1:colcon.colcon_core.environment:checking '/home/tracy/ros2_ws/src/mec_mobile/install/mec_mobile_gazebo' for CMake module files
[1.991s] Level 1:colcon.colcon_core.environment:checking '/home/tracy/ros2_ws/src/mec_mobile/install/mec_mobile_gazebo' for CMake config files
[1.991s] Level 1:colcon.colcon_core.shell:create_environment_hook('mec_mobile_gazebo', 'cmake_prefix_path')
[1.991s] INFO:colcon.colcon_core.shell:Creating environment hook '/home/tracy/ros2_ws/src/mec_mobile/install/mec_mobile_gazebo/share/mec_mobile_gazebo/hook/cmake_prefix_path.ps1'
[1.992s] INFO:colcon.colcon_core.shell:Creating environment descriptor '/home/tracy/ros2_ws/src/mec_mobile/install/mec_mobile_gazebo/share/mec_mobile_gazebo/hook/cmake_prefix_path.dsv'
[1.992s] INFO:colcon.colcon_core.shell:Creating environment hook '/home/tracy/ros2_ws/src/mec_mobile/install/mec_mobile_gazebo/share/mec_mobile_gazebo/hook/cmake_prefix_path.sh'
[1.993s] Level 1:colcon.colcon_core.environment:checking '/home/tracy/ros2_ws/src/mec_mobile/install/mec_mobile_gazebo/bin'
[1.993s] Level 1:colcon.colcon_core.environment:checking '/home/tracy/ros2_ws/src/mec_mobile/install/mec_mobile_gazebo/lib/pkgconfig/mec_mobile_gazebo.pc'
[1.993s] Level 1:colcon.colcon_core.environment:checking '/home/tracy/ros2_ws/src/mec_mobile/install/mec_mobile_gazebo/lib/python3.12/site-packages'
[1.993s] Level 1:colcon.colcon_core.environment:checking '/home/tracy/ros2_ws/src/mec_mobile/install/mec_mobile_gazebo/bin'
[1.993s] INFO:colcon.colcon_core.shell:Creating package script '/home/tracy/ros2_ws/src/mec_mobile/install/mec_mobile_gazebo/share/mec_mobile_gazebo/package.ps1'
[1.993s] INFO:colcon.colcon_core.shell:Creating package descriptor '/home/tracy/ros2_ws/src/mec_mobile/install/mec_mobile_gazebo/share/mec_mobile_gazebo/package.dsv'
[1.994s] INFO:colcon.colcon_core.shell:Creating package script '/home/tracy/ros2_ws/src/mec_mobile/install/mec_mobile_gazebo/share/mec_mobile_gazebo/package.sh'
[1.994s] INFO:colcon.colcon_core.shell:Creating package script '/home/tracy/ros2_ws/src/mec_mobile/install/mec_mobile_gazebo/share/mec_mobile_gazebo/package.bash'
[1.994s] INFO:colcon.colcon_core.shell:Creating package script '/home/tracy/ros2_ws/src/mec_mobile/install/mec_mobile_gazebo/share/mec_mobile_gazebo/package.zsh'
[1.995s] Level 1:colcon.colcon_core.environment:create_file_with_runtime_dependencies(/home/tracy/ros2_ws/src/mec_mobile/install/mec_mobile_gazebo/share/colcon-core/packages/mec_mobile_gazebo)
[1.995s] Level 1:colcon.colcon_core.environment:create_environment_scripts_only(mec_mobile_gazebo)
[1.995s] Level 1:colcon.colcon_core.environment:checking '/home/tracy/ros2_ws/src/mec_mobile/install/mec_mobile_gazebo' for CMake module files
[1.995s] Level 1:colcon.colcon_core.environment:checking '/home/tracy/ros2_ws/src/mec_mobile/install/mec_mobile_gazebo' for CMake config files
[1.996s] Level 1:colcon.colcon_core.shell:create_environment_hook('mec_mobile_gazebo', 'cmake_prefix_path')
[1.996s] INFO:colcon.colcon_core.shell:Creating environment hook '/home/tracy/ros2_ws/src/mec_mobile/install/mec_mobile_gazebo/share/mec_mobile_gazebo/hook/cmake_prefix_path.ps1'
[1.996s] INFO:colcon.colcon_core.shell:Creating environment descriptor '/home/tracy/ros2_ws/src/mec_mobile/install/mec_mobile_gazebo/share/mec_mobile_gazebo/hook/cmake_prefix_path.dsv'
[1.996s] INFO:colcon.colcon_core.shell:Creating environment hook '/home/tracy/ros2_ws/src/mec_mobile/install/mec_mobile_gazebo/share/mec_mobile_gazebo/hook/cmake_prefix_path.sh'
[1.997s] Level 1:colcon.colcon_core.environment:checking '/home/tracy/ros2_ws/src/mec_mobile/install/mec_mobile_gazebo/bin'
[1.997s] Level 1:colcon.colcon_core.environment:checking '/home/tracy/ros2_ws/src/mec_mobile/install/mec_mobile_gazebo/lib/pkgconfig/mec_mobile_gazebo.pc'
[1.997s] Level 1:colcon.colcon_core.environment:checking '/home/tracy/ros2_ws/src/mec_mobile/install/mec_mobile_gazebo/lib/python3.12/site-packages'
[1.997s] Level 1:colcon.colcon_core.environment:checking '/home/tracy/ros2_ws/src/mec_mobile/install/mec_mobile_gazebo/bin'
[1.997s] INFO:colcon.colcon_core.shell:Creating package script '/home/tracy/ros2_ws/src/mec_mobile/install/mec_mobile_gazebo/share/mec_mobile_gazebo/package.ps1'
[1.998s] INFO:colcon.colcon_core.shell:Creating package descriptor '/home/tracy/ros2_ws/src/mec_mobile/install/mec_mobile_gazebo/share/mec_mobile_gazebo/package.dsv'
[1.998s] INFO:colcon.colcon_core.shell:Creating package script '/home/tracy/ros2_ws/src/mec_mobile/install/mec_mobile_gazebo/share/mec_mobile_gazebo/package.sh'
[1.998s] INFO:colcon.colcon_core.shell:Creating package script '/home/tracy/ros2_ws/src/mec_mobile/install/mec_mobile_gazebo/share/mec_mobile_gazebo/package.bash'
[1.999s] INFO:colcon.colcon_core.shell:Creating package script '/home/tracy/ros2_ws/src/mec_mobile/install/mec_mobile_gazebo/share/mec_mobile_gazebo/package.zsh'
[1.999s] Level 1:colcon.colcon_core.environment:create_file_with_runtime_dependencies(/home/tracy/ros2_ws/src/mec_mobile/install/mec_mobile_gazebo/share/colcon-core/packages/mec_mobile_gazebo)
[2.064s] DEBUG:colcon.colcon_core.event_handler.log_command:Invoked command in '/home/tracy/ros2_ws/src/mec_mobile/build/mec_mobile' returned '0': AMENT_PREFIX_PATH=/home/tracy/ros2_ws/src/mec_mobile/install/mec_mobile_description:${AMENT_PREFIX_PATH} CMAKE_PREFIX_PATH=/home/tracy/ros2_ws/src/mec_mobile/install/mec_mobile_description:/home/tracy/ros2_ws/install/ros2_learning_ws:/home/tracy/ros2_ws/install/mec_mobile:/home/tracy/ros2_ws/install/mec_mobile_description:/opt/ros/jazzy/opt/gz_sim_vendor:/opt/ros/jazzy/opt/gz_sensors_vendor:/opt/ros/jazzy/opt/gz_physics_vendor:/opt/ros/jazzy/opt/sdformat_vendor:/opt/ros/jazzy/opt/gz_gui_vendor:/opt/ros/jazzy/opt/gz_transport_vendor:/opt/ros/jazzy/opt/gz_rendering_vendor:/opt/ros/jazzy/opt/gz_plugin_vendor:/opt/ros/jazzy/opt/gz_fuel_tools_vendor:/opt/ros/jazzy/opt/gz_msgs_vendor:/opt/ros/jazzy/opt/gz_common_vendor:/opt/ros/jazzy/opt/gz_math_vendor:/opt/ros/jazzy/opt/gz_utils_vendor:/opt/ros/jazzy/opt/gz_tools_vendor:/opt/ros/jazzy/opt/gz_ogre_next_vendor:/opt/ros/jazzy/opt/gz_dartsim_vendor:/opt/ros/jazzy/opt/gz_cmake_vendor:/opt/ros/jazzy DEBUGINFOD_URLS=https://debuginfod.ubuntu.com /usr/bin/cmake /home/tracy/ros2_ws/src/mec_mobile/mec_mobile -DCMAKE_INSTALL_PREFIX=/home/tracy/ros2_ws/src/mec_mobile/install/mec_mobile
[2.065s] DEBUG:colcon.colcon_core.event_handler.log_command:Invoking command in '/home/tracy/ros2_ws/src/mec_mobile/build/mec_mobile': AMENT_PREFIX_PATH=/home/tracy/ros2_ws/src/mec_mobile/install/mec_mobile_description:${AMENT_PREFIX_PATH} CMAKE_PREFIX_PATH=/home/tracy/ros2_ws/src/mec_mobile/install/mec_mobile_description:/home/tracy/ros2_ws/install/ros2_learning_ws:/home/tracy/ros2_ws/install/mec_mobile:/home/tracy/ros2_ws/install/mec_mobile_description:/opt/ros/jazzy/opt/gz_sim_vendor:/opt/ros/jazzy/opt/gz_sensors_vendor:/opt/ros/jazzy/opt/gz_physics_vendor:/opt/ros/jazzy/opt/sdformat_vendor:/opt/ros/jazzy/opt/gz_gui_vendor:/opt/ros/jazzy/opt/gz_transport_vendor:/opt/ros/jazzy/opt/gz_rendering_vendor:/opt/ros/jazzy/opt/gz_plugin_vendor:/opt/ros/jazzy/opt/gz_fuel_tools_vendor:/opt/ros/jazzy/opt/gz_msgs_vendor:/opt/ros/jazzy/opt/gz_common_vendor:/opt/ros/jazzy/opt/gz_math_vendor:/opt/ros/jazzy/opt/gz_utils_vendor:/opt/ros/jazzy/opt/gz_tools_vendor:/opt/ros/jazzy/opt/gz_ogre_next_vendor:/opt/ros/jazzy/opt/gz_dartsim_vendor:/opt/ros/jazzy/opt/gz_cmake_vendor:/opt/ros/jazzy DEBUGINFOD_URLS=https://debuginfod.ubuntu.com /usr/bin/cmake --build /home/tracy/ros2_ws/src/mec_mobile/build/mec_mobile -- -j16 -l16
[2.108s] DEBUG:colcon.colcon_core.event_handler.log_command:Invoked command in '/home/tracy/ros2_ws/src/mec_mobile/build/mec_mobile' returned '0': AMENT_PREFIX_PATH=/home/tracy/ros2_ws/src/mec_mobile/install/mec_mobile_description:${AMENT_PREFIX_PATH} CMAKE_PREFIX_PATH=/home/tracy/ros2_ws/src/mec_mobile/install/mec_mobile_description:/home/tracy/ros2_ws/install/ros2_learning_ws:/home/tracy/ros2_ws/install/mec_mobile:/home/tracy/ros2_ws/install/mec_mobile_description:/opt/ros/jazzy/opt/gz_sim_vendor:/opt/ros/jazzy/opt/gz_sensors_vendor:/opt/ros/jazzy/opt/gz_physics_vendor:/opt/ros/jazzy/opt/sdformat_vendor:/opt/ros/jazzy/opt/gz_gui_vendor:/opt/ros/jazzy/opt/gz_transport_vendor:/opt/ros/jazzy/opt/gz_rendering_vendor:/opt/ros/jazzy/opt/gz_plugin_vendor:/opt/ros/jazzy/opt/gz_fuel_tools_vendor:/opt/ros/jazzy/opt/gz_msgs_vendor:/opt/ros/jazzy/opt/gz_common_vendor:/opt/ros/jazzy/opt/gz_math_vendor:/opt/ros/jazzy/opt/gz_utils_vendor:/opt/ros/jazzy/opt/gz_tools_vendor:/opt/ros/jazzy/opt/gz_ogre_next_vendor:/opt/ros/jazzy/opt/gz_dartsim_vendor:/opt/ros/jazzy/opt/gz_cmake_vendor:/opt/ros/jazzy DEBUGINFOD_URLS=https://debuginfod.ubuntu.com /usr/bin/cmake --build /home/tracy/ros2_ws/src/mec_mobile/build/mec_mobile -- -j16 -l16
[2.108s] DEBUG:colcon.colcon_core.event_handler.log_command:Invoking command in '/home/tracy/ros2_ws/src/mec_mobile/build/mec_mobile': AMENT_PREFIX_PATH=/home/tracy/ros2_ws/src/mec_mobile/install/mec_mobile_description:${AMENT_PREFIX_PATH} CMAKE_PREFIX_PATH=/home/tracy/ros2_ws/src/mec_mobile/install/mec_mobile_description:/home/tracy/ros2_ws/install/ros2_learning_ws:/home/tracy/ros2_ws/install/mec_mobile:/home/tracy/ros2_ws/install/mec_mobile_description:/opt/ros/jazzy/opt/gz_sim_vendor:/opt/ros/jazzy/opt/gz_sensors_vendor:/opt/ros/jazzy/opt/gz_physics_vendor:/opt/ros/jazzy/opt/sdformat_vendor:/opt/ros/jazzy/opt/gz_gui_vendor:/opt/ros/jazzy/opt/gz_transport_vendor:/opt/ros/jazzy/opt/gz_rendering_vendor:/opt/ros/jazzy/opt/gz_plugin_vendor:/opt/ros/jazzy/opt/gz_fuel_tools_vendor:/opt/ros/jazzy/opt/gz_msgs_vendor:/opt/ros/jazzy/opt/gz_common_vendor:/opt/ros/jazzy/opt/gz_math_vendor:/opt/ros/jazzy/opt/gz_utils_vendor:/opt/ros/jazzy/opt/gz_tools_vendor:/opt/ros/jazzy/opt/gz_ogre_next_vendor:/opt/ros/jazzy/opt/gz_dartsim_vendor:/opt/ros/jazzy/opt/gz_cmake_vendor:/opt/ros/jazzy DEBUGINFOD_URLS=https://debuginfod.ubuntu.com /usr/bin/cmake --install /home/tracy/ros2_ws/src/mec_mobile/build/mec_mobile
[2.121s] Level 1:colcon.colcon_core.environment:create_environment_scripts_only(mec_mobile)
[2.121s] DEBUG:colcon.colcon_core.event_handler.log_command:Invoked command in '/home/tracy/ros2_ws/src/mec_mobile/build/mec_mobile' returned '0': AMENT_PREFIX_PATH=/home/tracy/ros2_ws/src/mec_mobile/install/mec_mobile_description:${AMENT_PREFIX_PATH} CMAKE_PREFIX_PATH=/home/tracy/ros2_ws/src/mec_mobile/install/mec_mobile_description:/home/tracy/ros2_ws/install/ros2_learning_ws:/home/tracy/ros2_ws/install/mec_mobile:/home/tracy/ros2_ws/install/mec_mobile_description:/opt/ros/jazzy/opt/gz_sim_vendor:/opt/ros/jazzy/opt/gz_sensors_vendor:/opt/ros/jazzy/opt/gz_physics_vendor:/opt/ros/jazzy/opt/sdformat_vendor:/opt/ros/jazzy/opt/gz_gui_vendor:/opt/ros/jazzy/opt/gz_transport_vendor:/opt/ros/jazzy/opt/gz_rendering_vendor:/opt/ros/jazzy/opt/gz_plugin_vendor:/opt/ros/jazzy/opt/gz_fuel_tools_vendor:/opt/ros/jazzy/opt/gz_msgs_vendor:/opt/ros/jazzy/opt/gz_common_vendor:/opt/ros/jazzy/opt/gz_math_vendor:/opt/ros/jazzy/opt/gz_utils_vendor:/opt/ros/jazzy/opt/gz_tools_vendor:/opt/ros/jazzy/opt/gz_ogre_next_vendor:/opt/ros/jazzy/opt/gz_dartsim_vendor:/opt/ros/jazzy/opt/gz_cmake_vendor:/opt/ros/jazzy DEBUGINFOD_URLS=https://debuginfod.ubuntu.com /usr/bin/cmake --install /home/tracy/ros2_ws/src/mec_mobile/build/mec_mobile
[2.121s] Level 1:colcon.colcon_core.environment:checking '/home/tracy/ros2_ws/src/mec_mobile/install/mec_mobile' for CMake module files
[2.121s] Level 1:colcon.colcon_core.environment:checking '/home/tracy/ros2_ws/src/mec_mobile/install/mec_mobile' for CMake config files
[2.121s] Level 1:colcon.colcon_core.shell:create_environment_hook('mec_mobile', 'cmake_prefix_path')
[2.122s] INFO:colcon.colcon_core.shell:Creating environment hook '/home/tracy/ros2_ws/src/mec_mobile/install/mec_mobile/share/mec_mobile/hook/cmake_prefix_path.ps1'
[2.122s] INFO:colcon.colcon_core.shell:Creating environment descriptor '/home/tracy/ros2_ws/src/mec_mobile/install/mec_mobile/share/mec_mobile/hook/cmake_prefix_path.dsv'
[2.122s] INFO:colcon.colcon_core.shell:Creating environment hook '/home/tracy/ros2_ws/src/mec_mobile/install/mec_mobile/share/mec_mobile/hook/cmake_prefix_path.sh'
[2.123s] Level 1:colcon.colcon_core.environment:checking '/home/tracy/ros2_ws/src/mec_mobile/install/mec_mobile/bin'
[2.123s] Level 1:colcon.colcon_core.environment:checking '/home/tracy/ros2_ws/src/mec_mobile/install/mec_mobile/lib/pkgconfig/mec_mobile.pc'
[2.123s] Level 1:colcon.colcon_core.environment:checking '/home/tracy/ros2_ws/src/mec_mobile/install/mec_mobile/lib/python3.12/site-packages'
[2.123s] Level 1:colcon.colcon_core.environment:checking '/home/tracy/ros2_ws/src/mec_mobile/install/mec_mobile/bin'
[2.123s] INFO:colcon.colcon_core.shell:Creating package script '/home/tracy/ros2_ws/src/mec_mobile/install/mec_mobile/share/mec_mobile/package.ps1'
[2.124s] INFO:colcon.colcon_core.shell:Creating package descriptor '/home/tracy/ros2_ws/src/mec_mobile/install/mec_mobile/share/mec_mobile/package.dsv'
[2.124s] INFO:colcon.colcon_core.shell:Creating package script '/home/tracy/ros2_ws/src/mec_mobile/install/mec_mobile/share/mec_mobile/package.sh'
[2.124s] INFO:colcon.colcon_core.shell:Creating package script '/home/tracy/ros2_ws/src/mec_mobile/install/mec_mobile/share/mec_mobile/package.bash'
[2.124s] INFO:colcon.colcon_core.shell:Creating package script '/home/tracy/ros2_ws/src/mec_mobile/install/mec_mobile/share/mec_mobile/package.zsh'
[2.125s] Level 1:colcon.colcon_core.environment:create_file_with_runtime_dependencies(/home/tracy/ros2_ws/src/mec_mobile/install/mec_mobile/share/colcon-core/packages/mec_mobile)
[2.125s] Level 1:colcon.colcon_core.environment:create_environment_scripts_only(mec_mobile)
[2.125s] Level 1:colcon.colcon_core.environment:checking '/home/tracy/ros2_ws/src/mec_mobile/install/mec_mobile' for CMake module files
[2.125s] Level 1:colcon.colcon_core.environment:checking '/home/tracy/ros2_ws/src/mec_mobile/install/mec_mobile' for CMake config files
[2.126s] Level 1:colcon.colcon_core.shell:create_environment_hook('mec_mobile', 'cmake_prefix_path')
[2.126s] INFO:colcon.colcon_core.shell:Creating environment hook '/home/tracy/ros2_ws/src/mec_mobile/install/mec_mobile/share/mec_mobile/hook/cmake_prefix_path.ps1'
[2.126s] INFO:colcon.colcon_core.shell:Creating environment descriptor '/home/tracy/ros2_ws/src/mec_mobile/install/mec_mobile/share/mec_mobile/hook/cmake_prefix_path.dsv'
[2.126s] INFO:colcon.colcon_core.shell:Creating environment hook '/home/tracy/ros2_ws/src/mec_mobile/install/mec_mobile/share/mec_mobile/hook/cmake_prefix_path.sh'
[2.127s] Level 1:colcon.colcon_core.environment:checking '/home/tracy/ros2_ws/src/mec_mobile/install/mec_mobile/bin'
[2.127s] Level 1:colcon.colcon_core.environment:checking '/home/tracy/ros2_ws/src/mec_mobile/install/mec_mobile/lib/pkgconfig/mec_mobile.pc'
[2.127s] Level 1:colcon.colcon_core.environment:checking '/home/tracy/ros2_ws/src/mec_mobile/install/mec_mobile/lib/python3.12/site-packages'
[2.127s] Level 1:colcon.colcon_core.environment:checking '/home/tracy/ros2_ws/src/mec_mobile/install/mec_mobile/bin'
[2.127s] INFO:colcon.colcon_core.shell:Creating package script '/home/tracy/ros2_ws/src/mec_mobile/install/mec_mobile/share/mec_mobile/package.ps1'
[2.127s] INFO:colcon.colcon_core.shell:Creating package descriptor '/home/tracy/ros2_ws/src/mec_mobile/install/mec_mobile/share/mec_mobile/package.dsv'
[2.128s] INFO:colcon.colcon_core.shell:Creating package script '/home/tracy/ros2_ws/src/mec_mobile/install/mec_mobile/share/mec_mobile/package.sh'
[2.128s] INFO:colcon.colcon_core.shell:Creating package script '/home/tracy/ros2_ws/src/mec_mobile/install/mec_mobile/share/mec_mobile/package.bash'
[2.128s] INFO:colcon.colcon_core.shell:Creating package script '/home/tracy/ros2_ws/src/mec_mobile/install/mec_mobile/share/mec_mobile/package.zsh'
[2.129s] Level 1:colcon.colcon_core.environment:create_file_with_runtime_dependencies(/home/tracy/ros2_ws/src/mec_mobile/install/mec_mobile/share/colcon-core/packages/mec_mobile)
[2.129s] DEBUG:colcon.colcon_parallel_executor.executor.parallel:closing loop
[2.129s] DEBUG:colcon.colcon_parallel_executor.executor.parallel:loop closed
[2.129s] DEBUG:colcon.colcon_parallel_executor.executor.parallel:run_until_complete finished with '0'
[2.129s] DEBUG:colcon.colcon_core.event_reactor:joining thread
[2.136s] INFO:colcon.colcon_core.plugin_system:Skipping extension 'colcon_notification.desktop_notification.terminal_notifier': Not used on non-Darwin systems
[2.136s] INFO:colcon.colcon_core.plugin_system:Skipping extension 'colcon_notification.desktop_notification.win32': Not used on non-Windows systems
[2.136s] INFO:colcon.colcon_notification.desktop_notification:Sending desktop notification using 'notify2'
[2.184s] DEBUG:colcon.colcon_core.event_reactor:joined thread
[2.184s] INFO:colcon.colcon_core.shell:Creating prefix script '/home/tracy/ros2_ws/src/mec_mobile/install/local_setup.ps1'
[2.185s] INFO:colcon.colcon_core.shell:Creating prefix util module '/home/tracy/ros2_ws/src/mec_mobile/install/_local_setup_util_ps1.py'
[2.186s] INFO:colcon.colcon_core.shell:Creating prefix chain script '/home/tracy/ros2_ws/src/mec_mobile/install/setup.ps1'
[2.188s] INFO:colcon.colcon_core.shell:Creating prefix script '/home/tracy/ros2_ws/src/mec_mobile/install/local_setup.sh'
[2.189s] INFO:colcon.colcon_core.shell:Creating prefix util module '/home/tracy/ros2_ws/src/mec_mobile/install/_local_setup_util_sh.py'
[2.190s] INFO:colcon.colcon_core.shell:Creating prefix chain script '/home/tracy/ros2_ws/src/mec_mobile/install/setup.sh'
[2.191s] INFO:colcon.colcon_core.shell:Creating prefix script '/home/tracy/ros2_ws/src/mec_mobile/install/local_setup.bash'
[2.192s] INFO:colcon.colcon_core.shell:Creating prefix chain script '/home/tracy/ros2_ws/src/mec_mobile/install/setup.bash'
[2.193s] INFO:colcon.colcon_core.shell:Creating prefix script '/home/tracy/ros2_ws/src/mec_mobile/install/local_setup.zsh'
[2.194s] INFO:colcon.colcon_core.shell:Creating prefix chain script '/home/tracy/ros2_ws/src/mec_mobile/install/setup.zsh'
