[0.039s] Invoking command in '/media/tracy/DATA/ros2_ws/src/build/mec_mobile_description': CMAKE_PREFIX_PATH=${CMAKE_PREFIX_PATH}:/opt/ros/jazzy DEBUGINFOD_URLS=https://debuginfod.ubuntu.com /usr/bin/cmake /media/tracy/DATA/ros2_ws/src/mec_mobile/mec_mobile_description -DCMAKE_INSTALL_PREFIX=/media/tracy/DATA/ros2_ws/src/install/mec_mobile_description
[0.095s] -- Found ament_cmake: 2.5.4 (/opt/ros/jazzy/share/ament_cmake/cmake)
[0.491s] -- Override CMake install command with custom implementation using symlinks instead of copying resources
[0.501s] -- Found urdf_tutorial: 1.1.0 (/opt/ros/jazzy/share/urdf_tutorial/cmake)
[0.502s] -- Found ament_lint_auto: 0.17.3 (/opt/ros/jazzy/share/ament_lint_auto/cmake)
[0.656s] -- Added test 'flake8' to check Python code syntax and style conventions
[0.656s] -- Configured 'flake8' exclude dirs and/or files: 
[0.657s] -- Added test 'lint_cmake' to check CMake code style
[0.658s] -- Added test 'pep257' to check Python code against some of the docstring style conventions in PEP 257
[0.661s] -- Added test 'xmllint' to check XML markup files
[0.663s] -- Configuring done (0.6s)
[0.669s] -- Generating done (0.0s)
[0.671s] -- Build files have been written to: /media/tracy/DATA/ros2_ws/src/build/mec_mobile_description
[0.678s] Invoked command in '/media/tracy/DATA/ros2_ws/src/build/mec_mobile_description' returned '0': CMAKE_PREFIX_PATH=${CMAKE_PREFIX_PATH}:/opt/ros/jazzy DEBUGINFOD_URLS=https://debuginfod.ubuntu.com /usr/bin/cmake /media/tracy/DATA/ros2_ws/src/mec_mobile/mec_mobile_description -DCMAKE_INSTALL_PREFIX=/media/tracy/DATA/ros2_ws/src/install/mec_mobile_description
[0.680s] Invoking command in '/media/tracy/DATA/ros2_ws/src/build/mec_mobile_description': CMAKE_PREFIX_PATH=${CMAKE_PREFIX_PATH}:/opt/ros/jazzy DEBUGINFOD_URLS=https://debuginfod.ubuntu.com /usr/bin/cmake --build /media/tracy/DATA/ros2_ws/src/build/mec_mobile_description -- -j16 -l16
[0.755s] Invoked command in '/media/tracy/DATA/ros2_ws/src/build/mec_mobile_description' returned '0': CMAKE_PREFIX_PATH=${CMAKE_PREFIX_PATH}:/opt/ros/jazzy DEBUGINFOD_URLS=https://debuginfod.ubuntu.com /usr/bin/cmake --build /media/tracy/DATA/ros2_ws/src/build/mec_mobile_description -- -j16 -l16
[0.773s] Invoking command in '/media/tracy/DATA/ros2_ws/src/build/mec_mobile_description': CMAKE_PREFIX_PATH=${CMAKE_PREFIX_PATH}:/opt/ros/jazzy DEBUGINFOD_URLS=https://debuginfod.ubuntu.com /usr/bin/cmake --install /media/tracy/DATA/ros2_ws/src/build/mec_mobile_description
[0.788s] -- Install configuration: ""
[0.788s] -- Execute custom install script
[0.789s] -- Up-to-date symlink: /media/tracy/DATA/ros2_ws/src/install/mec_mobile_description/share/mec_mobile_description/meshes/intel_realsense/visual/d435.stl
[0.789s] -- Up-to-date symlink: /media/tracy/DATA/ros2_ws/src/install/mec_mobile_description/share/mec_mobile_description/meshes/robot_3d/visual/back_left_wheel_X3.STL
[0.789s] -- Up-to-date symlink: /media/tracy/DATA/ros2_ws/src/install/mec_mobile_description/share/mec_mobile_description/meshes/robot_3d/visual/back_right_wheel_X3.STL
[0.789s] -- Up-to-date symlink: /media/tracy/DATA/ros2_ws/src/install/mec_mobile_description/share/mec_mobile_description/meshes/robot_3d/visual/base_link_X3.STL
[0.789s] -- Up-to-date symlink: /media/tracy/DATA/ros2_ws/src/install/mec_mobile_description/share/mec_mobile_description/meshes/robot_3d/visual/camera_link.STL
[0.789s] -- Up-to-date symlink: /media/tracy/DATA/ros2_ws/src/install/mec_mobile_description/share/mec_mobile_description/meshes/robot_3d/visual/front_left_wheel_X3.STL
[0.790s] -- Up-to-date symlink: /media/tracy/DATA/ros2_ws/src/install/mec_mobile_description/share/mec_mobile_description/meshes/robot_3d/visual/front_right_wheel_X3.STL
[0.790s] -- Up-to-date symlink: /media/tracy/DATA/ros2_ws/src/install/mec_mobile_description/share/mec_mobile_description/meshes/robot_3d/visual/laser_link.STL
[0.790s] -- Up-to-date symlink: /media/tracy/DATA/ros2_ws/src/install/mec_mobile_description/share/mec_mobile_description/meshes/rplidar/rplidar_s2.stl
[0.790s] -- Up-to-date symlink: /media/tracy/DATA/ros2_ws/src/install/mec_mobile_description/share/mec_mobile_description/urdf/control/mec_mobile.gazebo
[0.790s] -- Up-to-date symlink: /media/tracy/DATA/ros2_ws/src/install/mec_mobile_description/share/mec_mobile_description/urdf/mech/mecanum_wheel.urdf.xacro
[0.790s] -- Up-to-date symlink: /media/tracy/DATA/ros2_ws/src/install/mec_mobile_description/share/mec_mobile_description/urdf/mech/robot_3d_base.urdf.xacro
[0.790s] -- Up-to-date symlink: /media/tracy/DATA/ros2_ws/src/install/mec_mobile_description/share/mec_mobile_description/urdf/robots/robot_3d.urdf.xacro
[0.791s] -- Up-to-date symlink: /media/tracy/DATA/ros2_ws/src/install/mec_mobile_description/share/mec_mobile_description/urdf/sensors/imu.urdf.xacro
[0.791s] -- Up-to-date symlink: /media/tracy/DATA/ros2_ws/src/install/mec_mobile_description/share/mec_mobile_description/urdf/sensors/lidar.urdf.xacro
[0.791s] -- Up-to-date symlink: /media/tracy/DATA/ros2_ws/src/install/mec_mobile_description/share/mec_mobile_description/urdf/sensors/rgbd_camera.urdf.xacro
[0.791s] -- Up-to-date symlink: /media/tracy/DATA/ros2_ws/src/install/mec_mobile_description/share/mec_mobile_description/launch/check_urdf.launch.py
[0.791s] -- Up-to-date symlink: /media/tracy/DATA/ros2_ws/src/install/mec_mobile_description/share/mec_mobile_description/launch/robot_state_publisher.launch.py
[0.791s] -- Up-to-date symlink: /media/tracy/DATA/ros2_ws/src/install/mec_mobile_description/share/mec_mobile_description/rviz/mec_mobile_description.rviz
[0.792s] -- Up-to-date symlink: /media/tracy/DATA/ros2_ws/src/install/mec_mobile_description/share/ament_index/resource_index/package_run_dependencies/mec_mobile_description
[0.792s] -- Up-to-date symlink: /media/tracy/DATA/ros2_ws/src/install/mec_mobile_description/share/ament_index/resource_index/parent_prefix_path/mec_mobile_description
[0.792s] -- Up-to-date symlink: /media/tracy/DATA/ros2_ws/src/install/mec_mobile_description/share/mec_mobile_description/environment/ament_prefix_path.sh
[0.792s] -- Up-to-date symlink: /media/tracy/DATA/ros2_ws/src/install/mec_mobile_description/share/mec_mobile_description/environment/ament_prefix_path.dsv
[0.792s] -- Up-to-date symlink: /media/tracy/DATA/ros2_ws/src/install/mec_mobile_description/share/mec_mobile_description/environment/path.sh
[0.792s] -- Up-to-date symlink: /media/tracy/DATA/ros2_ws/src/install/mec_mobile_description/share/mec_mobile_description/environment/path.dsv
[0.793s] -- Up-to-date symlink: /media/tracy/DATA/ros2_ws/src/install/mec_mobile_description/share/mec_mobile_description/local_setup.bash
[0.793s] -- Up-to-date symlink: /media/tracy/DATA/ros2_ws/src/install/mec_mobile_description/share/mec_mobile_description/local_setup.sh
[0.793s] -- Up-to-date symlink: /media/tracy/DATA/ros2_ws/src/install/mec_mobile_description/share/mec_mobile_description/local_setup.zsh
[0.793s] -- Up-to-date symlink: /media/tracy/DATA/ros2_ws/src/install/mec_mobile_description/share/mec_mobile_description/local_setup.dsv
[0.793s] -- Symlinking: /media/tracy/DATA/ros2_ws/src/install/mec_mobile_description/share/mec_mobile_description/package.dsv
[0.816s] -- Up-to-date symlink: /media/tracy/DATA/ros2_ws/src/install/mec_mobile_description/share/ament_index/resource_index/packages/mec_mobile_description
[0.817s] -- Up-to-date symlink: /media/tracy/DATA/ros2_ws/src/install/mec_mobile_description/share/mec_mobile_description/cmake/mec_mobile_descriptionConfig.cmake
[0.817s] -- Up-to-date symlink: /media/tracy/DATA/ros2_ws/src/install/mec_mobile_description/share/mec_mobile_description/cmake/mec_mobile_descriptionConfig-version.cmake
[0.817s] -- Up-to-date symlink: /media/tracy/DATA/ros2_ws/src/install/mec_mobile_description/share/mec_mobile_description/package.xml
[0.821s] Invoked command in '/media/tracy/DATA/ros2_ws/src/build/mec_mobile_description' returned '0': CMAKE_PREFIX_PATH=${CMAKE_PREFIX_PATH}:/opt/ros/jazzy DEBUGINFOD_URLS=https://debuginfod.ubuntu.com /usr/bin/cmake --install /media/tracy/DATA/ros2_ws/src/build/mec_mobile_description
