[0.008s] Invoking command in '/media/tracy/DATA/ros2_ws/src/build/mec_mobile': AMENT_PREFIX_PATH=/media/tracy/DATA/ros2_ws/src/install/mec_mobile_description:${AMENT_PREFIX_PATH} CMAKE_PREFIX_PATH=/media/tracy/DATA/ros2_ws/src/install/mec_mobile_description:/media/tracy/DATA/ros2_ws/install/mecanum_controller_cpp:/media/tracy/DATA/ros2_ws/install/mec_mobile_gazebo:/media/tracy/DATA/ros2_ws/install/mec_mobile:/media/tracy/DATA/ros2_ws/install/mec_mobile_description:/opt/ros/jazzy/opt/gz_sim_vendor:/opt/ros/jazzy/opt/gz_sensors_vendor:/opt/ros/jazzy/opt/gz_physics_vendor:/opt/ros/jazzy/opt/sdformat_vendor:/opt/ros/jazzy/opt/gz_gui_vendor:/opt/ros/jazzy/opt/gz_transport_vendor:/opt/ros/jazzy/opt/gz_rendering_vendor:/opt/ros/jazzy/opt/gz_plugin_vendor:/opt/ros/jazzy/opt/gz_fuel_tools_vendor:/opt/ros/jazzy/opt/gz_msgs_vendor:/opt/ros/jazzy/opt/gz_common_vendor:/opt/ros/jazzy/opt/gz_math_vendor:/opt/ros/jazzy/opt/gz_utils_vendor:/opt/ros/jazzy/opt/gz_tools_vendor:/opt/ros/jazzy/opt/gz_ogre_next_vendor:/opt/ros/jazzy/opt/gz_dartsim_vendor:/opt/ros/jazzy/opt/gz_cmake_vendor:/opt/ros/jazzy DEBUGINFOD_URLS=https://debuginfod.ubuntu.com /usr/bin/cmake /media/tracy/DATA/ros2_ws/src/mec_mobile/mec_mobile -DCMAKE_INSTALL_PREFIX=/media/tracy/DATA/ros2_ws/src/install/mec_mobile
[0.059s] -- The C compiler identification is GNU 13.3.0
[0.111s] -- The CXX compiler identification is GNU 13.3.0
[0.127s] -- Detecting C compiler ABI info
[0.215s] -- Detecting C compiler ABI info - done
[0.223s] -- Check for working C compiler: /usr/bin/cc - skipped
[0.223s] -- Detecting C compile features
[0.223s] -- Detecting C compile features - done
[0.232s] -- Detecting CXX compiler ABI info
[0.333s] -- Detecting CXX compiler ABI info - done
[0.341s] -- Check for working CXX compiler: /usr/bin/c++ - skipped
[0.341s] -- Detecting CXX compile features
[0.342s] -- Detecting CXX compile features - done
[0.346s] -- Found ament_cmake: 2.5.4 (/opt/ros/jazzy/share/ament_cmake/cmake)
[0.496s] -- Found Python3: /usr/bin/python3 (found version "3.12.3") found components: Interpreter 
[0.620s] -- Found ament_lint_auto: 0.17.3 (/opt/ros/jazzy/share/ament_lint_auto/cmake)
[0.724s] -- Added test 'lint_cmake' to check CMake code style
[0.725s] -- Added test 'xmllint' to check XML markup files
[0.728s] -- Configuring done (0.7s)
[0.731s] -- Generating done (0.0s)
[0.733s] -- Build files have been written to: /media/tracy/DATA/ros2_ws/src/build/mec_mobile
[0.739s] Invoked command in '/media/tracy/DATA/ros2_ws/src/build/mec_mobile' returned '0': AMENT_PREFIX_PATH=/media/tracy/DATA/ros2_ws/src/install/mec_mobile_description:${AMENT_PREFIX_PATH} CMAKE_PREFIX_PATH=/media/tracy/DATA/ros2_ws/src/install/mec_mobile_description:/media/tracy/DATA/ros2_ws/install/mecanum_controller_cpp:/media/tracy/DATA/ros2_ws/install/mec_mobile_gazebo:/media/tracy/DATA/ros2_ws/install/mec_mobile:/media/tracy/DATA/ros2_ws/install/mec_mobile_description:/opt/ros/jazzy/opt/gz_sim_vendor:/opt/ros/jazzy/opt/gz_sensors_vendor:/opt/ros/jazzy/opt/gz_physics_vendor:/opt/ros/jazzy/opt/sdformat_vendor:/opt/ros/jazzy/opt/gz_gui_vendor:/opt/ros/jazzy/opt/gz_transport_vendor:/opt/ros/jazzy/opt/gz_rendering_vendor:/opt/ros/jazzy/opt/gz_plugin_vendor:/opt/ros/jazzy/opt/gz_fuel_tools_vendor:/opt/ros/jazzy/opt/gz_msgs_vendor:/opt/ros/jazzy/opt/gz_common_vendor:/opt/ros/jazzy/opt/gz_math_vendor:/opt/ros/jazzy/opt/gz_utils_vendor:/opt/ros/jazzy/opt/gz_tools_vendor:/opt/ros/jazzy/opt/gz_ogre_next_vendor:/opt/ros/jazzy/opt/gz_dartsim_vendor:/opt/ros/jazzy/opt/gz_cmake_vendor:/opt/ros/jazzy DEBUGINFOD_URLS=https://debuginfod.ubuntu.com /usr/bin/cmake /media/tracy/DATA/ros2_ws/src/mec_mobile/mec_mobile -DCMAKE_INSTALL_PREFIX=/media/tracy/DATA/ros2_ws/src/install/mec_mobile
[0.740s] Invoking command in '/media/tracy/DATA/ros2_ws/src/build/mec_mobile': AMENT_PREFIX_PATH=/media/tracy/DATA/ros2_ws/src/install/mec_mobile_description:${AMENT_PREFIX_PATH} CMAKE_PREFIX_PATH=/media/tracy/DATA/ros2_ws/src/install/mec_mobile_description:/media/tracy/DATA/ros2_ws/install/mecanum_controller_cpp:/media/tracy/DATA/ros2_ws/install/mec_mobile_gazebo:/media/tracy/DATA/ros2_ws/install/mec_mobile:/media/tracy/DATA/ros2_ws/install/mec_mobile_description:/opt/ros/jazzy/opt/gz_sim_vendor:/opt/ros/jazzy/opt/gz_sensors_vendor:/opt/ros/jazzy/opt/gz_physics_vendor:/opt/ros/jazzy/opt/sdformat_vendor:/opt/ros/jazzy/opt/gz_gui_vendor:/opt/ros/jazzy/opt/gz_transport_vendor:/opt/ros/jazzy/opt/gz_rendering_vendor:/opt/ros/jazzy/opt/gz_plugin_vendor:/opt/ros/jazzy/opt/gz_fuel_tools_vendor:/opt/ros/jazzy/opt/gz_msgs_vendor:/opt/ros/jazzy/opt/gz_common_vendor:/opt/ros/jazzy/opt/gz_math_vendor:/opt/ros/jazzy/opt/gz_utils_vendor:/opt/ros/jazzy/opt/gz_tools_vendor:/opt/ros/jazzy/opt/gz_ogre_next_vendor:/opt/ros/jazzy/opt/gz_dartsim_vendor:/opt/ros/jazzy/opt/gz_cmake_vendor:/opt/ros/jazzy DEBUGINFOD_URLS=https://debuginfod.ubuntu.com /usr/bin/cmake --build /media/tracy/DATA/ros2_ws/src/build/mec_mobile -- -j16 -l16
[0.782s] Invoked command in '/media/tracy/DATA/ros2_ws/src/build/mec_mobile' returned '0': AMENT_PREFIX_PATH=/media/tracy/DATA/ros2_ws/src/install/mec_mobile_description:${AMENT_PREFIX_PATH} CMAKE_PREFIX_PATH=/media/tracy/DATA/ros2_ws/src/install/mec_mobile_description:/media/tracy/DATA/ros2_ws/install/mecanum_controller_cpp:/media/tracy/DATA/ros2_ws/install/mec_mobile_gazebo:/media/tracy/DATA/ros2_ws/install/mec_mobile:/media/tracy/DATA/ros2_ws/install/mec_mobile_description:/opt/ros/jazzy/opt/gz_sim_vendor:/opt/ros/jazzy/opt/gz_sensors_vendor:/opt/ros/jazzy/opt/gz_physics_vendor:/opt/ros/jazzy/opt/sdformat_vendor:/opt/ros/jazzy/opt/gz_gui_vendor:/opt/ros/jazzy/opt/gz_transport_vendor:/opt/ros/jazzy/opt/gz_rendering_vendor:/opt/ros/jazzy/opt/gz_plugin_vendor:/opt/ros/jazzy/opt/gz_fuel_tools_vendor:/opt/ros/jazzy/opt/gz_msgs_vendor:/opt/ros/jazzy/opt/gz_common_vendor:/opt/ros/jazzy/opt/gz_math_vendor:/opt/ros/jazzy/opt/gz_utils_vendor:/opt/ros/jazzy/opt/gz_tools_vendor:/opt/ros/jazzy/opt/gz_ogre_next_vendor:/opt/ros/jazzy/opt/gz_dartsim_vendor:/opt/ros/jazzy/opt/gz_cmake_vendor:/opt/ros/jazzy DEBUGINFOD_URLS=https://debuginfod.ubuntu.com /usr/bin/cmake --build /media/tracy/DATA/ros2_ws/src/build/mec_mobile -- -j16 -l16
[0.783s] Invoking command in '/media/tracy/DATA/ros2_ws/src/build/mec_mobile': AMENT_PREFIX_PATH=/media/tracy/DATA/ros2_ws/src/install/mec_mobile_description:${AMENT_PREFIX_PATH} CMAKE_PREFIX_PATH=/media/tracy/DATA/ros2_ws/src/install/mec_mobile_description:/media/tracy/DATA/ros2_ws/install/mecanum_controller_cpp:/media/tracy/DATA/ros2_ws/install/mec_mobile_gazebo:/media/tracy/DATA/ros2_ws/install/mec_mobile:/media/tracy/DATA/ros2_ws/install/mec_mobile_description:/opt/ros/jazzy/opt/gz_sim_vendor:/opt/ros/jazzy/opt/gz_sensors_vendor:/opt/ros/jazzy/opt/gz_physics_vendor:/opt/ros/jazzy/opt/sdformat_vendor:/opt/ros/jazzy/opt/gz_gui_vendor:/opt/ros/jazzy/opt/gz_transport_vendor:/opt/ros/jazzy/opt/gz_rendering_vendor:/opt/ros/jazzy/opt/gz_plugin_vendor:/opt/ros/jazzy/opt/gz_fuel_tools_vendor:/opt/ros/jazzy/opt/gz_msgs_vendor:/opt/ros/jazzy/opt/gz_common_vendor:/opt/ros/jazzy/opt/gz_math_vendor:/opt/ros/jazzy/opt/gz_utils_vendor:/opt/ros/jazzy/opt/gz_tools_vendor:/opt/ros/jazzy/opt/gz_ogre_next_vendor:/opt/ros/jazzy/opt/gz_dartsim_vendor:/opt/ros/jazzy/opt/gz_cmake_vendor:/opt/ros/jazzy DEBUGINFOD_URLS=https://debuginfod.ubuntu.com /usr/bin/cmake --install /media/tracy/DATA/ros2_ws/src/build/mec_mobile
[0.791s] -- Install configuration: ""
[0.791s] -- Installing: /media/tracy/DATA/ros2_ws/src/install/mec_mobile/share/ament_index/resource_index/package_run_dependencies/mec_mobile
[0.791s] -- Installing: /media/tracy/DATA/ros2_ws/src/install/mec_mobile/share/ament_index/resource_index/parent_prefix_path/mec_mobile
[0.792s] -- Installing: /media/tracy/DATA/ros2_ws/src/install/mec_mobile/share/mec_mobile/environment/ament_prefix_path.sh
[0.792s] -- Installing: /media/tracy/DATA/ros2_ws/src/install/mec_mobile/share/mec_mobile/environment/ament_prefix_path.dsv
[0.792s] -- Installing: /media/tracy/DATA/ros2_ws/src/install/mec_mobile/share/mec_mobile/environment/path.sh
[0.792s] -- Installing: /media/tracy/DATA/ros2_ws/src/install/mec_mobile/share/mec_mobile/environment/path.dsv
[0.792s] -- Installing: /media/tracy/DATA/ros2_ws/src/install/mec_mobile/share/mec_mobile/local_setup.bash
[0.792s] -- Installing: /media/tracy/DATA/ros2_ws/src/install/mec_mobile/share/mec_mobile/local_setup.sh
[0.792s] -- Installing: /media/tracy/DATA/ros2_ws/src/install/mec_mobile/share/mec_mobile/local_setup.zsh
[0.792s] -- Installing: /media/tracy/DATA/ros2_ws/src/install/mec_mobile/share/mec_mobile/local_setup.dsv
[0.793s] -- Installing: /media/tracy/DATA/ros2_ws/src/install/mec_mobile/share/mec_mobile/package.dsv
[0.793s] -- Installing: /media/tracy/DATA/ros2_ws/src/install/mec_mobile/share/ament_index/resource_index/packages/mec_mobile
[0.793s] -- Installing: /media/tracy/DATA/ros2_ws/src/install/mec_mobile/share/mec_mobile/cmake/mec_mobileConfig.cmake
[0.793s] -- Installing: /media/tracy/DATA/ros2_ws/src/install/mec_mobile/share/mec_mobile/cmake/mec_mobileConfig-version.cmake
[0.793s] -- Installing: /media/tracy/DATA/ros2_ws/src/install/mec_mobile/share/mec_mobile/package.xml
[0.795s] Invoked command in '/media/tracy/DATA/ros2_ws/src/build/mec_mobile' returned '0': AMENT_PREFIX_PATH=/media/tracy/DATA/ros2_ws/src/install/mec_mobile_description:${AMENT_PREFIX_PATH} CMAKE_PREFIX_PATH=/media/tracy/DATA/ros2_ws/src/install/mec_mobile_description:/media/tracy/DATA/ros2_ws/install/mecanum_controller_cpp:/media/tracy/DATA/ros2_ws/install/mec_mobile_gazebo:/media/tracy/DATA/ros2_ws/install/mec_mobile:/media/tracy/DATA/ros2_ws/install/mec_mobile_description:/opt/ros/jazzy/opt/gz_sim_vendor:/opt/ros/jazzy/opt/gz_sensors_vendor:/opt/ros/jazzy/opt/gz_physics_vendor:/opt/ros/jazzy/opt/sdformat_vendor:/opt/ros/jazzy/opt/gz_gui_vendor:/opt/ros/jazzy/opt/gz_transport_vendor:/opt/ros/jazzy/opt/gz_rendering_vendor:/opt/ros/jazzy/opt/gz_plugin_vendor:/opt/ros/jazzy/opt/gz_fuel_tools_vendor:/opt/ros/jazzy/opt/gz_msgs_vendor:/opt/ros/jazzy/opt/gz_common_vendor:/opt/ros/jazzy/opt/gz_math_vendor:/opt/ros/jazzy/opt/gz_utils_vendor:/opt/ros/jazzy/opt/gz_tools_vendor:/opt/ros/jazzy/opt/gz_ogre_next_vendor:/opt/ros/jazzy/opt/gz_dartsim_vendor:/opt/ros/jazzy/opt/gz_cmake_vendor:/opt/ros/jazzy DEBUGINFOD_URLS=https://debuginfod.ubuntu.com /usr/bin/cmake --install /media/tracy/DATA/ros2_ws/src/build/mec_mobile
