[0.011s] Invoking command in '/home/tracy/ros2_ws/src/mec_mobile/build/mec_mobile_description': CMAKE_PREFIX_PATH=${CMAKE_PREFIX_PATH}:/opt/ros/jazzy DEBUGINFOD_URLS=https://debuginfod.ubuntu.com /usr/bin/cmake /home/tracy/ros2_ws/src/mec_mobile/mec_mobile_description -DCMAKE_INSTALL_PREFIX=/home/tracy/ros2_ws/src/mec_mobile/install/mec_mobile_description
[0.103s] -- The C compiler identification is GNU 13.3.0
[0.175s] -- The CXX compiler identification is GNU 13.3.0
[0.194s] -- Detecting C compiler ABI info
[0.282s] -- Detecting C compiler ABI info - done
[0.289s] -- Check for working C compiler: /usr/bin/cc - skipped
[0.290s] -- Detecting C compile features
[0.290s] -- Detecting C compile features - done
[0.300s] -- Detecting CXX compiler ABI info
[0.395s] -- Detecting CXX compiler ABI info - done
[0.403s] -- Check for working CXX compiler: /usr/bin/c++ - skipped
[0.403s] -- Detecting CXX compile features
[0.403s] -- Detecting CXX compile features - done
[0.420s] -- Found ament_cmake: 2.5.4 (/opt/ros/jazzy/share/ament_cmake/cmake)
[0.577s] -- Found Python3: /usr/bin/python3 (found version "3.12.3") found components: Interpreter 
[0.709s] -- Found urdf_tutorial: 1.1.0 (/opt/ros/jazzy/share/urdf_tutorial/cmake)
[0.713s] -- Found ament_lint_auto: 0.17.2 (/opt/ros/jazzy/share/ament_lint_auto/cmake)
[0.833s] -- Added test 'flake8' to check Python code syntax and style conventions
[0.833s] -- Configured 'flake8' exclude dirs and/or files: 
[0.834s] -- Added test 'lint_cmake' to check CMake code style
[0.835s] -- Added test 'pep257' to check Python code against some of the docstring style conventions in PEP 257
[0.839s] -- Added test 'xmllint' to check XML markup files
[0.841s] -- Configuring done (0.8s)
[0.845s] -- Generating done (0.0s)
[0.846s] -- Build files have been written to: /home/tracy/ros2_ws/src/mec_mobile/build/mec_mobile_description
[0.852s] Invoked command in '/home/tracy/ros2_ws/src/mec_mobile/build/mec_mobile_description' returned '0': CMAKE_PREFIX_PATH=${CMAKE_PREFIX_PATH}:/opt/ros/jazzy DEBUGINFOD_URLS=https://debuginfod.ubuntu.com /usr/bin/cmake /home/tracy/ros2_ws/src/mec_mobile/mec_mobile_description -DCMAKE_INSTALL_PREFIX=/home/tracy/ros2_ws/src/mec_mobile/install/mec_mobile_description
[0.854s] Invoking command in '/home/tracy/ros2_ws/src/mec_mobile/build/mec_mobile_description': CMAKE_PREFIX_PATH=${CMAKE_PREFIX_PATH}:/opt/ros/jazzy DEBUGINFOD_URLS=https://debuginfod.ubuntu.com /usr/bin/cmake --build /home/tracy/ros2_ws/src/mec_mobile/build/mec_mobile_description -- -j16 -l16
[0.904s] Invoked command in '/home/tracy/ros2_ws/src/mec_mobile/build/mec_mobile_description' returned '0': CMAKE_PREFIX_PATH=${CMAKE_PREFIX_PATH}:/opt/ros/jazzy DEBUGINFOD_URLS=https://debuginfod.ubuntu.com /usr/bin/cmake --build /home/tracy/ros2_ws/src/mec_mobile/build/mec_mobile_description -- -j16 -l16
[0.916s] Invoking command in '/home/tracy/ros2_ws/src/mec_mobile/build/mec_mobile_description': CMAKE_PREFIX_PATH=${CMAKE_PREFIX_PATH}:/opt/ros/jazzy DEBUGINFOD_URLS=https://debuginfod.ubuntu.com /usr/bin/cmake --install /home/tracy/ros2_ws/src/mec_mobile/build/mec_mobile_description
[0.925s] -- Install configuration: ""
[0.925s] -- Installing: /home/tracy/ros2_ws/src/mec_mobile/install/mec_mobile_description/share/mec_mobile_description/meshes
[0.925s] -- Installing: /home/tracy/ros2_ws/src/mec_mobile/install/mec_mobile_description/share/mec_mobile_description/meshes/robot_3d
[0.925s] -- Installing: /home/tracy/ros2_ws/src/mec_mobile/install/mec_mobile_description/share/mec_mobile_description/meshes/robot_3d/visual
[0.925s] -- Installing: /home/tracy/ros2_ws/src/mec_mobile/install/mec_mobile_description/share/mec_mobile_description/meshes/robot_3d/visual/laser_link.STL
[0.938s] -- Installing: /home/tracy/ros2_ws/src/mec_mobile/install/mec_mobile_description/share/mec_mobile_description/meshes/robot_3d/visual/back_left_wheel_X3.STL
[0.945s] -- Installing: /home/tracy/ros2_ws/src/mec_mobile/install/mec_mobile_description/share/mec_mobile_description/meshes/robot_3d/visual/camera_link.STL
[0.946s] -- Installing: /home/tracy/ros2_ws/src/mec_mobile/install/mec_mobile_description/share/mec_mobile_description/meshes/robot_3d/visual/back_right_wheel_X3.STL
[0.950s] -- Installing: /home/tracy/ros2_ws/src/mec_mobile/install/mec_mobile_description/share/mec_mobile_description/meshes/robot_3d/visual/base_link_X3.STL
[0.952s] -- Installing: /home/tracy/ros2_ws/src/mec_mobile/install/mec_mobile_description/share/mec_mobile_description/meshes/robot_3d/visual/front_left_wheel_X3.STL
[0.955s] -- Installing: /home/tracy/ros2_ws/src/mec_mobile/install/mec_mobile_description/share/mec_mobile_description/meshes/robot_3d/visual/front_right_wheel_X3.STL
[0.959s] -- Installing: /home/tracy/ros2_ws/src/mec_mobile/install/mec_mobile_description/share/mec_mobile_description/meshes/intel_realsense
[0.959s] -- Installing: /home/tracy/ros2_ws/src/mec_mobile/install/mec_mobile_description/share/mec_mobile_description/meshes/intel_realsense/visual
[0.959s] -- Installing: /home/tracy/ros2_ws/src/mec_mobile/install/mec_mobile_description/share/mec_mobile_description/meshes/intel_realsense/visual/d435.stl
[0.975s] -- Installing: /home/tracy/ros2_ws/src/mec_mobile/install/mec_mobile_description/share/mec_mobile_description/meshes/rplidar
[0.975s] -- Installing: /home/tracy/ros2_ws/src/mec_mobile/install/mec_mobile_description/share/mec_mobile_description/meshes/rplidar/rplidar_s2.stl
[0.982s] -- Installing: /home/tracy/ros2_ws/src/mec_mobile/install/mec_mobile_description/share/mec_mobile_description/urdf
[0.982s] -- Installing: /home/tracy/ros2_ws/src/mec_mobile/install/mec_mobile_description/share/mec_mobile_description/urdf/sensors
[0.982s] -- Installing: /home/tracy/ros2_ws/src/mec_mobile/install/mec_mobile_description/share/mec_mobile_description/urdf/sensors/imu.urdf.xacro
[0.982s] -- Installing: /home/tracy/ros2_ws/src/mec_mobile/install/mec_mobile_description/share/mec_mobile_description/urdf/sensors/lidar.urdf.xacro
[0.982s] -- Installing: /home/tracy/ros2_ws/src/mec_mobile/install/mec_mobile_description/share/mec_mobile_description/urdf/sensors/rgbd_camera.urdf.xacro
[0.982s] -- Installing: /home/tracy/ros2_ws/src/mec_mobile/install/mec_mobile_description/share/mec_mobile_description/urdf/mech
[0.982s] -- Installing: /home/tracy/ros2_ws/src/mec_mobile/install/mec_mobile_description/share/mec_mobile_description/urdf/mech/mecanum_wheel.urdf.xacro
[0.983s] -- Installing: /home/tracy/ros2_ws/src/mec_mobile/install/mec_mobile_description/share/mec_mobile_description/urdf/mech/robot_3d_base.urdf.xacro
[0.983s] -- Installing: /home/tracy/ros2_ws/src/mec_mobile/install/mec_mobile_description/share/mec_mobile_description/urdf/control
[0.983s] -- Installing: /home/tracy/ros2_ws/src/mec_mobile/install/mec_mobile_description/share/mec_mobile_description/urdf/robots
[0.983s] -- Installing: /home/tracy/ros2_ws/src/mec_mobile/install/mec_mobile_description/share/mec_mobile_description/urdf/robots/robot_3d.urdf.xacro
[0.983s] -- Installing: /home/tracy/ros2_ws/src/mec_mobile/install/mec_mobile_description/share/mec_mobile_description/launch
[0.983s] -- Installing: /home/tracy/ros2_ws/src/mec_mobile/install/mec_mobile_description/share/mec_mobile_description/launch/robot_state_publisher.launch.py
[0.984s] -- Installing: /home/tracy/ros2_ws/src/mec_mobile/install/mec_mobile_description/share/mec_mobile_description/launch/check_urdf.launch.py
[0.984s] -- Installing: /home/tracy/ros2_ws/src/mec_mobile/install/mec_mobile_description/share/mec_mobile_description/rviz
[0.984s] -- Installing: /home/tracy/ros2_ws/src/mec_mobile/install/mec_mobile_description/share/mec_mobile_description/rviz/mec_mobile_description.rviz
[0.984s] -- Installing: /home/tracy/ros2_ws/src/mec_mobile/install/mec_mobile_description/share/ament_index/resource_index/package_run_dependencies/mec_mobile_description
[0.985s] -- Installing: /home/tracy/ros2_ws/src/mec_mobile/install/mec_mobile_description/share/ament_index/resource_index/parent_prefix_path/mec_mobile_description
[0.985s] -- Installing: /home/tracy/ros2_ws/src/mec_mobile/install/mec_mobile_description/share/mec_mobile_description/environment/ament_prefix_path.sh
[0.985s] -- Installing: /home/tracy/ros2_ws/src/mec_mobile/install/mec_mobile_description/share/mec_mobile_description/environment/ament_prefix_path.dsv
[0.985s] -- Installing: /home/tracy/ros2_ws/src/mec_mobile/install/mec_mobile_description/share/mec_mobile_description/environment/path.sh
[0.985s] -- Installing: /home/tracy/ros2_ws/src/mec_mobile/install/mec_mobile_description/share/mec_mobile_description/environment/path.dsv
[0.985s] -- Installing: /home/tracy/ros2_ws/src/mec_mobile/install/mec_mobile_description/share/mec_mobile_description/local_setup.bash
[0.986s] -- Installing: /home/tracy/ros2_ws/src/mec_mobile/install/mec_mobile_description/share/mec_mobile_description/local_setup.sh
[0.986s] -- Installing: /home/tracy/ros2_ws/src/mec_mobile/install/mec_mobile_description/share/mec_mobile_description/local_setup.zsh
[0.986s] -- Installing: /home/tracy/ros2_ws/src/mec_mobile/install/mec_mobile_description/share/mec_mobile_description/local_setup.dsv
[0.986s] -- Installing: /home/tracy/ros2_ws/src/mec_mobile/install/mec_mobile_description/share/mec_mobile_description/package.dsv
[0.986s] -- Installing: /home/tracy/ros2_ws/src/mec_mobile/install/mec_mobile_description/share/ament_index/resource_index/packages/mec_mobile_description
[0.987s] -- Installing: /home/tracy/ros2_ws/src/mec_mobile/install/mec_mobile_description/share/mec_mobile_description/cmake/mec_mobile_descriptionConfig.cmake
[0.987s] -- Installing: /home/tracy/ros2_ws/src/mec_mobile/install/mec_mobile_description/share/mec_mobile_description/cmake/mec_mobile_descriptionConfig-version.cmake
[0.987s] -- Installing: /home/tracy/ros2_ws/src/mec_mobile/install/mec_mobile_description/share/mec_mobile_description/package.xml
[0.990s] Invoked command in '/home/tracy/ros2_ws/src/mec_mobile/build/mec_mobile_description' returned '0': CMAKE_PREFIX_PATH=${CMAKE_PREFIX_PATH}:/opt/ros/jazzy DEBUGINFOD_URLS=https://debuginfod.ubuntu.com /usr/bin/cmake --install /home/tracy/ros2_ws/src/mec_mobile/build/mec_mobile_description
