[0.020s] Invoking command in '/media/tracy/DATA/ros2_ws/src/build/mec_mobile_nav2': CMAKE_PREFIX_PATH=${CMAKE_PREFIX_PATH}:/opt/ros/jazzy DEBUGINFOD_URLS=https://debuginfod.ubuntu.com /usr/bin/cmake --build /media/tracy/DATA/ros2_ws/src/build/mec_mobile_nav2 -- -j16 -l16
[0.075s] Invoked command in '/media/tracy/DATA/ros2_ws/src/build/mec_mobile_nav2' returned '0': CMAKE_PREFIX_PATH=${CMAKE_PREFIX_PATH}:/opt/ros/jazzy DEBUGINFOD_URLS=https://debuginfod.ubuntu.com /usr/bin/cmake --build /media/tracy/DATA/ros2_ws/src/build/mec_mobile_nav2 -- -j16 -l16
[0.076s] Invoking command in '/media/tracy/DATA/ros2_ws/src/build/mec_mobile_nav2': CMAKE_PREFIX_PATH=${CMAKE_PREFIX_PATH}:/opt/ros/jazzy DEBUGINFOD_URLS=https://debuginfod.ubuntu.com /usr/bin/cmake --install /media/tracy/DATA/ros2_ws/src/build/mec_mobile_nav2
[0.084s] -- Install configuration: ""
[0.084s] -- Execute custom install script
[0.085s] -- Up-to-date symlink: /media/tracy/DATA/ros2_ws/src/install/mec_mobile_nav2/share/mec_mobile_nav2/launch/nav2_bringup_launch.py
[0.085s] -- Up-to-date symlink: /media/tracy/DATA/ros2_ws/src/install/mec_mobile_nav2/share/mec_mobile_nav2/config/nav2_params.yaml
[0.085s] -- Up-to-date symlink: /media/tracy/DATA/ros2_ws/src/install/mec_mobile_nav2/share/ament_index/resource_index/package_run_dependencies/mec_mobile_nav2
[0.086s] -- Up-to-date symlink: /media/tracy/DATA/ros2_ws/src/install/mec_mobile_nav2/share/ament_index/resource_index/parent_prefix_path/mec_mobile_nav2
[0.086s] -- Up-to-date symlink: /media/tracy/DATA/ros2_ws/src/install/mec_mobile_nav2/share/mec_mobile_nav2/environment/ament_prefix_path.sh
[0.086s] -- Up-to-date symlink: /media/tracy/DATA/ros2_ws/src/install/mec_mobile_nav2/share/mec_mobile_nav2/environment/ament_prefix_path.dsv
[0.086s] -- Up-to-date symlink: /media/tracy/DATA/ros2_ws/src/install/mec_mobile_nav2/share/mec_mobile_nav2/environment/path.sh
[0.086s] -- Up-to-date symlink: /media/tracy/DATA/ros2_ws/src/install/mec_mobile_nav2/share/mec_mobile_nav2/environment/path.dsv
[0.086s] -- Up-to-date symlink: /media/tracy/DATA/ros2_ws/src/install/mec_mobile_nav2/share/mec_mobile_nav2/local_setup.bash
[0.086s] -- Up-to-date symlink: /media/tracy/DATA/ros2_ws/src/install/mec_mobile_nav2/share/mec_mobile_nav2/local_setup.sh
[0.087s] -- Up-to-date symlink: /media/tracy/DATA/ros2_ws/src/install/mec_mobile_nav2/share/mec_mobile_nav2/local_setup.zsh
[0.087s] -- Up-to-date symlink: /media/tracy/DATA/ros2_ws/src/install/mec_mobile_nav2/share/mec_mobile_nav2/local_setup.dsv
[0.087s] -- Symlinking: /media/tracy/DATA/ros2_ws/src/install/mec_mobile_nav2/share/mec_mobile_nav2/package.dsv
[0.096s] -- Up-to-date symlink: /media/tracy/DATA/ros2_ws/src/install/mec_mobile_nav2/share/ament_index/resource_index/packages/mec_mobile_nav2
[0.096s] -- Up-to-date symlink: /media/tracy/DATA/ros2_ws/src/install/mec_mobile_nav2/share/mec_mobile_nav2/cmake/mec_mobile_nav2Config.cmake
[0.096s] -- Up-to-date symlink: /media/tracy/DATA/ros2_ws/src/install/mec_mobile_nav2/share/mec_mobile_nav2/cmake/mec_mobile_nav2Config-version.cmake
[0.097s] -- Up-to-date symlink: /media/tracy/DATA/ros2_ws/src/install/mec_mobile_nav2/share/mec_mobile_nav2/package.xml
[0.121s] Invoked command in '/media/tracy/DATA/ros2_ws/src/build/mec_mobile_nav2' returned '0': CMAKE_PREFIX_PATH=${CMAKE_PREFIX_PATH}:/opt/ros/jazzy DEBUGINFOD_URLS=https://debuginfod.ubuntu.com /usr/bin/cmake --install /media/tracy/DATA/ros2_ws/src/build/mec_mobile_nav2
