[0.017s] Invoking command in '/media/tracy/DATA/ros2_ws/src/build/mecanum_controller_cpp': CMAKE_PREFIX_PATH=${CMAKE_PREFIX_PATH}:/opt/ros/jazzy DEBUGINFOD_URLS=https://debuginfod.ubuntu.com /usr/bin/cmake --build /media/tracy/DATA/ros2_ws/src/build/mecanum_controller_cpp -- -j16 -l16
[0.117s] Invoked command in '/media/tracy/DATA/ros2_ws/src/build/mecanum_controller_cpp' returned '0': CMAKE_PREFIX_PATH=${CMAKE_PREFIX_PATH}:/opt/ros/jazzy DEBUGINFOD_URLS=https://debuginfod.ubuntu.com /usr/bin/cmake --build /media/tracy/DATA/ros2_ws/src/build/mecanum_controller_cpp -- -j16 -l16
[0.118s] Invoking command in '/media/tracy/DATA/ros2_ws/src/build/mecanum_controller_cpp': CMAKE_PREFIX_PATH=${CMAKE_PREFIX_PATH}:/opt/ros/jazzy DEBUGINFOD_URLS=https://debuginfod.ubuntu.com /usr/bin/cmake --install /media/tracy/DATA/ros2_ws/src/build/mecanum_controller_cpp
[0.126s] -- Install configuration: ""
[0.127s] -- Execute custom install script
[0.127s] -- Up-to-date symlink: /media/tracy/DATA/ros2_ws/src/install/mecanum_controller_cpp/share/ament_index/resource_index/package_run_dependencies/mecanum_controller_cpp
[0.128s] -- Up-to-date symlink: /media/tracy/DATA/ros2_ws/src/install/mecanum_controller_cpp/share/ament_index/resource_index/parent_prefix_path/mecanum_controller_cpp
[0.128s] -- Up-to-date symlink: /media/tracy/DATA/ros2_ws/src/install/mecanum_controller_cpp/share/mecanum_controller_cpp/environment/ament_prefix_path.sh
[0.129s] -- Up-to-date symlink: /media/tracy/DATA/ros2_ws/src/install/mecanum_controller_cpp/share/mecanum_controller_cpp/environment/ament_prefix_path.dsv
[0.129s] -- Up-to-date symlink: /media/tracy/DATA/ros2_ws/src/install/mecanum_controller_cpp/share/mecanum_controller_cpp/environment/path.sh
[0.129s] -- Up-to-date symlink: /media/tracy/DATA/ros2_ws/src/install/mecanum_controller_cpp/share/mecanum_controller_cpp/environment/path.dsv
[0.129s] -- Up-to-date symlink: /media/tracy/DATA/ros2_ws/src/install/mecanum_controller_cpp/share/mecanum_controller_cpp/local_setup.bash
[0.129s] -- Up-to-date symlink: /media/tracy/DATA/ros2_ws/src/install/mecanum_controller_cpp/share/mecanum_controller_cpp/local_setup.sh
[0.129s] -- Up-to-date symlink: /media/tracy/DATA/ros2_ws/src/install/mecanum_controller_cpp/share/mecanum_controller_cpp/local_setup.zsh
[0.129s] -- Up-to-date symlink: /media/tracy/DATA/ros2_ws/src/install/mecanum_controller_cpp/share/mecanum_controller_cpp/local_setup.dsv
[0.130s] -- Symlinking: /media/tracy/DATA/ros2_ws/src/install/mecanum_controller_cpp/share/mecanum_controller_cpp/package.dsv
[0.138s] -- Up-to-date symlink: /media/tracy/DATA/ros2_ws/src/install/mecanum_controller_cpp/share/ament_index/resource_index/packages/mecanum_controller_cpp
[0.138s] -- Up-to-date symlink: /media/tracy/DATA/ros2_ws/src/install/mecanum_controller_cpp/share/mecanum_controller_cpp/cmake/mecanum_controller_cppConfig.cmake
[0.138s] -- Up-to-date symlink: /media/tracy/DATA/ros2_ws/src/install/mecanum_controller_cpp/share/mecanum_controller_cpp/cmake/mecanum_controller_cppConfig-version.cmake
[0.139s] -- Up-to-date symlink: /media/tracy/DATA/ros2_ws/src/install/mecanum_controller_cpp/share/mecanum_controller_cpp/package.xml
[0.141s] Invoked command in '/media/tracy/DATA/ros2_ws/src/build/mecanum_controller_cpp' returned '0': CMAKE_PREFIX_PATH=${CMAKE_PREFIX_PATH}:/opt/ros/jazzy DEBUGINFOD_URLS=https://debuginfod.ubuntu.com /usr/bin/cmake --install /media/tracy/DATA/ros2_ws/src/build/mecanum_controller_cpp
