[0.085s] DEBUG:colcon:Command line arguments: ['/usr/bin/colcon', 'build', '--symlink-install']
[0.085s] DEBUG:colcon:Parsed command line arguments: Namespace(log_base=None, log_level=None, verb_name='build', build_base='build', install_base='install', merge_install=False, symlink_install=True, test_result_base=None, continue_on_error=False, executor='parallel', parallel_workers=16, event_handlers=None, ignore_user_meta=False, metas=['./colcon.meta'], base_paths=['.'], packages_ignore=None, packages_ignore_regex=None, paths=None, packages_up_to=None, packages_up_to_regex=None, packages_above=None, packages_above_and_dependencies=None, packages_above_depth=None, packages_select_by_dep=None, packages_skip_by_dep=None, packages_skip_up_to=None, packages_select_build_failed=False, packages_skip_build_finished=False, packages_select_test_failures=False, packages_skip_test_passed=False, packages_select=None, packages_skip=None, packages_select_regex=None, packages_skip_regex=None, packages_start=None, packages_end=None, allow_overriding=[], cmake_args=None, cmake_target=None, cmake_target_skip_unavailable=False, cmake_clean_cache=False, cmake_clean_first=False, cmake_force_configure=False, ament_cmake_args=None, catkin_cmake_args=None, catkin_skip_building_tests=False, mixin_files=None, mixin=None, verb_parser=<colcon_mixin.mixin.mixin_argument.MixinArgumentDecorator object at 0x72f675e90590>, verb_extension=<colcon_core.verb.build.BuildVerb object at 0x72f675e6f860>, main=<bound method BuildVerb.main of <colcon_core.verb.build.BuildVerb object at 0x72f675e6f860>>, mixin_verb=('build',))
[0.115s] Level 1:colcon.colcon_core.package_discovery:discover_packages(colcon_meta) check parameters
[0.115s] Level 1:colcon.colcon_core.package_discovery:discover_packages(recursive) check parameters
[0.115s] Level 1:colcon.colcon_core.package_discovery:discover_packages(ignore) check parameters
[0.115s] Level 1:colcon.colcon_core.package_discovery:discover_packages(path) check parameters
[0.115s] Level 1:colcon.colcon_core.package_discovery:discover_packages(colcon_meta) discover
[0.115s] Level 1:colcon.colcon_core.package_discovery:discover_packages(recursive) discover
[0.115s] INFO:colcon.colcon_core.package_discovery:Crawling recursively for packages in '/media/tracy/DATA/ros2_ws/src'
[0.115s] Level 1:colcon.colcon_core.package_identification:_identify(.) by extensions ['ignore', 'ignore_ament_install']
[0.115s] Level 1:colcon.colcon_core.package_identification:_identify(.) by extension 'ignore'
[0.115s] Level 1:colcon.colcon_core.package_identification:_identify(.) by extension 'ignore_ament_install'
[0.115s] Level 1:colcon.colcon_core.package_identification:_identify(.) by extensions ['colcon_pkg']
[0.115s] Level 1:colcon.colcon_core.package_identification:_identify(.) by extension 'colcon_pkg'
[0.115s] Level 1:colcon.colcon_core.package_identification:_identify(.) by extensions ['colcon_meta']
[0.115s] Level 1:colcon.colcon_core.package_identification:_identify(.) by extension 'colcon_meta'
[0.116s] Level 1:colcon.colcon_core.package_identification:_identify(.) by extensions ['ros']
[0.116s] Level 1:colcon.colcon_core.package_identification:_identify(.) by extension 'ros'
[0.134s] Level 1:colcon.colcon_core.package_identification:_identify(.) by extensions ['cmake', 'python']
[0.134s] Level 1:colcon.colcon_core.package_identification:_identify(.) by extension 'cmake'
[0.134s] Level 1:colcon.colcon_core.package_identification:_identify(.) by extension 'python'
[0.134s] Level 1:colcon.colcon_core.package_identification:_identify(.) by extensions ['python_setup_py']
[0.134s] Level 1:colcon.colcon_core.package_identification:_identify(.) by extension 'python_setup_py'
[0.134s] Level 1:colcon.colcon_core.package_identification:_identify(build) by extensions ['ignore', 'ignore_ament_install']
[0.134s] Level 1:colcon.colcon_core.package_identification:_identify(build) by extension 'ignore'
[0.135s] Level 1:colcon.colcon_core.package_identification:_identify(build) ignored
[0.135s] Level 1:colcon.colcon_core.package_identification:_identify(install) by extensions ['ignore', 'ignore_ament_install']
[0.135s] Level 1:colcon.colcon_core.package_identification:_identify(install) by extension 'ignore'
[0.135s] Level 1:colcon.colcon_core.package_identification:_identify(install) ignored
[0.135s] Level 1:colcon.colcon_core.package_identification:_identify(log) by extensions ['ignore', 'ignore_ament_install']
[0.135s] Level 1:colcon.colcon_core.package_identification:_identify(log) by extension 'ignore'
[0.135s] Level 1:colcon.colcon_core.package_identification:_identify(log) ignored
[0.135s] Level 1:colcon.colcon_core.package_identification:_identify(mec_mobile) by extensions ['ignore', 'ignore_ament_install']
[0.135s] Level 1:colcon.colcon_core.package_identification:_identify(mec_mobile) by extension 'ignore'
[0.135s] Level 1:colcon.colcon_core.package_identification:_identify(mec_mobile) by extension 'ignore_ament_install'
[0.135s] Level 1:colcon.colcon_core.package_identification:_identify(mec_mobile) by extensions ['colcon_pkg']
[0.135s] Level 1:colcon.colcon_core.package_identification:_identify(mec_mobile) by extension 'colcon_pkg'
[0.135s] Level 1:colcon.colcon_core.package_identification:_identify(mec_mobile) by extensions ['colcon_meta']
[0.135s] Level 1:colcon.colcon_core.package_identification:_identify(mec_mobile) by extension 'colcon_meta'
[0.135s] Level 1:colcon.colcon_core.package_identification:_identify(mec_mobile) by extensions ['ros']
[0.135s] Level 1:colcon.colcon_core.package_identification:_identify(mec_mobile) by extension 'ros'
[0.135s] Level 1:colcon.colcon_core.package_identification:_identify(mec_mobile) by extensions ['cmake', 'python']
[0.135s] Level 1:colcon.colcon_core.package_identification:_identify(mec_mobile) by extension 'cmake'
[0.136s] Level 1:colcon.colcon_core.package_identification:_identify(mec_mobile) by extension 'python'
[0.136s] Level 1:colcon.colcon_core.package_identification:_identify(mec_mobile) by extensions ['python_setup_py']
[0.136s] Level 1:colcon.colcon_core.package_identification:_identify(mec_mobile) by extension 'python_setup_py'
[0.136s] Level 1:colcon.colcon_core.package_identification:_identify(mec_mobile/build) by extensions ['ignore', 'ignore_ament_install']
[0.136s] Level 1:colcon.colcon_core.package_identification:_identify(mec_mobile/build) by extension 'ignore'
[0.136s] Level 1:colcon.colcon_core.package_identification:_identify(mec_mobile/build) ignored
[0.136s] Level 1:colcon.colcon_core.package_identification:_identify(mec_mobile/install) by extensions ['ignore', 'ignore_ament_install']
[0.136s] Level 1:colcon.colcon_core.package_identification:_identify(mec_mobile/install) by extension 'ignore'
[0.136s] Level 1:colcon.colcon_core.package_identification:_identify(mec_mobile/install) ignored
[0.136s] Level 1:colcon.colcon_core.package_identification:_identify(mec_mobile/log) by extensions ['ignore', 'ignore_ament_install']
[0.136s] Level 1:colcon.colcon_core.package_identification:_identify(mec_mobile/log) by extension 'ignore'
[0.136s] Level 1:colcon.colcon_core.package_identification:_identify(mec_mobile/log) ignored
[0.136s] Level 1:colcon.colcon_core.package_identification:_identify(mec_mobile/mec_mobile) by extensions ['ignore', 'ignore_ament_install']
[0.136s] Level 1:colcon.colcon_core.package_identification:_identify(mec_mobile/mec_mobile) by extension 'ignore'
[0.136s] Level 1:colcon.colcon_core.package_identification:_identify(mec_mobile/mec_mobile) by extension 'ignore_ament_install'
[0.136s] Level 1:colcon.colcon_core.package_identification:_identify(mec_mobile/mec_mobile) by extensions ['colcon_pkg']
[0.136s] Level 1:colcon.colcon_core.package_identification:_identify(mec_mobile/mec_mobile) by extension 'colcon_pkg'
[0.137s] Level 1:colcon.colcon_core.package_identification:_identify(mec_mobile/mec_mobile) by extensions ['colcon_meta']
[0.137s] Level 1:colcon.colcon_core.package_identification:_identify(mec_mobile/mec_mobile) by extension 'colcon_meta'
[0.137s] Level 1:colcon.colcon_core.package_identification:_identify(mec_mobile/mec_mobile) by extensions ['ros']
[0.137s] Level 1:colcon.colcon_core.package_identification:_identify(mec_mobile/mec_mobile) by extension 'ros'
[0.138s] DEBUG:colcon.colcon_core.package_identification:Package 'mec_mobile/mec_mobile' with type 'ros.ament_cmake' and name 'mec_mobile'
[0.138s] Level 1:colcon.colcon_core.package_identification:_identify(mec_mobile/mec_mobile_description) by extensions ['ignore', 'ignore_ament_install']
[0.139s] Level 1:colcon.colcon_core.package_identification:_identify(mec_mobile/mec_mobile_description) by extension 'ignore'
[0.139s] Level 1:colcon.colcon_core.package_identification:_identify(mec_mobile/mec_mobile_description) by extension 'ignore_ament_install'
[0.139s] Level 1:colcon.colcon_core.package_identification:_identify(mec_mobile/mec_mobile_description) by extensions ['colcon_pkg']
[0.139s] Level 1:colcon.colcon_core.package_identification:_identify(mec_mobile/mec_mobile_description) by extension 'colcon_pkg'
[0.139s] Level 1:colcon.colcon_core.package_identification:_identify(mec_mobile/mec_mobile_description) by extensions ['colcon_meta']
[0.139s] Level 1:colcon.colcon_core.package_identification:_identify(mec_mobile/mec_mobile_description) by extension 'colcon_meta'
[0.139s] Level 1:colcon.colcon_core.package_identification:_identify(mec_mobile/mec_mobile_description) by extensions ['ros']
[0.139s] Level 1:colcon.colcon_core.package_identification:_identify(mec_mobile/mec_mobile_description) by extension 'ros'
[0.139s] DEBUG:colcon.colcon_core.package_identification:Package 'mec_mobile/mec_mobile_description' with type 'ros.ament_cmake' and name 'mec_mobile_description'
[0.139s] Level 1:colcon.colcon_core.package_identification:_identify(mec_mobile/mec_mobile_gazebo) by extensions ['ignore', 'ignore_ament_install']
[0.139s] Level 1:colcon.colcon_core.package_identification:_identify(mec_mobile/mec_mobile_gazebo) by extension 'ignore'
[0.139s] Level 1:colcon.colcon_core.package_identification:_identify(mec_mobile/mec_mobile_gazebo) by extension 'ignore_ament_install'
[0.139s] Level 1:colcon.colcon_core.package_identification:_identify(mec_mobile/mec_mobile_gazebo) by extensions ['colcon_pkg']
[0.139s] Level 1:colcon.colcon_core.package_identification:_identify(mec_mobile/mec_mobile_gazebo) by extension 'colcon_pkg'
[0.140s] Level 1:colcon.colcon_core.package_identification:_identify(mec_mobile/mec_mobile_gazebo) by extensions ['colcon_meta']
[0.140s] Level 1:colcon.colcon_core.package_identification:_identify(mec_mobile/mec_mobile_gazebo) by extension 'colcon_meta'
[0.140s] Level 1:colcon.colcon_core.package_identification:_identify(mec_mobile/mec_mobile_gazebo) by extensions ['ros']
[0.140s] Level 1:colcon.colcon_core.package_identification:_identify(mec_mobile/mec_mobile_gazebo) by extension 'ros'
[0.140s] DEBUG:colcon.colcon_core.package_identification:Package 'mec_mobile/mec_mobile_gazebo' with type 'ros.ament_cmake' and name 'mec_mobile_gazebo'
[0.140s] Level 1:colcon.colcon_core.package_identification:_identify(mec_mobile_nav2) by extensions ['ignore', 'ignore_ament_install']
[0.140s] Level 1:colcon.colcon_core.package_identification:_identify(mec_mobile_nav2) by extension 'ignore'
[0.140s] Level 1:colcon.colcon_core.package_identification:_identify(mec_mobile_nav2) by extension 'ignore_ament_install'
[0.140s] Level 1:colcon.colcon_core.package_identification:_identify(mec_mobile_nav2) by extensions ['colcon_pkg']
[0.140s] Level 1:colcon.colcon_core.package_identification:_identify(mec_mobile_nav2) by extension 'colcon_pkg'
[0.140s] Level 1:colcon.colcon_core.package_identification:_identify(mec_mobile_nav2) by extensions ['colcon_meta']
[0.140s] Level 1:colcon.colcon_core.package_identification:_identify(mec_mobile_nav2) by extension 'colcon_meta'
[0.140s] Level 1:colcon.colcon_core.package_identification:_identify(mec_mobile_nav2) by extensions ['ros']
[0.140s] Level 1:colcon.colcon_core.package_identification:_identify(mec_mobile_nav2) by extension 'ros'
[0.141s] DEBUG:colcon.colcon_core.package_identification:Package 'mec_mobile_nav2' with type 'ros.ament_cmake' and name 'mec_mobile_nav2'
[0.141s] Level 1:colcon.colcon_core.package_identification:_identify(mecanum_controller_cpp) by extensions ['ignore', 'ignore_ament_install']
[0.141s] Level 1:colcon.colcon_core.package_identification:_identify(mecanum_controller_cpp) by extension 'ignore'
[0.141s] Level 1:colcon.colcon_core.package_identification:_identify(mecanum_controller_cpp) by extension 'ignore_ament_install'
[0.141s] Level 1:colcon.colcon_core.package_identification:_identify(mecanum_controller_cpp) by extensions ['colcon_pkg']
[0.141s] Level 1:colcon.colcon_core.package_identification:_identify(mecanum_controller_cpp) by extension 'colcon_pkg'
[0.141s] Level 1:colcon.colcon_core.package_identification:_identify(mecanum_controller_cpp) by extensions ['colcon_meta']
[0.141s] Level 1:colcon.colcon_core.package_identification:_identify(mecanum_controller_cpp) by extension 'colcon_meta'
[0.141s] Level 1:colcon.colcon_core.package_identification:_identify(mecanum_controller_cpp) by extensions ['ros']
[0.141s] Level 1:colcon.colcon_core.package_identification:_identify(mecanum_controller_cpp) by extension 'ros'
[0.142s] DEBUG:colcon.colcon_core.package_identification:Package 'mecanum_controller_cpp' with type 'ros.ament_cmake' and name 'mecanum_controller_cpp'
[0.142s] Level 1:colcon.colcon_core.package_discovery:discover_packages(recursive) using defaults
[0.142s] Level 1:colcon.colcon_core.package_discovery:discover_packages(ignore) discover
[0.142s] Level 1:colcon.colcon_core.package_discovery:discover_packages(ignore) using defaults
[0.142s] Level 1:colcon.colcon_core.package_discovery:discover_packages(path) discover
[0.142s] Level 1:colcon.colcon_core.package_discovery:discover_packages(path) using defaults
[0.156s] Level 1:colcon.colcon_core.package_discovery:discover_packages(prefix_path) check parameters
[0.156s] Level 1:colcon.colcon_core.package_discovery:discover_packages(prefix_path) discover
[0.157s] DEBUG:colcon.colcon_installed_package_information.package_discovery:Found 5 installed packages in /media/tracy/DATA/ros2_ws/src/install
[0.158s] DEBUG:colcon.colcon_installed_package_information.package_discovery:Found 4 installed packages in /media/tracy/DATA/ros2_ws/install
[0.160s] DEBUG:colcon.colcon_installed_package_information.package_discovery:Found 389 installed packages in /opt/ros/jazzy
[0.161s] Level 1:colcon.colcon_core.package_discovery:discover_packages(prefix_path) using defaults
[0.202s] Level 5:colcon.colcon_core.verb:set package 'mec_mobile_description' build argument 'cmake_args' from command line to 'None'
[0.202s] Level 5:colcon.colcon_core.verb:set package 'mec_mobile_description' build argument 'cmake_target' from command line to 'None'
[0.202s] Level 5:colcon.colcon_core.verb:set package 'mec_mobile_description' build argument 'cmake_target_skip_unavailable' from command line to 'False'
[0.202s] Level 5:colcon.colcon_core.verb:set package 'mec_mobile_description' build argument 'cmake_clean_cache' from command line to 'False'
[0.202s] Level 5:colcon.colcon_core.verb:set package 'mec_mobile_description' build argument 'cmake_clean_first' from command line to 'False'
[0.202s] Level 5:colcon.colcon_core.verb:set package 'mec_mobile_description' build argument 'cmake_force_configure' from command line to 'False'
[0.202s] Level 5:colcon.colcon_core.verb:set package 'mec_mobile_description' build argument 'ament_cmake_args' from command line to 'None'
[0.202s] Level 5:colcon.colcon_core.verb:set package 'mec_mobile_description' build argument 'catkin_cmake_args' from command line to 'None'
[0.202s] Level 5:colcon.colcon_core.verb:set package 'mec_mobile_description' build argument 'catkin_skip_building_tests' from command line to 'False'
[0.202s] DEBUG:colcon.colcon_core.verb:Building package 'mec_mobile_description' with the following arguments: {'ament_cmake_args': None, 'build_base': '/media/tracy/DATA/ros2_ws/src/build/mec_mobile_description', 'catkin_cmake_args': None, 'catkin_skip_building_tests': False, 'cmake_args': None, 'cmake_clean_cache': False, 'cmake_clean_first': False, 'cmake_force_configure': False, 'cmake_target': None, 'cmake_target_skip_unavailable': False, 'install_base': '/media/tracy/DATA/ros2_ws/src/install/mec_mobile_description', 'merge_install': False, 'path': '/media/tracy/DATA/ros2_ws/src/mec_mobile/mec_mobile_description', 'symlink_install': True, 'test_result_base': None}
[0.202s] Level 5:colcon.colcon_core.verb:set package 'mec_mobile_gazebo' build argument 'cmake_args' from command line to 'None'
[0.202s] Level 5:colcon.colcon_core.verb:set package 'mec_mobile_gazebo' build argument 'cmake_target' from command line to 'None'
[0.202s] Level 5:colcon.colcon_core.verb:set package 'mec_mobile_gazebo' build argument 'cmake_target_skip_unavailable' from command line to 'False'
[0.202s] Level 5:colcon.colcon_core.verb:set package 'mec_mobile_gazebo' build argument 'cmake_clean_cache' from command line to 'False'
[0.202s] Level 5:colcon.colcon_core.verb:set package 'mec_mobile_gazebo' build argument 'cmake_clean_first' from command line to 'False'
[0.202s] Level 5:colcon.colcon_core.verb:set package 'mec_mobile_gazebo' build argument 'cmake_force_configure' from command line to 'False'
[0.202s] Level 5:colcon.colcon_core.verb:set package 'mec_mobile_gazebo' build argument 'ament_cmake_args' from command line to 'None'
[0.202s] Level 5:colcon.colcon_core.verb:set package 'mec_mobile_gazebo' build argument 'catkin_cmake_args' from command line to 'None'
[0.202s] Level 5:colcon.colcon_core.verb:set package 'mec_mobile_gazebo' build argument 'catkin_skip_building_tests' from command line to 'False'
[0.202s] DEBUG:colcon.colcon_core.verb:Building package 'mec_mobile_gazebo' with the following arguments: {'ament_cmake_args': None, 'build_base': '/media/tracy/DATA/ros2_ws/src/build/mec_mobile_gazebo', 'catkin_cmake_args': None, 'catkin_skip_building_tests': False, 'cmake_args': None, 'cmake_clean_cache': False, 'cmake_clean_first': False, 'cmake_force_configure': False, 'cmake_target': None, 'cmake_target_skip_unavailable': False, 'install_base': '/media/tracy/DATA/ros2_ws/src/install/mec_mobile_gazebo', 'merge_install': False, 'path': '/media/tracy/DATA/ros2_ws/src/mec_mobile/mec_mobile_gazebo', 'symlink_install': True, 'test_result_base': None}
[0.202s] Level 5:colcon.colcon_core.verb:set package 'mec_mobile_nav2' build argument 'cmake_args' from command line to 'None'
[0.202s] Level 5:colcon.colcon_core.verb:set package 'mec_mobile_nav2' build argument 'cmake_target' from command line to 'None'
[0.202s] Level 5:colcon.colcon_core.verb:set package 'mec_mobile_nav2' build argument 'cmake_target_skip_unavailable' from command line to 'False'
[0.202s] Level 5:colcon.colcon_core.verb:set package 'mec_mobile_nav2' build argument 'cmake_clean_cache' from command line to 'False'
[0.202s] Level 5:colcon.colcon_core.verb:set package 'mec_mobile_nav2' build argument 'cmake_clean_first' from command line to 'False'
[0.203s] Level 5:colcon.colcon_core.verb:set package 'mec_mobile_nav2' build argument 'cmake_force_configure' from command line to 'False'
[0.203s] Level 5:colcon.colcon_core.verb:set package 'mec_mobile_nav2' build argument 'ament_cmake_args' from command line to 'None'
[0.203s] Level 5:colcon.colcon_core.verb:set package 'mec_mobile_nav2' build argument 'catkin_cmake_args' from command line to 'None'
[0.203s] Level 5:colcon.colcon_core.verb:set package 'mec_mobile_nav2' build argument 'catkin_skip_building_tests' from command line to 'False'
[0.203s] DEBUG:colcon.colcon_core.verb:Building package 'mec_mobile_nav2' with the following arguments: {'ament_cmake_args': None, 'build_base': '/media/tracy/DATA/ros2_ws/src/build/mec_mobile_nav2', 'catkin_cmake_args': None, 'catkin_skip_building_tests': False, 'cmake_args': None, 'cmake_clean_cache': False, 'cmake_clean_first': False, 'cmake_force_configure': False, 'cmake_target': None, 'cmake_target_skip_unavailable': False, 'install_base': '/media/tracy/DATA/ros2_ws/src/install/mec_mobile_nav2', 'merge_install': False, 'path': '/media/tracy/DATA/ros2_ws/src/mec_mobile_nav2', 'symlink_install': True, 'test_result_base': None}
[0.203s] Level 5:colcon.colcon_core.verb:set package 'mecanum_controller_cpp' build argument 'cmake_args' from command line to 'None'
[0.203s] Level 5:colcon.colcon_core.verb:set package 'mecanum_controller_cpp' build argument 'cmake_target' from command line to 'None'
[0.203s] Level 5:colcon.colcon_core.verb:set package 'mecanum_controller_cpp' build argument 'cmake_target_skip_unavailable' from command line to 'False'
[0.203s] Level 5:colcon.colcon_core.verb:set package 'mecanum_controller_cpp' build argument 'cmake_clean_cache' from command line to 'False'
[0.203s] Level 5:colcon.colcon_core.verb:set package 'mecanum_controller_cpp' build argument 'cmake_clean_first' from command line to 'False'
[0.203s] Level 5:colcon.colcon_core.verb:set package 'mecanum_controller_cpp' build argument 'cmake_force_configure' from command line to 'False'
[0.203s] Level 5:colcon.colcon_core.verb:set package 'mecanum_controller_cpp' build argument 'ament_cmake_args' from command line to 'None'
[0.203s] Level 5:colcon.colcon_core.verb:set package 'mecanum_controller_cpp' build argument 'catkin_cmake_args' from command line to 'None'
[0.203s] Level 5:colcon.colcon_core.verb:set package 'mecanum_controller_cpp' build argument 'catkin_skip_building_tests' from command line to 'False'
[0.203s] DEBUG:colcon.colcon_core.verb:Building package 'mecanum_controller_cpp' with the following arguments: {'ament_cmake_args': None, 'build_base': '/media/tracy/DATA/ros2_ws/src/build/mecanum_controller_cpp', 'catkin_cmake_args': None, 'catkin_skip_building_tests': False, 'cmake_args': None, 'cmake_clean_cache': False, 'cmake_clean_first': False, 'cmake_force_configure': False, 'cmake_target': None, 'cmake_target_skip_unavailable': False, 'install_base': '/media/tracy/DATA/ros2_ws/src/install/mecanum_controller_cpp', 'merge_install': False, 'path': '/media/tracy/DATA/ros2_ws/src/mecanum_controller_cpp', 'symlink_install': True, 'test_result_base': None}
[0.203s] Level 5:colcon.colcon_core.verb:set package 'mec_mobile' build argument 'cmake_args' from command line to 'None'
[0.203s] Level 5:colcon.colcon_core.verb:set package 'mec_mobile' build argument 'cmake_target' from command line to 'None'
[0.203s] Level 5:colcon.colcon_core.verb:set package 'mec_mobile' build argument 'cmake_target_skip_unavailable' from command line to 'False'
[0.203s] Level 5:colcon.colcon_core.verb:set package 'mec_mobile' build argument 'cmake_clean_cache' from command line to 'False'
[0.203s] Level 5:colcon.colcon_core.verb:set package 'mec_mobile' build argument 'cmake_clean_first' from command line to 'False'
[0.203s] Level 5:colcon.colcon_core.verb:set package 'mec_mobile' build argument 'cmake_force_configure' from command line to 'False'
[0.203s] Level 5:colcon.colcon_core.verb:set package 'mec_mobile' build argument 'ament_cmake_args' from command line to 'None'
[0.203s] Level 5:colcon.colcon_core.verb:set package 'mec_mobile' build argument 'catkin_cmake_args' from command line to 'None'
[0.203s] Level 5:colcon.colcon_core.verb:set package 'mec_mobile' build argument 'catkin_skip_building_tests' from command line to 'False'
[0.203s] DEBUG:colcon.colcon_core.verb:Building package 'mec_mobile' with the following arguments: {'ament_cmake_args': None, 'build_base': '/media/tracy/DATA/ros2_ws/src/build/mec_mobile', 'catkin_cmake_args': None, 'catkin_skip_building_tests': False, 'cmake_args': None, 'cmake_clean_cache': False, 'cmake_clean_first': False, 'cmake_force_configure': False, 'cmake_target': None, 'cmake_target_skip_unavailable': False, 'install_base': '/media/tracy/DATA/ros2_ws/src/install/mec_mobile', 'merge_install': False, 'path': '/media/tracy/DATA/ros2_ws/src/mec_mobile/mec_mobile', 'symlink_install': True, 'test_result_base': None}
[0.203s] INFO:colcon.colcon_core.executor:Executing jobs using 'parallel' executor
[0.204s] DEBUG:colcon.colcon_parallel_executor.executor.parallel:run_until_complete
[0.204s] INFO:colcon.colcon_ros.task.ament_cmake.build:Building ROS package in '/media/tracy/DATA/ros2_ws/src/mec_mobile/mec_mobile_description' with build type 'ament_cmake'
[0.204s] INFO:colcon.colcon_cmake.task.cmake.build:Building CMake package in '/media/tracy/DATA/ros2_ws/src/mec_mobile/mec_mobile_description'
[0.206s] INFO:colcon.colcon_core.plugin_system:Skipping extension 'colcon_core.shell.bat': Not used on non-Windows systems
[0.206s] INFO:colcon.colcon_core.shell:Skip shell extension 'powershell' for command environment: Not usable outside of PowerShell
[0.206s] DEBUG:colcon.colcon_core.shell:Skip shell extension 'dsv' for command environment
[0.213s] INFO:colcon.colcon_ros.task.ament_cmake.build:Building ROS package in '/media/tracy/DATA/ros2_ws/src/mec_mobile/mec_mobile_gazebo' with build type 'ament_cmake'
[0.213s] INFO:colcon.colcon_cmake.task.cmake.build:Building CMake package in '/media/tracy/DATA/ros2_ws/src/mec_mobile/mec_mobile_gazebo'
[0.213s] INFO:colcon.colcon_core.shell:Skip shell extension 'powershell' for command environment: Not usable outside of PowerShell
[0.213s] DEBUG:colcon.colcon_core.shell:Skip shell extension 'dsv' for command environment
[0.218s] INFO:colcon.colcon_ros.task.ament_cmake.build:Building ROS package in '/media/tracy/DATA/ros2_ws/src/mec_mobile_nav2' with build type 'ament_cmake'
[0.218s] INFO:colcon.colcon_cmake.task.cmake.build:Building CMake package in '/media/tracy/DATA/ros2_ws/src/mec_mobile_nav2'
[0.218s] INFO:colcon.colcon_core.shell:Skip shell extension 'powershell' for command environment: Not usable outside of PowerShell
[0.218s] DEBUG:colcon.colcon_core.shell:Skip shell extension 'dsv' for command environment
[0.223s] INFO:colcon.colcon_ros.task.ament_cmake.build:Building ROS package in '/media/tracy/DATA/ros2_ws/src/mecanum_controller_cpp' with build type 'ament_cmake'
[0.223s] INFO:colcon.colcon_cmake.task.cmake.build:Building CMake package in '/media/tracy/DATA/ros2_ws/src/mecanum_controller_cpp'
[0.224s] INFO:colcon.colcon_core.shell:Skip shell extension 'powershell' for command environment: Not usable outside of PowerShell
[0.224s] DEBUG:colcon.colcon_core.shell:Skip shell extension 'dsv' for command environment
[0.234s] DEBUG:colcon.colcon_core.event_handler.log_command:Invoking command in '/media/tracy/DATA/ros2_ws/src/build/mec_mobile_description': CMAKE_PREFIX_PATH=${CMAKE_PREFIX_PATH}:/opt/ros/jazzy DEBUGINFOD_URLS=https://debuginfod.ubuntu.com /usr/bin/cmake --build /media/tracy/DATA/ros2_ws/src/build/mec_mobile_description -- -j16 -l16
[0.236s] DEBUG:colcon.colcon_core.event_handler.log_command:Invoking command in '/media/tracy/DATA/ros2_ws/src/build/mec_mobile_gazebo': CMAKE_PREFIX_PATH=${CMAKE_PREFIX_PATH}:/opt/ros/jazzy DEBUGINFOD_URLS=https://debuginfod.ubuntu.com /usr/bin/cmake --build /media/tracy/DATA/ros2_ws/src/build/mec_mobile_gazebo -- -j16 -l16
[0.238s] DEBUG:colcon.colcon_core.event_handler.log_command:Invoking command in '/media/tracy/DATA/ros2_ws/src/build/mec_mobile_nav2': CMAKE_PREFIX_PATH=${CMAKE_PREFIX_PATH}:/opt/ros/jazzy DEBUGINFOD_URLS=https://debuginfod.ubuntu.com /usr/bin/cmake /media/tracy/DATA/ros2_ws/src/mec_mobile_nav2 -DAMENT_CMAKE_SYMLINK_INSTALL=1 -DCMAKE_INSTALL_PREFIX=/media/tracy/DATA/ros2_ws/src/install/mec_mobile_nav2
[0.241s] DEBUG:colcon.colcon_core.event_handler.log_command:Invoking command in '/media/tracy/DATA/ros2_ws/src/build/mecanum_controller_cpp': CMAKE_PREFIX_PATH=${CMAKE_PREFIX_PATH}:/opt/ros/jazzy DEBUGINFOD_URLS=https://debuginfod.ubuntu.com /usr/bin/cmake --build /media/tracy/DATA/ros2_ws/src/build/mecanum_controller_cpp -- -j16 -l16
[0.285s] DEBUG:colcon.colcon_core.event_handler.log_command:Invoked command in '/media/tracy/DATA/ros2_ws/src/build/mec_mobile_description' returned '0': CMAKE_PREFIX_PATH=${CMAKE_PREFIX_PATH}:/opt/ros/jazzy DEBUGINFOD_URLS=https://debuginfod.ubuntu.com /usr/bin/cmake --build /media/tracy/DATA/ros2_ws/src/build/mec_mobile_description -- -j16 -l16
[0.295s] DEBUG:colcon.colcon_core.event_handler.log_command:Invoking command in '/media/tracy/DATA/ros2_ws/src/build/mec_mobile_description': CMAKE_PREFIX_PATH=${CMAKE_PREFIX_PATH}:/opt/ros/jazzy DEBUGINFOD_URLS=https://debuginfod.ubuntu.com /usr/bin/cmake --install /media/tracy/DATA/ros2_ws/src/build/mec_mobile_description
[0.296s] DEBUG:colcon.colcon_core.event_handler.log_command:Invoked command in '/media/tracy/DATA/ros2_ws/src/build/mecanum_controller_cpp' returned '0': CMAKE_PREFIX_PATH=${CMAKE_PREFIX_PATH}:/opt/ros/jazzy DEBUGINFOD_URLS=https://debuginfod.ubuntu.com /usr/bin/cmake --build /media/tracy/DATA/ros2_ws/src/build/mecanum_controller_cpp -- -j16 -l16
[0.296s] DEBUG:colcon.colcon_core.event_handler.log_command:Invoking command in '/media/tracy/DATA/ros2_ws/src/build/mecanum_controller_cpp': CMAKE_PREFIX_PATH=${CMAKE_PREFIX_PATH}:/opt/ros/jazzy DEBUGINFOD_URLS=https://debuginfod.ubuntu.com /usr/bin/cmake --install /media/tracy/DATA/ros2_ws/src/build/mecanum_controller_cpp
[0.297s] DEBUG:colcon.colcon_core.event_handler.log_command:Invoked command in '/media/tracy/DATA/ros2_ws/src/build/mec_mobile_gazebo' returned '0': CMAKE_PREFIX_PATH=${CMAKE_PREFIX_PATH}:/opt/ros/jazzy DEBUGINFOD_URLS=https://debuginfod.ubuntu.com /usr/bin/cmake --build /media/tracy/DATA/ros2_ws/src/build/mec_mobile_gazebo -- -j16 -l16
[0.298s] DEBUG:colcon.colcon_core.event_handler.log_command:Invoking command in '/media/tracy/DATA/ros2_ws/src/build/mec_mobile_gazebo': CMAKE_PREFIX_PATH=${CMAKE_PREFIX_PATH}:/opt/ros/jazzy DEBUGINFOD_URLS=https://debuginfod.ubuntu.com /usr/bin/cmake --install /media/tracy/DATA/ros2_ws/src/build/mec_mobile_gazebo
[0.320s] Level 1:colcon.colcon_core.environment:create_environment_scripts_only(mecanum_controller_cpp)
[0.321s] DEBUG:colcon.colcon_core.event_handler.log_command:Invoked command in '/media/tracy/DATA/ros2_ws/src/build/mecanum_controller_cpp' returned '0': CMAKE_PREFIX_PATH=${CMAKE_PREFIX_PATH}:/opt/ros/jazzy DEBUGINFOD_URLS=https://debuginfod.ubuntu.com /usr/bin/cmake --install /media/tracy/DATA/ros2_ws/src/build/mecanum_controller_cpp
[0.324s] Level 1:colcon.colcon_core.environment:checking '/media/tracy/DATA/ros2_ws/src/install/mecanum_controller_cpp' for CMake module files
[0.324s] Level 1:colcon.colcon_core.environment:checking '/media/tracy/DATA/ros2_ws/src/install/mecanum_controller_cpp' for CMake config files
[0.325s] Level 1:colcon.colcon_core.shell:create_environment_hook('mecanum_controller_cpp', 'cmake_prefix_path')
[0.325s] INFO:colcon.colcon_core.shell:Creating environment hook '/media/tracy/DATA/ros2_ws/src/install/mecanum_controller_cpp/share/mecanum_controller_cpp/hook/cmake_prefix_path.ps1'
[0.325s] INFO:colcon.colcon_core.shell:Creating environment descriptor '/media/tracy/DATA/ros2_ws/src/install/mecanum_controller_cpp/share/mecanum_controller_cpp/hook/cmake_prefix_path.dsv'
[0.326s] INFO:colcon.colcon_core.shell:Creating environment hook '/media/tracy/DATA/ros2_ws/src/install/mecanum_controller_cpp/share/mecanum_controller_cpp/hook/cmake_prefix_path.sh'
[0.326s] Level 1:colcon.colcon_core.environment:checking '/media/tracy/DATA/ros2_ws/src/install/mecanum_controller_cpp/bin'
[0.327s] Level 1:colcon.colcon_core.environment:checking '/media/tracy/DATA/ros2_ws/src/install/mecanum_controller_cpp/lib/pkgconfig/mecanum_controller_cpp.pc'
[0.327s] Level 1:colcon.colcon_core.environment:checking '/media/tracy/DATA/ros2_ws/src/install/mecanum_controller_cpp/lib/python3.12/site-packages'
[0.327s] Level 1:colcon.colcon_core.environment:checking '/media/tracy/DATA/ros2_ws/src/install/mecanum_controller_cpp/bin'
[0.327s] INFO:colcon.colcon_core.shell:Creating package script '/media/tracy/DATA/ros2_ws/src/install/mecanum_controller_cpp/share/mecanum_controller_cpp/package.ps1'
[0.328s] INFO:colcon.colcon_core.shell:Creating package descriptor '/media/tracy/DATA/ros2_ws/src/install/mecanum_controller_cpp/share/mecanum_controller_cpp/package.dsv'
[0.328s] INFO:colcon.colcon_core.shell:Creating package script '/media/tracy/DATA/ros2_ws/src/install/mecanum_controller_cpp/share/mecanum_controller_cpp/package.sh'
[0.328s] INFO:colcon.colcon_core.shell:Creating package script '/media/tracy/DATA/ros2_ws/src/install/mecanum_controller_cpp/share/mecanum_controller_cpp/package.bash'
[0.329s] INFO:colcon.colcon_core.shell:Creating package script '/media/tracy/DATA/ros2_ws/src/install/mecanum_controller_cpp/share/mecanum_controller_cpp/package.zsh'
[0.329s] Level 1:colcon.colcon_core.environment:create_file_with_runtime_dependencies(/media/tracy/DATA/ros2_ws/src/install/mecanum_controller_cpp/share/colcon-core/packages/mecanum_controller_cpp)
[0.330s] Level 1:colcon.colcon_core.environment:create_environment_scripts_only(mecanum_controller_cpp)
[0.330s] Level 1:colcon.colcon_core.environment:checking '/media/tracy/DATA/ros2_ws/src/install/mecanum_controller_cpp' for CMake module files
[0.330s] Level 1:colcon.colcon_core.environment:checking '/media/tracy/DATA/ros2_ws/src/install/mecanum_controller_cpp' for CMake config files
[0.331s] Level 1:colcon.colcon_core.shell:create_environment_hook('mecanum_controller_cpp', 'cmake_prefix_path')
[0.331s] INFO:colcon.colcon_core.shell:Creating environment hook '/media/tracy/DATA/ros2_ws/src/install/mecanum_controller_cpp/share/mecanum_controller_cpp/hook/cmake_prefix_path.ps1'
[0.331s] INFO:colcon.colcon_core.shell:Creating environment descriptor '/media/tracy/DATA/ros2_ws/src/install/mecanum_controller_cpp/share/mecanum_controller_cpp/hook/cmake_prefix_path.dsv'
[0.331s] INFO:colcon.colcon_core.shell:Creating environment hook '/media/tracy/DATA/ros2_ws/src/install/mecanum_controller_cpp/share/mecanum_controller_cpp/hook/cmake_prefix_path.sh'
[0.332s] Level 1:colcon.colcon_core.environment:checking '/media/tracy/DATA/ros2_ws/src/install/mecanum_controller_cpp/bin'
[0.332s] Level 1:colcon.colcon_core.environment:checking '/media/tracy/DATA/ros2_ws/src/install/mecanum_controller_cpp/lib/pkgconfig/mecanum_controller_cpp.pc'
[0.332s] Level 1:colcon.colcon_core.environment:checking '/media/tracy/DATA/ros2_ws/src/install/mecanum_controller_cpp/lib/python3.12/site-packages'
[0.332s] Level 1:colcon.colcon_core.environment:checking '/media/tracy/DATA/ros2_ws/src/install/mecanum_controller_cpp/bin'
[0.332s] INFO:colcon.colcon_core.shell:Creating package script '/media/tracy/DATA/ros2_ws/src/install/mecanum_controller_cpp/share/mecanum_controller_cpp/package.ps1'
[0.332s] INFO:colcon.colcon_core.shell:Creating package descriptor '/media/tracy/DATA/ros2_ws/src/install/mecanum_controller_cpp/share/mecanum_controller_cpp/package.dsv'
[0.333s] INFO:colcon.colcon_core.shell:Creating package script '/media/tracy/DATA/ros2_ws/src/install/mecanum_controller_cpp/share/mecanum_controller_cpp/package.sh'
[0.333s] INFO:colcon.colcon_core.shell:Creating package script '/media/tracy/DATA/ros2_ws/src/install/mecanum_controller_cpp/share/mecanum_controller_cpp/package.bash'
[0.333s] INFO:colcon.colcon_core.shell:Creating package script '/media/tracy/DATA/ros2_ws/src/install/mecanum_controller_cpp/share/mecanum_controller_cpp/package.zsh'
[0.334s] Level 1:colcon.colcon_core.environment:create_file_with_runtime_dependencies(/media/tracy/DATA/ros2_ws/src/install/mecanum_controller_cpp/share/colcon-core/packages/mecanum_controller_cpp)
[0.335s] Level 1:colcon.colcon_core.environment:create_environment_scripts_only(mec_mobile_description)
[0.335s] Level 1:colcon.colcon_core.environment:checking '/media/tracy/DATA/ros2_ws/src/install/mec_mobile_description' for CMake module files
[0.335s] DEBUG:colcon.colcon_core.event_handler.log_command:Invoked command in '/media/tracy/DATA/ros2_ws/src/build/mec_mobile_description' returned '0': CMAKE_PREFIX_PATH=${CMAKE_PREFIX_PATH}:/opt/ros/jazzy DEBUGINFOD_URLS=https://debuginfod.ubuntu.com /usr/bin/cmake --install /media/tracy/DATA/ros2_ws/src/build/mec_mobile_description
[0.336s] Level 1:colcon.colcon_core.environment:checking '/media/tracy/DATA/ros2_ws/src/install/mec_mobile_description' for CMake config files
[0.336s] Level 1:colcon.colcon_core.shell:create_environment_hook('mec_mobile_description', 'cmake_prefix_path')
[0.336s] INFO:colcon.colcon_core.shell:Creating environment hook '/media/tracy/DATA/ros2_ws/src/install/mec_mobile_description/share/mec_mobile_description/hook/cmake_prefix_path.ps1'
[0.337s] INFO:colcon.colcon_core.shell:Creating environment descriptor '/media/tracy/DATA/ros2_ws/src/install/mec_mobile_description/share/mec_mobile_description/hook/cmake_prefix_path.dsv'
[0.337s] INFO:colcon.colcon_core.shell:Creating environment hook '/media/tracy/DATA/ros2_ws/src/install/mec_mobile_description/share/mec_mobile_description/hook/cmake_prefix_path.sh'
[0.337s] Level 1:colcon.colcon_core.environment:checking '/media/tracy/DATA/ros2_ws/src/install/mec_mobile_description/bin'
[0.337s] Level 1:colcon.colcon_core.environment:checking '/media/tracy/DATA/ros2_ws/src/install/mec_mobile_description/lib/pkgconfig/mec_mobile_description.pc'
[0.338s] Level 1:colcon.colcon_core.environment:checking '/media/tracy/DATA/ros2_ws/src/install/mec_mobile_description/lib/python3.12/site-packages'
[0.338s] Level 1:colcon.colcon_core.environment:checking '/media/tracy/DATA/ros2_ws/src/install/mec_mobile_description/bin'
[0.338s] INFO:colcon.colcon_core.shell:Creating package script '/media/tracy/DATA/ros2_ws/src/install/mec_mobile_description/share/mec_mobile_description/package.ps1'
[0.338s] INFO:colcon.colcon_core.shell:Creating package descriptor '/media/tracy/DATA/ros2_ws/src/install/mec_mobile_description/share/mec_mobile_description/package.dsv'
[0.339s] INFO:colcon.colcon_core.shell:Creating package script '/media/tracy/DATA/ros2_ws/src/install/mec_mobile_description/share/mec_mobile_description/package.sh'
[0.339s] INFO:colcon.colcon_core.shell:Creating package script '/media/tracy/DATA/ros2_ws/src/install/mec_mobile_description/share/mec_mobile_description/package.bash'
[0.339s] INFO:colcon.colcon_core.shell:Creating package script '/media/tracy/DATA/ros2_ws/src/install/mec_mobile_description/share/mec_mobile_description/package.zsh'
[0.340s] Level 1:colcon.colcon_core.environment:create_file_with_runtime_dependencies(/media/tracy/DATA/ros2_ws/src/install/mec_mobile_description/share/colcon-core/packages/mec_mobile_description)
[0.340s] Level 1:colcon.colcon_core.environment:create_environment_scripts_only(mec_mobile_description)
[0.340s] Level 1:colcon.colcon_core.environment:checking '/media/tracy/DATA/ros2_ws/src/install/mec_mobile_description' for CMake module files
[0.341s] Level 1:colcon.colcon_core.environment:checking '/media/tracy/DATA/ros2_ws/src/install/mec_mobile_description' for CMake config files
[0.341s] Level 1:colcon.colcon_core.shell:create_environment_hook('mec_mobile_description', 'cmake_prefix_path')
[0.341s] INFO:colcon.colcon_core.shell:Creating environment hook '/media/tracy/DATA/ros2_ws/src/install/mec_mobile_description/share/mec_mobile_description/hook/cmake_prefix_path.ps1'
[0.341s] INFO:colcon.colcon_core.shell:Creating environment descriptor '/media/tracy/DATA/ros2_ws/src/install/mec_mobile_description/share/mec_mobile_description/hook/cmake_prefix_path.dsv'
[0.342s] INFO:colcon.colcon_core.shell:Creating environment hook '/media/tracy/DATA/ros2_ws/src/install/mec_mobile_description/share/mec_mobile_description/hook/cmake_prefix_path.sh'
[0.342s] Level 1:colcon.colcon_core.environment:checking '/media/tracy/DATA/ros2_ws/src/install/mec_mobile_description/bin'
[0.342s] Level 1:colcon.colcon_core.environment:checking '/media/tracy/DATA/ros2_ws/src/install/mec_mobile_description/lib/pkgconfig/mec_mobile_description.pc'
[0.342s] Level 1:colcon.colcon_core.environment:checking '/media/tracy/DATA/ros2_ws/src/install/mec_mobile_description/lib/python3.12/site-packages'
[0.342s] Level 1:colcon.colcon_core.environment:checking '/media/tracy/DATA/ros2_ws/src/install/mec_mobile_description/bin'
[0.343s] INFO:colcon.colcon_core.shell:Creating package script '/media/tracy/DATA/ros2_ws/src/install/mec_mobile_description/share/mec_mobile_description/package.ps1'
[0.343s] INFO:colcon.colcon_core.shell:Creating package descriptor '/media/tracy/DATA/ros2_ws/src/install/mec_mobile_description/share/mec_mobile_description/package.dsv'
[0.343s] INFO:colcon.colcon_core.shell:Creating package script '/media/tracy/DATA/ros2_ws/src/install/mec_mobile_description/share/mec_mobile_description/package.sh'
[0.344s] INFO:colcon.colcon_core.shell:Creating package script '/media/tracy/DATA/ros2_ws/src/install/mec_mobile_description/share/mec_mobile_description/package.bash'
[0.344s] INFO:colcon.colcon_core.shell:Creating package script '/media/tracy/DATA/ros2_ws/src/install/mec_mobile_description/share/mec_mobile_description/package.zsh'
[0.344s] Level 1:colcon.colcon_core.environment:create_file_with_runtime_dependencies(/media/tracy/DATA/ros2_ws/src/install/mec_mobile_description/share/colcon-core/packages/mec_mobile_description)
[0.345s] INFO:colcon.colcon_ros.task.ament_cmake.build:Building ROS package in '/media/tracy/DATA/ros2_ws/src/mec_mobile/mec_mobile' with build type 'ament_cmake'
[0.345s] INFO:colcon.colcon_cmake.task.cmake.build:Building CMake package in '/media/tracy/DATA/ros2_ws/src/mec_mobile/mec_mobile'
[0.345s] INFO:colcon.colcon_core.shell:Skip shell extension 'powershell' for command environment: Not usable outside of PowerShell
[0.345s] DEBUG:colcon.colcon_core.shell:Skip shell extension 'dsv' for command environment
[0.350s] Level 1:colcon.colcon_core.environment:create_environment_scripts_only(mec_mobile_gazebo)
[0.350s] Level 1:colcon.colcon_core.environment:checking '/media/tracy/DATA/ros2_ws/src/install/mec_mobile_gazebo' for CMake module files
[0.351s] DEBUG:colcon.colcon_core.event_handler.log_command:Invoked command in '/media/tracy/DATA/ros2_ws/src/build/mec_mobile_gazebo' returned '0': CMAKE_PREFIX_PATH=${CMAKE_PREFIX_PATH}:/opt/ros/jazzy DEBUGINFOD_URLS=https://debuginfod.ubuntu.com /usr/bin/cmake --install /media/tracy/DATA/ros2_ws/src/build/mec_mobile_gazebo
[0.352s] Level 1:colcon.colcon_core.environment:checking '/media/tracy/DATA/ros2_ws/src/install/mec_mobile_gazebo' for CMake config files
[0.352s] Level 1:colcon.colcon_core.shell:create_environment_hook('mec_mobile_gazebo', 'cmake_prefix_path')
[0.352s] INFO:colcon.colcon_core.shell:Creating environment hook '/media/tracy/DATA/ros2_ws/src/install/mec_mobile_gazebo/share/mec_mobile_gazebo/hook/cmake_prefix_path.ps1'
[0.353s] INFO:colcon.colcon_core.shell:Creating environment descriptor '/media/tracy/DATA/ros2_ws/src/install/mec_mobile_gazebo/share/mec_mobile_gazebo/hook/cmake_prefix_path.dsv'
[0.353s] INFO:colcon.colcon_core.shell:Creating environment hook '/media/tracy/DATA/ros2_ws/src/install/mec_mobile_gazebo/share/mec_mobile_gazebo/hook/cmake_prefix_path.sh'
[0.353s] Level 1:colcon.colcon_core.environment:checking '/media/tracy/DATA/ros2_ws/src/install/mec_mobile_gazebo/bin'
[0.353s] Level 1:colcon.colcon_core.environment:checking '/media/tracy/DATA/ros2_ws/src/install/mec_mobile_gazebo/lib/pkgconfig/mec_mobile_gazebo.pc'
[0.353s] Level 1:colcon.colcon_core.environment:checking '/media/tracy/DATA/ros2_ws/src/install/mec_mobile_gazebo/lib/python3.12/site-packages'
[0.354s] Level 1:colcon.colcon_core.environment:checking '/media/tracy/DATA/ros2_ws/src/install/mec_mobile_gazebo/bin'
[0.354s] INFO:colcon.colcon_core.shell:Creating package script '/media/tracy/DATA/ros2_ws/src/install/mec_mobile_gazebo/share/mec_mobile_gazebo/package.ps1'
[0.354s] INFO:colcon.colcon_core.shell:Creating package descriptor '/media/tracy/DATA/ros2_ws/src/install/mec_mobile_gazebo/share/mec_mobile_gazebo/package.dsv'
[0.355s] INFO:colcon.colcon_core.shell:Creating package script '/media/tracy/DATA/ros2_ws/src/install/mec_mobile_gazebo/share/mec_mobile_gazebo/package.sh'
[0.355s] INFO:colcon.colcon_core.shell:Creating package script '/media/tracy/DATA/ros2_ws/src/install/mec_mobile_gazebo/share/mec_mobile_gazebo/package.bash'
[0.355s] INFO:colcon.colcon_core.shell:Creating package script '/media/tracy/DATA/ros2_ws/src/install/mec_mobile_gazebo/share/mec_mobile_gazebo/package.zsh'
[0.355s] Level 1:colcon.colcon_core.environment:create_file_with_runtime_dependencies(/media/tracy/DATA/ros2_ws/src/install/mec_mobile_gazebo/share/colcon-core/packages/mec_mobile_gazebo)
[0.356s] Level 1:colcon.colcon_core.environment:create_environment_scripts_only(mec_mobile_gazebo)
[0.356s] Level 1:colcon.colcon_core.environment:checking '/media/tracy/DATA/ros2_ws/src/install/mec_mobile_gazebo' for CMake module files
[0.356s] Level 1:colcon.colcon_core.environment:checking '/media/tracy/DATA/ros2_ws/src/install/mec_mobile_gazebo' for CMake config files
[0.357s] Level 1:colcon.colcon_core.shell:create_environment_hook('mec_mobile_gazebo', 'cmake_prefix_path')
[0.357s] INFO:colcon.colcon_core.shell:Creating environment hook '/media/tracy/DATA/ros2_ws/src/install/mec_mobile_gazebo/share/mec_mobile_gazebo/hook/cmake_prefix_path.ps1'
[0.357s] INFO:colcon.colcon_core.shell:Creating environment descriptor '/media/tracy/DATA/ros2_ws/src/install/mec_mobile_gazebo/share/mec_mobile_gazebo/hook/cmake_prefix_path.dsv'
[0.357s] INFO:colcon.colcon_core.shell:Creating environment hook '/media/tracy/DATA/ros2_ws/src/install/mec_mobile_gazebo/share/mec_mobile_gazebo/hook/cmake_prefix_path.sh'
[0.358s] Level 1:colcon.colcon_core.environment:checking '/media/tracy/DATA/ros2_ws/src/install/mec_mobile_gazebo/bin'
[0.358s] Level 1:colcon.colcon_core.environment:checking '/media/tracy/DATA/ros2_ws/src/install/mec_mobile_gazebo/lib/pkgconfig/mec_mobile_gazebo.pc'
[0.358s] Level 1:colcon.colcon_core.environment:checking '/media/tracy/DATA/ros2_ws/src/install/mec_mobile_gazebo/lib/python3.12/site-packages'
[0.358s] Level 1:colcon.colcon_core.environment:checking '/media/tracy/DATA/ros2_ws/src/install/mec_mobile_gazebo/bin'
[0.358s] INFO:colcon.colcon_core.shell:Creating package script '/media/tracy/DATA/ros2_ws/src/install/mec_mobile_gazebo/share/mec_mobile_gazebo/package.ps1'
[0.358s] INFO:colcon.colcon_core.shell:Creating package descriptor '/media/tracy/DATA/ros2_ws/src/install/mec_mobile_gazebo/share/mec_mobile_gazebo/package.dsv'
[0.359s] INFO:colcon.colcon_core.shell:Creating package script '/media/tracy/DATA/ros2_ws/src/install/mec_mobile_gazebo/share/mec_mobile_gazebo/package.sh'
[0.359s] INFO:colcon.colcon_core.shell:Creating package script '/media/tracy/DATA/ros2_ws/src/install/mec_mobile_gazebo/share/mec_mobile_gazebo/package.bash'
[0.359s] INFO:colcon.colcon_core.shell:Creating package script '/media/tracy/DATA/ros2_ws/src/install/mec_mobile_gazebo/share/mec_mobile_gazebo/package.zsh'
[0.360s] Level 1:colcon.colcon_core.environment:create_file_with_runtime_dependencies(/media/tracy/DATA/ros2_ws/src/install/mec_mobile_gazebo/share/colcon-core/packages/mec_mobile_gazebo)
[0.362s] DEBUG:colcon.colcon_core.event_handler.log_command:Invoking command in '/media/tracy/DATA/ros2_ws/src/build/mec_mobile': CMAKE_PREFIX_PATH=/media/tracy/DATA/ros2_ws/src/install/mec_mobile_description:/media/tracy/DATA/ros2_ws/src/install/mecanum_controller_cpp:/media/tracy/DATA/ros2_ws/src/install/mec_mobile_nav2:/media/tracy/DATA/ros2_ws/src/install/mec_mobile_gazebo:/media/tracy/DATA/ros2_ws/src/install/mec_mobile:/media/tracy/DATA/ros2_ws/install/mecanum_controller_cpp:/media/tracy/DATA/ros2_ws/install/mec_mobile_gazebo:/media/tracy/DATA/ros2_ws/install/mec_mobile:/media/tracy/DATA/ros2_ws/install/mec_mobile_description:/opt/ros/jazzy/opt/gz_sim_vendor:/opt/ros/jazzy/opt/gz_sensors_vendor:/opt/ros/jazzy/opt/gz_physics_vendor:/opt/ros/jazzy/opt/sdformat_vendor:/opt/ros/jazzy/opt/gz_gui_vendor:/opt/ros/jazzy/opt/gz_transport_vendor:/opt/ros/jazzy/opt/gz_rendering_vendor:/opt/ros/jazzy/opt/gz_plugin_vendor:/opt/ros/jazzy/opt/gz_fuel_tools_vendor:/opt/ros/jazzy/opt/gz_msgs_vendor:/opt/ros/jazzy/opt/gz_common_vendor:/opt/ros/jazzy/opt/gz_math_vendor:/opt/ros/jazzy/opt/gz_utils_vendor:/opt/ros/jazzy/opt/gz_tools_vendor:/opt/ros/jazzy/opt/gz_ogre_next_vendor:/opt/ros/jazzy/opt/gz_dartsim_vendor:/opt/ros/jazzy/opt/gz_cmake_vendor:/opt/ros/jazzy DEBUGINFOD_URLS=https://debuginfod.ubuntu.com /usr/bin/cmake --build /media/tracy/DATA/ros2_ws/src/build/mec_mobile -- -j16 -l16
[0.411s] DEBUG:colcon.colcon_core.event_handler.log_command:Invoked command in '/media/tracy/DATA/ros2_ws/src/build/mec_mobile' returned '0': CMAKE_PREFIX_PATH=/media/tracy/DATA/ros2_ws/src/install/mec_mobile_description:/media/tracy/DATA/ros2_ws/src/install/mecanum_controller_cpp:/media/tracy/DATA/ros2_ws/src/install/mec_mobile_nav2:/media/tracy/DATA/ros2_ws/src/install/mec_mobile_gazebo:/media/tracy/DATA/ros2_ws/src/install/mec_mobile:/media/tracy/DATA/ros2_ws/install/mecanum_controller_cpp:/media/tracy/DATA/ros2_ws/install/mec_mobile_gazebo:/media/tracy/DATA/ros2_ws/install/mec_mobile:/media/tracy/DATA/ros2_ws/install/mec_mobile_description:/opt/ros/jazzy/opt/gz_sim_vendor:/opt/ros/jazzy/opt/gz_sensors_vendor:/opt/ros/jazzy/opt/gz_physics_vendor:/opt/ros/jazzy/opt/sdformat_vendor:/opt/ros/jazzy/opt/gz_gui_vendor:/opt/ros/jazzy/opt/gz_transport_vendor:/opt/ros/jazzy/opt/gz_rendering_vendor:/opt/ros/jazzy/opt/gz_plugin_vendor:/opt/ros/jazzy/opt/gz_fuel_tools_vendor:/opt/ros/jazzy/opt/gz_msgs_vendor:/opt/ros/jazzy/opt/gz_common_vendor:/opt/ros/jazzy/opt/gz_math_vendor:/opt/ros/jazzy/opt/gz_utils_vendor:/opt/ros/jazzy/opt/gz_tools_vendor:/opt/ros/jazzy/opt/gz_ogre_next_vendor:/opt/ros/jazzy/opt/gz_dartsim_vendor:/opt/ros/jazzy/opt/gz_cmake_vendor:/opt/ros/jazzy DEBUGINFOD_URLS=https://debuginfod.ubuntu.com /usr/bin/cmake --build /media/tracy/DATA/ros2_ws/src/build/mec_mobile -- -j16 -l16
[0.412s] DEBUG:colcon.colcon_core.event_handler.log_command:Invoking command in '/media/tracy/DATA/ros2_ws/src/build/mec_mobile': CMAKE_PREFIX_PATH=/media/tracy/DATA/ros2_ws/src/install/mec_mobile_description:/media/tracy/DATA/ros2_ws/src/install/mecanum_controller_cpp:/media/tracy/DATA/ros2_ws/src/install/mec_mobile_nav2:/media/tracy/DATA/ros2_ws/src/install/mec_mobile_gazebo:/media/tracy/DATA/ros2_ws/src/install/mec_mobile:/media/tracy/DATA/ros2_ws/install/mecanum_controller_cpp:/media/tracy/DATA/ros2_ws/install/mec_mobile_gazebo:/media/tracy/DATA/ros2_ws/install/mec_mobile:/media/tracy/DATA/ros2_ws/install/mec_mobile_description:/opt/ros/jazzy/opt/gz_sim_vendor:/opt/ros/jazzy/opt/gz_sensors_vendor:/opt/ros/jazzy/opt/gz_physics_vendor:/opt/ros/jazzy/opt/sdformat_vendor:/opt/ros/jazzy/opt/gz_gui_vendor:/opt/ros/jazzy/opt/gz_transport_vendor:/opt/ros/jazzy/opt/gz_rendering_vendor:/opt/ros/jazzy/opt/gz_plugin_vendor:/opt/ros/jazzy/opt/gz_fuel_tools_vendor:/opt/ros/jazzy/opt/gz_msgs_vendor:/opt/ros/jazzy/opt/gz_common_vendor:/opt/ros/jazzy/opt/gz_math_vendor:/opt/ros/jazzy/opt/gz_utils_vendor:/opt/ros/jazzy/opt/gz_tools_vendor:/opt/ros/jazzy/opt/gz_ogre_next_vendor:/opt/ros/jazzy/opt/gz_dartsim_vendor:/opt/ros/jazzy/opt/gz_cmake_vendor:/opt/ros/jazzy DEBUGINFOD_URLS=https://debuginfod.ubuntu.com /usr/bin/cmake --install /media/tracy/DATA/ros2_ws/src/build/mec_mobile
[0.437s] Level 1:colcon.colcon_core.environment:create_environment_scripts_only(mec_mobile)
[0.437s] Level 1:colcon.colcon_core.environment:checking '/media/tracy/DATA/ros2_ws/src/install/mec_mobile' for CMake module files
[0.437s] DEBUG:colcon.colcon_core.event_handler.log_command:Invoked command in '/media/tracy/DATA/ros2_ws/src/build/mec_mobile' returned '0': CMAKE_PREFIX_PATH=/media/tracy/DATA/ros2_ws/src/install/mec_mobile_description:/media/tracy/DATA/ros2_ws/src/install/mecanum_controller_cpp:/media/tracy/DATA/ros2_ws/src/install/mec_mobile_nav2:/media/tracy/DATA/ros2_ws/src/install/mec_mobile_gazebo:/media/tracy/DATA/ros2_ws/src/install/mec_mobile:/media/tracy/DATA/ros2_ws/install/mecanum_controller_cpp:/media/tracy/DATA/ros2_ws/install/mec_mobile_gazebo:/media/tracy/DATA/ros2_ws/install/mec_mobile:/media/tracy/DATA/ros2_ws/install/mec_mobile_description:/opt/ros/jazzy/opt/gz_sim_vendor:/opt/ros/jazzy/opt/gz_sensors_vendor:/opt/ros/jazzy/opt/gz_physics_vendor:/opt/ros/jazzy/opt/sdformat_vendor:/opt/ros/jazzy/opt/gz_gui_vendor:/opt/ros/jazzy/opt/gz_transport_vendor:/opt/ros/jazzy/opt/gz_rendering_vendor:/opt/ros/jazzy/opt/gz_plugin_vendor:/opt/ros/jazzy/opt/gz_fuel_tools_vendor:/opt/ros/jazzy/opt/gz_msgs_vendor:/opt/ros/jazzy/opt/gz_common_vendor:/opt/ros/jazzy/opt/gz_math_vendor:/opt/ros/jazzy/opt/gz_utils_vendor:/opt/ros/jazzy/opt/gz_tools_vendor:/opt/ros/jazzy/opt/gz_ogre_next_vendor:/opt/ros/jazzy/opt/gz_dartsim_vendor:/opt/ros/jazzy/opt/gz_cmake_vendor:/opt/ros/jazzy DEBUGINFOD_URLS=https://debuginfod.ubuntu.com /usr/bin/cmake --install /media/tracy/DATA/ros2_ws/src/build/mec_mobile
[0.438s] Level 1:colcon.colcon_core.environment:checking '/media/tracy/DATA/ros2_ws/src/install/mec_mobile' for CMake config files
[0.438s] Level 1:colcon.colcon_core.shell:create_environment_hook('mec_mobile', 'cmake_prefix_path')
[0.438s] INFO:colcon.colcon_core.shell:Creating environment hook '/media/tracy/DATA/ros2_ws/src/install/mec_mobile/share/mec_mobile/hook/cmake_prefix_path.ps1'
[0.438s] INFO:colcon.colcon_core.shell:Creating environment descriptor '/media/tracy/DATA/ros2_ws/src/install/mec_mobile/share/mec_mobile/hook/cmake_prefix_path.dsv'
[0.439s] INFO:colcon.colcon_core.shell:Creating environment hook '/media/tracy/DATA/ros2_ws/src/install/mec_mobile/share/mec_mobile/hook/cmake_prefix_path.sh'
[0.439s] Level 1:colcon.colcon_core.environment:checking '/media/tracy/DATA/ros2_ws/src/install/mec_mobile/bin'
[0.439s] Level 1:colcon.colcon_core.environment:checking '/media/tracy/DATA/ros2_ws/src/install/mec_mobile/lib/pkgconfig/mec_mobile.pc'
[0.439s] Level 1:colcon.colcon_core.environment:checking '/media/tracy/DATA/ros2_ws/src/install/mec_mobile/lib/python3.12/site-packages'
[0.439s] Level 1:colcon.colcon_core.environment:checking '/media/tracy/DATA/ros2_ws/src/install/mec_mobile/bin'
[0.439s] INFO:colcon.colcon_core.shell:Creating package script '/media/tracy/DATA/ros2_ws/src/install/mec_mobile/share/mec_mobile/package.ps1'
[0.440s] INFO:colcon.colcon_core.shell:Creating package descriptor '/media/tracy/DATA/ros2_ws/src/install/mec_mobile/share/mec_mobile/package.dsv'
[0.440s] INFO:colcon.colcon_core.shell:Creating package script '/media/tracy/DATA/ros2_ws/src/install/mec_mobile/share/mec_mobile/package.sh'
[0.440s] INFO:colcon.colcon_core.shell:Creating package script '/media/tracy/DATA/ros2_ws/src/install/mec_mobile/share/mec_mobile/package.bash'
[0.441s] INFO:colcon.colcon_core.shell:Creating package script '/media/tracy/DATA/ros2_ws/src/install/mec_mobile/share/mec_mobile/package.zsh'
[0.441s] Level 1:colcon.colcon_core.environment:create_file_with_runtime_dependencies(/media/tracy/DATA/ros2_ws/src/install/mec_mobile/share/colcon-core/packages/mec_mobile)
[0.441s] Level 1:colcon.colcon_core.environment:create_environment_scripts_only(mec_mobile)
[0.441s] Level 1:colcon.colcon_core.environment:checking '/media/tracy/DATA/ros2_ws/src/install/mec_mobile' for CMake module files
[0.442s] Level 1:colcon.colcon_core.environment:checking '/media/tracy/DATA/ros2_ws/src/install/mec_mobile' for CMake config files
[0.442s] Level 1:colcon.colcon_core.shell:create_environment_hook('mec_mobile', 'cmake_prefix_path')
[0.442s] INFO:colcon.colcon_core.shell:Creating environment hook '/media/tracy/DATA/ros2_ws/src/install/mec_mobile/share/mec_mobile/hook/cmake_prefix_path.ps1'
[0.442s] INFO:colcon.colcon_core.shell:Creating environment descriptor '/media/tracy/DATA/ros2_ws/src/install/mec_mobile/share/mec_mobile/hook/cmake_prefix_path.dsv'
[0.443s] INFO:colcon.colcon_core.shell:Creating environment hook '/media/tracy/DATA/ros2_ws/src/install/mec_mobile/share/mec_mobile/hook/cmake_prefix_path.sh'
[0.443s] Level 1:colcon.colcon_core.environment:checking '/media/tracy/DATA/ros2_ws/src/install/mec_mobile/bin'
[0.443s] Level 1:colcon.colcon_core.environment:checking '/media/tracy/DATA/ros2_ws/src/install/mec_mobile/lib/pkgconfig/mec_mobile.pc'
[0.443s] Level 1:colcon.colcon_core.environment:checking '/media/tracy/DATA/ros2_ws/src/install/mec_mobile/lib/python3.12/site-packages'
[0.443s] Level 1:colcon.colcon_core.environment:checking '/media/tracy/DATA/ros2_ws/src/install/mec_mobile/bin'
[0.443s] INFO:colcon.colcon_core.shell:Creating package script '/media/tracy/DATA/ros2_ws/src/install/mec_mobile/share/mec_mobile/package.ps1'
[0.444s] INFO:colcon.colcon_core.shell:Creating package descriptor '/media/tracy/DATA/ros2_ws/src/install/mec_mobile/share/mec_mobile/package.dsv'
[0.444s] INFO:colcon.colcon_core.shell:Creating package script '/media/tracy/DATA/ros2_ws/src/install/mec_mobile/share/mec_mobile/package.sh'
[0.444s] INFO:colcon.colcon_core.shell:Creating package script '/media/tracy/DATA/ros2_ws/src/install/mec_mobile/share/mec_mobile/package.bash'
[0.445s] INFO:colcon.colcon_core.shell:Creating package script '/media/tracy/DATA/ros2_ws/src/install/mec_mobile/share/mec_mobile/package.zsh'
[0.445s] Level 1:colcon.colcon_core.environment:create_file_with_runtime_dependencies(/media/tracy/DATA/ros2_ws/src/install/mec_mobile/share/colcon-core/packages/mec_mobile)
[1.672s] DEBUG:colcon.colcon_core.event_handler.log_command:Invoked command in '/media/tracy/DATA/ros2_ws/src/build/mec_mobile_nav2' returned '0': CMAKE_PREFIX_PATH=${CMAKE_PREFIX_PATH}:/opt/ros/jazzy DEBUGINFOD_URLS=https://debuginfod.ubuntu.com /usr/bin/cmake /media/tracy/DATA/ros2_ws/src/mec_mobile_nav2 -DAMENT_CMAKE_SYMLINK_INSTALL=1 -DCMAKE_INSTALL_PREFIX=/media/tracy/DATA/ros2_ws/src/install/mec_mobile_nav2
[1.673s] DEBUG:colcon.colcon_core.event_handler.log_command:Invoking command in '/media/tracy/DATA/ros2_ws/src/build/mec_mobile_nav2': CMAKE_PREFIX_PATH=${CMAKE_PREFIX_PATH}:/opt/ros/jazzy DEBUGINFOD_URLS=https://debuginfod.ubuntu.com /usr/bin/cmake --build /media/tracy/DATA/ros2_ws/src/build/mec_mobile_nav2 -- -j16 -l16
[1.720s] DEBUG:colcon.colcon_core.event_handler.log_command:Invoked command in '/media/tracy/DATA/ros2_ws/src/build/mec_mobile_nav2' returned '0': CMAKE_PREFIX_PATH=${CMAKE_PREFIX_PATH}:/opt/ros/jazzy DEBUGINFOD_URLS=https://debuginfod.ubuntu.com /usr/bin/cmake --build /media/tracy/DATA/ros2_ws/src/build/mec_mobile_nav2 -- -j16 -l16
[1.721s] DEBUG:colcon.colcon_core.event_handler.log_command:Invoking command in '/media/tracy/DATA/ros2_ws/src/build/mec_mobile_nav2': CMAKE_PREFIX_PATH=${CMAKE_PREFIX_PATH}:/opt/ros/jazzy DEBUGINFOD_URLS=https://debuginfod.ubuntu.com /usr/bin/cmake --install /media/tracy/DATA/ros2_ws/src/build/mec_mobile_nav2
[1.868s] Level 1:colcon.colcon_core.environment:create_environment_scripts_only(mec_mobile_nav2)
[1.869s] Level 1:colcon.colcon_core.environment:checking '/media/tracy/DATA/ros2_ws/src/install/mec_mobile_nav2' for CMake module files
[1.869s] DEBUG:colcon.colcon_core.event_handler.log_command:Invoked command in '/media/tracy/DATA/ros2_ws/src/build/mec_mobile_nav2' returned '0': CMAKE_PREFIX_PATH=${CMAKE_PREFIX_PATH}:/opt/ros/jazzy DEBUGINFOD_URLS=https://debuginfod.ubuntu.com /usr/bin/cmake --install /media/tracy/DATA/ros2_ws/src/build/mec_mobile_nav2
[1.869s] Level 1:colcon.colcon_core.environment:checking '/media/tracy/DATA/ros2_ws/src/install/mec_mobile_nav2' for CMake config files
[1.870s] Level 1:colcon.colcon_core.shell:create_environment_hook('mec_mobile_nav2', 'cmake_prefix_path')
[1.870s] INFO:colcon.colcon_core.shell:Creating environment hook '/media/tracy/DATA/ros2_ws/src/install/mec_mobile_nav2/share/mec_mobile_nav2/hook/cmake_prefix_path.ps1'
[1.870s] INFO:colcon.colcon_core.shell:Creating environment descriptor '/media/tracy/DATA/ros2_ws/src/install/mec_mobile_nav2/share/mec_mobile_nav2/hook/cmake_prefix_path.dsv'
[1.870s] INFO:colcon.colcon_core.shell:Creating environment hook '/media/tracy/DATA/ros2_ws/src/install/mec_mobile_nav2/share/mec_mobile_nav2/hook/cmake_prefix_path.sh'
[1.871s] Level 1:colcon.colcon_core.environment:checking '/media/tracy/DATA/ros2_ws/src/install/mec_mobile_nav2/bin'
[1.871s] Level 1:colcon.colcon_core.environment:checking '/media/tracy/DATA/ros2_ws/src/install/mec_mobile_nav2/lib/pkgconfig/mec_mobile_nav2.pc'
[1.871s] Level 1:colcon.colcon_core.environment:checking '/media/tracy/DATA/ros2_ws/src/install/mec_mobile_nav2/lib/python3.12/site-packages'
[1.871s] Level 1:colcon.colcon_core.environment:checking '/media/tracy/DATA/ros2_ws/src/install/mec_mobile_nav2/bin'
[1.871s] INFO:colcon.colcon_core.shell:Creating package script '/media/tracy/DATA/ros2_ws/src/install/mec_mobile_nav2/share/mec_mobile_nav2/package.ps1'
[1.872s] INFO:colcon.colcon_core.shell:Creating package descriptor '/media/tracy/DATA/ros2_ws/src/install/mec_mobile_nav2/share/mec_mobile_nav2/package.dsv'
[1.872s] INFO:colcon.colcon_core.shell:Creating package script '/media/tracy/DATA/ros2_ws/src/install/mec_mobile_nav2/share/mec_mobile_nav2/package.sh'
[1.872s] INFO:colcon.colcon_core.shell:Creating package script '/media/tracy/DATA/ros2_ws/src/install/mec_mobile_nav2/share/mec_mobile_nav2/package.bash'
[1.872s] INFO:colcon.colcon_core.shell:Creating package script '/media/tracy/DATA/ros2_ws/src/install/mec_mobile_nav2/share/mec_mobile_nav2/package.zsh'
[1.872s] Level 1:colcon.colcon_core.environment:create_file_with_runtime_dependencies(/media/tracy/DATA/ros2_ws/src/install/mec_mobile_nav2/share/colcon-core/packages/mec_mobile_nav2)
[1.873s] Level 1:colcon.colcon_core.environment:create_environment_scripts_only(mec_mobile_nav2)
[1.873s] Level 1:colcon.colcon_core.environment:checking '/media/tracy/DATA/ros2_ws/src/install/mec_mobile_nav2' for CMake module files
[1.873s] Level 1:colcon.colcon_core.environment:checking '/media/tracy/DATA/ros2_ws/src/install/mec_mobile_nav2' for CMake config files
[1.874s] Level 1:colcon.colcon_core.shell:create_environment_hook('mec_mobile_nav2', 'cmake_prefix_path')
[1.874s] INFO:colcon.colcon_core.shell:Creating environment hook '/media/tracy/DATA/ros2_ws/src/install/mec_mobile_nav2/share/mec_mobile_nav2/hook/cmake_prefix_path.ps1'
[1.874s] INFO:colcon.colcon_core.shell:Creating environment descriptor '/media/tracy/DATA/ros2_ws/src/install/mec_mobile_nav2/share/mec_mobile_nav2/hook/cmake_prefix_path.dsv'
[1.874s] INFO:colcon.colcon_core.shell:Creating environment hook '/media/tracy/DATA/ros2_ws/src/install/mec_mobile_nav2/share/mec_mobile_nav2/hook/cmake_prefix_path.sh'
[1.874s] Level 1:colcon.colcon_core.environment:checking '/media/tracy/DATA/ros2_ws/src/install/mec_mobile_nav2/bin'
[1.874s] Level 1:colcon.colcon_core.environment:checking '/media/tracy/DATA/ros2_ws/src/install/mec_mobile_nav2/lib/pkgconfig/mec_mobile_nav2.pc'
[1.875s] Level 1:colcon.colcon_core.environment:checking '/media/tracy/DATA/ros2_ws/src/install/mec_mobile_nav2/lib/python3.12/site-packages'
[1.875s] Level 1:colcon.colcon_core.environment:checking '/media/tracy/DATA/ros2_ws/src/install/mec_mobile_nav2/bin'
[1.875s] INFO:colcon.colcon_core.shell:Creating package script '/media/tracy/DATA/ros2_ws/src/install/mec_mobile_nav2/share/mec_mobile_nav2/package.ps1'
[1.875s] INFO:colcon.colcon_core.shell:Creating package descriptor '/media/tracy/DATA/ros2_ws/src/install/mec_mobile_nav2/share/mec_mobile_nav2/package.dsv'
[1.876s] INFO:colcon.colcon_core.shell:Creating package script '/media/tracy/DATA/ros2_ws/src/install/mec_mobile_nav2/share/mec_mobile_nav2/package.sh'
[1.876s] INFO:colcon.colcon_core.shell:Creating package script '/media/tracy/DATA/ros2_ws/src/install/mec_mobile_nav2/share/mec_mobile_nav2/package.bash'
[1.876s] INFO:colcon.colcon_core.shell:Creating package script '/media/tracy/DATA/ros2_ws/src/install/mec_mobile_nav2/share/mec_mobile_nav2/package.zsh'
[1.876s] Level 1:colcon.colcon_core.environment:create_file_with_runtime_dependencies(/media/tracy/DATA/ros2_ws/src/install/mec_mobile_nav2/share/colcon-core/packages/mec_mobile_nav2)
[1.877s] DEBUG:colcon.colcon_parallel_executor.executor.parallel:closing loop
[1.877s] DEBUG:colcon.colcon_parallel_executor.executor.parallel:loop closed
[1.877s] DEBUG:colcon.colcon_parallel_executor.executor.parallel:run_until_complete finished with '0'
[1.877s] DEBUG:colcon.colcon_core.event_reactor:joining thread
[1.883s] INFO:colcon.colcon_core.plugin_system:Skipping extension 'colcon_notification.desktop_notification.terminal_notifier': Not used on non-Darwin systems
[1.883s] INFO:colcon.colcon_core.plugin_system:Skipping extension 'colcon_notification.desktop_notification.win32': Not used on non-Windows systems
[1.883s] INFO:colcon.colcon_notification.desktop_notification:Sending desktop notification using 'notify2'
[1.896s] DEBUG:colcon.colcon_core.event_reactor:joined thread
[1.896s] INFO:colcon.colcon_core.shell:Creating prefix script '/media/tracy/DATA/ros2_ws/src/install/local_setup.ps1'
[1.897s] INFO:colcon.colcon_core.shell:Creating prefix util module '/media/tracy/DATA/ros2_ws/src/install/_local_setup_util_ps1.py'
[1.897s] INFO:colcon.colcon_core.shell:Creating prefix chain script '/media/tracy/DATA/ros2_ws/src/install/setup.ps1'
[1.899s] INFO:colcon.colcon_core.shell:Creating prefix script '/media/tracy/DATA/ros2_ws/src/install/local_setup.sh'
[1.899s] INFO:colcon.colcon_core.shell:Creating prefix util module '/media/tracy/DATA/ros2_ws/src/install/_local_setup_util_sh.py'
[1.899s] INFO:colcon.colcon_core.shell:Creating prefix chain script '/media/tracy/DATA/ros2_ws/src/install/setup.sh'
[1.900s] INFO:colcon.colcon_core.shell:Creating prefix script '/media/tracy/DATA/ros2_ws/src/install/local_setup.bash'
[1.901s] INFO:colcon.colcon_core.shell:Creating prefix chain script '/media/tracy/DATA/ros2_ws/src/install/setup.bash'
[1.902s] INFO:colcon.colcon_core.shell:Creating prefix script '/media/tracy/DATA/ros2_ws/src/install/local_setup.zsh'
[1.902s] INFO:colcon.colcon_core.shell:Creating prefix chain script '/media/tracy/DATA/ros2_ws/src/install/setup.zsh'
