[0.203s] DEBUG:colcon:Command line arguments: ['/usr/bin/colcon', 'build']
[0.203s] DEBUG:colcon:Parsed command line arguments: Namespace(log_base=None, log_level=None, verb_name='build', build_base='build', install_base='install', merge_install=False, symlink_install=False, test_result_base=None, continue_on_error=False, executor='parallel', parallel_workers=16, event_handlers=None, ignore_user_meta=False, metas=['./colcon.meta'], base_paths=['.'], packages_ignore=None, packages_ignore_regex=None, paths=None, packages_up_to=None, packages_up_to_regex=None, packages_above=None, packages_above_and_dependencies=None, packages_above_depth=None, packages_select_by_dep=None, packages_skip_by_dep=None, packages_skip_up_to=None, packages_select_build_failed=False, packages_skip_build_finished=False, packages_select_test_failures=False, packages_skip_test_passed=False, packages_select=None, packages_skip=None, packages_select_regex=None, packages_skip_regex=None, packages_start=None, packages_end=None, allow_overriding=[], cmake_args=None, cmake_target=None, cmake_target_skip_unavailable=False, cmake_clean_cache=False, cmake_clean_first=False, cmake_force_configure=False, ament_cmake_args=None, catkin_cmake_args=None, catkin_skip_building_tests=False, mixin_files=None, mixin=None, verb_parser=<colcon_mixin.mixin.mixin_argument.MixinArgumentDecorator object at 0x7bc061668410>, verb_extension=<colcon_core.verb.build.BuildVerb object at 0x7bc0617c8560>, main=<bound method BuildVerb.main of <colcon_core.verb.build.BuildVerb object at 0x7bc0617c8560>>, mixin_verb=('build',))
[0.270s] Level 1:colcon.colcon_core.package_discovery:discover_packages(colcon_meta) check parameters
[0.270s] Level 1:colcon.colcon_core.package_discovery:discover_packages(recursive) check parameters
[0.270s] Level 1:colcon.colcon_core.package_discovery:discover_packages(ignore) check parameters
[0.270s] Level 1:colcon.colcon_core.package_discovery:discover_packages(path) check parameters
[0.270s] Level 1:colcon.colcon_core.package_discovery:discover_packages(colcon_meta) discover
[0.270s] Level 1:colcon.colcon_core.package_discovery:discover_packages(recursive) discover
[0.270s] INFO:colcon.colcon_core.package_discovery:Crawling recursively for packages in '/media/tracy/DATA/ros2_ws/src'
[0.271s] Level 1:colcon.colcon_core.package_identification:_identify(.) by extensions ['ignore', 'ignore_ament_install']
[0.271s] Level 1:colcon.colcon_core.package_identification:_identify(.) by extension 'ignore'
[0.271s] Level 1:colcon.colcon_core.package_identification:_identify(.) by extension 'ignore_ament_install'
[0.271s] Level 1:colcon.colcon_core.package_identification:_identify(.) by extensions ['colcon_pkg']
[0.271s] Level 1:colcon.colcon_core.package_identification:_identify(.) by extension 'colcon_pkg'
[0.271s] Level 1:colcon.colcon_core.package_identification:_identify(.) by extensions ['colcon_meta']
[0.271s] Level 1:colcon.colcon_core.package_identification:_identify(.) by extension 'colcon_meta'
[0.271s] Level 1:colcon.colcon_core.package_identification:_identify(.) by extensions ['ros']
[0.271s] Level 1:colcon.colcon_core.package_identification:_identify(.) by extension 'ros'
[0.300s] Level 1:colcon.colcon_core.package_identification:_identify(.) by extensions ['cmake', 'python']
[0.300s] Level 1:colcon.colcon_core.package_identification:_identify(.) by extension 'cmake'
[0.300s] Level 1:colcon.colcon_core.package_identification:_identify(.) by extension 'python'
[0.300s] Level 1:colcon.colcon_core.package_identification:_identify(.) by extensions ['python_setup_py']
[0.300s] Level 1:colcon.colcon_core.package_identification:_identify(.) by extension 'python_setup_py'
[0.301s] Level 1:colcon.colcon_core.package_identification:_identify(build) by extensions ['ignore', 'ignore_ament_install']
[0.301s] Level 1:colcon.colcon_core.package_identification:_identify(build) by extension 'ignore'
[0.301s] Level 1:colcon.colcon_core.package_identification:_identify(build) ignored
[0.301s] Level 1:colcon.colcon_core.package_identification:_identify(install) by extensions ['ignore', 'ignore_ament_install']
[0.301s] Level 1:colcon.colcon_core.package_identification:_identify(install) by extension 'ignore'
[0.301s] Level 1:colcon.colcon_core.package_identification:_identify(install) ignored
[0.301s] Level 1:colcon.colcon_core.package_identification:_identify(log) by extensions ['ignore', 'ignore_ament_install']
[0.301s] Level 1:colcon.colcon_core.package_identification:_identify(log) by extension 'ignore'
[0.302s] Level 1:colcon.colcon_core.package_identification:_identify(log) ignored
[0.302s] Level 1:colcon.colcon_core.package_identification:_identify(mec_mobile) by extensions ['ignore', 'ignore_ament_install']
[0.302s] Level 1:colcon.colcon_core.package_identification:_identify(mec_mobile) by extension 'ignore'
[0.302s] Level 1:colcon.colcon_core.package_identification:_identify(mec_mobile) by extension 'ignore_ament_install'
[0.302s] Level 1:colcon.colcon_core.package_identification:_identify(mec_mobile) by extensions ['colcon_pkg']
[0.302s] Level 1:colcon.colcon_core.package_identification:_identify(mec_mobile) by extension 'colcon_pkg'
[0.302s] Level 1:colcon.colcon_core.package_identification:_identify(mec_mobile) by extensions ['colcon_meta']
[0.302s] Level 1:colcon.colcon_core.package_identification:_identify(mec_mobile) by extension 'colcon_meta'
[0.302s] Level 1:colcon.colcon_core.package_identification:_identify(mec_mobile) by extensions ['ros']
[0.302s] Level 1:colcon.colcon_core.package_identification:_identify(mec_mobile) by extension 'ros'
[0.302s] Level 1:colcon.colcon_core.package_identification:_identify(mec_mobile) by extensions ['cmake', 'python']
[0.302s] Level 1:colcon.colcon_core.package_identification:_identify(mec_mobile) by extension 'cmake'
[0.302s] Level 1:colcon.colcon_core.package_identification:_identify(mec_mobile) by extension 'python'
[0.302s] Level 1:colcon.colcon_core.package_identification:_identify(mec_mobile) by extensions ['python_setup_py']
[0.302s] Level 1:colcon.colcon_core.package_identification:_identify(mec_mobile) by extension 'python_setup_py'
[0.302s] Level 1:colcon.colcon_core.package_identification:_identify(mec_mobile/build) by extensions ['ignore', 'ignore_ament_install']
[0.302s] Level 1:colcon.colcon_core.package_identification:_identify(mec_mobile/build) by extension 'ignore'
[0.302s] Level 1:colcon.colcon_core.package_identification:_identify(mec_mobile/build) ignored
[0.303s] Level 1:colcon.colcon_core.package_identification:_identify(mec_mobile/install) by extensions ['ignore', 'ignore_ament_install']
[0.303s] Level 1:colcon.colcon_core.package_identification:_identify(mec_mobile/install) by extension 'ignore'
[0.303s] Level 1:colcon.colcon_core.package_identification:_identify(mec_mobile/install) ignored
[0.303s] Level 1:colcon.colcon_core.package_identification:_identify(mec_mobile/log) by extensions ['ignore', 'ignore_ament_install']
[0.303s] Level 1:colcon.colcon_core.package_identification:_identify(mec_mobile/log) by extension 'ignore'
[0.303s] Level 1:colcon.colcon_core.package_identification:_identify(mec_mobile/log) ignored
[0.303s] Level 1:colcon.colcon_core.package_identification:_identify(mec_mobile/mec_mobile) by extensions ['ignore', 'ignore_ament_install']
[0.303s] Level 1:colcon.colcon_core.package_identification:_identify(mec_mobile/mec_mobile) by extension 'ignore'
[0.303s] Level 1:colcon.colcon_core.package_identification:_identify(mec_mobile/mec_mobile) by extension 'ignore_ament_install'
[0.303s] Level 1:colcon.colcon_core.package_identification:_identify(mec_mobile/mec_mobile) by extensions ['colcon_pkg']
[0.303s] Level 1:colcon.colcon_core.package_identification:_identify(mec_mobile/mec_mobile) by extension 'colcon_pkg'
[0.303s] Level 1:colcon.colcon_core.package_identification:_identify(mec_mobile/mec_mobile) by extensions ['colcon_meta']
[0.303s] Level 1:colcon.colcon_core.package_identification:_identify(mec_mobile/mec_mobile) by extension 'colcon_meta'
[0.303s] Level 1:colcon.colcon_core.package_identification:_identify(mec_mobile/mec_mobile) by extensions ['ros']
[0.303s] Level 1:colcon.colcon_core.package_identification:_identify(mec_mobile/mec_mobile) by extension 'ros'
[0.308s] DEBUG:colcon.colcon_core.package_identification:Package 'mec_mobile/mec_mobile' with type 'ros.ament_cmake' and name 'mec_mobile'
[0.308s] Level 1:colcon.colcon_core.package_identification:_identify(mec_mobile/mec_mobile_description) by extensions ['ignore', 'ignore_ament_install']
[0.308s] Level 1:colcon.colcon_core.package_identification:_identify(mec_mobile/mec_mobile_description) by extension 'ignore'
[0.308s] Level 1:colcon.colcon_core.package_identification:_identify(mec_mobile/mec_mobile_description) by extension 'ignore_ament_install'
[0.309s] Level 1:colcon.colcon_core.package_identification:_identify(mec_mobile/mec_mobile_description) by extensions ['colcon_pkg']
[0.309s] Level 1:colcon.colcon_core.package_identification:_identify(mec_mobile/mec_mobile_description) by extension 'colcon_pkg'
[0.309s] Level 1:colcon.colcon_core.package_identification:_identify(mec_mobile/mec_mobile_description) by extensions ['colcon_meta']
[0.309s] Level 1:colcon.colcon_core.package_identification:_identify(mec_mobile/mec_mobile_description) by extension 'colcon_meta'
[0.309s] Level 1:colcon.colcon_core.package_identification:_identify(mec_mobile/mec_mobile_description) by extensions ['ros']
[0.309s] Level 1:colcon.colcon_core.package_identification:_identify(mec_mobile/mec_mobile_description) by extension 'ros'
[0.309s] DEBUG:colcon.colcon_core.package_identification:Package 'mec_mobile/mec_mobile_description' with type 'ros.ament_cmake' and name 'mec_mobile_description'
[0.309s] Level 1:colcon.colcon_core.package_identification:_identify(mec_mobile/mec_mobile_gazebo) by extensions ['ignore', 'ignore_ament_install']
[0.309s] Level 1:colcon.colcon_core.package_identification:_identify(mec_mobile/mec_mobile_gazebo) by extension 'ignore'
[0.310s] Level 1:colcon.colcon_core.package_identification:_identify(mec_mobile/mec_mobile_gazebo) by extension 'ignore_ament_install'
[0.310s] Level 1:colcon.colcon_core.package_identification:_identify(mec_mobile/mec_mobile_gazebo) by extensions ['colcon_pkg']
[0.310s] Level 1:colcon.colcon_core.package_identification:_identify(mec_mobile/mec_mobile_gazebo) by extension 'colcon_pkg'
[0.310s] Level 1:colcon.colcon_core.package_identification:_identify(mec_mobile/mec_mobile_gazebo) by extensions ['colcon_meta']
[0.310s] Level 1:colcon.colcon_core.package_identification:_identify(mec_mobile/mec_mobile_gazebo) by extension 'colcon_meta'
[0.310s] Level 1:colcon.colcon_core.package_identification:_identify(mec_mobile/mec_mobile_gazebo) by extensions ['ros']
[0.310s] Level 1:colcon.colcon_core.package_identification:_identify(mec_mobile/mec_mobile_gazebo) by extension 'ros'
[0.310s] DEBUG:colcon.colcon_core.package_identification:Package 'mec_mobile/mec_mobile_gazebo' with type 'ros.ament_cmake' and name 'mec_mobile_gazebo'
[0.310s] Level 1:colcon.colcon_core.package_identification:_identify(mec_mobile_nav2) by extensions ['ignore', 'ignore_ament_install']
[0.310s] Level 1:colcon.colcon_core.package_identification:_identify(mec_mobile_nav2) by extension 'ignore'
[0.311s] Level 1:colcon.colcon_core.package_identification:_identify(mec_mobile_nav2) by extension 'ignore_ament_install'
[0.311s] Level 1:colcon.colcon_core.package_identification:_identify(mec_mobile_nav2) by extensions ['colcon_pkg']
[0.311s] Level 1:colcon.colcon_core.package_identification:_identify(mec_mobile_nav2) by extension 'colcon_pkg'
[0.311s] Level 1:colcon.colcon_core.package_identification:_identify(mec_mobile_nav2) by extensions ['colcon_meta']
[0.311s] Level 1:colcon.colcon_core.package_identification:_identify(mec_mobile_nav2) by extension 'colcon_meta'
[0.311s] Level 1:colcon.colcon_core.package_identification:_identify(mec_mobile_nav2) by extensions ['ros']
[0.311s] Level 1:colcon.colcon_core.package_identification:_identify(mec_mobile_nav2) by extension 'ros'
[0.312s] DEBUG:colcon.colcon_core.package_identification:Package 'mec_mobile_nav2' with type 'ros.ament_cmake' and name 'mec_mobile_nav2'
[0.312s] Level 1:colcon.colcon_core.package_identification:_identify(mecanum_controller_cpp) by extensions ['ignore', 'ignore_ament_install']
[0.312s] Level 1:colcon.colcon_core.package_identification:_identify(mecanum_controller_cpp) by extension 'ignore'
[0.312s] Level 1:colcon.colcon_core.package_identification:_identify(mecanum_controller_cpp) by extension 'ignore_ament_install'
[0.312s] Level 1:colcon.colcon_core.package_identification:_identify(mecanum_controller_cpp) by extensions ['colcon_pkg']
[0.312s] Level 1:colcon.colcon_core.package_identification:_identify(mecanum_controller_cpp) by extension 'colcon_pkg'
[0.312s] Level 1:colcon.colcon_core.package_identification:_identify(mecanum_controller_cpp) by extensions ['colcon_meta']
[0.312s] Level 1:colcon.colcon_core.package_identification:_identify(mecanum_controller_cpp) by extension 'colcon_meta'
[0.312s] Level 1:colcon.colcon_core.package_identification:_identify(mecanum_controller_cpp) by extensions ['ros']
[0.312s] Level 1:colcon.colcon_core.package_identification:_identify(mecanum_controller_cpp) by extension 'ros'
[0.313s] DEBUG:colcon.colcon_core.package_identification:Package 'mecanum_controller_cpp' with type 'ros.ament_cmake' and name 'mecanum_controller_cpp'
[0.313s] Level 1:colcon.colcon_core.package_discovery:discover_packages(recursive) using defaults
[0.313s] Level 1:colcon.colcon_core.package_discovery:discover_packages(ignore) discover
[0.313s] Level 1:colcon.colcon_core.package_discovery:discover_packages(ignore) using defaults
[0.313s] Level 1:colcon.colcon_core.package_discovery:discover_packages(path) discover
[0.313s] Level 1:colcon.colcon_core.package_discovery:discover_packages(path) using defaults
[0.341s] Level 1:colcon.colcon_core.package_discovery:discover_packages(prefix_path) check parameters
[0.341s] Level 1:colcon.colcon_core.package_discovery:discover_packages(prefix_path) discover
[0.344s] DEBUG:colcon.colcon_installed_package_information.package_discovery:Found 4 installed packages in /media/tracy/DATA/ros2_ws/install
[0.347s] DEBUG:colcon.colcon_installed_package_information.package_discovery:Found 389 installed packages in /opt/ros/jazzy
[0.351s] Level 1:colcon.colcon_core.package_discovery:discover_packages(prefix_path) using defaults
[0.413s] Level 5:colcon.colcon_core.verb:set package 'mec_mobile_description' build argument 'cmake_args' from command line to 'None'
[0.413s] Level 5:colcon.colcon_core.verb:set package 'mec_mobile_description' build argument 'cmake_target' from command line to 'None'
[0.413s] Level 5:colcon.colcon_core.verb:set package 'mec_mobile_description' build argument 'cmake_target_skip_unavailable' from command line to 'False'
[0.413s] Level 5:colcon.colcon_core.verb:set package 'mec_mobile_description' build argument 'cmake_clean_cache' from command line to 'False'
[0.413s] Level 5:colcon.colcon_core.verb:set package 'mec_mobile_description' build argument 'cmake_clean_first' from command line to 'False'
[0.413s] Level 5:colcon.colcon_core.verb:set package 'mec_mobile_description' build argument 'cmake_force_configure' from command line to 'False'
[0.413s] Level 5:colcon.colcon_core.verb:set package 'mec_mobile_description' build argument 'ament_cmake_args' from command line to 'None'
[0.413s] Level 5:colcon.colcon_core.verb:set package 'mec_mobile_description' build argument 'catkin_cmake_args' from command line to 'None'
[0.413s] Level 5:colcon.colcon_core.verb:set package 'mec_mobile_description' build argument 'catkin_skip_building_tests' from command line to 'False'
[0.413s] DEBUG:colcon.colcon_core.verb:Building package 'mec_mobile_description' with the following arguments: {'ament_cmake_args': None, 'build_base': '/media/tracy/DATA/ros2_ws/src/build/mec_mobile_description', 'catkin_cmake_args': None, 'catkin_skip_building_tests': False, 'cmake_args': None, 'cmake_clean_cache': False, 'cmake_clean_first': False, 'cmake_force_configure': False, 'cmake_target': None, 'cmake_target_skip_unavailable': False, 'install_base': '/media/tracy/DATA/ros2_ws/src/install/mec_mobile_description', 'merge_install': False, 'path': '/media/tracy/DATA/ros2_ws/src/mec_mobile/mec_mobile_description', 'symlink_install': False, 'test_result_base': None}
[0.417s] Level 5:colcon.colcon_core.verb:set package 'mec_mobile_gazebo' build argument 'cmake_args' from command line to 'None'
[0.417s] Level 5:colcon.colcon_core.verb:set package 'mec_mobile_gazebo' build argument 'cmake_target' from command line to 'None'
[0.417s] Level 5:colcon.colcon_core.verb:set package 'mec_mobile_gazebo' build argument 'cmake_target_skip_unavailable' from command line to 'False'
[0.417s] Level 5:colcon.colcon_core.verb:set package 'mec_mobile_gazebo' build argument 'cmake_clean_cache' from command line to 'False'
[0.417s] Level 5:colcon.colcon_core.verb:set package 'mec_mobile_gazebo' build argument 'cmake_clean_first' from command line to 'False'
[0.417s] Level 5:colcon.colcon_core.verb:set package 'mec_mobile_gazebo' build argument 'cmake_force_configure' from command line to 'False'
[0.417s] Level 5:colcon.colcon_core.verb:set package 'mec_mobile_gazebo' build argument 'ament_cmake_args' from command line to 'None'
[0.417s] Level 5:colcon.colcon_core.verb:set package 'mec_mobile_gazebo' build argument 'catkin_cmake_args' from command line to 'None'
[0.417s] Level 5:colcon.colcon_core.verb:set package 'mec_mobile_gazebo' build argument 'catkin_skip_building_tests' from command line to 'False'
[0.417s] DEBUG:colcon.colcon_core.verb:Building package 'mec_mobile_gazebo' with the following arguments: {'ament_cmake_args': None, 'build_base': '/media/tracy/DATA/ros2_ws/src/build/mec_mobile_gazebo', 'catkin_cmake_args': None, 'catkin_skip_building_tests': False, 'cmake_args': None, 'cmake_clean_cache': False, 'cmake_clean_first': False, 'cmake_force_configure': False, 'cmake_target': None, 'cmake_target_skip_unavailable': False, 'install_base': '/media/tracy/DATA/ros2_ws/src/install/mec_mobile_gazebo', 'merge_install': False, 'path': '/media/tracy/DATA/ros2_ws/src/mec_mobile/mec_mobile_gazebo', 'symlink_install': False, 'test_result_base': None}
[0.417s] Level 5:colcon.colcon_core.verb:set package 'mec_mobile_nav2' build argument 'cmake_args' from command line to 'None'
[0.417s] Level 5:colcon.colcon_core.verb:set package 'mec_mobile_nav2' build argument 'cmake_target' from command line to 'None'
[0.417s] Level 5:colcon.colcon_core.verb:set package 'mec_mobile_nav2' build argument 'cmake_target_skip_unavailable' from command line to 'False'
[0.417s] Level 5:colcon.colcon_core.verb:set package 'mec_mobile_nav2' build argument 'cmake_clean_cache' from command line to 'False'
[0.417s] Level 5:colcon.colcon_core.verb:set package 'mec_mobile_nav2' build argument 'cmake_clean_first' from command line to 'False'
[0.417s] Level 5:colcon.colcon_core.verb:set package 'mec_mobile_nav2' build argument 'cmake_force_configure' from command line to 'False'
[0.417s] Level 5:colcon.colcon_core.verb:set package 'mec_mobile_nav2' build argument 'ament_cmake_args' from command line to 'None'
[0.417s] Level 5:colcon.colcon_core.verb:set package 'mec_mobile_nav2' build argument 'catkin_cmake_args' from command line to 'None'
[0.417s] Level 5:colcon.colcon_core.verb:set package 'mec_mobile_nav2' build argument 'catkin_skip_building_tests' from command line to 'False'
[0.418s] DEBUG:colcon.colcon_core.verb:Building package 'mec_mobile_nav2' with the following arguments: {'ament_cmake_args': None, 'build_base': '/media/tracy/DATA/ros2_ws/src/build/mec_mobile_nav2', 'catkin_cmake_args': None, 'catkin_skip_building_tests': False, 'cmake_args': None, 'cmake_clean_cache': False, 'cmake_clean_first': False, 'cmake_force_configure': False, 'cmake_target': None, 'cmake_target_skip_unavailable': False, 'install_base': '/media/tracy/DATA/ros2_ws/src/install/mec_mobile_nav2', 'merge_install': False, 'path': '/media/tracy/DATA/ros2_ws/src/mec_mobile_nav2', 'symlink_install': False, 'test_result_base': None}
[0.418s] Level 5:colcon.colcon_core.verb:set package 'mecanum_controller_cpp' build argument 'cmake_args' from command line to 'None'
[0.418s] Level 5:colcon.colcon_core.verb:set package 'mecanum_controller_cpp' build argument 'cmake_target' from command line to 'None'
[0.418s] Level 5:colcon.colcon_core.verb:set package 'mecanum_controller_cpp' build argument 'cmake_target_skip_unavailable' from command line to 'False'
[0.418s] Level 5:colcon.colcon_core.verb:set package 'mecanum_controller_cpp' build argument 'cmake_clean_cache' from command line to 'False'
[0.418s] Level 5:colcon.colcon_core.verb:set package 'mecanum_controller_cpp' build argument 'cmake_clean_first' from command line to 'False'
[0.418s] Level 5:colcon.colcon_core.verb:set package 'mecanum_controller_cpp' build argument 'cmake_force_configure' from command line to 'False'
[0.418s] Level 5:colcon.colcon_core.verb:set package 'mecanum_controller_cpp' build argument 'ament_cmake_args' from command line to 'None'
[0.418s] Level 5:colcon.colcon_core.verb:set package 'mecanum_controller_cpp' build argument 'catkin_cmake_args' from command line to 'None'
[0.418s] Level 5:colcon.colcon_core.verb:set package 'mecanum_controller_cpp' build argument 'catkin_skip_building_tests' from command line to 'False'
[0.418s] DEBUG:colcon.colcon_core.verb:Building package 'mecanum_controller_cpp' with the following arguments: {'ament_cmake_args': None, 'build_base': '/media/tracy/DATA/ros2_ws/src/build/mecanum_controller_cpp', 'catkin_cmake_args': None, 'catkin_skip_building_tests': False, 'cmake_args': None, 'cmake_clean_cache': False, 'cmake_clean_first': False, 'cmake_force_configure': False, 'cmake_target': None, 'cmake_target_skip_unavailable': False, 'install_base': '/media/tracy/DATA/ros2_ws/src/install/mecanum_controller_cpp', 'merge_install': False, 'path': '/media/tracy/DATA/ros2_ws/src/mecanum_controller_cpp', 'symlink_install': False, 'test_result_base': None}
[0.418s] Level 5:colcon.colcon_core.verb:set package 'mec_mobile' build argument 'cmake_args' from command line to 'None'
[0.418s] Level 5:colcon.colcon_core.verb:set package 'mec_mobile' build argument 'cmake_target' from command line to 'None'
[0.418s] Level 5:colcon.colcon_core.verb:set package 'mec_mobile' build argument 'cmake_target_skip_unavailable' from command line to 'False'
[0.418s] Level 5:colcon.colcon_core.verb:set package 'mec_mobile' build argument 'cmake_clean_cache' from command line to 'False'
[0.418s] Level 5:colcon.colcon_core.verb:set package 'mec_mobile' build argument 'cmake_clean_first' from command line to 'False'
[0.418s] Level 5:colcon.colcon_core.verb:set package 'mec_mobile' build argument 'cmake_force_configure' from command line to 'False'
[0.418s] Level 5:colcon.colcon_core.verb:set package 'mec_mobile' build argument 'ament_cmake_args' from command line to 'None'
[0.418s] Level 5:colcon.colcon_core.verb:set package 'mec_mobile' build argument 'catkin_cmake_args' from command line to 'None'
[0.418s] Level 5:colcon.colcon_core.verb:set package 'mec_mobile' build argument 'catkin_skip_building_tests' from command line to 'False'
[0.418s] DEBUG:colcon.colcon_core.verb:Building package 'mec_mobile' with the following arguments: {'ament_cmake_args': None, 'build_base': '/media/tracy/DATA/ros2_ws/src/build/mec_mobile', 'catkin_cmake_args': None, 'catkin_skip_building_tests': False, 'cmake_args': None, 'cmake_clean_cache': False, 'cmake_clean_first': False, 'cmake_force_configure': False, 'cmake_target': None, 'cmake_target_skip_unavailable': False, 'install_base': '/media/tracy/DATA/ros2_ws/src/install/mec_mobile', 'merge_install': False, 'path': '/media/tracy/DATA/ros2_ws/src/mec_mobile/mec_mobile', 'symlink_install': False, 'test_result_base': None}
[0.418s] INFO:colcon.colcon_core.executor:Executing jobs using 'parallel' executor
[0.420s] DEBUG:colcon.colcon_parallel_executor.executor.parallel:run_until_complete
[0.420s] INFO:colcon.colcon_ros.task.ament_cmake.build:Building ROS package in '/media/tracy/DATA/ros2_ws/src/mec_mobile/mec_mobile_description' with build type 'ament_cmake'
[0.420s] INFO:colcon.colcon_cmake.task.cmake.build:Building CMake package in '/media/tracy/DATA/ros2_ws/src/mec_mobile/mec_mobile_description'
[0.425s] INFO:colcon.colcon_core.plugin_system:Skipping extension 'colcon_core.shell.bat': Not used on non-Windows systems
[0.426s] INFO:colcon.colcon_core.shell:Skip shell extension 'powershell' for command environment: Not usable outside of PowerShell
[0.426s] DEBUG:colcon.colcon_core.shell:Skip shell extension 'dsv' for command environment
[0.432s] INFO:colcon.colcon_ros.task.ament_cmake.build:Building ROS package in '/media/tracy/DATA/ros2_ws/src/mec_mobile/mec_mobile_gazebo' with build type 'ament_cmake'
[0.432s] INFO:colcon.colcon_cmake.task.cmake.build:Building CMake package in '/media/tracy/DATA/ros2_ws/src/mec_mobile/mec_mobile_gazebo'
[0.432s] INFO:colcon.colcon_core.shell:Skip shell extension 'powershell' for command environment: Not usable outside of PowerShell
[0.432s] DEBUG:colcon.colcon_core.shell:Skip shell extension 'dsv' for command environment
[0.437s] INFO:colcon.colcon_ros.task.ament_cmake.build:Building ROS package in '/media/tracy/DATA/ros2_ws/src/mec_mobile_nav2' with build type 'ament_cmake'
[0.437s] INFO:colcon.colcon_cmake.task.cmake.build:Building CMake package in '/media/tracy/DATA/ros2_ws/src/mec_mobile_nav2'
[0.437s] INFO:colcon.colcon_core.shell:Skip shell extension 'powershell' for command environment: Not usable outside of PowerShell
[0.437s] DEBUG:colcon.colcon_core.shell:Skip shell extension 'dsv' for command environment
[0.445s] INFO:colcon.colcon_ros.task.ament_cmake.build:Building ROS package in '/media/tracy/DATA/ros2_ws/src/mecanum_controller_cpp' with build type 'ament_cmake'
[0.445s] INFO:colcon.colcon_cmake.task.cmake.build:Building CMake package in '/media/tracy/DATA/ros2_ws/src/mecanum_controller_cpp'
[0.446s] INFO:colcon.colcon_core.shell:Skip shell extension 'powershell' for command environment: Not usable outside of PowerShell
[0.446s] DEBUG:colcon.colcon_core.shell:Skip shell extension 'dsv' for command environment
[0.461s] DEBUG:colcon.colcon_core.event_handler.log_command:Invoking command in '/media/tracy/DATA/ros2_ws/src/build/mec_mobile_description': CMAKE_PREFIX_PATH=${CMAKE_PREFIX_PATH}:/opt/ros/jazzy DEBUGINFOD_URLS=https://debuginfod.ubuntu.com /usr/bin/cmake /media/tracy/DATA/ros2_ws/src/mec_mobile/mec_mobile_description -DCMAKE_INSTALL_PREFIX=/media/tracy/DATA/ros2_ws/src/install/mec_mobile_description
[0.465s] DEBUG:colcon.colcon_core.event_handler.log_command:Invoking command in '/media/tracy/DATA/ros2_ws/src/build/mec_mobile_gazebo': CMAKE_PREFIX_PATH=${CMAKE_PREFIX_PATH}:/opt/ros/jazzy DEBUGINFOD_URLS=https://debuginfod.ubuntu.com /usr/bin/cmake /media/tracy/DATA/ros2_ws/src/mec_mobile/mec_mobile_gazebo -DCMAKE_INSTALL_PREFIX=/media/tracy/DATA/ros2_ws/src/install/mec_mobile_gazebo
[0.479s] DEBUG:colcon.colcon_core.event_handler.log_command:Invoking command in '/media/tracy/DATA/ros2_ws/src/build/mec_mobile_nav2': CMAKE_PREFIX_PATH=${CMAKE_PREFIX_PATH}:/opt/ros/jazzy DEBUGINFOD_URLS=https://debuginfod.ubuntu.com /usr/bin/cmake /media/tracy/DATA/ros2_ws/src/mec_mobile_nav2 -DCMAKE_INSTALL_PREFIX=/media/tracy/DATA/ros2_ws/src/install/mec_mobile_nav2
[0.487s] DEBUG:colcon.colcon_core.event_handler.log_command:Invoking command in '/media/tracy/DATA/ros2_ws/src/build/mecanum_controller_cpp': CMAKE_PREFIX_PATH=${CMAKE_PREFIX_PATH}:/opt/ros/jazzy DEBUGINFOD_URLS=https://debuginfod.ubuntu.com /usr/bin/cmake /media/tracy/DATA/ros2_ws/src/mecanum_controller_cpp -DCMAKE_INSTALL_PREFIX=/media/tracy/DATA/ros2_ws/src/install/mecanum_controller_cpp
[1.099s] DEBUG:colcon.colcon_core.event_handler.log_command:Invoked command in '/media/tracy/DATA/ros2_ws/src/build/mec_mobile_description' returned '0': CMAKE_PREFIX_PATH=${CMAKE_PREFIX_PATH}:/opt/ros/jazzy DEBUGINFOD_URLS=https://debuginfod.ubuntu.com /usr/bin/cmake /media/tracy/DATA/ros2_ws/src/mec_mobile/mec_mobile_description -DCMAKE_INSTALL_PREFIX=/media/tracy/DATA/ros2_ws/src/install/mec_mobile_description
[1.101s] DEBUG:colcon.colcon_core.event_handler.log_command:Invoking command in '/media/tracy/DATA/ros2_ws/src/build/mec_mobile_description': CMAKE_PREFIX_PATH=${CMAKE_PREFIX_PATH}:/opt/ros/jazzy DEBUGINFOD_URLS=https://debuginfod.ubuntu.com /usr/bin/cmake --build /media/tracy/DATA/ros2_ws/src/build/mec_mobile_description -- -j16 -l16
[1.176s] DEBUG:colcon.colcon_core.event_handler.log_command:Invoked command in '/media/tracy/DATA/ros2_ws/src/build/mec_mobile_description' returned '0': CMAKE_PREFIX_PATH=${CMAKE_PREFIX_PATH}:/opt/ros/jazzy DEBUGINFOD_URLS=https://debuginfod.ubuntu.com /usr/bin/cmake --build /media/tracy/DATA/ros2_ws/src/build/mec_mobile_description -- -j16 -l16
[1.195s] DEBUG:colcon.colcon_core.event_handler.log_command:Invoking command in '/media/tracy/DATA/ros2_ws/src/build/mec_mobile_description': CMAKE_PREFIX_PATH=${CMAKE_PREFIX_PATH}:/opt/ros/jazzy DEBUGINFOD_URLS=https://debuginfod.ubuntu.com /usr/bin/cmake --install /media/tracy/DATA/ros2_ws/src/build/mec_mobile_description
[1.241s] Level 1:colcon.colcon_core.environment:create_environment_scripts_only(mec_mobile_description)
[1.242s] DEBUG:colcon.colcon_core.event_handler.log_command:Invoked command in '/media/tracy/DATA/ros2_ws/src/build/mec_mobile_description' returned '0': CMAKE_PREFIX_PATH=${CMAKE_PREFIX_PATH}:/opt/ros/jazzy DEBUGINFOD_URLS=https://debuginfod.ubuntu.com /usr/bin/cmake --install /media/tracy/DATA/ros2_ws/src/build/mec_mobile_description
[1.247s] Level 1:colcon.colcon_core.environment:checking '/media/tracy/DATA/ros2_ws/src/install/mec_mobile_description' for CMake module files
[1.247s] Level 1:colcon.colcon_core.environment:checking '/media/tracy/DATA/ros2_ws/src/install/mec_mobile_description' for CMake config files
[1.248s] Level 1:colcon.colcon_core.shell:create_environment_hook('mec_mobile_description', 'cmake_prefix_path')
[1.248s] INFO:colcon.colcon_core.shell:Creating environment hook '/media/tracy/DATA/ros2_ws/src/install/mec_mobile_description/share/mec_mobile_description/hook/cmake_prefix_path.ps1'
[1.249s] INFO:colcon.colcon_core.shell:Creating environment descriptor '/media/tracy/DATA/ros2_ws/src/install/mec_mobile_description/share/mec_mobile_description/hook/cmake_prefix_path.dsv'
[1.249s] INFO:colcon.colcon_core.shell:Creating environment hook '/media/tracy/DATA/ros2_ws/src/install/mec_mobile_description/share/mec_mobile_description/hook/cmake_prefix_path.sh'
[1.250s] Level 1:colcon.colcon_core.environment:checking '/media/tracy/DATA/ros2_ws/src/install/mec_mobile_description/bin'
[1.250s] Level 1:colcon.colcon_core.environment:checking '/media/tracy/DATA/ros2_ws/src/install/mec_mobile_description/lib/pkgconfig/mec_mobile_description.pc'
[1.250s] Level 1:colcon.colcon_core.environment:checking '/media/tracy/DATA/ros2_ws/src/install/mec_mobile_description/lib/python3.12/site-packages'
[1.250s] Level 1:colcon.colcon_core.environment:checking '/media/tracy/DATA/ros2_ws/src/install/mec_mobile_description/bin'
[1.251s] INFO:colcon.colcon_core.shell:Creating package script '/media/tracy/DATA/ros2_ws/src/install/mec_mobile_description/share/mec_mobile_description/package.ps1'
[1.251s] INFO:colcon.colcon_core.shell:Creating package descriptor '/media/tracy/DATA/ros2_ws/src/install/mec_mobile_description/share/mec_mobile_description/package.dsv'
[1.252s] INFO:colcon.colcon_core.shell:Creating package script '/media/tracy/DATA/ros2_ws/src/install/mec_mobile_description/share/mec_mobile_description/package.sh'
[1.252s] INFO:colcon.colcon_core.shell:Creating package script '/media/tracy/DATA/ros2_ws/src/install/mec_mobile_description/share/mec_mobile_description/package.bash'
[1.253s] INFO:colcon.colcon_core.shell:Creating package script '/media/tracy/DATA/ros2_ws/src/install/mec_mobile_description/share/mec_mobile_description/package.zsh'
[1.253s] Level 1:colcon.colcon_core.environment:create_file_with_runtime_dependencies(/media/tracy/DATA/ros2_ws/src/install/mec_mobile_description/share/colcon-core/packages/mec_mobile_description)
[1.254s] Level 1:colcon.colcon_core.environment:create_environment_scripts_only(mec_mobile_description)
[1.254s] Level 1:colcon.colcon_core.environment:checking '/media/tracy/DATA/ros2_ws/src/install/mec_mobile_description' for CMake module files
[1.255s] Level 1:colcon.colcon_core.environment:checking '/media/tracy/DATA/ros2_ws/src/install/mec_mobile_description' for CMake config files
[1.256s] Level 1:colcon.colcon_core.shell:create_environment_hook('mec_mobile_description', 'cmake_prefix_path')
[1.256s] INFO:colcon.colcon_core.shell:Creating environment hook '/media/tracy/DATA/ros2_ws/src/install/mec_mobile_description/share/mec_mobile_description/hook/cmake_prefix_path.ps1'
[1.256s] INFO:colcon.colcon_core.shell:Creating environment descriptor '/media/tracy/DATA/ros2_ws/src/install/mec_mobile_description/share/mec_mobile_description/hook/cmake_prefix_path.dsv'
[1.257s] INFO:colcon.colcon_core.shell:Creating environment hook '/media/tracy/DATA/ros2_ws/src/install/mec_mobile_description/share/mec_mobile_description/hook/cmake_prefix_path.sh'
[1.258s] Level 1:colcon.colcon_core.environment:checking '/media/tracy/DATA/ros2_ws/src/install/mec_mobile_description/bin'
[1.258s] Level 1:colcon.colcon_core.environment:checking '/media/tracy/DATA/ros2_ws/src/install/mec_mobile_description/lib/pkgconfig/mec_mobile_description.pc'
[1.258s] Level 1:colcon.colcon_core.environment:checking '/media/tracy/DATA/ros2_ws/src/install/mec_mobile_description/lib/python3.12/site-packages'
[1.259s] Level 1:colcon.colcon_core.environment:checking '/media/tracy/DATA/ros2_ws/src/install/mec_mobile_description/bin'
[1.259s] INFO:colcon.colcon_core.shell:Creating package script '/media/tracy/DATA/ros2_ws/src/install/mec_mobile_description/share/mec_mobile_description/package.ps1'
[1.259s] INFO:colcon.colcon_core.shell:Creating package descriptor '/media/tracy/DATA/ros2_ws/src/install/mec_mobile_description/share/mec_mobile_description/package.dsv'
[1.260s] INFO:colcon.colcon_core.shell:Creating package script '/media/tracy/DATA/ros2_ws/src/install/mec_mobile_description/share/mec_mobile_description/package.sh'
[1.260s] INFO:colcon.colcon_core.shell:Creating package script '/media/tracy/DATA/ros2_ws/src/install/mec_mobile_description/share/mec_mobile_description/package.bash'
[1.261s] INFO:colcon.colcon_core.shell:Creating package script '/media/tracy/DATA/ros2_ws/src/install/mec_mobile_description/share/mec_mobile_description/package.zsh'
[1.261s] Level 1:colcon.colcon_core.environment:create_file_with_runtime_dependencies(/media/tracy/DATA/ros2_ws/src/install/mec_mobile_description/share/colcon-core/packages/mec_mobile_description)
[1.262s] INFO:colcon.colcon_ros.task.ament_cmake.build:Building ROS package in '/media/tracy/DATA/ros2_ws/src/mec_mobile/mec_mobile' with build type 'ament_cmake'
[1.262s] INFO:colcon.colcon_cmake.task.cmake.build:Building CMake package in '/media/tracy/DATA/ros2_ws/src/mec_mobile/mec_mobile'
[1.262s] INFO:colcon.colcon_core.shell:Skip shell extension 'powershell' for command environment: Not usable outside of PowerShell
[1.262s] DEBUG:colcon.colcon_core.shell:Skip shell extension 'dsv' for command environment
[1.279s] DEBUG:colcon.colcon_core.event_handler.log_command:Invoking command in '/media/tracy/DATA/ros2_ws/src/build/mec_mobile': AMENT_PREFIX_PATH=/media/tracy/DATA/ros2_ws/src/install/mec_mobile_description:${AMENT_PREFIX_PATH} CMAKE_PREFIX_PATH=/media/tracy/DATA/ros2_ws/src/install/mec_mobile_description:/media/tracy/DATA/ros2_ws/install/mecanum_controller_cpp:/media/tracy/DATA/ros2_ws/install/mec_mobile_gazebo:/media/tracy/DATA/ros2_ws/install/mec_mobile:/media/tracy/DATA/ros2_ws/install/mec_mobile_description:/opt/ros/jazzy/opt/gz_sim_vendor:/opt/ros/jazzy/opt/gz_sensors_vendor:/opt/ros/jazzy/opt/gz_physics_vendor:/opt/ros/jazzy/opt/sdformat_vendor:/opt/ros/jazzy/opt/gz_gui_vendor:/opt/ros/jazzy/opt/gz_transport_vendor:/opt/ros/jazzy/opt/gz_rendering_vendor:/opt/ros/jazzy/opt/gz_plugin_vendor:/opt/ros/jazzy/opt/gz_fuel_tools_vendor:/opt/ros/jazzy/opt/gz_msgs_vendor:/opt/ros/jazzy/opt/gz_common_vendor:/opt/ros/jazzy/opt/gz_math_vendor:/opt/ros/jazzy/opt/gz_utils_vendor:/opt/ros/jazzy/opt/gz_tools_vendor:/opt/ros/jazzy/opt/gz_ogre_next_vendor:/opt/ros/jazzy/opt/gz_dartsim_vendor:/opt/ros/jazzy/opt/gz_cmake_vendor:/opt/ros/jazzy DEBUGINFOD_URLS=https://debuginfod.ubuntu.com /usr/bin/cmake /media/tracy/DATA/ros2_ws/src/mec_mobile/mec_mobile -DCMAKE_INSTALL_PREFIX=/media/tracy/DATA/ros2_ws/src/install/mec_mobile
[1.512s] DEBUG:colcon.colcon_core.event_handler.log_command:Invoked command in '/media/tracy/DATA/ros2_ws/src/build/mecanum_controller_cpp' returned '0': CMAKE_PREFIX_PATH=${CMAKE_PREFIX_PATH}:/opt/ros/jazzy DEBUGINFOD_URLS=https://debuginfod.ubuntu.com /usr/bin/cmake /media/tracy/DATA/ros2_ws/src/mecanum_controller_cpp -DCMAKE_INSTALL_PREFIX=/media/tracy/DATA/ros2_ws/src/install/mecanum_controller_cpp
[1.513s] DEBUG:colcon.colcon_core.event_handler.log_command:Invoking command in '/media/tracy/DATA/ros2_ws/src/build/mecanum_controller_cpp': CMAKE_PREFIX_PATH=${CMAKE_PREFIX_PATH}:/opt/ros/jazzy DEBUGINFOD_URLS=https://debuginfod.ubuntu.com /usr/bin/cmake --build /media/tracy/DATA/ros2_ws/src/build/mecanum_controller_cpp -- -j16 -l16
[1.600s] DEBUG:colcon.colcon_core.event_handler.log_command:Invoked command in '/media/tracy/DATA/ros2_ws/src/build/mecanum_controller_cpp' returned '0': CMAKE_PREFIX_PATH=${CMAKE_PREFIX_PATH}:/opt/ros/jazzy DEBUGINFOD_URLS=https://debuginfod.ubuntu.com /usr/bin/cmake --build /media/tracy/DATA/ros2_ws/src/build/mecanum_controller_cpp -- -j16 -l16
[1.602s] DEBUG:colcon.colcon_core.event_handler.log_command:Invoking command in '/media/tracy/DATA/ros2_ws/src/build/mecanum_controller_cpp': CMAKE_PREFIX_PATH=${CMAKE_PREFIX_PATH}:/opt/ros/jazzy DEBUGINFOD_URLS=https://debuginfod.ubuntu.com /usr/bin/cmake --install /media/tracy/DATA/ros2_ws/src/build/mecanum_controller_cpp
[1.647s] Level 1:colcon.colcon_core.environment:create_environment_scripts_only(mecanum_controller_cpp)
[1.648s] Level 1:colcon.colcon_core.environment:checking '/media/tracy/DATA/ros2_ws/src/install/mecanum_controller_cpp' for CMake module files
[1.649s] DEBUG:colcon.colcon_core.event_handler.log_command:Invoked command in '/media/tracy/DATA/ros2_ws/src/build/mecanum_controller_cpp' returned '0': CMAKE_PREFIX_PATH=${CMAKE_PREFIX_PATH}:/opt/ros/jazzy DEBUGINFOD_URLS=https://debuginfod.ubuntu.com /usr/bin/cmake --install /media/tracy/DATA/ros2_ws/src/build/mecanum_controller_cpp
[1.649s] Level 1:colcon.colcon_core.environment:checking '/media/tracy/DATA/ros2_ws/src/install/mecanum_controller_cpp' for CMake config files
[1.650s] Level 1:colcon.colcon_core.shell:create_environment_hook('mecanum_controller_cpp', 'cmake_prefix_path')
[1.650s] INFO:colcon.colcon_core.shell:Creating environment hook '/media/tracy/DATA/ros2_ws/src/install/mecanum_controller_cpp/share/mecanum_controller_cpp/hook/cmake_prefix_path.ps1'
[1.651s] INFO:colcon.colcon_core.shell:Creating environment descriptor '/media/tracy/DATA/ros2_ws/src/install/mecanum_controller_cpp/share/mecanum_controller_cpp/hook/cmake_prefix_path.dsv'
[1.651s] INFO:colcon.colcon_core.shell:Creating environment hook '/media/tracy/DATA/ros2_ws/src/install/mecanum_controller_cpp/share/mecanum_controller_cpp/hook/cmake_prefix_path.sh'
[1.652s] Level 1:colcon.colcon_core.environment:checking '/media/tracy/DATA/ros2_ws/src/install/mecanum_controller_cpp/bin'
[1.652s] Level 1:colcon.colcon_core.environment:checking '/media/tracy/DATA/ros2_ws/src/install/mecanum_controller_cpp/lib/pkgconfig/mecanum_controller_cpp.pc'
[1.652s] Level 1:colcon.colcon_core.environment:checking '/media/tracy/DATA/ros2_ws/src/install/mecanum_controller_cpp/lib/python3.12/site-packages'
[1.652s] Level 1:colcon.colcon_core.environment:checking '/media/tracy/DATA/ros2_ws/src/install/mecanum_controller_cpp/bin'
[1.653s] INFO:colcon.colcon_core.shell:Creating package script '/media/tracy/DATA/ros2_ws/src/install/mecanum_controller_cpp/share/mecanum_controller_cpp/package.ps1'
[1.653s] INFO:colcon.colcon_core.shell:Creating package descriptor '/media/tracy/DATA/ros2_ws/src/install/mecanum_controller_cpp/share/mecanum_controller_cpp/package.dsv'
[1.654s] INFO:colcon.colcon_core.shell:Creating package script '/media/tracy/DATA/ros2_ws/src/install/mecanum_controller_cpp/share/mecanum_controller_cpp/package.sh'
[1.655s] INFO:colcon.colcon_core.shell:Creating package script '/media/tracy/DATA/ros2_ws/src/install/mecanum_controller_cpp/share/mecanum_controller_cpp/package.bash'
[1.655s] INFO:colcon.colcon_core.shell:Creating package script '/media/tracy/DATA/ros2_ws/src/install/mecanum_controller_cpp/share/mecanum_controller_cpp/package.zsh'
[1.655s] Level 1:colcon.colcon_core.environment:create_file_with_runtime_dependencies(/media/tracy/DATA/ros2_ws/src/install/mecanum_controller_cpp/share/colcon-core/packages/mecanum_controller_cpp)
[1.656s] Level 1:colcon.colcon_core.environment:create_environment_scripts_only(mecanum_controller_cpp)
[1.656s] Level 1:colcon.colcon_core.environment:checking '/media/tracy/DATA/ros2_ws/src/install/mecanum_controller_cpp' for CMake module files
[1.657s] Level 1:colcon.colcon_core.environment:checking '/media/tracy/DATA/ros2_ws/src/install/mecanum_controller_cpp' for CMake config files
[1.657s] Level 1:colcon.colcon_core.shell:create_environment_hook('mecanum_controller_cpp', 'cmake_prefix_path')
[1.658s] INFO:colcon.colcon_core.shell:Creating environment hook '/media/tracy/DATA/ros2_ws/src/install/mecanum_controller_cpp/share/mecanum_controller_cpp/hook/cmake_prefix_path.ps1'
[1.658s] INFO:colcon.colcon_core.shell:Creating environment descriptor '/media/tracy/DATA/ros2_ws/src/install/mecanum_controller_cpp/share/mecanum_controller_cpp/hook/cmake_prefix_path.dsv'
[1.659s] INFO:colcon.colcon_core.shell:Creating environment hook '/media/tracy/DATA/ros2_ws/src/install/mecanum_controller_cpp/share/mecanum_controller_cpp/hook/cmake_prefix_path.sh'
[1.659s] Level 1:colcon.colcon_core.environment:checking '/media/tracy/DATA/ros2_ws/src/install/mecanum_controller_cpp/bin'
[1.659s] Level 1:colcon.colcon_core.environment:checking '/media/tracy/DATA/ros2_ws/src/install/mecanum_controller_cpp/lib/pkgconfig/mecanum_controller_cpp.pc'
[1.660s] Level 1:colcon.colcon_core.environment:checking '/media/tracy/DATA/ros2_ws/src/install/mecanum_controller_cpp/lib/python3.12/site-packages'
[1.660s] Level 1:colcon.colcon_core.environment:checking '/media/tracy/DATA/ros2_ws/src/install/mecanum_controller_cpp/bin'
[1.660s] INFO:colcon.colcon_core.shell:Creating package script '/media/tracy/DATA/ros2_ws/src/install/mecanum_controller_cpp/share/mecanum_controller_cpp/package.ps1'
[1.661s] INFO:colcon.colcon_core.shell:Creating package descriptor '/media/tracy/DATA/ros2_ws/src/install/mecanum_controller_cpp/share/mecanum_controller_cpp/package.dsv'
[1.661s] INFO:colcon.colcon_core.shell:Creating package script '/media/tracy/DATA/ros2_ws/src/install/mecanum_controller_cpp/share/mecanum_controller_cpp/package.sh'
[1.662s] INFO:colcon.colcon_core.shell:Creating package script '/media/tracy/DATA/ros2_ws/src/install/mecanum_controller_cpp/share/mecanum_controller_cpp/package.bash'
[1.662s] INFO:colcon.colcon_core.shell:Creating package script '/media/tracy/DATA/ros2_ws/src/install/mecanum_controller_cpp/share/mecanum_controller_cpp/package.zsh'
[1.662s] Level 1:colcon.colcon_core.environment:create_file_with_runtime_dependencies(/media/tracy/DATA/ros2_ws/src/install/mecanum_controller_cpp/share/colcon-core/packages/mecanum_controller_cpp)
[1.685s] DEBUG:colcon.colcon_core.event_handler.log_command:Invoked command in '/media/tracy/DATA/ros2_ws/src/build/mec_mobile_gazebo' returned '0': CMAKE_PREFIX_PATH=${CMAKE_PREFIX_PATH}:/opt/ros/jazzy DEBUGINFOD_URLS=https://debuginfod.ubuntu.com /usr/bin/cmake /media/tracy/DATA/ros2_ws/src/mec_mobile/mec_mobile_gazebo -DCMAKE_INSTALL_PREFIX=/media/tracy/DATA/ros2_ws/src/install/mec_mobile_gazebo
[1.686s] DEBUG:colcon.colcon_core.event_handler.log_command:Invoking command in '/media/tracy/DATA/ros2_ws/src/build/mec_mobile_gazebo': CMAKE_PREFIX_PATH=${CMAKE_PREFIX_PATH}:/opt/ros/jazzy DEBUGINFOD_URLS=https://debuginfod.ubuntu.com /usr/bin/cmake --build /media/tracy/DATA/ros2_ws/src/build/mec_mobile_gazebo -- -j16 -l16
[1.767s] DEBUG:colcon.colcon_core.event_handler.log_command:Invoked command in '/media/tracy/DATA/ros2_ws/src/build/mec_mobile_gazebo' returned '0': CMAKE_PREFIX_PATH=${CMAKE_PREFIX_PATH}:/opt/ros/jazzy DEBUGINFOD_URLS=https://debuginfod.ubuntu.com /usr/bin/cmake --build /media/tracy/DATA/ros2_ws/src/build/mec_mobile_gazebo -- -j16 -l16
[1.769s] DEBUG:colcon.colcon_core.event_handler.log_command:Invoking command in '/media/tracy/DATA/ros2_ws/src/build/mec_mobile_gazebo': CMAKE_PREFIX_PATH=${CMAKE_PREFIX_PATH}:/opt/ros/jazzy DEBUGINFOD_URLS=https://debuginfod.ubuntu.com /usr/bin/cmake --install /media/tracy/DATA/ros2_ws/src/build/mec_mobile_gazebo
[1.799s] DEBUG:colcon.colcon_core.event_handler.log_command:Invoked command in '/media/tracy/DATA/ros2_ws/src/build/mec_mobile' returned '0': AMENT_PREFIX_PATH=/media/tracy/DATA/ros2_ws/src/install/mec_mobile_description:${AMENT_PREFIX_PATH} CMAKE_PREFIX_PATH=/media/tracy/DATA/ros2_ws/src/install/mec_mobile_description:/media/tracy/DATA/ros2_ws/install/mecanum_controller_cpp:/media/tracy/DATA/ros2_ws/install/mec_mobile_gazebo:/media/tracy/DATA/ros2_ws/install/mec_mobile:/media/tracy/DATA/ros2_ws/install/mec_mobile_description:/opt/ros/jazzy/opt/gz_sim_vendor:/opt/ros/jazzy/opt/gz_sensors_vendor:/opt/ros/jazzy/opt/gz_physics_vendor:/opt/ros/jazzy/opt/sdformat_vendor:/opt/ros/jazzy/opt/gz_gui_vendor:/opt/ros/jazzy/opt/gz_transport_vendor:/opt/ros/jazzy/opt/gz_rendering_vendor:/opt/ros/jazzy/opt/gz_plugin_vendor:/opt/ros/jazzy/opt/gz_fuel_tools_vendor:/opt/ros/jazzy/opt/gz_msgs_vendor:/opt/ros/jazzy/opt/gz_common_vendor:/opt/ros/jazzy/opt/gz_math_vendor:/opt/ros/jazzy/opt/gz_utils_vendor:/opt/ros/jazzy/opt/gz_tools_vendor:/opt/ros/jazzy/opt/gz_ogre_next_vendor:/opt/ros/jazzy/opt/gz_dartsim_vendor:/opt/ros/jazzy/opt/gz_cmake_vendor:/opt/ros/jazzy DEBUGINFOD_URLS=https://debuginfod.ubuntu.com /usr/bin/cmake /media/tracy/DATA/ros2_ws/src/mec_mobile/mec_mobile -DCMAKE_INSTALL_PREFIX=/media/tracy/DATA/ros2_ws/src/install/mec_mobile
[1.799s] DEBUG:colcon.colcon_core.event_handler.log_command:Invoking command in '/media/tracy/DATA/ros2_ws/src/build/mec_mobile': AMENT_PREFIX_PATH=/media/tracy/DATA/ros2_ws/src/install/mec_mobile_description:${AMENT_PREFIX_PATH} CMAKE_PREFIX_PATH=/media/tracy/DATA/ros2_ws/src/install/mec_mobile_description:/media/tracy/DATA/ros2_ws/install/mecanum_controller_cpp:/media/tracy/DATA/ros2_ws/install/mec_mobile_gazebo:/media/tracy/DATA/ros2_ws/install/mec_mobile:/media/tracy/DATA/ros2_ws/install/mec_mobile_description:/opt/ros/jazzy/opt/gz_sim_vendor:/opt/ros/jazzy/opt/gz_sensors_vendor:/opt/ros/jazzy/opt/gz_physics_vendor:/opt/ros/jazzy/opt/sdformat_vendor:/opt/ros/jazzy/opt/gz_gui_vendor:/opt/ros/jazzy/opt/gz_transport_vendor:/opt/ros/jazzy/opt/gz_rendering_vendor:/opt/ros/jazzy/opt/gz_plugin_vendor:/opt/ros/jazzy/opt/gz_fuel_tools_vendor:/opt/ros/jazzy/opt/gz_msgs_vendor:/opt/ros/jazzy/opt/gz_common_vendor:/opt/ros/jazzy/opt/gz_math_vendor:/opt/ros/jazzy/opt/gz_utils_vendor:/opt/ros/jazzy/opt/gz_tools_vendor:/opt/ros/jazzy/opt/gz_ogre_next_vendor:/opt/ros/jazzy/opt/gz_dartsim_vendor:/opt/ros/jazzy/opt/gz_cmake_vendor:/opt/ros/jazzy DEBUGINFOD_URLS=https://debuginfod.ubuntu.com /usr/bin/cmake --build /media/tracy/DATA/ros2_ws/src/build/mec_mobile -- -j16 -l16
[1.806s] Level 1:colcon.colcon_core.environment:create_environment_scripts_only(mec_mobile_gazebo)
[1.807s] Level 1:colcon.colcon_core.environment:checking '/media/tracy/DATA/ros2_ws/src/install/mec_mobile_gazebo' for CMake module files
[1.808s] DEBUG:colcon.colcon_core.event_handler.log_command:Invoked command in '/media/tracy/DATA/ros2_ws/src/build/mec_mobile_gazebo' returned '0': CMAKE_PREFIX_PATH=${CMAKE_PREFIX_PATH}:/opt/ros/jazzy DEBUGINFOD_URLS=https://debuginfod.ubuntu.com /usr/bin/cmake --install /media/tracy/DATA/ros2_ws/src/build/mec_mobile_gazebo
[1.808s] Level 1:colcon.colcon_core.environment:checking '/media/tracy/DATA/ros2_ws/src/install/mec_mobile_gazebo' for CMake config files
[1.809s] Level 1:colcon.colcon_core.shell:create_environment_hook('mec_mobile_gazebo', 'cmake_prefix_path')
[1.810s] INFO:colcon.colcon_core.shell:Creating environment hook '/media/tracy/DATA/ros2_ws/src/install/mec_mobile_gazebo/share/mec_mobile_gazebo/hook/cmake_prefix_path.ps1'
[1.810s] INFO:colcon.colcon_core.shell:Creating environment descriptor '/media/tracy/DATA/ros2_ws/src/install/mec_mobile_gazebo/share/mec_mobile_gazebo/hook/cmake_prefix_path.dsv'
[1.810s] INFO:colcon.colcon_core.shell:Creating environment hook '/media/tracy/DATA/ros2_ws/src/install/mec_mobile_gazebo/share/mec_mobile_gazebo/hook/cmake_prefix_path.sh'
[1.811s] Level 1:colcon.colcon_core.environment:checking '/media/tracy/DATA/ros2_ws/src/install/mec_mobile_gazebo/bin'
[1.811s] Level 1:colcon.colcon_core.environment:checking '/media/tracy/DATA/ros2_ws/src/install/mec_mobile_gazebo/lib/pkgconfig/mec_mobile_gazebo.pc'
[1.811s] Level 1:colcon.colcon_core.environment:checking '/media/tracy/DATA/ros2_ws/src/install/mec_mobile_gazebo/lib/python3.12/site-packages'
[1.811s] Level 1:colcon.colcon_core.environment:checking '/media/tracy/DATA/ros2_ws/src/install/mec_mobile_gazebo/bin'
[1.812s] INFO:colcon.colcon_core.shell:Creating package script '/media/tracy/DATA/ros2_ws/src/install/mec_mobile_gazebo/share/mec_mobile_gazebo/package.ps1'
[1.812s] INFO:colcon.colcon_core.shell:Creating package descriptor '/media/tracy/DATA/ros2_ws/src/install/mec_mobile_gazebo/share/mec_mobile_gazebo/package.dsv'
[1.812s] INFO:colcon.colcon_core.shell:Creating package script '/media/tracy/DATA/ros2_ws/src/install/mec_mobile_gazebo/share/mec_mobile_gazebo/package.sh'
[1.813s] INFO:colcon.colcon_core.shell:Creating package script '/media/tracy/DATA/ros2_ws/src/install/mec_mobile_gazebo/share/mec_mobile_gazebo/package.bash'
[1.813s] INFO:colcon.colcon_core.shell:Creating package script '/media/tracy/DATA/ros2_ws/src/install/mec_mobile_gazebo/share/mec_mobile_gazebo/package.zsh'
[1.813s] Level 1:colcon.colcon_core.environment:create_file_with_runtime_dependencies(/media/tracy/DATA/ros2_ws/src/install/mec_mobile_gazebo/share/colcon-core/packages/mec_mobile_gazebo)
[1.814s] Level 1:colcon.colcon_core.environment:create_environment_scripts_only(mec_mobile_gazebo)
[1.814s] Level 1:colcon.colcon_core.environment:checking '/media/tracy/DATA/ros2_ws/src/install/mec_mobile_gazebo' for CMake module files
[1.814s] Level 1:colcon.colcon_core.environment:checking '/media/tracy/DATA/ros2_ws/src/install/mec_mobile_gazebo' for CMake config files
[1.815s] Level 1:colcon.colcon_core.shell:create_environment_hook('mec_mobile_gazebo', 'cmake_prefix_path')
[1.815s] INFO:colcon.colcon_core.shell:Creating environment hook '/media/tracy/DATA/ros2_ws/src/install/mec_mobile_gazebo/share/mec_mobile_gazebo/hook/cmake_prefix_path.ps1'
[1.815s] INFO:colcon.colcon_core.shell:Creating environment descriptor '/media/tracy/DATA/ros2_ws/src/install/mec_mobile_gazebo/share/mec_mobile_gazebo/hook/cmake_prefix_path.dsv'
[1.815s] INFO:colcon.colcon_core.shell:Creating environment hook '/media/tracy/DATA/ros2_ws/src/install/mec_mobile_gazebo/share/mec_mobile_gazebo/hook/cmake_prefix_path.sh'
[1.816s] Level 1:colcon.colcon_core.environment:checking '/media/tracy/DATA/ros2_ws/src/install/mec_mobile_gazebo/bin'
[1.816s] Level 1:colcon.colcon_core.environment:checking '/media/tracy/DATA/ros2_ws/src/install/mec_mobile_gazebo/lib/pkgconfig/mec_mobile_gazebo.pc'
[1.816s] Level 1:colcon.colcon_core.environment:checking '/media/tracy/DATA/ros2_ws/src/install/mec_mobile_gazebo/lib/python3.12/site-packages'
[1.816s] Level 1:colcon.colcon_core.environment:checking '/media/tracy/DATA/ros2_ws/src/install/mec_mobile_gazebo/bin'
[1.817s] INFO:colcon.colcon_core.shell:Creating package script '/media/tracy/DATA/ros2_ws/src/install/mec_mobile_gazebo/share/mec_mobile_gazebo/package.ps1'
[1.817s] INFO:colcon.colcon_core.shell:Creating package descriptor '/media/tracy/DATA/ros2_ws/src/install/mec_mobile_gazebo/share/mec_mobile_gazebo/package.dsv'
[1.818s] INFO:colcon.colcon_core.shell:Creating package script '/media/tracy/DATA/ros2_ws/src/install/mec_mobile_gazebo/share/mec_mobile_gazebo/package.sh'
[1.818s] INFO:colcon.colcon_core.shell:Creating package script '/media/tracy/DATA/ros2_ws/src/install/mec_mobile_gazebo/share/mec_mobile_gazebo/package.bash'
[1.818s] INFO:colcon.colcon_core.shell:Creating package script '/media/tracy/DATA/ros2_ws/src/install/mec_mobile_gazebo/share/mec_mobile_gazebo/package.zsh'
[1.819s] Level 1:colcon.colcon_core.environment:create_file_with_runtime_dependencies(/media/tracy/DATA/ros2_ws/src/install/mec_mobile_gazebo/share/colcon-core/packages/mec_mobile_gazebo)
[1.876s] DEBUG:colcon.colcon_core.event_handler.log_command:Invoked command in '/media/tracy/DATA/ros2_ws/src/build/mec_mobile' returned '0': AMENT_PREFIX_PATH=/media/tracy/DATA/ros2_ws/src/install/mec_mobile_description:${AMENT_PREFIX_PATH} CMAKE_PREFIX_PATH=/media/tracy/DATA/ros2_ws/src/install/mec_mobile_description:/media/tracy/DATA/ros2_ws/install/mecanum_controller_cpp:/media/tracy/DATA/ros2_ws/install/mec_mobile_gazebo:/media/tracy/DATA/ros2_ws/install/mec_mobile:/media/tracy/DATA/ros2_ws/install/mec_mobile_description:/opt/ros/jazzy/opt/gz_sim_vendor:/opt/ros/jazzy/opt/gz_sensors_vendor:/opt/ros/jazzy/opt/gz_physics_vendor:/opt/ros/jazzy/opt/sdformat_vendor:/opt/ros/jazzy/opt/gz_gui_vendor:/opt/ros/jazzy/opt/gz_transport_vendor:/opt/ros/jazzy/opt/gz_rendering_vendor:/opt/ros/jazzy/opt/gz_plugin_vendor:/opt/ros/jazzy/opt/gz_fuel_tools_vendor:/opt/ros/jazzy/opt/gz_msgs_vendor:/opt/ros/jazzy/opt/gz_common_vendor:/opt/ros/jazzy/opt/gz_math_vendor:/opt/ros/jazzy/opt/gz_utils_vendor:/opt/ros/jazzy/opt/gz_tools_vendor:/opt/ros/jazzy/opt/gz_ogre_next_vendor:/opt/ros/jazzy/opt/gz_dartsim_vendor:/opt/ros/jazzy/opt/gz_cmake_vendor:/opt/ros/jazzy DEBUGINFOD_URLS=https://debuginfod.ubuntu.com /usr/bin/cmake --build /media/tracy/DATA/ros2_ws/src/build/mec_mobile -- -j16 -l16
[1.878s] DEBUG:colcon.colcon_core.event_handler.log_command:Invoking command in '/media/tracy/DATA/ros2_ws/src/build/mec_mobile': AMENT_PREFIX_PATH=/media/tracy/DATA/ros2_ws/src/install/mec_mobile_description:${AMENT_PREFIX_PATH} CMAKE_PREFIX_PATH=/media/tracy/DATA/ros2_ws/src/install/mec_mobile_description:/media/tracy/DATA/ros2_ws/install/mecanum_controller_cpp:/media/tracy/DATA/ros2_ws/install/mec_mobile_gazebo:/media/tracy/DATA/ros2_ws/install/mec_mobile:/media/tracy/DATA/ros2_ws/install/mec_mobile_description:/opt/ros/jazzy/opt/gz_sim_vendor:/opt/ros/jazzy/opt/gz_sensors_vendor:/opt/ros/jazzy/opt/gz_physics_vendor:/opt/ros/jazzy/opt/sdformat_vendor:/opt/ros/jazzy/opt/gz_gui_vendor:/opt/ros/jazzy/opt/gz_transport_vendor:/opt/ros/jazzy/opt/gz_rendering_vendor:/opt/ros/jazzy/opt/gz_plugin_vendor:/opt/ros/jazzy/opt/gz_fuel_tools_vendor:/opt/ros/jazzy/opt/gz_msgs_vendor:/opt/ros/jazzy/opt/gz_common_vendor:/opt/ros/jazzy/opt/gz_math_vendor:/opt/ros/jazzy/opt/gz_utils_vendor:/opt/ros/jazzy/opt/gz_tools_vendor:/opt/ros/jazzy/opt/gz_ogre_next_vendor:/opt/ros/jazzy/opt/gz_dartsim_vendor:/opt/ros/jazzy/opt/gz_cmake_vendor:/opt/ros/jazzy DEBUGINFOD_URLS=https://debuginfod.ubuntu.com /usr/bin/cmake --install /media/tracy/DATA/ros2_ws/src/build/mec_mobile
[1.913s] Level 1:colcon.colcon_core.environment:create_environment_scripts_only(mec_mobile)
[1.914s] Level 1:colcon.colcon_core.environment:checking '/media/tracy/DATA/ros2_ws/src/install/mec_mobile' for CMake module files
[1.915s] DEBUG:colcon.colcon_core.event_handler.log_command:Invoked command in '/media/tracy/DATA/ros2_ws/src/build/mec_mobile' returned '0': AMENT_PREFIX_PATH=/media/tracy/DATA/ros2_ws/src/install/mec_mobile_description:${AMENT_PREFIX_PATH} CMAKE_PREFIX_PATH=/media/tracy/DATA/ros2_ws/src/install/mec_mobile_description:/media/tracy/DATA/ros2_ws/install/mecanum_controller_cpp:/media/tracy/DATA/ros2_ws/install/mec_mobile_gazebo:/media/tracy/DATA/ros2_ws/install/mec_mobile:/media/tracy/DATA/ros2_ws/install/mec_mobile_description:/opt/ros/jazzy/opt/gz_sim_vendor:/opt/ros/jazzy/opt/gz_sensors_vendor:/opt/ros/jazzy/opt/gz_physics_vendor:/opt/ros/jazzy/opt/sdformat_vendor:/opt/ros/jazzy/opt/gz_gui_vendor:/opt/ros/jazzy/opt/gz_transport_vendor:/opt/ros/jazzy/opt/gz_rendering_vendor:/opt/ros/jazzy/opt/gz_plugin_vendor:/opt/ros/jazzy/opt/gz_fuel_tools_vendor:/opt/ros/jazzy/opt/gz_msgs_vendor:/opt/ros/jazzy/opt/gz_common_vendor:/opt/ros/jazzy/opt/gz_math_vendor:/opt/ros/jazzy/opt/gz_utils_vendor:/opt/ros/jazzy/opt/gz_tools_vendor:/opt/ros/jazzy/opt/gz_ogre_next_vendor:/opt/ros/jazzy/opt/gz_dartsim_vendor:/opt/ros/jazzy/opt/gz_cmake_vendor:/opt/ros/jazzy DEBUGINFOD_URLS=https://debuginfod.ubuntu.com /usr/bin/cmake --install /media/tracy/DATA/ros2_ws/src/build/mec_mobile
[1.915s] Level 1:colcon.colcon_core.environment:checking '/media/tracy/DATA/ros2_ws/src/install/mec_mobile' for CMake config files
[1.915s] Level 1:colcon.colcon_core.shell:create_environment_hook('mec_mobile', 'cmake_prefix_path')
[1.916s] INFO:colcon.colcon_core.shell:Creating environment hook '/media/tracy/DATA/ros2_ws/src/install/mec_mobile/share/mec_mobile/hook/cmake_prefix_path.ps1'
[1.916s] INFO:colcon.colcon_core.shell:Creating environment descriptor '/media/tracy/DATA/ros2_ws/src/install/mec_mobile/share/mec_mobile/hook/cmake_prefix_path.dsv'
[1.916s] INFO:colcon.colcon_core.shell:Creating environment hook '/media/tracy/DATA/ros2_ws/src/install/mec_mobile/share/mec_mobile/hook/cmake_prefix_path.sh'
[1.917s] Level 1:colcon.colcon_core.environment:checking '/media/tracy/DATA/ros2_ws/src/install/mec_mobile/bin'
[1.917s] Level 1:colcon.colcon_core.environment:checking '/media/tracy/DATA/ros2_ws/src/install/mec_mobile/lib/pkgconfig/mec_mobile.pc'
[1.917s] Level 1:colcon.colcon_core.environment:checking '/media/tracy/DATA/ros2_ws/src/install/mec_mobile/lib/python3.12/site-packages'
[1.918s] Level 1:colcon.colcon_core.environment:checking '/media/tracy/DATA/ros2_ws/src/install/mec_mobile/bin'
[1.918s] INFO:colcon.colcon_core.shell:Creating package script '/media/tracy/DATA/ros2_ws/src/install/mec_mobile/share/mec_mobile/package.ps1'
[1.918s] INFO:colcon.colcon_core.shell:Creating package descriptor '/media/tracy/DATA/ros2_ws/src/install/mec_mobile/share/mec_mobile/package.dsv'
[1.919s] INFO:colcon.colcon_core.shell:Creating package script '/media/tracy/DATA/ros2_ws/src/install/mec_mobile/share/mec_mobile/package.sh'
[1.919s] INFO:colcon.colcon_core.shell:Creating package script '/media/tracy/DATA/ros2_ws/src/install/mec_mobile/share/mec_mobile/package.bash'
[1.919s] INFO:colcon.colcon_core.shell:Creating package script '/media/tracy/DATA/ros2_ws/src/install/mec_mobile/share/mec_mobile/package.zsh'
[1.920s] Level 1:colcon.colcon_core.environment:create_file_with_runtime_dependencies(/media/tracy/DATA/ros2_ws/src/install/mec_mobile/share/colcon-core/packages/mec_mobile)
[1.920s] Level 1:colcon.colcon_core.environment:create_environment_scripts_only(mec_mobile)
[1.920s] Level 1:colcon.colcon_core.environment:checking '/media/tracy/DATA/ros2_ws/src/install/mec_mobile' for CMake module files
[1.921s] Level 1:colcon.colcon_core.environment:checking '/media/tracy/DATA/ros2_ws/src/install/mec_mobile' for CMake config files
[1.921s] Level 1:colcon.colcon_core.shell:create_environment_hook('mec_mobile', 'cmake_prefix_path')
[1.922s] INFO:colcon.colcon_core.shell:Creating environment hook '/media/tracy/DATA/ros2_ws/src/install/mec_mobile/share/mec_mobile/hook/cmake_prefix_path.ps1'
[1.922s] INFO:colcon.colcon_core.shell:Creating environment descriptor '/media/tracy/DATA/ros2_ws/src/install/mec_mobile/share/mec_mobile/hook/cmake_prefix_path.dsv'
[1.923s] INFO:colcon.colcon_core.shell:Creating environment hook '/media/tracy/DATA/ros2_ws/src/install/mec_mobile/share/mec_mobile/hook/cmake_prefix_path.sh'
[1.924s] Level 1:colcon.colcon_core.environment:checking '/media/tracy/DATA/ros2_ws/src/install/mec_mobile/bin'
[1.924s] Level 1:colcon.colcon_core.environment:checking '/media/tracy/DATA/ros2_ws/src/install/mec_mobile/lib/pkgconfig/mec_mobile.pc'
[1.924s] Level 1:colcon.colcon_core.environment:checking '/media/tracy/DATA/ros2_ws/src/install/mec_mobile/lib/python3.12/site-packages'
[1.924s] Level 1:colcon.colcon_core.environment:checking '/media/tracy/DATA/ros2_ws/src/install/mec_mobile/bin'
[1.925s] INFO:colcon.colcon_core.shell:Creating package script '/media/tracy/DATA/ros2_ws/src/install/mec_mobile/share/mec_mobile/package.ps1'
[1.925s] INFO:colcon.colcon_core.shell:Creating package descriptor '/media/tracy/DATA/ros2_ws/src/install/mec_mobile/share/mec_mobile/package.dsv'
[1.926s] INFO:colcon.colcon_core.shell:Creating package script '/media/tracy/DATA/ros2_ws/src/install/mec_mobile/share/mec_mobile/package.sh'
[1.926s] INFO:colcon.colcon_core.shell:Creating package script '/media/tracy/DATA/ros2_ws/src/install/mec_mobile/share/mec_mobile/package.bash'
[1.927s] INFO:colcon.colcon_core.shell:Creating package script '/media/tracy/DATA/ros2_ws/src/install/mec_mobile/share/mec_mobile/package.zsh'
[1.927s] Level 1:colcon.colcon_core.environment:create_file_with_runtime_dependencies(/media/tracy/DATA/ros2_ws/src/install/mec_mobile/share/colcon-core/packages/mec_mobile)
[2.663s] DEBUG:colcon.colcon_core.event_handler.log_command:Invoked command in '/media/tracy/DATA/ros2_ws/src/build/mec_mobile_nav2' returned '0': CMAKE_PREFIX_PATH=${CMAKE_PREFIX_PATH}:/opt/ros/jazzy DEBUGINFOD_URLS=https://debuginfod.ubuntu.com /usr/bin/cmake /media/tracy/DATA/ros2_ws/src/mec_mobile_nav2 -DCMAKE_INSTALL_PREFIX=/media/tracy/DATA/ros2_ws/src/install/mec_mobile_nav2
[2.664s] DEBUG:colcon.colcon_core.event_handler.log_command:Invoking command in '/media/tracy/DATA/ros2_ws/src/build/mec_mobile_nav2': CMAKE_PREFIX_PATH=${CMAKE_PREFIX_PATH}:/opt/ros/jazzy DEBUGINFOD_URLS=https://debuginfod.ubuntu.com /usr/bin/cmake --build /media/tracy/DATA/ros2_ws/src/build/mec_mobile_nav2 -- -j16 -l16
[2.744s] DEBUG:colcon.colcon_core.event_handler.log_command:Invoked command in '/media/tracy/DATA/ros2_ws/src/build/mec_mobile_nav2' returned '0': CMAKE_PREFIX_PATH=${CMAKE_PREFIX_PATH}:/opt/ros/jazzy DEBUGINFOD_URLS=https://debuginfod.ubuntu.com /usr/bin/cmake --build /media/tracy/DATA/ros2_ws/src/build/mec_mobile_nav2 -- -j16 -l16
[2.746s] DEBUG:colcon.colcon_core.event_handler.log_command:Invoking command in '/media/tracy/DATA/ros2_ws/src/build/mec_mobile_nav2': CMAKE_PREFIX_PATH=${CMAKE_PREFIX_PATH}:/opt/ros/jazzy DEBUGINFOD_URLS=https://debuginfod.ubuntu.com /usr/bin/cmake --install /media/tracy/DATA/ros2_ws/src/build/mec_mobile_nav2
[2.782s] Level 1:colcon.colcon_core.environment:create_environment_scripts_only(mec_mobile_nav2)
[2.782s] Level 1:colcon.colcon_core.environment:checking '/media/tracy/DATA/ros2_ws/src/install/mec_mobile_nav2' for CMake module files
[2.783s] DEBUG:colcon.colcon_core.event_handler.log_command:Invoked command in '/media/tracy/DATA/ros2_ws/src/build/mec_mobile_nav2' returned '0': CMAKE_PREFIX_PATH=${CMAKE_PREFIX_PATH}:/opt/ros/jazzy DEBUGINFOD_URLS=https://debuginfod.ubuntu.com /usr/bin/cmake --install /media/tracy/DATA/ros2_ws/src/build/mec_mobile_nav2
[2.783s] Level 1:colcon.colcon_core.environment:checking '/media/tracy/DATA/ros2_ws/src/install/mec_mobile_nav2' for CMake config files
[2.783s] Level 1:colcon.colcon_core.shell:create_environment_hook('mec_mobile_nav2', 'cmake_prefix_path')
[2.784s] INFO:colcon.colcon_core.shell:Creating environment hook '/media/tracy/DATA/ros2_ws/src/install/mec_mobile_nav2/share/mec_mobile_nav2/hook/cmake_prefix_path.ps1'
[2.784s] INFO:colcon.colcon_core.shell:Creating environment descriptor '/media/tracy/DATA/ros2_ws/src/install/mec_mobile_nav2/share/mec_mobile_nav2/hook/cmake_prefix_path.dsv'
[2.785s] INFO:colcon.colcon_core.shell:Creating environment hook '/media/tracy/DATA/ros2_ws/src/install/mec_mobile_nav2/share/mec_mobile_nav2/hook/cmake_prefix_path.sh'
[2.785s] Level 1:colcon.colcon_core.environment:checking '/media/tracy/DATA/ros2_ws/src/install/mec_mobile_nav2/bin'
[2.785s] Level 1:colcon.colcon_core.environment:checking '/media/tracy/DATA/ros2_ws/src/install/mec_mobile_nav2/lib/pkgconfig/mec_mobile_nav2.pc'
[2.785s] Level 1:colcon.colcon_core.environment:checking '/media/tracy/DATA/ros2_ws/src/install/mec_mobile_nav2/lib/python3.12/site-packages'
[2.786s] Level 1:colcon.colcon_core.environment:checking '/media/tracy/DATA/ros2_ws/src/install/mec_mobile_nav2/bin'
[2.786s] INFO:colcon.colcon_core.shell:Creating package script '/media/tracy/DATA/ros2_ws/src/install/mec_mobile_nav2/share/mec_mobile_nav2/package.ps1'
[2.786s] INFO:colcon.colcon_core.shell:Creating package descriptor '/media/tracy/DATA/ros2_ws/src/install/mec_mobile_nav2/share/mec_mobile_nav2/package.dsv'
[2.787s] INFO:colcon.colcon_core.shell:Creating package script '/media/tracy/DATA/ros2_ws/src/install/mec_mobile_nav2/share/mec_mobile_nav2/package.sh'
[2.787s] INFO:colcon.colcon_core.shell:Creating package script '/media/tracy/DATA/ros2_ws/src/install/mec_mobile_nav2/share/mec_mobile_nav2/package.bash'
[2.787s] INFO:colcon.colcon_core.shell:Creating package script '/media/tracy/DATA/ros2_ws/src/install/mec_mobile_nav2/share/mec_mobile_nav2/package.zsh'
[2.787s] Level 1:colcon.colcon_core.environment:create_file_with_runtime_dependencies(/media/tracy/DATA/ros2_ws/src/install/mec_mobile_nav2/share/colcon-core/packages/mec_mobile_nav2)
[2.788s] Level 1:colcon.colcon_core.environment:create_environment_scripts_only(mec_mobile_nav2)
[2.788s] Level 1:colcon.colcon_core.environment:checking '/media/tracy/DATA/ros2_ws/src/install/mec_mobile_nav2' for CMake module files
[2.789s] Level 1:colcon.colcon_core.environment:checking '/media/tracy/DATA/ros2_ws/src/install/mec_mobile_nav2' for CMake config files
[2.789s] Level 1:colcon.colcon_core.shell:create_environment_hook('mec_mobile_nav2', 'cmake_prefix_path')
[2.789s] INFO:colcon.colcon_core.shell:Creating environment hook '/media/tracy/DATA/ros2_ws/src/install/mec_mobile_nav2/share/mec_mobile_nav2/hook/cmake_prefix_path.ps1'
[2.790s] INFO:colcon.colcon_core.shell:Creating environment descriptor '/media/tracy/DATA/ros2_ws/src/install/mec_mobile_nav2/share/mec_mobile_nav2/hook/cmake_prefix_path.dsv'
[2.790s] INFO:colcon.colcon_core.shell:Creating environment hook '/media/tracy/DATA/ros2_ws/src/install/mec_mobile_nav2/share/mec_mobile_nav2/hook/cmake_prefix_path.sh'
[2.791s] Level 1:colcon.colcon_core.environment:checking '/media/tracy/DATA/ros2_ws/src/install/mec_mobile_nav2/bin'
[2.791s] Level 1:colcon.colcon_core.environment:checking '/media/tracy/DATA/ros2_ws/src/install/mec_mobile_nav2/lib/pkgconfig/mec_mobile_nav2.pc'
[2.791s] Level 1:colcon.colcon_core.environment:checking '/media/tracy/DATA/ros2_ws/src/install/mec_mobile_nav2/lib/python3.12/site-packages'
[2.791s] Level 1:colcon.colcon_core.environment:checking '/media/tracy/DATA/ros2_ws/src/install/mec_mobile_nav2/bin'
[2.792s] INFO:colcon.colcon_core.shell:Creating package script '/media/tracy/DATA/ros2_ws/src/install/mec_mobile_nav2/share/mec_mobile_nav2/package.ps1'
[2.792s] INFO:colcon.colcon_core.shell:Creating package descriptor '/media/tracy/DATA/ros2_ws/src/install/mec_mobile_nav2/share/mec_mobile_nav2/package.dsv'
[2.792s] INFO:colcon.colcon_core.shell:Creating package script '/media/tracy/DATA/ros2_ws/src/install/mec_mobile_nav2/share/mec_mobile_nav2/package.sh'
[2.793s] INFO:colcon.colcon_core.shell:Creating package script '/media/tracy/DATA/ros2_ws/src/install/mec_mobile_nav2/share/mec_mobile_nav2/package.bash'
[2.793s] INFO:colcon.colcon_core.shell:Creating package script '/media/tracy/DATA/ros2_ws/src/install/mec_mobile_nav2/share/mec_mobile_nav2/package.zsh'
[2.794s] Level 1:colcon.colcon_core.environment:create_file_with_runtime_dependencies(/media/tracy/DATA/ros2_ws/src/install/mec_mobile_nav2/share/colcon-core/packages/mec_mobile_nav2)
[2.794s] DEBUG:colcon.colcon_parallel_executor.executor.parallel:closing loop
[2.795s] DEBUG:colcon.colcon_parallel_executor.executor.parallel:loop closed
[2.795s] DEBUG:colcon.colcon_parallel_executor.executor.parallel:run_until_complete finished with '0'
[2.795s] DEBUG:colcon.colcon_core.event_reactor:joining thread
[2.809s] INFO:colcon.colcon_core.plugin_system:Skipping extension 'colcon_notification.desktop_notification.terminal_notifier': Not used on non-Darwin systems
[2.809s] INFO:colcon.colcon_core.plugin_system:Skipping extension 'colcon_notification.desktop_notification.win32': Not used on non-Windows systems
[2.809s] INFO:colcon.colcon_notification.desktop_notification:Sending desktop notification using 'notify2'
[2.851s] DEBUG:colcon.colcon_core.event_reactor:joined thread
[2.852s] INFO:colcon.colcon_core.shell:Creating prefix script '/media/tracy/DATA/ros2_ws/src/install/local_setup.ps1'
[2.852s] INFO:colcon.colcon_core.shell:Creating prefix util module '/media/tracy/DATA/ros2_ws/src/install/_local_setup_util_ps1.py'
[2.853s] INFO:colcon.colcon_core.shell:Creating prefix chain script '/media/tracy/DATA/ros2_ws/src/install/setup.ps1'
[2.854s] INFO:colcon.colcon_core.shell:Creating prefix script '/media/tracy/DATA/ros2_ws/src/install/local_setup.sh'
[2.855s] INFO:colcon.colcon_core.shell:Creating prefix util module '/media/tracy/DATA/ros2_ws/src/install/_local_setup_util_sh.py'
[2.855s] INFO:colcon.colcon_core.shell:Creating prefix chain script '/media/tracy/DATA/ros2_ws/src/install/setup.sh'
[2.857s] INFO:colcon.colcon_core.shell:Creating prefix script '/media/tracy/DATA/ros2_ws/src/install/local_setup.bash'
[2.857s] INFO:colcon.colcon_core.shell:Creating prefix chain script '/media/tracy/DATA/ros2_ws/src/install/setup.bash'
[2.859s] INFO:colcon.colcon_core.shell:Creating prefix script '/media/tracy/DATA/ros2_ws/src/install/local_setup.zsh'
[2.859s] INFO:colcon.colcon_core.shell:Creating prefix chain script '/media/tracy/DATA/ros2_ws/src/install/setup.zsh'
