[0.041s] Invoking command in '/media/tracy/DATA/ros2_ws/src/build/mec_mobile_nav2': CMAKE_PREFIX_PATH=${CMAKE_PREFIX_PATH}:/opt/ros/jazzy DEBUGINFOD_URLS=https://debuginfod.ubuntu.com /usr/bin/cmake /media/tracy/DATA/ros2_ws/src/mec_mobile_nav2 -DCMAKE_INSTALL_PREFIX=/media/tracy/DATA/ros2_ws/src/install/mec_mobile_nav2
[0.079s] -- Found ament_cmake: 2.5.4 (/opt/ros/jazzy/share/ament_cmake/cmake)
[0.460s] -- Override CMake install command with custom implementation using symlinks instead of copying resources
[0.474s] -- Found nav2_bringup: 1.3.9 (/opt/ros/jazzy/share/nav2_bringup/cmake)
[0.474s] -- Found nav2_common: 1.3.9 (/opt/ros/jazzy/share/nav2_common/cmake)
[0.476s] -- Found nav2_bt_navigator: 1.3.9 (/opt/ros/jazzy/share/nav2_bt_navigator/cmake)
[0.518s] -- Found rosidl_generator_c: 4.6.6 (/opt/ros/jazzy/share/rosidl_generator_c/cmake)
[0.530s] -- Found rosidl_generator_cpp: 4.6.6 (/opt/ros/jazzy/share/rosidl_generator_cpp/cmake)
[0.547s] -- Using all available rosidl_typesupport_c: rosidl_typesupport_fastrtps_c;rosidl_typesupport_introspection_c
[0.566s] -- Using all available rosidl_typesupport_cpp: rosidl_typesupport_fastrtps_cpp;rosidl_typesupport_introspection_cpp
[0.649s] -- Found rmw_implementation_cmake: 7.3.2 (/opt/ros/jazzy/share/rmw_implementation_cmake/cmake)
[0.652s] -- Found rmw_fastrtps_cpp: 8.4.3 (/opt/ros/jazzy/share/rmw_fastrtps_cpp/cmake)
[0.746s] -- Using RMW implementation 'rmw_fastrtps_cpp' as default
[1.303s] -- Found eigen3_cmake_module: 0.3.0 (/opt/ros/jazzy/share/eigen3_cmake_module/cmake)
[1.305s] -- Ensuring Eigen3 include directory is part of orocos-kdl CMake target
[1.597s] -- Found nav2_waypoint_follower: 1.3.9 (/opt/ros/jazzy/share/nav2_waypoint_follower/cmake)
[1.710s] -- Found slam_toolbox: 2.8.3 (/opt/ros/jazzy/share/slam_toolbox/cmake)
[1.812s] -- Setting OGRE_DIR to: '/opt/ros/jazzy/share/rviz_ogre_vendor/cmake/../../../opt/rviz_ogre_vendor/lib/OGRE/cmake'
[1.813s] -- Found OGRE
[1.813s] --   static     : OFF
[1.814s] --   components : MeshLodGenerator;Overlay;Paging;Property;RTShaderSystem;Terrain;Volume
[1.814s] --   plugins    : Plugin_BSPSceneManager;Plugin_OctreeSceneManager;Plugin_PCZSceneManager;Plugin_ParticleFX;RenderSystem_GL;RenderSystem_GL3Plus;Codec_STBI
[1.814s] --   media      : /opt/ros/jazzy/opt/rviz_ogre_vendor/share/OGRE/Media
[1.814s] -- OGRE_LIBRARIES: OgreMeshLodGenerator;OgreOverlay;OgrePaging;OgreProperty;OgreRTShaderSystem;OgreTerrain;OgreVolume;OgreMain
[1.814s] -- OGRE_LIBRARY_DIRS: /opt/ros/jazzy/opt/rviz_ogre_vendor/lib
[1.814s] -- OGRE_PLUGINS: Plugin_BSPSceneManager;Plugin_OctreeSceneManager;Plugin_PCZSceneManager;Plugin_ParticleFX;RenderSystem_GL;RenderSystem_GL3Plus;Codec_STBI
[1.814s] -- OGRE_PLUGIN_DIR: /opt/ros/jazzy/opt/rviz_ogre_vendor/lib/OGRE
[1.814s] -- rviz_ogre_vendor::OgreOverlay for IMPORTED_LOCATION_RELEASE: /opt/ros/jazzy/opt/rviz_ogre_vendor/lib/libOgreOverlay.so
[1.815s] -- rviz_ogre_vendor::OgreOverlay for IMPORTED_LOCATION_DEBUG: /opt/ros/jazzy/opt/rviz_ogre_vendor/lib/libOgreOverlay.so
[1.815s] -- rviz_ogre_vendor::OgreMain for IMPORTED_LOCATION_RELEASE: /opt/ros/jazzy/opt/rviz_ogre_vendor/lib/libOgreMain.so
[1.815s] -- rviz_ogre_vendor::OgreMain for IMPORTED_LOCATION_DEBUG: /opt/ros/jazzy/opt/rviz_ogre_vendor/lib/libOgreMain.so
[1.964s] -- Setting yaml-cpp_DIR to: '/opt/ros/jazzy/share/yaml_cpp_vendor/cmake/../../../opt/yaml_cpp_vendor/share/cmake/yaml-cpp'
[2.052s] -- Found ament_lint_auto: 0.17.3 (/opt/ros/jazzy/share/ament_lint_auto/cmake)
[2.177s] -- Added test 'flake8' to check Python code syntax and style conventions
[2.177s] -- Configured 'flake8' exclude dirs and/or files: 
[2.177s] -- Added test 'lint_cmake' to check CMake code style
[2.177s] -- Added test 'pep257' to check Python code against some of the docstring style conventions in PEP 257
[2.178s] -- Added test 'xmllint' to check XML markup files
[2.181s] -- Configuring done (2.1s)
[2.195s] -- Generating done (0.0s)
[2.199s] -- Build files have been written to: /media/tracy/DATA/ros2_ws/src/build/mec_mobile_nav2
[2.225s] Invoked command in '/media/tracy/DATA/ros2_ws/src/build/mec_mobile_nav2' returned '0': CMAKE_PREFIX_PATH=${CMAKE_PREFIX_PATH}:/opt/ros/jazzy DEBUGINFOD_URLS=https://debuginfod.ubuntu.com /usr/bin/cmake /media/tracy/DATA/ros2_ws/src/mec_mobile_nav2 -DCMAKE_INSTALL_PREFIX=/media/tracy/DATA/ros2_ws/src/install/mec_mobile_nav2
[2.227s] Invoking command in '/media/tracy/DATA/ros2_ws/src/build/mec_mobile_nav2': CMAKE_PREFIX_PATH=${CMAKE_PREFIX_PATH}:/opt/ros/jazzy DEBUGINFOD_URLS=https://debuginfod.ubuntu.com /usr/bin/cmake --build /media/tracy/DATA/ros2_ws/src/build/mec_mobile_nav2 -- -j16 -l16
[2.306s] Invoked command in '/media/tracy/DATA/ros2_ws/src/build/mec_mobile_nav2' returned '0': CMAKE_PREFIX_PATH=${CMAKE_PREFIX_PATH}:/opt/ros/jazzy DEBUGINFOD_URLS=https://debuginfod.ubuntu.com /usr/bin/cmake --build /media/tracy/DATA/ros2_ws/src/build/mec_mobile_nav2 -- -j16 -l16
[2.308s] Invoking command in '/media/tracy/DATA/ros2_ws/src/build/mec_mobile_nav2': CMAKE_PREFIX_PATH=${CMAKE_PREFIX_PATH}:/opt/ros/jazzy DEBUGINFOD_URLS=https://debuginfod.ubuntu.com /usr/bin/cmake --install /media/tracy/DATA/ros2_ws/src/build/mec_mobile_nav2
[2.323s] -- Install configuration: ""
[2.323s] -- Execute custom install script
[2.324s] -- Up-to-date symlink: /media/tracy/DATA/ros2_ws/src/install/mec_mobile_nav2/share/ament_index/resource_index/package_run_dependencies/mec_mobile_nav2
[2.324s] -- Up-to-date symlink: /media/tracy/DATA/ros2_ws/src/install/mec_mobile_nav2/share/ament_index/resource_index/parent_prefix_path/mec_mobile_nav2
[2.324s] -- Up-to-date symlink: /media/tracy/DATA/ros2_ws/src/install/mec_mobile_nav2/share/mec_mobile_nav2/environment/ament_prefix_path.sh
[2.324s] -- Up-to-date symlink: /media/tracy/DATA/ros2_ws/src/install/mec_mobile_nav2/share/mec_mobile_nav2/environment/ament_prefix_path.dsv
[2.324s] -- Up-to-date symlink: /media/tracy/DATA/ros2_ws/src/install/mec_mobile_nav2/share/mec_mobile_nav2/environment/path.sh
[2.325s] -- Up-to-date symlink: /media/tracy/DATA/ros2_ws/src/install/mec_mobile_nav2/share/mec_mobile_nav2/environment/path.dsv
[2.325s] -- Up-to-date symlink: /media/tracy/DATA/ros2_ws/src/install/mec_mobile_nav2/share/mec_mobile_nav2/local_setup.bash
[2.325s] -- Up-to-date symlink: /media/tracy/DATA/ros2_ws/src/install/mec_mobile_nav2/share/mec_mobile_nav2/local_setup.sh
[2.325s] -- Up-to-date symlink: /media/tracy/DATA/ros2_ws/src/install/mec_mobile_nav2/share/mec_mobile_nav2/local_setup.zsh
[2.325s] -- Up-to-date symlink: /media/tracy/DATA/ros2_ws/src/install/mec_mobile_nav2/share/mec_mobile_nav2/local_setup.dsv
[2.325s] -- Symlinking: /media/tracy/DATA/ros2_ws/src/install/mec_mobile_nav2/share/mec_mobile_nav2/package.dsv
[2.342s] -- Up-to-date symlink: /media/tracy/DATA/ros2_ws/src/install/mec_mobile_nav2/share/ament_index/resource_index/packages/mec_mobile_nav2
[2.342s] -- Up-to-date symlink: /media/tracy/DATA/ros2_ws/src/install/mec_mobile_nav2/share/mec_mobile_nav2/cmake/mec_mobile_nav2Config.cmake
[2.342s] -- Up-to-date symlink: /media/tracy/DATA/ros2_ws/src/install/mec_mobile_nav2/share/mec_mobile_nav2/cmake/mec_mobile_nav2Config-version.cmake
[2.342s] -- Up-to-date symlink: /media/tracy/DATA/ros2_ws/src/install/mec_mobile_nav2/share/mec_mobile_nav2/package.xml
[2.345s] Invoked command in '/media/tracy/DATA/ros2_ws/src/build/mec_mobile_nav2' returned '0': CMAKE_PREFIX_PATH=${CMAKE_PREFIX_PATH}:/opt/ros/jazzy DEBUGINFOD_URLS=https://debuginfod.ubuntu.com /usr/bin/cmake --install /media/tracy/DATA/ros2_ws/src/build/mec_mobile_nav2
