-- Found ament_cmake: 2.5.4 (/opt/ros/jazzy/share/ament_cmake/cmake)
-- Override CMake install command with custom implementation using symlinks instead of copying resources
-- Found rclcpp: 28.1.11 (/opt/ros/jazzy/share/rclcpp/cmake)
-- Found rosidl_generator_c: 4.6.6 (/opt/ros/jazzy/share/rosidl_generator_c/cmake)
-- Found rosidl_generator_cpp: 4.6.6 (/opt/ros/jazzy/share/rosidl_generator_cpp/cmake)
-- Using all available rosidl_typesupport_c: rosidl_typesupport_fastrtps_c;rosidl_typesupport_introspection_c
-- Using all available rosidl_typesupport_cpp: rosidl_typesupport_fastrtps_cpp;rosidl_typesupport_introspection_cpp
-- Found rmw_implementation_cmake: 7.3.2 (/opt/ros/jazzy/share/rmw_implementation_cmake/cmake)
-- Found rmw_fastrtps_cpp: 8.4.3 (/opt/ros/jazzy/share/rmw_fastrtps_cpp/cmake)
-- Using RMW implementation 'rmw_fastrtps_cpp' as default
-- Found geometry_msgs: 5.3.6 (/opt/ros/jazzy/share/geometry_msgs/cmake)
-- Found ament_lint_auto: 0.17.3 (/opt/ros/jazzy/share/ament_lint_auto/cmake)
-- Added test 'lint_cmake' to check CMake code style
-- Added test 'xmllint' to check XML markup files
-- Configuring done (1.0s)
-- Generating done (0.0s)
-- Build files have been written to: /media/tracy/DATA/ros2_ws/src/build/mecanum_controller_cpp
-- Install configuration: ""
-- Execute custom install script
-- Up-to-date symlink: /media/tracy/DATA/ros2_ws/src/install/mecanum_controller_cpp/share/ament_index/resource_index/package_run_dependencies/mecanum_controller_cpp
-- Up-to-date symlink: /media/tracy/DATA/ros2_ws/src/install/mecanum_controller_cpp/share/ament_index/resource_index/parent_prefix_path/mecanum_controller_cpp
-- Up-to-date symlink: /media/tracy/DATA/ros2_ws/src/install/mecanum_controller_cpp/share/mecanum_controller_cpp/environment/ament_prefix_path.sh
-- Up-to-date symlink: /media/tracy/DATA/ros2_ws/src/install/mecanum_controller_cpp/share/mecanum_controller_cpp/environment/ament_prefix_path.dsv
-- Up-to-date symlink: /media/tracy/DATA/ros2_ws/src/install/mecanum_controller_cpp/share/mecanum_controller_cpp/environment/path.sh
-- Up-to-date symlink: /media/tracy/DATA/ros2_ws/src/install/mecanum_controller_cpp/share/mecanum_controller_cpp/environment/path.dsv
-- Up-to-date symlink: /media/tracy/DATA/ros2_ws/src/install/mecanum_controller_cpp/share/mecanum_controller_cpp/local_setup.bash
-- Up-to-date symlink: /media/tracy/DATA/ros2_ws/src/install/mecanum_controller_cpp/share/mecanum_controller_cpp/local_setup.sh
-- Up-to-date symlink: /media/tracy/DATA/ros2_ws/src/install/mecanum_controller_cpp/share/mecanum_controller_cpp/local_setup.zsh
-- Up-to-date symlink: /media/tracy/DATA/ros2_ws/src/install/mecanum_controller_cpp/share/mecanum_controller_cpp/local_setup.dsv
-- Symlinking: /media/tracy/DATA/ros2_ws/src/install/mecanum_controller_cpp/share/mecanum_controller_cpp/package.dsv
-- Up-to-date symlink: /media/tracy/DATA/ros2_ws/src/install/mecanum_controller_cpp/share/ament_index/resource_index/packages/mecanum_controller_cpp
-- Up-to-date symlink: /media/tracy/DATA/ros2_ws/src/install/mecanum_controller_cpp/share/mecanum_controller_cpp/cmake/mecanum_controller_cppConfig.cmake
-- Up-to-date symlink: /media/tracy/DATA/ros2_ws/src/install/mecanum_controller_cpp/share/mecanum_controller_cpp/cmake/mecanum_controller_cppConfig-version.cmake
-- Up-to-date symlink: /media/tracy/DATA/ros2_ws/src/install/mecanum_controller_cpp/share/mecanum_controller_cpp/package.xml
