[0.018s] Invoking command in '/media/tracy/DATA/ros2_ws/src/build/mec_mobile_gazebo': CMAKE_PREFIX_PATH=${CMAKE_PREFIX_PATH}:/opt/ros/jazzy DEBUGINFOD_URLS=https://debuginfod.ubuntu.com /usr/bin/cmake /media/tracy/DATA/ros2_ws/src/mec_mobile/mec_mobile_gazebo -DAMENT_CMAKE_SYMLINK_INSTALL=1 -DCMAKE_INSTALL_PREFIX=/media/tracy/DATA/ros2_ws/src/install/mec_mobile_gazebo
[0.069s] -- Found ament_cmake: 2.5.4 (/opt/ros/jazzy/share/ament_cmake/cmake)
[0.263s] -- Override CMake install command with custom implementation using symlinks instead of copying resources
[0.283s] -- Found ros_gz_sim: 1.0.16 (/opt/ros/jazzy/share/ros_gz_sim/cmake)
[0.325s] -- Found rosidl_generator_c: 4.6.6 (/opt/ros/jazzy/share/rosidl_generator_c/cmake)
[0.336s] -- Found rosidl_generator_cpp: 4.6.6 (/opt/ros/jazzy/share/rosidl_generator_cpp/cmake)
[0.351s] -- Using all available rosidl_typesupport_c: rosidl_typesupport_fastrtps_c;rosidl_typesupport_introspection_c
[0.366s] -- Using all available rosidl_typesupport_cpp: rosidl_typesupport_fastrtps_cpp;rosidl_typesupport_introspection_cpp
[0.439s] -- Found rmw_implementation_cmake: 7.3.2 (/opt/ros/jazzy/share/rmw_implementation_cmake/cmake)
[0.441s] -- Found rmw_fastrtps_cpp: 8.4.3 (/opt/ros/jazzy/share/rmw_fastrtps_cpp/cmake)
[0.516s] -- Using RMW implementation 'rmw_fastrtps_cpp' as default
[0.744s] -- Found ament_lint_auto: 0.17.3 (/opt/ros/jazzy/share/ament_lint_auto/cmake)
[0.835s] -- Added test 'flake8' to check Python code syntax and style conventions
[0.835s] -- Configured 'flake8' exclude dirs and/or files: 
[0.836s] -- Added test 'lint_cmake' to check CMake code style
[0.836s] -- Added test 'pep257' to check Python code against some of the docstring style conventions in PEP 257
[0.838s] -- Added test 'xmllint' to check XML markup files
[0.839s] -- Configuring done (0.8s)
[0.847s] -- Generating done (0.0s)
[0.851s] -- Build files have been written to: /media/tracy/DATA/ros2_ws/src/build/mec_mobile_gazebo
[0.865s] Invoked command in '/media/tracy/DATA/ros2_ws/src/build/mec_mobile_gazebo' returned '0': CMAKE_PREFIX_PATH=${CMAKE_PREFIX_PATH}:/opt/ros/jazzy DEBUGINFOD_URLS=https://debuginfod.ubuntu.com /usr/bin/cmake /media/tracy/DATA/ros2_ws/src/mec_mobile/mec_mobile_gazebo -DAMENT_CMAKE_SYMLINK_INSTALL=1 -DCMAKE_INSTALL_PREFIX=/media/tracy/DATA/ros2_ws/src/install/mec_mobile_gazebo
[0.866s] Invoking command in '/media/tracy/DATA/ros2_ws/src/build/mec_mobile_gazebo': CMAKE_PREFIX_PATH=${CMAKE_PREFIX_PATH}:/opt/ros/jazzy DEBUGINFOD_URLS=https://debuginfod.ubuntu.com /usr/bin/cmake --build /media/tracy/DATA/ros2_ws/src/build/mec_mobile_gazebo -- -j16 -l16
[0.915s] Invoked command in '/media/tracy/DATA/ros2_ws/src/build/mec_mobile_gazebo' returned '0': CMAKE_PREFIX_PATH=${CMAKE_PREFIX_PATH}:/opt/ros/jazzy DEBUGINFOD_URLS=https://debuginfod.ubuntu.com /usr/bin/cmake --build /media/tracy/DATA/ros2_ws/src/build/mec_mobile_gazebo -- -j16 -l16
[0.916s] Invoking command in '/media/tracy/DATA/ros2_ws/src/build/mec_mobile_gazebo': CMAKE_PREFIX_PATH=${CMAKE_PREFIX_PATH}:/opt/ros/jazzy DEBUGINFOD_URLS=https://debuginfod.ubuntu.com /usr/bin/cmake --install /media/tracy/DATA/ros2_ws/src/build/mec_mobile_gazebo
[0.925s] -- Install configuration: ""
[0.925s] -- Execute custom install script
[0.925s] -- Symlinking: /media/tracy/DATA/ros2_ws/src/install/mec_mobile_gazebo/share/mec_mobile_gazebo/launch/spawn_robot.launch.py
[0.935s] -- Symlinking: /media/tracy/DATA/ros2_ws/src/install/mec_mobile_gazebo/share/mec_mobile_gazebo/launch/world.launch.py
[0.944s] -- Symlinking: /media/tracy/DATA/ros2_ws/src/install/mec_mobile_gazebo/share/mec_mobile_gazebo/worlds/empty.sdf
[0.954s] -- Symlinking: /media/tracy/DATA/ros2_ws/src/install/mec_mobile_gazebo/share/mec_mobile_gazebo/worlds/world.sdf
[0.965s] -- Symlinking: /media/tracy/DATA/ros2_ws/src/install/mec_mobile_gazebo/share/ament_index/resource_index/package_run_dependencies/mec_mobile_gazebo
[0.975s] -- Symlinking: /media/tracy/DATA/ros2_ws/src/install/mec_mobile_gazebo/share/ament_index/resource_index/parent_prefix_path/mec_mobile_gazebo
[0.985s] -- Symlinking: /media/tracy/DATA/ros2_ws/src/install/mec_mobile_gazebo/share/mec_mobile_gazebo/environment/ament_prefix_path.sh
[0.996s] -- Symlinking: /media/tracy/DATA/ros2_ws/src/install/mec_mobile_gazebo/share/mec_mobile_gazebo/environment/ament_prefix_path.dsv
[1.006s] -- Symlinking: /media/tracy/DATA/ros2_ws/src/install/mec_mobile_gazebo/share/mec_mobile_gazebo/environment/path.sh
[1.016s] -- Symlinking: /media/tracy/DATA/ros2_ws/src/install/mec_mobile_gazebo/share/mec_mobile_gazebo/environment/path.dsv
[1.026s] -- Symlinking: /media/tracy/DATA/ros2_ws/src/install/mec_mobile_gazebo/share/mec_mobile_gazebo/local_setup.bash
[1.036s] -- Symlinking: /media/tracy/DATA/ros2_ws/src/install/mec_mobile_gazebo/share/mec_mobile_gazebo/local_setup.sh
[1.045s] -- Symlinking: /media/tracy/DATA/ros2_ws/src/install/mec_mobile_gazebo/share/mec_mobile_gazebo/local_setup.zsh
[1.055s] -- Symlinking: /media/tracy/DATA/ros2_ws/src/install/mec_mobile_gazebo/share/mec_mobile_gazebo/local_setup.dsv
[1.065s] -- Symlinking: /media/tracy/DATA/ros2_ws/src/install/mec_mobile_gazebo/share/mec_mobile_gazebo/package.dsv
[1.075s] -- Symlinking: /media/tracy/DATA/ros2_ws/src/install/mec_mobile_gazebo/share/ament_index/resource_index/packages/mec_mobile_gazebo
[1.085s] -- Symlinking: /media/tracy/DATA/ros2_ws/src/install/mec_mobile_gazebo/share/mec_mobile_gazebo/cmake/mec_mobile_gazeboConfig.cmake
[1.096s] -- Symlinking: /media/tracy/DATA/ros2_ws/src/install/mec_mobile_gazebo/share/mec_mobile_gazebo/cmake/mec_mobile_gazeboConfig-version.cmake
[1.107s] -- Symlinking: /media/tracy/DATA/ros2_ws/src/install/mec_mobile_gazebo/share/mec_mobile_gazebo/package.xml
[1.118s] Invoked command in '/media/tracy/DATA/ros2_ws/src/build/mec_mobile_gazebo' returned '0': CMAKE_PREFIX_PATH=${CMAKE_PREFIX_PATH}:/opt/ros/jazzy DEBUGINFOD_URLS=https://debuginfod.ubuntu.com /usr/bin/cmake --install /media/tracy/DATA/ros2_ws/src/build/mec_mobile_gazebo
