[0.009s] Invoking command in '/home/tracy/ros2_ws/src/mec_mobile/build/mec_mobile': AMENT_PREFIX_PATH=/home/tracy/ros2_ws/src/mec_mobile/install/mec_mobile_description:${AMENT_PREFIX_PATH} CMAKE_PREFIX_PATH=/home/tracy/ros2_ws/src/mec_mobile/install/mec_mobile_description:/home/tracy/ros2_ws/install/ros2_learning_ws:/home/tracy/ros2_ws/install/mec_mobile:/home/tracy/ros2_ws/install/mec_mobile_description:/opt/ros/jazzy/opt/gz_sim_vendor:/opt/ros/jazzy/opt/gz_sensors_vendor:/opt/ros/jazzy/opt/gz_physics_vendor:/opt/ros/jazzy/opt/sdformat_vendor:/opt/ros/jazzy/opt/gz_gui_vendor:/opt/ros/jazzy/opt/gz_transport_vendor:/opt/ros/jazzy/opt/gz_rendering_vendor:/opt/ros/jazzy/opt/gz_plugin_vendor:/opt/ros/jazzy/opt/gz_fuel_tools_vendor:/opt/ros/jazzy/opt/gz_msgs_vendor:/opt/ros/jazzy/opt/gz_common_vendor:/opt/ros/jazzy/opt/gz_math_vendor:/opt/ros/jazzy/opt/gz_utils_vendor:/opt/ros/jazzy/opt/gz_tools_vendor:/opt/ros/jazzy/opt/gz_ogre_next_vendor:/opt/ros/jazzy/opt/gz_dartsim_vendor:/opt/ros/jazzy/opt/gz_cmake_vendor:/opt/ros/jazzy DEBUGINFOD_URLS=https://debuginfod.ubuntu.com /usr/bin/cmake /home/tracy/ros2_ws/src/mec_mobile/mec_mobile -DCMAKE_INSTALL_PREFIX=/home/tracy/ros2_ws/src/mec_mobile/install/mec_mobile
[0.074s] -- The C compiler identification is GNU 13.3.0
[0.135s] -- The CXX compiler identification is GNU 13.3.0
[0.154s] -- Detecting C compiler ABI info
[0.257s] -- Detecting C compiler ABI info - done
[0.265s] -- Check for working C compiler: /usr/bin/cc - skipped
[0.265s] -- Detecting C compile features
[0.266s] -- Detecting C compile features - done
[0.276s] -- Detecting CXX compiler ABI info
[0.382s] -- Detecting CXX compiler ABI info - done
[0.390s] -- Check for working CXX compiler: /usr/bin/c++ - skipped
[0.390s] -- Detecting CXX compile features
[0.391s] -- Detecting CXX compile features - done
[0.395s] -- Found ament_cmake: 2.5.4 (/opt/ros/jazzy/share/ament_cmake/cmake)
[0.551s] -- Found Python3: /usr/bin/python3 (found version "3.12.3") found components: Interpreter 
[0.681s] -- Found ament_lint_auto: 0.17.2 (/opt/ros/jazzy/share/ament_lint_auto/cmake)
[0.785s] -- Added test 'lint_cmake' to check CMake code style
[0.787s] -- Added test 'xmllint' to check XML markup files
[0.788s] -- Configuring done (0.8s)
[0.791s] -- Generating done (0.0s)
[0.793s] -- Build files have been written to: /home/tracy/ros2_ws/src/mec_mobile/build/mec_mobile
[0.798s] Invoked command in '/home/tracy/ros2_ws/src/mec_mobile/build/mec_mobile' returned '0': AMENT_PREFIX_PATH=/home/tracy/ros2_ws/src/mec_mobile/install/mec_mobile_description:${AMENT_PREFIX_PATH} CMAKE_PREFIX_PATH=/home/tracy/ros2_ws/src/mec_mobile/install/mec_mobile_description:/home/tracy/ros2_ws/install/ros2_learning_ws:/home/tracy/ros2_ws/install/mec_mobile:/home/tracy/ros2_ws/install/mec_mobile_description:/opt/ros/jazzy/opt/gz_sim_vendor:/opt/ros/jazzy/opt/gz_sensors_vendor:/opt/ros/jazzy/opt/gz_physics_vendor:/opt/ros/jazzy/opt/sdformat_vendor:/opt/ros/jazzy/opt/gz_gui_vendor:/opt/ros/jazzy/opt/gz_transport_vendor:/opt/ros/jazzy/opt/gz_rendering_vendor:/opt/ros/jazzy/opt/gz_plugin_vendor:/opt/ros/jazzy/opt/gz_fuel_tools_vendor:/opt/ros/jazzy/opt/gz_msgs_vendor:/opt/ros/jazzy/opt/gz_common_vendor:/opt/ros/jazzy/opt/gz_math_vendor:/opt/ros/jazzy/opt/gz_utils_vendor:/opt/ros/jazzy/opt/gz_tools_vendor:/opt/ros/jazzy/opt/gz_ogre_next_vendor:/opt/ros/jazzy/opt/gz_dartsim_vendor:/opt/ros/jazzy/opt/gz_cmake_vendor:/opt/ros/jazzy DEBUGINFOD_URLS=https://debuginfod.ubuntu.com /usr/bin/cmake /home/tracy/ros2_ws/src/mec_mobile/mec_mobile -DCMAKE_INSTALL_PREFIX=/home/tracy/ros2_ws/src/mec_mobile/install/mec_mobile
[0.799s] Invoking command in '/home/tracy/ros2_ws/src/mec_mobile/build/mec_mobile': AMENT_PREFIX_PATH=/home/tracy/ros2_ws/src/mec_mobile/install/mec_mobile_description:${AMENT_PREFIX_PATH} CMAKE_PREFIX_PATH=/home/tracy/ros2_ws/src/mec_mobile/install/mec_mobile_description:/home/tracy/ros2_ws/install/ros2_learning_ws:/home/tracy/ros2_ws/install/mec_mobile:/home/tracy/ros2_ws/install/mec_mobile_description:/opt/ros/jazzy/opt/gz_sim_vendor:/opt/ros/jazzy/opt/gz_sensors_vendor:/opt/ros/jazzy/opt/gz_physics_vendor:/opt/ros/jazzy/opt/sdformat_vendor:/opt/ros/jazzy/opt/gz_gui_vendor:/opt/ros/jazzy/opt/gz_transport_vendor:/opt/ros/jazzy/opt/gz_rendering_vendor:/opt/ros/jazzy/opt/gz_plugin_vendor:/opt/ros/jazzy/opt/gz_fuel_tools_vendor:/opt/ros/jazzy/opt/gz_msgs_vendor:/opt/ros/jazzy/opt/gz_common_vendor:/opt/ros/jazzy/opt/gz_math_vendor:/opt/ros/jazzy/opt/gz_utils_vendor:/opt/ros/jazzy/opt/gz_tools_vendor:/opt/ros/jazzy/opt/gz_ogre_next_vendor:/opt/ros/jazzy/opt/gz_dartsim_vendor:/opt/ros/jazzy/opt/gz_cmake_vendor:/opt/ros/jazzy DEBUGINFOD_URLS=https://debuginfod.ubuntu.com /usr/bin/cmake --build /home/tracy/ros2_ws/src/mec_mobile/build/mec_mobile -- -j16 -l16
[0.841s] Invoked command in '/home/tracy/ros2_ws/src/mec_mobile/build/mec_mobile' returned '0': AMENT_PREFIX_PATH=/home/tracy/ros2_ws/src/mec_mobile/install/mec_mobile_description:${AMENT_PREFIX_PATH} CMAKE_PREFIX_PATH=/home/tracy/ros2_ws/src/mec_mobile/install/mec_mobile_description:/home/tracy/ros2_ws/install/ros2_learning_ws:/home/tracy/ros2_ws/install/mec_mobile:/home/tracy/ros2_ws/install/mec_mobile_description:/opt/ros/jazzy/opt/gz_sim_vendor:/opt/ros/jazzy/opt/gz_sensors_vendor:/opt/ros/jazzy/opt/gz_physics_vendor:/opt/ros/jazzy/opt/sdformat_vendor:/opt/ros/jazzy/opt/gz_gui_vendor:/opt/ros/jazzy/opt/gz_transport_vendor:/opt/ros/jazzy/opt/gz_rendering_vendor:/opt/ros/jazzy/opt/gz_plugin_vendor:/opt/ros/jazzy/opt/gz_fuel_tools_vendor:/opt/ros/jazzy/opt/gz_msgs_vendor:/opt/ros/jazzy/opt/gz_common_vendor:/opt/ros/jazzy/opt/gz_math_vendor:/opt/ros/jazzy/opt/gz_utils_vendor:/opt/ros/jazzy/opt/gz_tools_vendor:/opt/ros/jazzy/opt/gz_ogre_next_vendor:/opt/ros/jazzy/opt/gz_dartsim_vendor:/opt/ros/jazzy/opt/gz_cmake_vendor:/opt/ros/jazzy DEBUGINFOD_URLS=https://debuginfod.ubuntu.com /usr/bin/cmake --build /home/tracy/ros2_ws/src/mec_mobile/build/mec_mobile -- -j16 -l16
[0.842s] Invoking command in '/home/tracy/ros2_ws/src/mec_mobile/build/mec_mobile': AMENT_PREFIX_PATH=/home/tracy/ros2_ws/src/mec_mobile/install/mec_mobile_description:${AMENT_PREFIX_PATH} CMAKE_PREFIX_PATH=/home/tracy/ros2_ws/src/mec_mobile/install/mec_mobile_description:/home/tracy/ros2_ws/install/ros2_learning_ws:/home/tracy/ros2_ws/install/mec_mobile:/home/tracy/ros2_ws/install/mec_mobile_description:/opt/ros/jazzy/opt/gz_sim_vendor:/opt/ros/jazzy/opt/gz_sensors_vendor:/opt/ros/jazzy/opt/gz_physics_vendor:/opt/ros/jazzy/opt/sdformat_vendor:/opt/ros/jazzy/opt/gz_gui_vendor:/opt/ros/jazzy/opt/gz_transport_vendor:/opt/ros/jazzy/opt/gz_rendering_vendor:/opt/ros/jazzy/opt/gz_plugin_vendor:/opt/ros/jazzy/opt/gz_fuel_tools_vendor:/opt/ros/jazzy/opt/gz_msgs_vendor:/opt/ros/jazzy/opt/gz_common_vendor:/opt/ros/jazzy/opt/gz_math_vendor:/opt/ros/jazzy/opt/gz_utils_vendor:/opt/ros/jazzy/opt/gz_tools_vendor:/opt/ros/jazzy/opt/gz_ogre_next_vendor:/opt/ros/jazzy/opt/gz_dartsim_vendor:/opt/ros/jazzy/opt/gz_cmake_vendor:/opt/ros/jazzy DEBUGINFOD_URLS=https://debuginfod.ubuntu.com /usr/bin/cmake --install /home/tracy/ros2_ws/src/mec_mobile/build/mec_mobile
[0.850s] -- Install configuration: ""
[0.851s] -- Installing: /home/tracy/ros2_ws/src/mec_mobile/install/mec_mobile/share/ament_index/resource_index/package_run_dependencies/mec_mobile
[0.851s] -- Installing: /home/tracy/ros2_ws/src/mec_mobile/install/mec_mobile/share/ament_index/resource_index/parent_prefix_path/mec_mobile
[0.851s] -- Installing: /home/tracy/ros2_ws/src/mec_mobile/install/mec_mobile/share/mec_mobile/environment/ament_prefix_path.sh
[0.851s] -- Installing: /home/tracy/ros2_ws/src/mec_mobile/install/mec_mobile/share/mec_mobile/environment/ament_prefix_path.dsv
[0.851s] -- Installing: /home/tracy/ros2_ws/src/mec_mobile/install/mec_mobile/share/mec_mobile/environment/path.sh
[0.852s] -- Installing: /home/tracy/ros2_ws/src/mec_mobile/install/mec_mobile/share/mec_mobile/environment/path.dsv
[0.852s] -- Installing: /home/tracy/ros2_ws/src/mec_mobile/install/mec_mobile/share/mec_mobile/local_setup.bash
[0.852s] -- Installing: /home/tracy/ros2_ws/src/mec_mobile/install/mec_mobile/share/mec_mobile/local_setup.sh
[0.852s] -- Installing: /home/tracy/ros2_ws/src/mec_mobile/install/mec_mobile/share/mec_mobile/local_setup.zsh
[0.852s] -- Installing: /home/tracy/ros2_ws/src/mec_mobile/install/mec_mobile/share/mec_mobile/local_setup.dsv
[0.852s] -- Installing: /home/tracy/ros2_ws/src/mec_mobile/install/mec_mobile/share/mec_mobile/package.dsv
[0.852s] -- Installing: /home/tracy/ros2_ws/src/mec_mobile/install/mec_mobile/share/ament_index/resource_index/packages/mec_mobile
[0.853s] -- Installing: /home/tracy/ros2_ws/src/mec_mobile/install/mec_mobile/share/mec_mobile/cmake/mec_mobileConfig.cmake
[0.853s] -- Installing: /home/tracy/ros2_ws/src/mec_mobile/install/mec_mobile/share/mec_mobile/cmake/mec_mobileConfig-version.cmake
[0.853s] -- Installing: /home/tracy/ros2_ws/src/mec_mobile/install/mec_mobile/share/mec_mobile/package.xml
[0.854s] Invoked command in '/home/tracy/ros2_ws/src/mec_mobile/build/mec_mobile' returned '0': AMENT_PREFIX_PATH=/home/tracy/ros2_ws/src/mec_mobile/install/mec_mobile_description:${AMENT_PREFIX_PATH} CMAKE_PREFIX_PATH=/home/tracy/ros2_ws/src/mec_mobile/install/mec_mobile_description:/home/tracy/ros2_ws/install/ros2_learning_ws:/home/tracy/ros2_ws/install/mec_mobile:/home/tracy/ros2_ws/install/mec_mobile_description:/opt/ros/jazzy/opt/gz_sim_vendor:/opt/ros/jazzy/opt/gz_sensors_vendor:/opt/ros/jazzy/opt/gz_physics_vendor:/opt/ros/jazzy/opt/sdformat_vendor:/opt/ros/jazzy/opt/gz_gui_vendor:/opt/ros/jazzy/opt/gz_transport_vendor:/opt/ros/jazzy/opt/gz_rendering_vendor:/opt/ros/jazzy/opt/gz_plugin_vendor:/opt/ros/jazzy/opt/gz_fuel_tools_vendor:/opt/ros/jazzy/opt/gz_msgs_vendor:/opt/ros/jazzy/opt/gz_common_vendor:/opt/ros/jazzy/opt/gz_math_vendor:/opt/ros/jazzy/opt/gz_utils_vendor:/opt/ros/jazzy/opt/gz_tools_vendor:/opt/ros/jazzy/opt/gz_ogre_next_vendor:/opt/ros/jazzy/opt/gz_dartsim_vendor:/opt/ros/jazzy/opt/gz_cmake_vendor:/opt/ros/jazzy DEBUGINFOD_URLS=https://debuginfod.ubuntu.com /usr/bin/cmake --install /home/tracy/ros2_ws/src/mec_mobile/build/mec_mobile
