-- Found ament_cmake: 2.5.4 (/opt/ros/jazzy/share/ament_cmake/cmake)
-- Override CMake install command with custom implementation using symlinks instead of copying resources
-- Found ament_lint_auto: 0.17.3 (/opt/ros/jazzy/share/ament_lint_auto/cmake)
-- Added test 'lint_cmake' to check CMake code style
-- Added test 'xmllint' to check XML markup files
-- Configuring done (0.3s)
-- Generating done (0.0s)
-- Build files have been written to: /media/tracy/DATA/ros2_ws/src/build/mec_mobile
-- Install configuration: ""
-- Execute custom install script
-- Symlinking: /media/tracy/DATA/ros2_ws/src/install/mec_mobile/share/ament_index/resource_index/package_run_dependencies/mec_mobile
-- Symlinking: /media/tracy/DATA/ros2_ws/src/install/mec_mobile/share/ament_index/resource_index/parent_prefix_path/mec_mobile
-- Symlinking: /media/tracy/DATA/ros2_ws/src/install/mec_mobile/share/mec_mobile/environment/ament_prefix_path.sh
-- Symlinking: /media/tracy/DATA/ros2_ws/src/install/mec_mobile/share/mec_mobile/environment/ament_prefix_path.dsv
-- Symlinking: /media/tracy/DATA/ros2_ws/src/install/mec_mobile/share/mec_mobile/environment/path.sh
-- Symlinking: /media/tracy/DATA/ros2_ws/src/install/mec_mobile/share/mec_mobile/environment/path.dsv
-- Symlinking: /media/tracy/DATA/ros2_ws/src/install/mec_mobile/share/mec_mobile/local_setup.bash
-- Symlinking: /media/tracy/DATA/ros2_ws/src/install/mec_mobile/share/mec_mobile/local_setup.sh
-- Symlinking: /media/tracy/DATA/ros2_ws/src/install/mec_mobile/share/mec_mobile/local_setup.zsh
-- Symlinking: /media/tracy/DATA/ros2_ws/src/install/mec_mobile/share/mec_mobile/local_setup.dsv
-- Symlinking: /media/tracy/DATA/ros2_ws/src/install/mec_mobile/share/mec_mobile/package.dsv
-- Symlinking: /media/tracy/DATA/ros2_ws/src/install/mec_mobile/share/ament_index/resource_index/packages/mec_mobile
-- Symlinking: /media/tracy/DATA/ros2_ws/src/install/mec_mobile/share/mec_mobile/cmake/mec_mobileConfig.cmake
-- Symlinking: /media/tracy/DATA/ros2_ws/src/install/mec_mobile/share/mec_mobile/cmake/mec_mobileConfig-version.cmake
-- Symlinking: /media/tracy/DATA/ros2_ws/src/install/mec_mobile/share/mec_mobile/package.xml
