[0.020s] Invoking command in '/media/tracy/DATA/ros2_ws/src/build/mec_mobile_description': CMAKE_PREFIX_PATH=${CMAKE_PREFIX_PATH}:/opt/ros/jazzy DEBUGINFOD_URLS=https://debuginfod.ubuntu.com /usr/bin/cmake /media/tracy/DATA/ros2_ws/src/mec_mobile/mec_mobile_description -DCMAKE_INSTALL_PREFIX=/media/tracy/DATA/ros2_ws/src/install/mec_mobile_description
[0.118s] -- The C compiler identification is GNU 13.3.0
[0.193s] -- The CXX compiler identification is GNU 13.3.0
[0.213s] -- Detecting C compiler ABI info
[0.307s] -- Detecting C compiler ABI info - done
[0.315s] -- Check for working C compiler: /usr/bin/cc - skipped
[0.316s] -- Detecting C compile features
[0.316s] -- Detecting C compile features - done
[0.326s] -- Detecting CXX compiler ABI info
[0.427s] -- Detecting CXX compiler ABI info - done
[0.436s] -- Check for working CXX compiler: /usr/bin/c++ - skipped
[0.437s] -- Detecting CXX compile features
[0.437s] -- Detecting CXX compile features - done
[0.458s] -- Found ament_cmake: 2.5.4 (/opt/ros/jazzy/share/ament_cmake/cmake)
[0.618s] -- Found Python3: /usr/bin/python3 (found version "3.12.3") found components: Interpreter 
[0.757s] -- Found urdf_tutorial: 1.1.0 (/opt/ros/jazzy/share/urdf_tutorial/cmake)
[0.761s] -- Found ament_lint_auto: 0.17.3 (/opt/ros/jazzy/share/ament_lint_auto/cmake)
[0.872s] -- Added test 'flake8' to check Python code syntax and style conventions
[0.872s] -- Configured 'flake8' exclude dirs and/or files: 
[0.873s] -- Added test 'lint_cmake' to check CMake code style
[0.874s] -- Added test 'pep257' to check Python code against some of the docstring style conventions in PEP 257
[0.878s] -- Added test 'xmllint' to check XML markup files
[0.880s] -- Configuring done (0.9s)
[0.883s] -- Generating done (0.0s)
[0.885s] -- Build files have been written to: /media/tracy/DATA/ros2_ws/src/build/mec_mobile_description
[0.889s] Invoked command in '/media/tracy/DATA/ros2_ws/src/build/mec_mobile_description' returned '0': CMAKE_PREFIX_PATH=${CMAKE_PREFIX_PATH}:/opt/ros/jazzy DEBUGINFOD_URLS=https://debuginfod.ubuntu.com /usr/bin/cmake /media/tracy/DATA/ros2_ws/src/mec_mobile/mec_mobile_description -DCMAKE_INSTALL_PREFIX=/media/tracy/DATA/ros2_ws/src/install/mec_mobile_description
[0.890s] Invoking command in '/media/tracy/DATA/ros2_ws/src/build/mec_mobile_description': CMAKE_PREFIX_PATH=${CMAKE_PREFIX_PATH}:/opt/ros/jazzy DEBUGINFOD_URLS=https://debuginfod.ubuntu.com /usr/bin/cmake --build /media/tracy/DATA/ros2_ws/src/build/mec_mobile_description -- -j16 -l16
[0.934s] Invoked command in '/media/tracy/DATA/ros2_ws/src/build/mec_mobile_description' returned '0': CMAKE_PREFIX_PATH=${CMAKE_PREFIX_PATH}:/opt/ros/jazzy DEBUGINFOD_URLS=https://debuginfod.ubuntu.com /usr/bin/cmake --build /media/tracy/DATA/ros2_ws/src/build/mec_mobile_description -- -j16 -l16
[0.944s] Invoking command in '/media/tracy/DATA/ros2_ws/src/build/mec_mobile_description': CMAKE_PREFIX_PATH=${CMAKE_PREFIX_PATH}:/opt/ros/jazzy DEBUGINFOD_URLS=https://debuginfod.ubuntu.com /usr/bin/cmake --install /media/tracy/DATA/ros2_ws/src/build/mec_mobile_description
[0.953s] -- Install configuration: ""
[0.953s] -- Installing: /media/tracy/DATA/ros2_ws/src/install/mec_mobile_description/share/mec_mobile_description/meshes
[0.953s] -- Installing: /media/tracy/DATA/ros2_ws/src/install/mec_mobile_description/share/mec_mobile_description/meshes/intel_realsense
[0.953s] -- Installing: /media/tracy/DATA/ros2_ws/src/install/mec_mobile_description/share/mec_mobile_description/meshes/intel_realsense/visual
[0.953s] -- Installing: /media/tracy/DATA/ros2_ws/src/install/mec_mobile_description/share/mec_mobile_description/meshes/intel_realsense/visual/d435.stl
[0.969s] -- Installing: /media/tracy/DATA/ros2_ws/src/install/mec_mobile_description/share/mec_mobile_description/meshes/robot_3d
[0.970s] -- Installing: /media/tracy/DATA/ros2_ws/src/install/mec_mobile_description/share/mec_mobile_description/meshes/robot_3d/visual
[0.970s] -- Installing: /media/tracy/DATA/ros2_ws/src/install/mec_mobile_description/share/mec_mobile_description/meshes/robot_3d/visual/back_left_wheel_X3.STL
[0.974s] -- Installing: /media/tracy/DATA/ros2_ws/src/install/mec_mobile_description/share/mec_mobile_description/meshes/robot_3d/visual/back_right_wheel_X3.STL
[0.978s] -- Installing: /media/tracy/DATA/ros2_ws/src/install/mec_mobile_description/share/mec_mobile_description/meshes/robot_3d/visual/base_link_X3.STL
[0.980s] -- Installing: /media/tracy/DATA/ros2_ws/src/install/mec_mobile_description/share/mec_mobile_description/meshes/robot_3d/visual/camera_link.STL
[0.982s] -- Installing: /media/tracy/DATA/ros2_ws/src/install/mec_mobile_description/share/mec_mobile_description/meshes/robot_3d/visual/front_left_wheel_X3.STL
[0.991s] -- Installing: /media/tracy/DATA/ros2_ws/src/install/mec_mobile_description/share/mec_mobile_description/meshes/robot_3d/visual/front_right_wheel_X3.STL
[1.000s] -- Installing: /media/tracy/DATA/ros2_ws/src/install/mec_mobile_description/share/mec_mobile_description/meshes/robot_3d/visual/laser_link.STL
[1.014s] -- Installing: /media/tracy/DATA/ros2_ws/src/install/mec_mobile_description/share/mec_mobile_description/meshes/rplidar
[1.014s] -- Installing: /media/tracy/DATA/ros2_ws/src/install/mec_mobile_description/share/mec_mobile_description/meshes/rplidar/rplidar_s2.stl
[1.017s] -- Installing: /media/tracy/DATA/ros2_ws/src/install/mec_mobile_description/share/mec_mobile_description/urdf
[1.017s] -- Installing: /media/tracy/DATA/ros2_ws/src/install/mec_mobile_description/share/mec_mobile_description/urdf/control
[1.017s] -- Installing: /media/tracy/DATA/ros2_ws/src/install/mec_mobile_description/share/mec_mobile_description/urdf/control/mec_mobile.gazebo
[1.017s] -- Installing: /media/tracy/DATA/ros2_ws/src/install/mec_mobile_description/share/mec_mobile_description/urdf/mech
[1.017s] -- Installing: /media/tracy/DATA/ros2_ws/src/install/mec_mobile_description/share/mec_mobile_description/urdf/mech/mecanum_wheel.urdf.xacro
[1.017s] -- Installing: /media/tracy/DATA/ros2_ws/src/install/mec_mobile_description/share/mec_mobile_description/urdf/mech/robot_3d_base.urdf.xacro
[1.017s] -- Installing: /media/tracy/DATA/ros2_ws/src/install/mec_mobile_description/share/mec_mobile_description/urdf/robots
[1.018s] -- Installing: /media/tracy/DATA/ros2_ws/src/install/mec_mobile_description/share/mec_mobile_description/urdf/robots/robot_3d.urdf.xacro
[1.018s] -- Installing: /media/tracy/DATA/ros2_ws/src/install/mec_mobile_description/share/mec_mobile_description/urdf/sensors
[1.018s] -- Installing: /media/tracy/DATA/ros2_ws/src/install/mec_mobile_description/share/mec_mobile_description/urdf/sensors/imu.urdf.xacro
[1.018s] -- Installing: /media/tracy/DATA/ros2_ws/src/install/mec_mobile_description/share/mec_mobile_description/urdf/sensors/lidar.urdf.xacro
[1.018s] -- Installing: /media/tracy/DATA/ros2_ws/src/install/mec_mobile_description/share/mec_mobile_description/urdf/sensors/rgbd_camera.urdf.xacro
[1.019s] -- Installing: /media/tracy/DATA/ros2_ws/src/install/mec_mobile_description/share/mec_mobile_description/launch
[1.019s] -- Installing: /media/tracy/DATA/ros2_ws/src/install/mec_mobile_description/share/mec_mobile_description/launch/check_urdf.launch.py
[1.019s] -- Installing: /media/tracy/DATA/ros2_ws/src/install/mec_mobile_description/share/mec_mobile_description/launch/robot_state_publisher.launch.py
[1.019s] -- Installing: /media/tracy/DATA/ros2_ws/src/install/mec_mobile_description/share/mec_mobile_description/rviz
[1.019s] -- Installing: /media/tracy/DATA/ros2_ws/src/install/mec_mobile_description/share/mec_mobile_description/rviz/mec_mobile_description.rviz
[1.020s] -- Installing: /media/tracy/DATA/ros2_ws/src/install/mec_mobile_description/share/ament_index/resource_index/package_run_dependencies/mec_mobile_description
[1.020s] -- Installing: /media/tracy/DATA/ros2_ws/src/install/mec_mobile_description/share/ament_index/resource_index/parent_prefix_path/mec_mobile_description
[1.020s] -- Installing: /media/tracy/DATA/ros2_ws/src/install/mec_mobile_description/share/mec_mobile_description/environment/ament_prefix_path.sh
[1.020s] -- Installing: /media/tracy/DATA/ros2_ws/src/install/mec_mobile_description/share/mec_mobile_description/environment/ament_prefix_path.dsv
[1.020s] -- Installing: /media/tracy/DATA/ros2_ws/src/install/mec_mobile_description/share/mec_mobile_description/environment/path.sh
[1.020s] -- Installing: /media/tracy/DATA/ros2_ws/src/install/mec_mobile_description/share/mec_mobile_description/environment/path.dsv
[1.020s] -- Installing: /media/tracy/DATA/ros2_ws/src/install/mec_mobile_description/share/mec_mobile_description/local_setup.bash
[1.020s] -- Installing: /media/tracy/DATA/ros2_ws/src/install/mec_mobile_description/share/mec_mobile_description/local_setup.sh
[1.021s] -- Installing: /media/tracy/DATA/ros2_ws/src/install/mec_mobile_description/share/mec_mobile_description/local_setup.zsh
[1.021s] -- Installing: /media/tracy/DATA/ros2_ws/src/install/mec_mobile_description/share/mec_mobile_description/local_setup.dsv
[1.021s] -- Installing: /media/tracy/DATA/ros2_ws/src/install/mec_mobile_description/share/mec_mobile_description/package.dsv
[1.021s] -- Installing: /media/tracy/DATA/ros2_ws/src/install/mec_mobile_description/share/ament_index/resource_index/packages/mec_mobile_description
[1.021s] -- Installing: /media/tracy/DATA/ros2_ws/src/install/mec_mobile_description/share/mec_mobile_description/cmake/mec_mobile_descriptionConfig.cmake
[1.021s] -- Installing: /media/tracy/DATA/ros2_ws/src/install/mec_mobile_description/share/mec_mobile_description/cmake/mec_mobile_descriptionConfig-version.cmake
[1.028s] -- Installing: /media/tracy/DATA/ros2_ws/src/install/mec_mobile_description/share/mec_mobile_description/package.xml
[1.030s] Invoked command in '/media/tracy/DATA/ros2_ws/src/build/mec_mobile_description' returned '0': CMAKE_PREFIX_PATH=${CMAKE_PREFIX_PATH}:/opt/ros/jazzy DEBUGINFOD_URLS=https://debuginfod.ubuntu.com /usr/bin/cmake --install /media/tracy/DATA/ros2_ws/src/build/mec_mobile_description
